[1.216s] Invoking command in '/home/student/RS1/RS1_group/scamazon/ros2_ws_group/src/turtlebot3/turtlebot3_teleop': PYTHONPATH=/home/student/RS1/RS1_group/scamazon/ros2_ws_group/build/turtlebot3_teleop/prefix_override:/usr/lib/python3/dist-packages/colcon_core/task/python/colcon_distutils_commands:/home/student/RS1/RS1_group/scamazon/ros2_ws_group/install/turtlebot3_teleop/lib/python3.10/site-packages:${PYTHONPATH} /usr/bin/python3 -W ignore:setup.py install is deprecated setup.py egg_info --egg-base ../../../build/turtlebot3_teleop build --build-base /home/student/RS1/RS1_group/scamazon/ros2_ws_group/build/turtlebot3_teleop/build install --record /home/student/RS1/RS1_group/scamazon/ros2_ws_group/build/turtlebot3_teleop/install.log --single-version-externally-managed install_data
[1.572s] running egg_info
[1.574s] writing ../../../build/turtlebot3_teleop/turtlebot3_teleop.egg-info/PKG-INFO
[1.574s] writing dependency_links to ../../../build/turtlebot3_teleop/turtlebot3_teleop.egg-info/dependency_links.txt
[1.575s] writing entry points to ../../../build/turtlebot3_teleop/turtlebot3_teleop.egg-info/entry_points.txt
[1.575s] writing requirements to ../../../build/turtlebot3_teleop/turtlebot3_teleop.egg-info/requires.txt
[1.575s] writing top-level names to ../../../build/turtlebot3_teleop/turtlebot3_teleop.egg-info/top_level.txt
[1.576s] reading manifest file '../../../build/turtlebot3_teleop/turtlebot3_teleop.egg-info/SOURCES.txt'
[1.577s] writing manifest file '../../../build/turtlebot3_teleop/turtlebot3_teleop.egg-info/SOURCES.txt'
[1.577s] running build
[1.577s] running build_py
[1.578s] running install
[1.578s] running install_lib
[1.579s] running install_data
[1.579s] running install_egg_info
[1.584s] removing '/home/student/RS1/RS1_group/scamazon/ros2_ws_group/install/turtlebot3_teleop/lib/python3.10/site-packages/turtlebot3_teleop-2.1.5-py3.10.egg-info' (and everything under it)
[1.584s] Copying ../../../build/turtlebot3_teleop/turtlebot3_teleop.egg-info to /home/student/RS1/RS1_group/scamazon/ros2_ws_group/install/turtlebot3_teleop/lib/python3.10/site-packages/turtlebot3_teleop-2.1.5-py3.10.egg-info
[1.586s] running install_scripts
[1.613s] Installing teleop_keyboard script to /home/student/RS1/RS1_group/scamazon/ros2_ws_group/install/turtlebot3_teleop/lib/turtlebot3_teleop
[1.614s] writing list of installed files to '/home/student/RS1/RS1_group/scamazon/ros2_ws_group/build/turtlebot3_teleop/install.log'
[1.643s] Invoked command in '/home/student/RS1/RS1_group/scamazon/ros2_ws_group/src/turtlebot3/turtlebot3_teleop' returned '0': PYTHONPATH=/home/student/RS1/RS1_group/scamazon/ros2_ws_group/build/turtlebot3_teleop/prefix_override:/usr/lib/python3/dist-packages/colcon_core/task/python/colcon_distutils_commands:/home/student/RS1/RS1_group/scamazon/ros2_ws_group/install/turtlebot3_teleop/lib/python3.10/site-packages:${PYTHONPATH} /usr/bin/python3 -W ignore:setup.py install is deprecated setup.py egg_info --egg-base ../../../build/turtlebot3_teleop build --build-base /home/student/RS1/RS1_group/scamazon/ros2_ws_group/build/turtlebot3_teleop/build install --record /home/student/RS1/RS1_group/scamazon/ros2_ws_group/build/turtlebot3_teleop/install.log --single-version-externally-managed install_data
