[0.014s] Invoking command in '/home/student/RS1/RS1_group/scamazon/ros2_ws_group/build/turtlesim': CMAKE_PREFIX_PATH=${CMAKE_PREFIX_PATH}:/home/student/ros2_ws/install/turtlebot3_teleop:/home/student/ros2_ws/install/turtlebot3_example:/home/student/ros2_ws/install/tb3_lab1:/opt/ros/humble /usr/bin/cmake /home/student/RS1/RS1_group/scamazon/ros2_ws_group/src/ros_tutorials/turtlesim -DAMENT_CMAKE_SYMLINK_INSTALL=1 -DCMAKE_INSTALL_PREFIX=/home/student/RS1/RS1_group/scamazon/ros2_ws_group/install/turtlesim
[0.081s] -- The C compiler identification is GNU 11.4.0
[0.145s] -- The CXX compiler identification is GNU 11.4.0
[0.153s] -- Detecting C compiler ABI info
[0.240s] -- Detecting C compiler ABI info - done
[0.248s] -- Check for working C compiler: /usr/bin/cc - skipped
[0.248s] -- Detecting C compile features
[0.249s] -- Detecting C compile features - done
[0.252s] -- Detecting CXX compiler ABI info
[0.349s] -- Detecting CXX compiler ABI info - done
[0.359s] -- Check for working CXX compiler: /usr/bin/c++ - skipped
[0.359s] -- Detecting CXX compile features
[0.360s] -- Detecting CXX compile features - done
[0.366s] -- Found ament_cmake: 1.3.9 (/opt/ros/humble/share/ament_cmake/cmake)
[0.550s] -- Found Python3: /usr/bin/python3 (found version "3.10.12") found components: Interpreter 
[0.617s] -- Override CMake install command with custom implementation using symlinks instead of copying resources
[0.671s] -- Found ament_index_cpp: 1.4.0 (/opt/ros/humble/share/ament_index_cpp/cmake)
[0.675s] -- Found geometry_msgs: 4.2.4 (/opt/ros/humble/share/geometry_msgs/cmake)
[0.731s] -- Found rosidl_generator_c: 3.1.5 (/opt/ros/humble/share/rosidl_generator_c/cmake)
[0.742s] -- Found rosidl_adapter: 3.1.5 (/opt/ros/humble/share/rosidl_adapter/cmake)
[0.754s] -- Found rosidl_generator_cpp: 3.1.5 (/opt/ros/humble/share/rosidl_generator_cpp/cmake)
[0.772s] -- Using all available rosidl_typesupport_c: rosidl_typesupport_fastrtps_c;rosidl_typesupport_introspection_c
[0.798s] -- Using all available rosidl_typesupport_cpp: rosidl_typesupport_fastrtps_cpp;rosidl_typesupport_introspection_cpp
[0.946s] -- Found rclcpp: 16.0.9 (/opt/ros/humble/share/rclcpp/cmake)
[1.023s] -- Found rmw_implementation_cmake: 6.1.2 (/opt/ros/humble/share/rmw_implementation_cmake/cmake)
[1.029s] -- Found rmw_fastrtps_cpp: 6.2.6 (/opt/ros/humble/share/rmw_fastrtps_cpp/cmake)
[1.155s] -- Found OpenSSL: /usr/lib/x86_64-linux-gnu/libcrypto.so (found version "3.0.2")  
[1.187s] -- Found FastRTPS: /opt/ros/humble/include  
[1.243s] -- Using RMW implementation 'rmw_fastrtps_cpp' as default
[1.258s] -- Looking for pthread.h
[1.345s] -- Looking for pthread.h - found
[1.345s] -- Performing Test CMAKE_HAVE_LIBC_PTHREAD
[1.433s] -- Performing Test CMAKE_HAVE_LIBC_PTHREAD - Success
[1.438s] -- Found Threads: TRUE  
[1.588s] -- Found rclcpp_action: 16.0.9 (/opt/ros/humble/share/rclcpp_action/cmake)
[1.699s] -- Found rosidl_default_generators: 1.2.0 (/opt/ros/humble/share/rosidl_default_generators/cmake)
[1.715s] -- Found std_srvs: 4.2.4 (/opt/ros/humble/share/std_srvs/cmake)
[2.093s] -- Found ament_cmake_ros: 0.10.0 (/opt/ros/humble/share/ament_cmake_ros/cmake)
[2.463s] -- Using all available rosidl_typesupport_c: rosidl_typesupport_fastrtps_c;rosidl_typesupport_introspection_c
[2.611s] -- Using all available rosidl_typesupport_cpp: rosidl_typesupport_fastrtps_cpp;rosidl_typesupport_introspection_cpp
[2.638s] -- Found PythonInterp: /usr/bin/python3 (found suitable version "3.10.12", minimum required is "3.6") 
[2.643s] -- Found python_cmake_module: 0.10.0 (/opt/ros/humble/share/python_cmake_module/cmake)
[2.676s] -- Found PythonLibs: /usr/lib/x86_64-linux-gnu/libpython3.10.so (found suitable version "3.10.12", minimum required is "3.5") 
[2.676s] -- Using PYTHON_EXECUTABLE: /usr/bin/python3
[2.676s] -- Using PYTHON_INCLUDE_DIRS: /usr/include/python3.10
[2.676s] -- Using PYTHON_LIBRARIES: /usr/lib/x86_64-linux-gnu/libpython3.10.so
[2.701s] -- Found PythonExtra: .so  
[2.787s] -- Configuring done
[2.858s] -- Generating done
[2.862s] -- Build files have been written to: /home/student/RS1/RS1_group/scamazon/ros2_ws_group/build/turtlesim
[2.879s] Invoked command in '/home/student/RS1/RS1_group/scamazon/ros2_ws_group/build/turtlesim' returned '0': CMAKE_PREFIX_PATH=${CMAKE_PREFIX_PATH}:/home/student/ros2_ws/install/turtlebot3_teleop:/home/student/ros2_ws/install/turtlebot3_example:/home/student/ros2_ws/install/tb3_lab1:/opt/ros/humble /usr/bin/cmake /home/student/RS1/RS1_group/scamazon/ros2_ws_group/src/ros_tutorials/turtlesim -DAMENT_CMAKE_SYMLINK_INSTALL=1 -DCMAKE_INSTALL_PREFIX=/home/student/RS1/RS1_group/scamazon/ros2_ws_group/install/turtlesim
[2.882s] Invoking command in '/home/student/RS1/RS1_group/scamazon/ros2_ws_group/build/turtlesim': CMAKE_PREFIX_PATH=${CMAKE_PREFIX_PATH}:/home/student/ros2_ws/install/turtlebot3_teleop:/home/student/ros2_ws/install/turtlebot3_example:/home/student/ros2_ws/install/tb3_lab1:/opt/ros/humble /usr/bin/cmake --build /home/student/RS1/RS1_group/scamazon/ros2_ws_group/build/turtlesim -- -j8 -l8
[2.943s] [  1%] [34m[1mGenerating C code for ROS interfaces[0m
[2.954s] [  2%] [34m[1mGenerating C++ code for ROS interfaces[0m
[2.964s] [  2%] Built target ament_cmake_python_symlink_turtlesim
[3.246s] running egg_info
[3.246s] creating turtlesim.egg-info
[3.247s] writing turtlesim.egg-info/PKG-INFO
[3.247s] writing dependency_links to turtlesim.egg-info/dependency_links.txt
[3.247s] writing top-level names to turtlesim.egg-info/top_level.txt
[3.247s] writing manifest file 'turtlesim.egg-info/SOURCES.txt'
[3.250s] reading manifest file 'turtlesim.egg-info/SOURCES.txt'
[3.250s] writing manifest file 'turtlesim.egg-info/SOURCES.txt'
[3.281s] [  2%] Built target ament_cmake_python_build_turtlesim_egg
[3.961s] [  2%] Built target turtlesim__cpp
[3.977s] [  4%] [34m[1mGenerating C++ introspection for ROS interfaces[0m
[3.977s] [  4%] [34m[1mGenerating C++ type support for eProsima Fast-RTPS[0m
[3.979s] [  5%] [34m[1mGenerating C++ type support dispatch for ROS interfaces[0m
[4.182s] [  6%] [32mBuilding C object CMakeFiles/turtlesim__rosidl_generator_c.dir/rosidl_generator_c/turtlesim/action/detail/rotate_absolute__functions.c.o[0m
[4.183s] [  7%] [32mBuilding C object CMakeFiles/turtlesim__rosidl_generator_c.dir/rosidl_generator_c/turtlesim/msg/detail/color__functions.c.o[0m
[4.192s] [  8%] [32mBuilding C object CMakeFiles/turtlesim__rosidl_generator_c.dir/rosidl_generator_c/turtlesim/msg/detail/pose__functions.c.o[0m
[4.206s] [  9%] [32mBuilding C object CMakeFiles/turtlesim__rosidl_generator_c.dir/rosidl_generator_c/turtlesim/srv/detail/kill__functions.c.o[0m
[4.215s] [ 10%] [32mBuilding C object CMakeFiles/turtlesim__rosidl_generator_c.dir/rosidl_generator_c/turtlesim/srv/detail/set_pen__functions.c.o[0m
[4.302s] [ 11%] [32mBuilding C object CMakeFiles/turtlesim__rosidl_generator_c.dir/rosidl_generator_c/turtlesim/srv/detail/spawn__functions.c.o[0m
[4.305s] [ 12%] [32mBuilding C object CMakeFiles/turtlesim__rosidl_generator_c.dir/rosidl_generator_c/turtlesim/srv/detail/teleport_absolute__functions.c.o[0m
[4.350s] [ 13%] [32mBuilding C object CMakeFiles/turtlesim__rosidl_generator_c.dir/rosidl_generator_c/turtlesim/srv/detail/teleport_relative__functions.c.o[0m
[4.481s] [ 14%] [32m[1mLinking C shared library libturtlesim__rosidl_generator_c.so[0m
[4.529s] [ 14%] Built target turtlesim__rosidl_generator_c
[4.548s] [ 16%] [34m[1mGenerating C type support dispatch for ROS interfaces[0m
[4.548s] [ 16%] [34m[1mGenerating C type support for eProsima Fast-RTPS[0m
[4.557s] [ 17%] [34m[1mGenerating C introspection for ROS interfaces[0m
[5.174s] [ 19%] [32mBuilding CXX object CMakeFiles/turtlesim__rosidl_typesupport_cpp.dir/rosidl_typesupport_cpp/turtlesim/msg/color__type_support.cpp.o[0m
[5.175s] [ 19%] [32mBuilding CXX object CMakeFiles/turtlesim__rosidl_typesupport_cpp.dir/rosidl_typesupport_cpp/turtlesim/msg/pose__type_support.cpp.o[0m
[5.192s] [ 20%] [32mBuilding CXX object CMakeFiles/turtlesim__rosidl_typesupport_cpp.dir/rosidl_typesupport_cpp/turtlesim/action/rotate_absolute__type_support.cpp.o[0m
[5.594s] [ 21%] [32mBuilding CXX object CMakeFiles/turtlesim__rosidl_typesupport_introspection_cpp.dir/rosidl_typesupport_introspection_cpp/turtlesim/action/detail/rotate_absolute__type_support.cpp.o[0m
[5.609s] [ 22%] [32mBuilding CXX object CMakeFiles/turtlesim__rosidl_typesupport_cpp.dir/rosidl_typesupport_cpp/turtlesim/srv/kill__type_support.cpp.o[0m
[5.619s] [ 23%] [32mBuilding CXX object CMakeFiles/turtlesim__rosidl_typesupport_c.dir/rosidl_typesupport_c/turtlesim/action/rotate_absolute__type_support.cpp.o[0m
[5.640s] [ 24%] [32mBuilding CXX object CMakeFiles/turtlesim__rosidl_typesupport_fastrtps_cpp.dir/rosidl_typesupport_fastrtps_cpp/turtlesim/action/detail/dds_fastrtps/rotate_absolute__type_support.cpp.o[0m
[5.661s] [ 25%] [32mBuilding CXX object CMakeFiles/turtlesim__rosidl_typesupport_c.dir/rosidl_typesupport_c/turtlesim/msg/color__type_support.cpp.o[0m
[5.702s] [ 26%] [32mBuilding CXX object CMakeFiles/turtlesim__rosidl_typesupport_c.dir/rosidl_typesupport_c/turtlesim/msg/pose__type_support.cpp.o[0m
[5.713s] [ 27%] [32mBuilding CXX object CMakeFiles/turtlesim__rosidl_typesupport_c.dir/rosidl_typesupport_c/turtlesim/srv/kill__type_support.cpp.o[0m
[5.761s] [ 28%] [32mBuilding CXX object CMakeFiles/turtlesim__rosidl_typesupport_c.dir/rosidl_typesupport_c/turtlesim/srv/set_pen__type_support.cpp.o[0m
[5.770s] [ 29%] [32mBuilding CXX object CMakeFiles/turtlesim__rosidl_typesupport_c.dir/rosidl_typesupport_c/turtlesim/srv/spawn__type_support.cpp.o[0m
[5.817s] [ 30%] [32mBuilding CXX object CMakeFiles/turtlesim__rosidl_typesupport_c.dir/rosidl_typesupport_c/turtlesim/srv/teleport_absolute__type_support.cpp.o[0m
[5.827s] [ 31%] [32mBuilding CXX object CMakeFiles/turtlesim__rosidl_typesupport_c.dir/rosidl_typesupport_c/turtlesim/srv/teleport_relative__type_support.cpp.o[0m
[5.897s] [ 33%] [32m[1mLinking CXX shared library libturtlesim__rosidl_typesupport_c.so[0m
[5.897s] [ 33%] [32mBuilding CXX object CMakeFiles/turtlesim__rosidl_typesupport_introspection_cpp.dir/rosidl_typesupport_introspection_cpp/turtlesim/msg/detail/color__type_support.cpp.o[0m
[5.960s] [ 34%] [32mBuilding CXX object CMakeFiles/turtlesim__rosidl_typesupport_cpp.dir/rosidl_typesupport_cpp/turtlesim/srv/set_pen__type_support.cpp.o[0m
[5.980s] [ 34%] Built target turtlesim__rosidl_typesupport_c
[6.052s] [ 35%] [32mBuilding CXX object CMakeFiles/turtlesim__rosidl_typesupport_cpp.dir/rosidl_typesupport_cpp/turtlesim/srv/spawn__type_support.cpp.o[0m
[6.111s] [ 36%] [32mBuilding CXX object CMakeFiles/turtlesim__rosidl_typesupport_cpp.dir/rosidl_typesupport_cpp/turtlesim/srv/teleport_absolute__type_support.cpp.o[0m
[6.129s] [ 37%] [32mBuilding CXX object CMakeFiles/turtlesim__rosidl_typesupport_fastrtps_c.dir/rosidl_typesupport_fastrtps_c/turtlesim/action/detail/rotate_absolute__type_support_c.cpp.o[0m
[6.161s] [ 38%] [32mBuilding C object CMakeFiles/turtlesim__rosidl_typesupport_introspection_c.dir/rosidl_typesupport_introspection_c/turtlesim/action/detail/rotate_absolute__type_support.c.o[0m
[6.250s] [ 39%] [32mBuilding C object CMakeFiles/turtlesim__rosidl_typesupport_introspection_c.dir/rosidl_typesupport_introspection_c/turtlesim/msg/detail/color__type_support.c.o[0m
[6.322s] [ 40%] [32mBuilding C object CMakeFiles/turtlesim__rosidl_typesupport_introspection_c.dir/rosidl_typesupport_introspection_c/turtlesim/msg/detail/pose__type_support.c.o[0m
[6.383s] [ 41%] [32mBuilding C object CMakeFiles/turtlesim__rosidl_typesupport_introspection_c.dir/rosidl_typesupport_introspection_c/turtlesim/srv/detail/kill__type_support.c.o[0m
[6.397s] [ 42%] [32mBuilding CXX object CMakeFiles/turtlesim__rosidl_typesupport_fastrtps_c.dir/rosidl_typesupport_fastrtps_c/turtlesim/msg/detail/color__type_support_c.cpp.o[0m
[6.485s] [ 43%] [32mBuilding C object CMakeFiles/turtlesim__rosidl_typesupport_introspection_c.dir/rosidl_typesupport_introspection_c/turtlesim/srv/detail/set_pen__type_support.c.o[0m
[6.506s] [ 44%] [32mBuilding CXX object CMakeFiles/turtlesim__rosidl_typesupport_cpp.dir/rosidl_typesupport_cpp/turtlesim/srv/teleport_relative__type_support.cpp.o[0m
[6.528s] [ 45%] [32mBuilding CXX object CMakeFiles/turtlesim__rosidl_typesupport_introspection_cpp.dir/rosidl_typesupport_introspection_cpp/turtlesim/msg/detail/pose__type_support.cpp.o[0m
[6.546s] [ 46%] [32mBuilding CXX object CMakeFiles/turtlesim__rosidl_typesupport_introspection_cpp.dir/rosidl_typesupport_introspection_cpp/turtlesim/srv/detail/kill__type_support.cpp.o[0m
[6.584s] [ 47%] [32mBuilding CXX object CMakeFiles/turtlesim__rosidl_typesupport_fastrtps_c.dir/rosidl_typesupport_fastrtps_c/turtlesim/msg/detail/pose__type_support_c.cpp.o[0m
[6.607s] [ 48%] [32mBuilding C object CMakeFiles/turtlesim__rosidl_typesupport_introspection_c.dir/rosidl_typesupport_introspection_c/turtlesim/srv/detail/spawn__type_support.c.o[0m
[6.677s] [ 49%] [32mBuilding C object CMakeFiles/turtlesim__rosidl_typesupport_introspection_c.dir/rosidl_typesupport_introspection_c/turtlesim/srv/detail/teleport_absolute__type_support.c.o[0m
[6.700s] [ 50%] [32mBuilding CXX object CMakeFiles/turtlesim__rosidl_typesupport_fastrtps_cpp.dir/rosidl_typesupport_fastrtps_cpp/turtlesim/msg/detail/dds_fastrtps/color__type_support.cpp.o[0m
[6.802s] [ 51%] [32mBuilding C object CMakeFiles/turtlesim__rosidl_typesupport_introspection_c.dir/rosidl_typesupport_introspection_c/turtlesim/srv/detail/teleport_relative__type_support.c.o[0m
[6.911s] [ 52%] [32mBuilding CXX object CMakeFiles/turtlesim__rosidl_typesupport_fastrtps_c.dir/rosidl_typesupport_fastrtps_c/turtlesim/srv/detail/kill__type_support_c.cpp.o[0m
[7.034s] [ 53%] [32m[1mLinking C shared library libturtlesim__rosidl_typesupport_introspection_c.so[0m
[7.124s] [ 54%] [32m[1mLinking CXX shared library libturtlesim__rosidl_typesupport_cpp.so[0m
[7.282s] [ 55%] [32mBuilding CXX object CMakeFiles/turtlesim__rosidl_typesupport_fastrtps_c.dir/rosidl_typesupport_fastrtps_c/turtlesim/srv/detail/set_pen__type_support_c.cpp.o[0m
[7.300s] [ 56%] [32mBuilding CXX object CMakeFiles/turtlesim__rosidl_typesupport_fastrtps_c.dir/rosidl_typesupport_fastrtps_c/turtlesim/srv/detail/spawn__type_support_c.cpp.o[0m
[7.307s] [ 56%] Built target turtlesim__rosidl_typesupport_introspection_c
[7.367s] [ 57%] [32mBuilding CXX object CMakeFiles/turtlesim__rosidl_typesupport_fastrtps_cpp.dir/rosidl_typesupport_fastrtps_cpp/turtlesim/msg/detail/dds_fastrtps/pose__type_support.cpp.o[0m
[7.380s] [ 57%] Built target turtlesim__rosidl_typesupport_cpp
[7.412s] [ 58%] [32mBuilding CXX object CMakeFiles/turtlesim__rosidl_typesupport_fastrtps_cpp.dir/rosidl_typesupport_fastrtps_cpp/turtlesim/srv/detail/dds_fastrtps/kill__type_support.cpp.o[0m
[7.417s] [ 59%] [32mBuilding CXX object CMakeFiles/turtlesim__rosidl_typesupport_introspection_cpp.dir/rosidl_typesupport_introspection_cpp/turtlesim/srv/detail/set_pen__type_support.cpp.o[0m
[7.484s] [ 60%] [32mBuilding CXX object CMakeFiles/turtlesim__rosidl_typesupport_fastrtps_cpp.dir/rosidl_typesupport_fastrtps_cpp/turtlesim/srv/detail/dds_fastrtps/set_pen__type_support.cpp.o[0m
[7.685s] [ 61%] [34m[1mGenerating include/turtlesim/moc_turtle_frame.cpp[0m
[7.949s] [ 62%] [32mBuilding CXX object CMakeFiles/turtlesim_node.dir/src/turtlesim.cpp.o[0m
[7.972s] [ 63%] [32mBuilding CXX object CMakeFiles/turtle_teleop_key.dir/tutorials/teleop_turtle_key.cpp.o[0m
[8.040s] [ 64%] [32mBuilding CXX object CMakeFiles/turtlesim__rosidl_typesupport_fastrtps_c.dir/rosidl_typesupport_fastrtps_c/turtlesim/srv/detail/teleport_absolute__type_support_c.cpp.o[0m
[8.042s] [ 65%] [32mBuilding CXX object CMakeFiles/turtlesim__rosidl_typesupport_fastrtps_cpp.dir/rosidl_typesupport_fastrtps_cpp/turtlesim/srv/detail/dds_fastrtps/spawn__type_support.cpp.o[0m
[8.078s] [ 66%] [32mBuilding CXX object CMakeFiles/turtlesim__rosidl_typesupport_introspection_cpp.dir/rosidl_typesupport_introspection_cpp/turtlesim/srv/detail/spawn__type_support.cpp.o[0m
[8.205s] [ 67%] [32mBuilding CXX object CMakeFiles/turtlesim__rosidl_typesupport_fastrtps_cpp.dir/rosidl_typesupport_fastrtps_cpp/turtlesim/srv/detail/dds_fastrtps/teleport_absolute__type_support.cpp.o[0m
[8.218s] [ 68%] [32mBuilding CXX object CMakeFiles/turtlesim__rosidl_typesupport_fastrtps_cpp.dir/rosidl_typesupport_fastrtps_cpp/turtlesim/srv/detail/dds_fastrtps/teleport_relative__type_support.cpp.o[0m
[8.382s] [ 69%] [32mBuilding CXX object CMakeFiles/turtlesim__rosidl_typesupport_introspection_cpp.dir/rosidl_typesupport_introspection_cpp/turtlesim/srv/detail/teleport_absolute__type_support.cpp.o[0m
[8.783s] [ 70%] [32mBuilding CXX object CMakeFiles/turtlesim__rosidl_typesupport_fastrtps_c.dir/rosidl_typesupport_fastrtps_c/turtlesim/srv/detail/teleport_relative__type_support_c.cpp.o[0m
[8.877s] [ 71%] [32mBuilding CXX object CMakeFiles/turtlesim__rosidl_typesupport_introspection_cpp.dir/rosidl_typesupport_introspection_cpp/turtlesim/srv/detail/teleport_relative__type_support.cpp.o[0m
[8.889s] [ 72%] [32mBuilding CXX object CMakeFiles/turtlesim_node.dir/src/turtle.cpp.o[0m
[8.990s] [ 73%] [32mBuilding CXX object CMakeFiles/turtlesim_node.dir/src/turtle_frame.cpp.o[0m
[9.046s] [ 74%] [32m[1mLinking CXX shared library libturtlesim__rosidl_typesupport_fastrtps_cpp.so[0m
[9.247s] [ 74%] Built target turtlesim__rosidl_typesupport_fastrtps_cpp
[9.251s] [ 75%] [32mBuilding CXX object CMakeFiles/draw_square.dir/tutorials/draw_square.cpp.o[0m
[9.358s] [ 76%] [32mBuilding CXX object CMakeFiles/mimic.dir/tutorials/mimic.cpp.o[0m
[9.442s] [ 77%] [32m[1mLinking CXX shared library libturtlesim__rosidl_typesupport_fastrtps_c.so[0m
[9.687s] [ 78%] [32m[1mLinking CXX shared library libturtlesim__rosidl_typesupport_introspection_cpp.so[0m
[9.772s] [ 78%] Built target turtlesim__rosidl_typesupport_fastrtps_c
[9.790s] [ 79%] [32mBuilding CXX object CMakeFiles/turtlesim_node.dir/include/turtlesim/moc_turtle_frame.cpp.o[0m
[9.912s] [ 79%] Built target turtlesim__rosidl_typesupport_introspection_cpp
[10.028s] [ 79%] Built target turtlesim
[10.201s] [ 80%] [34m[1mGenerating Python code for ROS interfaces[0m
[14.494s] [ 80%] Built target turtlesim__py
[14.659s] [ 81%] [32mBuilding C object CMakeFiles/turtlesim__rosidl_generator_py.dir/rosidl_generator_py/turtlesim/action/_rotate_absolute_s.c.o[0m
[14.987s] [ 82%] [32mBuilding C object CMakeFiles/turtlesim__rosidl_generator_py.dir/rosidl_generator_py/turtlesim/msg/_color_s.c.o[0m
[15.330s] [ 83%] [32mBuilding C object CMakeFiles/turtlesim__rosidl_generator_py.dir/rosidl_generator_py/turtlesim/msg/_pose_s.c.o[0m
[15.801s] [ 84%] [32mBuilding C object CMakeFiles/turtlesim__rosidl_generator_py.dir/rosidl_generator_py/turtlesim/srv/_kill_s.c.o[0m
[16.136s] [ 85%] [32mBuilding C object CMakeFiles/turtlesim__rosidl_generator_py.dir/rosidl_generator_py/turtlesim/srv/_set_pen_s.c.o[0m
[16.542s] [ 86%] [32mBuilding C object CMakeFiles/turtlesim__rosidl_generator_py.dir/rosidl_generator_py/turtlesim/srv/_spawn_s.c.o[0m
[16.808s] [ 87%] [32mBuilding C object CMakeFiles/turtlesim__rosidl_generator_py.dir/rosidl_generator_py/turtlesim/srv/_teleport_absolute_s.c.o[0m
[16.985s] [ 88%] [32mBuilding C object CMakeFiles/turtlesim__rosidl_generator_py.dir/rosidl_generator_py/turtlesim/srv/_teleport_relative_s.c.o[0m
[17.186s] [ 89%] [32m[1mLinking C shared library rosidl_generator_py/turtlesim/libturtlesim__rosidl_generator_py.so[0m
[17.262s] [ 89%] Built target turtlesim__rosidl_generator_py
[17.338s] [ 90%] [32mBuilding C object CMakeFiles/turtlesim__rosidl_typesupport_fastrtps_c__pyext.dir/rosidl_generator_py/turtlesim/_turtlesim_s.ep.rosidl_typesupport_fastrtps_c.c.o[0m
[17.606s] [ 91%] [32mBuilding C object CMakeFiles/turtlesim__rosidl_typesupport_introspection_c__pyext.dir/rosidl_generator_py/turtlesim/_turtlesim_s.ep.rosidl_typesupport_introspection_c.c.o[0m
[17.623s] [ 92%] [32m[1mLinking C shared library rosidl_generator_py/turtlesim/turtlesim_s__rosidl_typesupport_fastrtps_c.cpython-310-x86_64-linux-gnu.so[0m
[17.700s] [ 92%] Built target turtlesim__rosidl_typesupport_fastrtps_c__pyext
[17.738s] [ 93%] [32mBuilding C object CMakeFiles/turtlesim__rosidl_typesupport_c__pyext.dir/rosidl_generator_py/turtlesim/_turtlesim_s.ep.rosidl_typesupport_c.c.o[0m
[17.860s] [ 94%] [32m[1mLinking C shared library rosidl_generator_py/turtlesim/turtlesim_s__rosidl_typesupport_introspection_c.cpython-310-x86_64-linux-gnu.so[0m
[17.930s] [ 94%] Built target turtlesim__rosidl_typesupport_introspection_c__pyext
[18.032s] [ 95%] [32m[1mLinking C shared library rosidl_generator_py/turtlesim/turtlesim_s__rosidl_typesupport_c.cpython-310-x86_64-linux-gnu.so[0m
[18.107s] [ 95%] Built target turtlesim__rosidl_typesupport_c__pyext
[20.424s] [ 96%] [32m[1mLinking CXX executable turtle_teleop_key[0m
[20.951s] [ 96%] Built target turtle_teleop_key
[24.928s] [ 97%] [32m[1mLinking CXX executable mimic[0m
[25.369s] [ 97%] Built target mimic
[25.884s] [ 98%] [32m[1mLinking CXX executable draw_square[0m
[26.354s] [ 98%] Built target draw_square
[29.338s] [100%] [32m[1mLinking CXX executable turtlesim_node[0m
[31.431s] [100%] Built target turtlesim_node
[31.448s] Invoked command in '/home/student/RS1/RS1_group/scamazon/ros2_ws_group/build/turtlesim' returned '0': CMAKE_PREFIX_PATH=${CMAKE_PREFIX_PATH}:/home/student/ros2_ws/install/turtlebot3_teleop:/home/student/ros2_ws/install/turtlebot3_example:/home/student/ros2_ws/install/tb3_lab1:/opt/ros/humble /usr/bin/cmake --build /home/student/RS1/RS1_group/scamazon/ros2_ws_group/build/turtlesim -- -j8 -l8
[31.771s] Invoking command in '/home/student/RS1/RS1_group/scamazon/ros2_ws_group/build/turtlesim': CMAKE_PREFIX_PATH=${CMAKE_PREFIX_PATH}:/home/student/ros2_ws/install/turtlebot3_teleop:/home/student/ros2_ws/install/turtlebot3_example:/home/student/ros2_ws/install/tb3_lab1:/opt/ros/humble /usr/bin/cmake --install /home/student/RS1/RS1_group/scamazon/ros2_ws_group/build/turtlesim
[31.780s] -- Install configuration: ""
[31.781s] -- Execute custom install script
[31.781s] -- Symlinking: /home/student/RS1/RS1_group/scamazon/ros2_ws_group/install/turtlesim/share/ament_index/resource_index/rosidl_interfaces/turtlesim
[31.793s] -- Symlinking: /home/student/RS1/RS1_group/scamazon/ros2_ws_group/install/turtlesim/include/turtlesim/turtlesim/action/detail/rotate_absolute__functions.h
[31.805s] -- Symlinking: /home/student/RS1/RS1_group/scamazon/ros2_ws_group/install/turtlesim/include/turtlesim/turtlesim/action/detail/rotate_absolute__struct.h
[31.818s] -- Symlinking: /home/student/RS1/RS1_group/scamazon/ros2_ws_group/install/turtlesim/include/turtlesim/turtlesim/action/detail/rotate_absolute__type_support.h
[31.829s] -- Symlinking: /home/student/RS1/RS1_group/scamazon/ros2_ws_group/install/turtlesim/include/turtlesim/turtlesim/action/rotate_absolute.h
[31.839s] -- Symlinking: /home/student/RS1/RS1_group/scamazon/ros2_ws_group/install/turtlesim/include/turtlesim/turtlesim/msg/color.h
[31.850s] -- Symlinking: /home/student/RS1/RS1_group/scamazon/ros2_ws_group/install/turtlesim/include/turtlesim/turtlesim/msg/detail/color__functions.h
[31.861s] -- Symlinking: /home/student/RS1/RS1_group/scamazon/ros2_ws_group/install/turtlesim/include/turtlesim/turtlesim/msg/detail/color__struct.h
[31.871s] -- Symlinking: /home/student/RS1/RS1_group/scamazon/ros2_ws_group/install/turtlesim/include/turtlesim/turtlesim/msg/detail/color__type_support.h
[31.883s] -- Symlinking: /home/student/RS1/RS1_group/scamazon/ros2_ws_group/install/turtlesim/include/turtlesim/turtlesim/msg/detail/pose__functions.h
[31.893s] -- Symlinking: /home/student/RS1/RS1_group/scamazon/ros2_ws_group/install/turtlesim/include/turtlesim/turtlesim/msg/detail/pose__struct.h
[31.904s] -- Symlinking: /home/student/RS1/RS1_group/scamazon/ros2_ws_group/install/turtlesim/include/turtlesim/turtlesim/msg/detail/pose__type_support.h
[31.914s] -- Symlinking: /home/student/RS1/RS1_group/scamazon/ros2_ws_group/install/turtlesim/include/turtlesim/turtlesim/msg/pose.h
[31.924s] -- Symlinking: /home/student/RS1/RS1_group/scamazon/ros2_ws_group/install/turtlesim/include/turtlesim/turtlesim/msg/rosidl_generator_c__visibility_control.h
[31.934s] -- Symlinking: /home/student/RS1/RS1_group/scamazon/ros2_ws_group/install/turtlesim/include/turtlesim/turtlesim/srv/detail/kill__functions.h
[31.944s] -- Symlinking: /home/student/RS1/RS1_group/scamazon/ros2_ws_group/install/turtlesim/include/turtlesim/turtlesim/srv/detail/kill__struct.h
[31.954s] -- Symlinking: /home/student/RS1/RS1_group/scamazon/ros2_ws_group/install/turtlesim/include/turtlesim/turtlesim/srv/detail/kill__type_support.h
[31.964s] -- Symlinking: /home/student/RS1/RS1_group/scamazon/ros2_ws_group/install/turtlesim/include/turtlesim/turtlesim/srv/detail/set_pen__functions.h
[31.974s] -- Symlinking: /home/student/RS1/RS1_group/scamazon/ros2_ws_group/install/turtlesim/include/turtlesim/turtlesim/srv/detail/set_pen__struct.h
[31.984s] -- Symlinking: /home/student/RS1/RS1_group/scamazon/ros2_ws_group/install/turtlesim/include/turtlesim/turtlesim/srv/detail/set_pen__type_support.h
[31.994s] -- Symlinking: /home/student/RS1/RS1_group/scamazon/ros2_ws_group/install/turtlesim/include/turtlesim/turtlesim/srv/detail/spawn__functions.h
[32.004s] -- Symlinking: /home/student/RS1/RS1_group/scamazon/ros2_ws_group/install/turtlesim/include/turtlesim/turtlesim/srv/detail/spawn__struct.h
[32.013s] -- Symlinking: /home/student/RS1/RS1_group/scamazon/ros2_ws_group/install/turtlesim/include/turtlesim/turtlesim/srv/detail/spawn__type_support.h
[32.023s] -- Symlinking: /home/student/RS1/RS1_group/scamazon/ros2_ws_group/install/turtlesim/include/turtlesim/turtlesim/srv/detail/teleport_absolute__functions.h
[32.035s] -- Symlinking: /home/student/RS1/RS1_group/scamazon/ros2_ws_group/install/turtlesim/include/turtlesim/turtlesim/srv/detail/teleport_absolute__struct.h
[32.049s] -- Symlinking: /home/student/RS1/RS1_group/scamazon/ros2_ws_group/install/turtlesim/include/turtlesim/turtlesim/srv/detail/teleport_absolute__type_support.h
[32.059s] -- Symlinking: /home/student/RS1/RS1_group/scamazon/ros2_ws_group/install/turtlesim/include/turtlesim/turtlesim/srv/detail/teleport_relative__functions.h
[32.072s] -- Symlinking: /home/student/RS1/RS1_group/scamazon/ros2_ws_group/install/turtlesim/include/turtlesim/turtlesim/srv/detail/teleport_relative__struct.h
[32.085s] -- Symlinking: /home/student/RS1/RS1_group/scamazon/ros2_ws_group/install/turtlesim/include/turtlesim/turtlesim/srv/detail/teleport_relative__type_support.h
[32.095s] -- Symlinking: /home/student/RS1/RS1_group/scamazon/ros2_ws_group/install/turtlesim/include/turtlesim/turtlesim/srv/kill.h
[32.104s] -- Symlinking: /home/student/RS1/RS1_group/scamazon/ros2_ws_group/install/turtlesim/include/turtlesim/turtlesim/srv/set_pen.h
[32.115s] -- Symlinking: /home/student/RS1/RS1_group/scamazon/ros2_ws_group/install/turtlesim/include/turtlesim/turtlesim/srv/spawn.h
[32.124s] -- Symlinking: /home/student/RS1/RS1_group/scamazon/ros2_ws_group/install/turtlesim/include/turtlesim/turtlesim/srv/teleport_absolute.h
[32.134s] -- Symlinking: /home/student/RS1/RS1_group/scamazon/ros2_ws_group/install/turtlesim/include/turtlesim/turtlesim/srv/teleport_relative.h
[32.146s] -- Symlinking: /home/student/RS1/RS1_group/scamazon/ros2_ws_group/install/turtlesim/share/turtlesim/environment/library_path.sh
[32.156s] -- Symlinking: /home/student/RS1/RS1_group/scamazon/ros2_ws_group/install/turtlesim/share/turtlesim/environment/library_path.dsv
[32.166s] -- Symlinking: /home/student/RS1/RS1_group/scamazon/ros2_ws_group/install/turtlesim/include/turtlesim/turtlesim/action/detail/rotate_absolute__rosidl_typesupport_fastrtps_c.h
[32.176s] -- Symlinking: /home/student/RS1/RS1_group/scamazon/ros2_ws_group/install/turtlesim/include/turtlesim/turtlesim/msg/detail/color__rosidl_typesupport_fastrtps_c.h
[32.186s] -- Symlinking: /home/student/RS1/RS1_group/scamazon/ros2_ws_group/install/turtlesim/include/turtlesim/turtlesim/msg/detail/pose__rosidl_typesupport_fastrtps_c.h
[32.196s] -- Symlinking: /home/student/RS1/RS1_group/scamazon/ros2_ws_group/install/turtlesim/include/turtlesim/turtlesim/msg/rosidl_typesupport_fastrtps_c__visibility_control.h
[32.206s] -- Symlinking: /home/student/RS1/RS1_group/scamazon/ros2_ws_group/install/turtlesim/include/turtlesim/turtlesim/srv/detail/kill__rosidl_typesupport_fastrtps_c.h
[32.215s] -- Symlinking: /home/student/RS1/RS1_group/scamazon/ros2_ws_group/install/turtlesim/include/turtlesim/turtlesim/srv/detail/set_pen__rosidl_typesupport_fastrtps_c.h
[32.225s] -- Symlinking: /home/student/RS1/RS1_group/scamazon/ros2_ws_group/install/turtlesim/include/turtlesim/turtlesim/srv/detail/spawn__rosidl_typesupport_fastrtps_c.h
[32.248s] -- Symlinking: /home/student/RS1/RS1_group/scamazon/ros2_ws_group/install/turtlesim/include/turtlesim/turtlesim/srv/detail/teleport_absolute__rosidl_typesupport_fastrtps_c.h
[32.261s] -- Symlinking: /home/student/RS1/RS1_group/scamazon/ros2_ws_group/install/turtlesim/include/turtlesim/turtlesim/srv/detail/teleport_relative__rosidl_typesupport_fastrtps_c.h
[32.280s] -- Symlinking: /home/student/RS1/RS1_group/scamazon/ros2_ws_group/install/turtlesim/include/turtlesim/turtlesim/action/detail/rotate_absolute__builder.hpp
[32.294s] -- Symlinking: /home/student/RS1/RS1_group/scamazon/ros2_ws_group/install/turtlesim/include/turtlesim/turtlesim/action/detail/rotate_absolute__struct.hpp
[32.307s] -- Symlinking: /home/student/RS1/RS1_group/scamazon/ros2_ws_group/install/turtlesim/include/turtlesim/turtlesim/action/detail/rotate_absolute__traits.hpp
[32.332s] -- Symlinking: /home/student/RS1/RS1_group/scamazon/ros2_ws_group/install/turtlesim/include/turtlesim/turtlesim/action/rotate_absolute.hpp
[32.349s] -- Symlinking: /home/student/RS1/RS1_group/scamazon/ros2_ws_group/install/turtlesim/include/turtlesim/turtlesim/msg/color.hpp
[32.361s] -- Symlinking: /home/student/RS1/RS1_group/scamazon/ros2_ws_group/install/turtlesim/include/turtlesim/turtlesim/msg/detail/color__builder.hpp
[32.377s] -- Symlinking: /home/student/RS1/RS1_group/scamazon/ros2_ws_group/install/turtlesim/include/turtlesim/turtlesim/msg/detail/color__struct.hpp
[32.390s] -- Symlinking: /home/student/RS1/RS1_group/scamazon/ros2_ws_group/install/turtlesim/include/turtlesim/turtlesim/msg/detail/color__traits.hpp
[32.419s] -- Symlinking: /home/student/RS1/RS1_group/scamazon/ros2_ws_group/install/turtlesim/include/turtlesim/turtlesim/msg/detail/pose__builder.hpp
[32.436s] -- Symlinking: /home/student/RS1/RS1_group/scamazon/ros2_ws_group/install/turtlesim/include/turtlesim/turtlesim/msg/detail/pose__struct.hpp
[32.453s] -- Symlinking: /home/student/RS1/RS1_group/scamazon/ros2_ws_group/install/turtlesim/include/turtlesim/turtlesim/msg/detail/pose__traits.hpp
[32.468s] -- Symlinking: /home/student/RS1/RS1_group/scamazon/ros2_ws_group/install/turtlesim/include/turtlesim/turtlesim/msg/pose.hpp
[32.484s] -- Symlinking: /home/student/RS1/RS1_group/scamazon/ros2_ws_group/install/turtlesim/include/turtlesim/turtlesim/srv/detail/kill__builder.hpp
[32.498s] -- Symlinking: /home/student/RS1/RS1_group/scamazon/ros2_ws_group/install/turtlesim/include/turtlesim/turtlesim/srv/detail/kill__struct.hpp
[32.513s] -- Symlinking: /home/student/RS1/RS1_group/scamazon/ros2_ws_group/install/turtlesim/include/turtlesim/turtlesim/srv/detail/kill__traits.hpp
[32.525s] -- Symlinking: /home/student/RS1/RS1_group/scamazon/ros2_ws_group/install/turtlesim/include/turtlesim/turtlesim/srv/detail/set_pen__builder.hpp
[32.536s] -- Symlinking: /home/student/RS1/RS1_group/scamazon/ros2_ws_group/install/turtlesim/include/turtlesim/turtlesim/srv/detail/set_pen__struct.hpp
[32.547s] -- Symlinking: /home/student/RS1/RS1_group/scamazon/ros2_ws_group/install/turtlesim/include/turtlesim/turtlesim/srv/detail/set_pen__traits.hpp
[32.557s] -- Symlinking: /home/student/RS1/RS1_group/scamazon/ros2_ws_group/install/turtlesim/include/turtlesim/turtlesim/srv/detail/spawn__builder.hpp
[32.568s] -- Symlinking: /home/student/RS1/RS1_group/scamazon/ros2_ws_group/install/turtlesim/include/turtlesim/turtlesim/srv/detail/spawn__struct.hpp
[32.578s] -- Symlinking: /home/student/RS1/RS1_group/scamazon/ros2_ws_group/install/turtlesim/include/turtlesim/turtlesim/srv/detail/spawn__traits.hpp
[32.589s] -- Symlinking: /home/student/RS1/RS1_group/scamazon/ros2_ws_group/install/turtlesim/include/turtlesim/turtlesim/srv/detail/teleport_absolute__builder.hpp
[32.600s] -- Symlinking: /home/student/RS1/RS1_group/scamazon/ros2_ws_group/install/turtlesim/include/turtlesim/turtlesim/srv/detail/teleport_absolute__struct.hpp
[32.612s] -- Symlinking: /home/student/RS1/RS1_group/scamazon/ros2_ws_group/install/turtlesim/include/turtlesim/turtlesim/srv/detail/teleport_absolute__traits.hpp
[32.621s] -- Symlinking: /home/student/RS1/RS1_group/scamazon/ros2_ws_group/install/turtlesim/include/turtlesim/turtlesim/srv/detail/teleport_relative__builder.hpp
[32.631s] -- Symlinking: /home/student/RS1/RS1_group/scamazon/ros2_ws_group/install/turtlesim/include/turtlesim/turtlesim/srv/detail/teleport_relative__struct.hpp
[32.641s] -- Symlinking: /home/student/RS1/RS1_group/scamazon/ros2_ws_group/install/turtlesim/include/turtlesim/turtlesim/srv/detail/teleport_relative__traits.hpp
[32.651s] -- Symlinking: /home/student/RS1/RS1_group/scamazon/ros2_ws_group/install/turtlesim/include/turtlesim/turtlesim/srv/kill.hpp
[32.661s] -- Symlinking: /home/student/RS1/RS1_group/scamazon/ros2_ws_group/install/turtlesim/include/turtlesim/turtlesim/srv/set_pen.hpp
[32.671s] -- Symlinking: /home/student/RS1/RS1_group/scamazon/ros2_ws_group/install/turtlesim/include/turtlesim/turtlesim/srv/spawn.hpp
[32.681s] -- Symlinking: /home/student/RS1/RS1_group/scamazon/ros2_ws_group/install/turtlesim/include/turtlesim/turtlesim/srv/teleport_absolute.hpp
[32.690s] -- Symlinking: /home/student/RS1/RS1_group/scamazon/ros2_ws_group/install/turtlesim/include/turtlesim/turtlesim/srv/teleport_relative.hpp
[32.701s] -- Symlinking: /home/student/RS1/RS1_group/scamazon/ros2_ws_group/install/turtlesim/include/turtlesim/turtlesim/action/detail/rotate_absolute__rosidl_typesupport_fastrtps_cpp.hpp
[32.711s] -- Symlinking: /home/student/RS1/RS1_group/scamazon/ros2_ws_group/install/turtlesim/include/turtlesim/turtlesim/msg/detail/color__rosidl_typesupport_fastrtps_cpp.hpp
[32.720s] -- Symlinking: /home/student/RS1/RS1_group/scamazon/ros2_ws_group/install/turtlesim/include/turtlesim/turtlesim/msg/detail/pose__rosidl_typesupport_fastrtps_cpp.hpp
[32.730s] -- Symlinking: /home/student/RS1/RS1_group/scamazon/ros2_ws_group/install/turtlesim/include/turtlesim/turtlesim/msg/rosidl_typesupport_fastrtps_cpp__visibility_control.h
[32.742s] -- Symlinking: /home/student/RS1/RS1_group/scamazon/ros2_ws_group/install/turtlesim/include/turtlesim/turtlesim/srv/detail/kill__rosidl_typesupport_fastrtps_cpp.hpp
[32.752s] -- Symlinking: /home/student/RS1/RS1_group/scamazon/ros2_ws_group/install/turtlesim/include/turtlesim/turtlesim/srv/detail/set_pen__rosidl_typesupport_fastrtps_cpp.hpp
[32.762s] -- Symlinking: /home/student/RS1/RS1_group/scamazon/ros2_ws_group/install/turtlesim/include/turtlesim/turtlesim/srv/detail/spawn__rosidl_typesupport_fastrtps_cpp.hpp
[32.771s] -- Symlinking: /home/student/RS1/RS1_group/scamazon/ros2_ws_group/install/turtlesim/include/turtlesim/turtlesim/srv/detail/teleport_absolute__rosidl_typesupport_fastrtps_cpp.hpp
[32.781s] -- Symlinking: /home/student/RS1/RS1_group/scamazon/ros2_ws_group/install/turtlesim/include/turtlesim/turtlesim/srv/detail/teleport_relative__rosidl_typesupport_fastrtps_cpp.hpp
[32.792s] -- Symlinking: /home/student/RS1/RS1_group/scamazon/ros2_ws_group/install/turtlesim/include/turtlesim/turtlesim/action/detail/rotate_absolute__rosidl_typesupport_introspection_c.h
[32.802s] -- Symlinking: /home/student/RS1/RS1_group/scamazon/ros2_ws_group/install/turtlesim/include/turtlesim/turtlesim/msg/detail/color__rosidl_typesupport_introspection_c.h
[32.811s] -- Symlinking: /home/student/RS1/RS1_group/scamazon/ros2_ws_group/install/turtlesim/include/turtlesim/turtlesim/msg/detail/pose__rosidl_typesupport_introspection_c.h
[32.821s] -- Symlinking: /home/student/RS1/RS1_group/scamazon/ros2_ws_group/install/turtlesim/include/turtlesim/turtlesim/msg/rosidl_typesupport_introspection_c__visibility_control.h
[32.831s] -- Symlinking: /home/student/RS1/RS1_group/scamazon/ros2_ws_group/install/turtlesim/include/turtlesim/turtlesim/srv/detail/kill__rosidl_typesupport_introspection_c.h
[32.840s] -- Symlinking: /home/student/RS1/RS1_group/scamazon/ros2_ws_group/install/turtlesim/include/turtlesim/turtlesim/srv/detail/set_pen__rosidl_typesupport_introspection_c.h
[32.850s] -- Symlinking: /home/student/RS1/RS1_group/scamazon/ros2_ws_group/install/turtlesim/include/turtlesim/turtlesim/srv/detail/spawn__rosidl_typesupport_introspection_c.h
[32.860s] -- Symlinking: /home/student/RS1/RS1_group/scamazon/ros2_ws_group/install/turtlesim/include/turtlesim/turtlesim/srv/detail/teleport_absolute__rosidl_typesupport_introspection_c.h
[32.871s] -- Symlinking: /home/student/RS1/RS1_group/scamazon/ros2_ws_group/install/turtlesim/include/turtlesim/turtlesim/srv/detail/teleport_relative__rosidl_typesupport_introspection_c.h
[32.881s] -- Symlinking: /home/student/RS1/RS1_group/scamazon/ros2_ws_group/install/turtlesim/include/turtlesim/turtlesim/action/detail/rotate_absolute__rosidl_typesupport_introspection_cpp.hpp
[32.891s] -- Symlinking: /home/student/RS1/RS1_group/scamazon/ros2_ws_group/install/turtlesim/include/turtlesim/turtlesim/msg/detail/color__rosidl_typesupport_introspection_cpp.hpp
[32.901s] -- Symlinking: /home/student/RS1/RS1_group/scamazon/ros2_ws_group/install/turtlesim/include/turtlesim/turtlesim/msg/detail/pose__rosidl_typesupport_introspection_cpp.hpp
[32.911s] -- Symlinking: /home/student/RS1/RS1_group/scamazon/ros2_ws_group/install/turtlesim/include/turtlesim/turtlesim/srv/detail/kill__rosidl_typesupport_introspection_cpp.hpp
[32.920s] -- Symlinking: /home/student/RS1/RS1_group/scamazon/ros2_ws_group/install/turtlesim/include/turtlesim/turtlesim/srv/detail/set_pen__rosidl_typesupport_introspection_cpp.hpp
[32.930s] -- Symlinking: /home/student/RS1/RS1_group/scamazon/ros2_ws_group/install/turtlesim/include/turtlesim/turtlesim/srv/detail/spawn__rosidl_typesupport_introspection_cpp.hpp
[32.941s] -- Symlinking: /home/student/RS1/RS1_group/scamazon/ros2_ws_group/install/turtlesim/include/turtlesim/turtlesim/srv/detail/teleport_absolute__rosidl_typesupport_introspection_cpp.hpp
[32.951s] -- Symlinking: /home/student/RS1/RS1_group/scamazon/ros2_ws_group/install/turtlesim/include/turtlesim/turtlesim/srv/detail/teleport_relative__rosidl_typesupport_introspection_cpp.hpp
[32.961s] -- Symlinking: /home/student/RS1/RS1_group/scamazon/ros2_ws_group/install/turtlesim/share/turtlesim/environment/pythonpath.sh
[32.971s] -- Symlinking: /home/student/RS1/RS1_group/scamazon/ros2_ws_group/install/turtlesim/share/turtlesim/environment/pythonpath.dsv
[32.981s] -- Symlinking: /home/student/RS1/RS1_group/scamazon/ros2_ws_group/install/turtlesim/local/lib/python3.10/dist-packages/turtlesim-1.4.2-py3.10.egg-info/PKG-INFO
[32.991s] -- Symlinking: /home/student/RS1/RS1_group/scamazon/ros2_ws_group/install/turtlesim/local/lib/python3.10/dist-packages/turtlesim-1.4.2-py3.10.egg-info/SOURCES.txt
[33.000s] -- Symlinking: /home/student/RS1/RS1_group/scamazon/ros2_ws_group/install/turtlesim/local/lib/python3.10/dist-packages/turtlesim-1.4.2-py3.10.egg-info/dependency_links.txt
[33.011s] -- Symlinking: /home/student/RS1/RS1_group/scamazon/ros2_ws_group/install/turtlesim/local/lib/python3.10/dist-packages/turtlesim-1.4.2-py3.10.egg-info/top_level.txt
[33.021s] -- Symlinking: /home/student/RS1/RS1_group/scamazon/ros2_ws_group/install/turtlesim/local/lib/python3.10/dist-packages/turtlesim/__init__.py
[33.030s] -- Symlinking: /home/student/RS1/RS1_group/scamazon/ros2_ws_group/install/turtlesim/local/lib/python3.10/dist-packages/turtlesim/_turtlesim_s.ep.rosidl_typesupport_c.c
[33.040s] -- Symlinking: /home/student/RS1/RS1_group/scamazon/ros2_ws_group/install/turtlesim/local/lib/python3.10/dist-packages/turtlesim/_turtlesim_s.ep.rosidl_typesupport_fastrtps_c.c
[33.050s] -- Symlinking: /home/student/RS1/RS1_group/scamazon/ros2_ws_group/install/turtlesim/local/lib/python3.10/dist-packages/turtlesim/_turtlesim_s.ep.rosidl_typesupport_introspection_c.c
[33.059s] -- Symlinking: /home/student/RS1/RS1_group/scamazon/ros2_ws_group/install/turtlesim/local/lib/python3.10/dist-packages/turtlesim/action/__init__.py
[33.070s] -- Symlinking: /home/student/RS1/RS1_group/scamazon/ros2_ws_group/install/turtlesim/local/lib/python3.10/dist-packages/turtlesim/action/_rotate_absolute.py
[33.081s] -- Symlinking: /home/student/RS1/RS1_group/scamazon/ros2_ws_group/install/turtlesim/local/lib/python3.10/dist-packages/turtlesim/action/_rotate_absolute_s.c
[33.091s] -- Symlinking: /home/student/RS1/RS1_group/scamazon/ros2_ws_group/install/turtlesim/local/lib/python3.10/dist-packages/turtlesim/libturtlesim__rosidl_generator_py.so
[33.101s] -- Symlinking: /home/student/RS1/RS1_group/scamazon/ros2_ws_group/install/turtlesim/local/lib/python3.10/dist-packages/turtlesim/msg/__init__.py
[33.111s] -- Symlinking: /home/student/RS1/RS1_group/scamazon/ros2_ws_group/install/turtlesim/local/lib/python3.10/dist-packages/turtlesim/msg/_color.py
[33.121s] -- Symlinking: /home/student/RS1/RS1_group/scamazon/ros2_ws_group/install/turtlesim/local/lib/python3.10/dist-packages/turtlesim/msg/_color_s.c
[33.132s] -- Symlinking: /home/student/RS1/RS1_group/scamazon/ros2_ws_group/install/turtlesim/local/lib/python3.10/dist-packages/turtlesim/msg/_pose.py
[33.141s] -- Symlinking: /home/student/RS1/RS1_group/scamazon/ros2_ws_group/install/turtlesim/local/lib/python3.10/dist-packages/turtlesim/msg/_pose_s.c
[33.151s] -- Symlinking: /home/student/RS1/RS1_group/scamazon/ros2_ws_group/install/turtlesim/local/lib/python3.10/dist-packages/turtlesim/srv/__init__.py
[33.161s] -- Symlinking: /home/student/RS1/RS1_group/scamazon/ros2_ws_group/install/turtlesim/local/lib/python3.10/dist-packages/turtlesim/srv/_kill.py
[33.171s] -- Symlinking: /home/student/RS1/RS1_group/scamazon/ros2_ws_group/install/turtlesim/local/lib/python3.10/dist-packages/turtlesim/srv/_kill_s.c
[33.180s] -- Symlinking: /home/student/RS1/RS1_group/scamazon/ros2_ws_group/install/turtlesim/local/lib/python3.10/dist-packages/turtlesim/srv/_set_pen.py
[33.190s] -- Symlinking: /home/student/RS1/RS1_group/scamazon/ros2_ws_group/install/turtlesim/local/lib/python3.10/dist-packages/turtlesim/srv/_set_pen_s.c
[33.200s] -- Symlinking: /home/student/RS1/RS1_group/scamazon/ros2_ws_group/install/turtlesim/local/lib/python3.10/dist-packages/turtlesim/srv/_spawn.py
[33.209s] -- Symlinking: /home/student/RS1/RS1_group/scamazon/ros2_ws_group/install/turtlesim/local/lib/python3.10/dist-packages/turtlesim/srv/_spawn_s.c
[33.219s] -- Symlinking: /home/student/RS1/RS1_group/scamazon/ros2_ws_group/install/turtlesim/local/lib/python3.10/dist-packages/turtlesim/srv/_teleport_absolute.py
[33.228s] -- Symlinking: /home/student/RS1/RS1_group/scamazon/ros2_ws_group/install/turtlesim/local/lib/python3.10/dist-packages/turtlesim/srv/_teleport_absolute_s.c
[33.238s] -- Symlinking: /home/student/RS1/RS1_group/scamazon/ros2_ws_group/install/turtlesim/local/lib/python3.10/dist-packages/turtlesim/srv/_teleport_relative.py
[33.248s] -- Symlinking: /home/student/RS1/RS1_group/scamazon/ros2_ws_group/install/turtlesim/local/lib/python3.10/dist-packages/turtlesim/srv/_teleport_relative_s.c
[33.258s] -- Symlinking: /home/student/RS1/RS1_group/scamazon/ros2_ws_group/install/turtlesim/local/lib/python3.10/dist-packages/turtlesim/turtlesim_s__rosidl_typesupport_c.cpython-310-x86_64-linux-gnu.so
[33.267s] -- Symlinking: /home/student/RS1/RS1_group/scamazon/ros2_ws_group/install/turtlesim/local/lib/python3.10/dist-packages/turtlesim/turtlesim_s__rosidl_typesupport_fastrtps_c.cpython-310-x86_64-linux-gnu.so
[33.277s] -- Symlinking: /home/student/RS1/RS1_group/scamazon/ros2_ws_group/install/turtlesim/local/lib/python3.10/dist-packages/turtlesim/turtlesim_s__rosidl_typesupport_introspection_c.cpython-310-x86_64-linux-gnu.so
[33.287s] -- Up-to-date symlink: /home/student/RS1/RS1_group/scamazon/ros2_ws_group/install/turtlesim/local/lib/python3.10/dist-packages/turtlesim/turtlesim_s__rosidl_typesupport_fastrtps_c.cpython-310-x86_64-linux-gnu.so
[33.287s] -- Up-to-date symlink: /home/student/RS1/RS1_group/scamazon/ros2_ws_group/install/turtlesim/local/lib/python3.10/dist-packages/turtlesim/turtlesim_s__rosidl_typesupport_introspection_c.cpython-310-x86_64-linux-gnu.so
[33.287s] -- Up-to-date symlink: /home/student/RS1/RS1_group/scamazon/ros2_ws_group/install/turtlesim/local/lib/python3.10/dist-packages/turtlesim/turtlesim_s__rosidl_typesupport_c.cpython-310-x86_64-linux-gnu.so
[33.288s] -- Symlinking: /home/student/RS1/RS1_group/scamazon/ros2_ws_group/install/turtlesim/share/turtlesim/action/RotateAbsolute.idl
[33.298s] -- Symlinking: /home/student/RS1/RS1_group/scamazon/ros2_ws_group/install/turtlesim/share/turtlesim/msg/Color.idl
[33.310s] -- Symlinking: /home/student/RS1/RS1_group/scamazon/ros2_ws_group/install/turtlesim/share/turtlesim/msg/Pose.idl
[33.320s] -- Symlinking: /home/student/RS1/RS1_group/scamazon/ros2_ws_group/install/turtlesim/share/turtlesim/srv/Kill.idl
[33.329s] -- Symlinking: /home/student/RS1/RS1_group/scamazon/ros2_ws_group/install/turtlesim/share/turtlesim/srv/SetPen.idl
[33.340s] -- Symlinking: /home/student/RS1/RS1_group/scamazon/ros2_ws_group/install/turtlesim/share/turtlesim/srv/Spawn.idl
[33.351s] -- Symlinking: /home/student/RS1/RS1_group/scamazon/ros2_ws_group/install/turtlesim/share/turtlesim/srv/TeleportAbsolute.idl
[33.361s] -- Symlinking: /home/student/RS1/RS1_group/scamazon/ros2_ws_group/install/turtlesim/share/turtlesim/srv/TeleportRelative.idl
[33.372s] -- Symlinking: /home/student/RS1/RS1_group/scamazon/ros2_ws_group/install/turtlesim/share/turtlesim/action/RotateAbsolute.action
[33.382s] -- Symlinking: /home/student/RS1/RS1_group/scamazon/ros2_ws_group/install/turtlesim/share/turtlesim/msg/Color.msg
[33.393s] -- Symlinking: /home/student/RS1/RS1_group/scamazon/ros2_ws_group/install/turtlesim/share/turtlesim/msg/Pose.msg
[33.403s] -- Symlinking: /home/student/RS1/RS1_group/scamazon/ros2_ws_group/install/turtlesim/share/turtlesim/srv/Kill.srv
[33.413s] -- Symlinking: /home/student/RS1/RS1_group/scamazon/ros2_ws_group/install/turtlesim/share/turtlesim/srv/Kill_Request.msg
[33.424s] -- Symlinking: /home/student/RS1/RS1_group/scamazon/ros2_ws_group/install/turtlesim/share/turtlesim/srv/Kill_Response.msg
[33.433s] -- Symlinking: /home/student/RS1/RS1_group/scamazon/ros2_ws_group/install/turtlesim/share/turtlesim/srv/SetPen.srv
[33.443s] -- Symlinking: /home/student/RS1/RS1_group/scamazon/ros2_ws_group/install/turtlesim/share/turtlesim/srv/SetPen_Request.msg
[33.453s] -- Symlinking: /home/student/RS1/RS1_group/scamazon/ros2_ws_group/install/turtlesim/share/turtlesim/srv/SetPen_Response.msg
[33.462s] -- Symlinking: /home/student/RS1/RS1_group/scamazon/ros2_ws_group/install/turtlesim/share/turtlesim/srv/Spawn.srv
[33.472s] -- Symlinking: /home/student/RS1/RS1_group/scamazon/ros2_ws_group/install/turtlesim/share/turtlesim/srv/Spawn_Request.msg
[33.482s] -- Symlinking: /home/student/RS1/RS1_group/scamazon/ros2_ws_group/install/turtlesim/share/turtlesim/srv/Spawn_Response.msg
[33.491s] -- Symlinking: /home/student/RS1/RS1_group/scamazon/ros2_ws_group/install/turtlesim/share/turtlesim/srv/TeleportAbsolute.srv
[33.501s] -- Symlinking: /home/student/RS1/RS1_group/scamazon/ros2_ws_group/install/turtlesim/share/turtlesim/srv/TeleportAbsolute_Request.msg
[33.511s] -- Symlinking: /home/student/RS1/RS1_group/scamazon/ros2_ws_group/install/turtlesim/share/turtlesim/srv/TeleportAbsolute_Response.msg
[33.522s] -- Symlinking: /home/student/RS1/RS1_group/scamazon/ros2_ws_group/install/turtlesim/share/turtlesim/srv/TeleportRelative.srv
[33.532s] -- Symlinking: /home/student/RS1/RS1_group/scamazon/ros2_ws_group/install/turtlesim/share/turtlesim/srv/TeleportRelative_Request.msg
[33.542s] -- Symlinking: /home/student/RS1/RS1_group/scamazon/ros2_ws_group/install/turtlesim/share/turtlesim/srv/TeleportRelative_Response.msg
[33.552s] -- Symlinking: /home/student/RS1/RS1_group/scamazon/ros2_ws_group/install/turtlesim/lib/turtlesim/turtlesim_node
[33.562s] -- Symlinking: /home/student/RS1/RS1_group/scamazon/ros2_ws_group/install/turtlesim/lib/turtlesim/turtle_teleop_key
[33.571s] -- Symlinking: /home/student/RS1/RS1_group/scamazon/ros2_ws_group/install/turtlesim/lib/turtlesim/draw_square
[33.582s] -- Symlinking: /home/student/RS1/RS1_group/scamazon/ros2_ws_group/install/turtlesim/lib/turtlesim/mimic
[33.593s] -- Symlinking: /home/student/RS1/RS1_group/scamazon/ros2_ws_group/install/turtlesim/share/turtlesim/launch/multisim.launch.py
[33.603s] -- Symlinking: /home/student/RS1/RS1_group/scamazon/ros2_ws_group/install/turtlesim/share/ament_index/resource_index/package_run_dependencies/turtlesim
[33.613s] -- Symlinking: /home/student/RS1/RS1_group/scamazon/ros2_ws_group/install/turtlesim/share/ament_index/resource_index/parent_prefix_path/turtlesim
[33.622s] -- Symlinking: /home/student/RS1/RS1_group/scamazon/ros2_ws_group/install/turtlesim/share/turtlesim/environment/ament_prefix_path.sh
[33.634s] -- Symlinking: /home/student/RS1/RS1_group/scamazon/ros2_ws_group/install/turtlesim/share/turtlesim/environment/ament_prefix_path.dsv
[33.644s] -- Symlinking: /home/student/RS1/RS1_group/scamazon/ros2_ws_group/install/turtlesim/share/turtlesim/environment/path.sh
[33.654s] -- Symlinking: /home/student/RS1/RS1_group/scamazon/ros2_ws_group/install/turtlesim/share/turtlesim/environment/path.dsv
[33.663s] -- Symlinking: /home/student/RS1/RS1_group/scamazon/ros2_ws_group/install/turtlesim/share/turtlesim/local_setup.bash
[33.673s] -- Symlinking: /home/student/RS1/RS1_group/scamazon/ros2_ws_group/install/turtlesim/share/turtlesim/local_setup.sh
[33.685s] -- Symlinking: /home/student/RS1/RS1_group/scamazon/ros2_ws_group/install/turtlesim/share/turtlesim/local_setup.zsh
[33.694s] -- Symlinking: /home/student/RS1/RS1_group/scamazon/ros2_ws_group/install/turtlesim/share/turtlesim/local_setup.dsv
[33.704s] -- Symlinking: /home/student/RS1/RS1_group/scamazon/ros2_ws_group/install/turtlesim/share/turtlesim/package.dsv
[33.714s] -- Symlinking: /home/student/RS1/RS1_group/scamazon/ros2_ws_group/install/turtlesim/share/ament_index/resource_index/packages/turtlesim
[33.723s] -- Symlinking: /home/student/RS1/RS1_group/scamazon/ros2_ws_group/install/turtlesim/share/turtlesim/cmake/rosidl_cmake-extras.cmake
[33.733s] -- Symlinking: /home/student/RS1/RS1_group/scamazon/ros2_ws_group/install/turtlesim/share/turtlesim/cmake/ament_cmake_export_dependencies-extras.cmake
[33.745s] -- Symlinking: /home/student/RS1/RS1_group/scamazon/ros2_ws_group/install/turtlesim/share/turtlesim/cmake/ament_cmake_export_include_directories-extras.cmake
[33.755s] -- Symlinking: /home/student/RS1/RS1_group/scamazon/ros2_ws_group/install/turtlesim/share/turtlesim/cmake/ament_cmake_export_libraries-extras.cmake
[33.765s] -- Symlinking: /home/student/RS1/RS1_group/scamazon/ros2_ws_group/install/turtlesim/share/turtlesim/cmake/ament_cmake_export_targets-extras.cmake
[33.776s] -- Symlinking: /home/student/RS1/RS1_group/scamazon/ros2_ws_group/install/turtlesim/share/turtlesim/cmake/rosidl_cmake_export_typesupport_targets-extras.cmake
[33.789s] -- Symlinking: /home/student/RS1/RS1_group/scamazon/ros2_ws_group/install/turtlesim/share/turtlesim/cmake/rosidl_cmake_export_typesupport_libraries-extras.cmake
[33.808s] -- Symlinking: /home/student/RS1/RS1_group/scamazon/ros2_ws_group/install/turtlesim/share/turtlesim/cmake/turtlesimConfig.cmake
[33.822s] -- Symlinking: /home/student/RS1/RS1_group/scamazon/ros2_ws_group/install/turtlesim/share/turtlesim/cmake/turtlesimConfig-version.cmake
[33.833s] -- Symlinking: /home/student/RS1/RS1_group/scamazon/ros2_ws_group/install/turtlesim/share/turtlesim/package.xml
[33.845s] -- Installing: /home/student/RS1/RS1_group/scamazon/ros2_ws_group/install/turtlesim/lib/libturtlesim__rosidl_generator_c.so
[33.846s] -- Set runtime path of "/home/student/RS1/RS1_group/scamazon/ros2_ws_group/install/turtlesim/lib/libturtlesim__rosidl_generator_c.so" to ""
[33.846s] -- Installing: /home/student/RS1/RS1_group/scamazon/ros2_ws_group/install/turtlesim/lib/libturtlesim__rosidl_typesupport_fastrtps_c.so
[33.846s] -- Set runtime path of "/home/student/RS1/RS1_group/scamazon/ros2_ws_group/install/turtlesim/lib/libturtlesim__rosidl_typesupport_fastrtps_c.so" to ""
[33.846s] -- Installing: /home/student/RS1/RS1_group/scamazon/ros2_ws_group/install/turtlesim/lib/libturtlesim__rosidl_typesupport_fastrtps_cpp.so
[33.847s] -- Set runtime path of "/home/student/RS1/RS1_group/scamazon/ros2_ws_group/install/turtlesim/lib/libturtlesim__rosidl_typesupport_fastrtps_cpp.so" to ""
[33.847s] -- Installing: /home/student/RS1/RS1_group/scamazon/ros2_ws_group/install/turtlesim/lib/libturtlesim__rosidl_typesupport_introspection_c.so
[33.848s] -- Set runtime path of "/home/student/RS1/RS1_group/scamazon/ros2_ws_group/install/turtlesim/lib/libturtlesim__rosidl_typesupport_introspection_c.so" to ""
[33.848s] -- Installing: /home/student/RS1/RS1_group/scamazon/ros2_ws_group/install/turtlesim/lib/libturtlesim__rosidl_typesupport_c.so
[33.848s] -- Set runtime path of "/home/student/RS1/RS1_group/scamazon/ros2_ws_group/install/turtlesim/lib/libturtlesim__rosidl_typesupport_c.so" to ""
[33.848s] -- Installing: /home/student/RS1/RS1_group/scamazon/ros2_ws_group/install/turtlesim/lib/libturtlesim__rosidl_typesupport_introspection_cpp.so
[33.849s] -- Set runtime path of "/home/student/RS1/RS1_group/scamazon/ros2_ws_group/install/turtlesim/lib/libturtlesim__rosidl_typesupport_introspection_cpp.so" to ""
[33.849s] -- Installing: /home/student/RS1/RS1_group/scamazon/ros2_ws_group/install/turtlesim/lib/libturtlesim__rosidl_typesupport_cpp.so
[33.849s] -- Set runtime path of "/home/student/RS1/RS1_group/scamazon/ros2_ws_group/install/turtlesim/lib/libturtlesim__rosidl_typesupport_cpp.so" to ""
[33.909s] Listing '/home/student/RS1/RS1_group/scamazon/ros2_ws_group/install/turtlesim/local/lib/python3.10/dist-packages/turtlesim'...
[33.910s] Compiling '/home/student/RS1/RS1_group/scamazon/ros2_ws_group/install/turtlesim/local/lib/python3.10/dist-packages/turtlesim/__init__.py'...
[33.910s] Listing '/home/student/RS1/RS1_group/scamazon/ros2_ws_group/install/turtlesim/local/lib/python3.10/dist-packages/turtlesim/action'...
[33.910s] Compiling '/home/student/RS1/RS1_group/scamazon/ros2_ws_group/install/turtlesim/local/lib/python3.10/dist-packages/turtlesim/action/__init__.py'...
[33.910s] Compiling '/home/student/RS1/RS1_group/scamazon/ros2_ws_group/install/turtlesim/local/lib/python3.10/dist-packages/turtlesim/action/_rotate_absolute.py'...
[33.910s] Listing '/home/student/RS1/RS1_group/scamazon/ros2_ws_group/install/turtlesim/local/lib/python3.10/dist-packages/turtlesim/msg'...
[33.910s] Compiling '/home/student/RS1/RS1_group/scamazon/ros2_ws_group/install/turtlesim/local/lib/python3.10/dist-packages/turtlesim/msg/__init__.py'...
[33.910s] Compiling '/home/student/RS1/RS1_group/scamazon/ros2_ws_group/install/turtlesim/local/lib/python3.10/dist-packages/turtlesim/msg/_color.py'...
[33.911s] Compiling '/home/student/RS1/RS1_group/scamazon/ros2_ws_group/install/turtlesim/local/lib/python3.10/dist-packages/turtlesim/msg/_pose.py'...
[33.911s] Listing '/home/student/RS1/RS1_group/scamazon/ros2_ws_group/install/turtlesim/local/lib/python3.10/dist-packages/turtlesim/srv'...
[33.911s] Compiling '/home/student/RS1/RS1_group/scamazon/ros2_ws_group/install/turtlesim/local/lib/python3.10/dist-packages/turtlesim/srv/__init__.py'...
[33.911s] Compiling '/home/student/RS1/RS1_group/scamazon/ros2_ws_group/install/turtlesim/local/lib/python3.10/dist-packages/turtlesim/srv/_kill.py'...
[33.911s] Compiling '/home/student/RS1/RS1_group/scamazon/ros2_ws_group/install/turtlesim/local/lib/python3.10/dist-packages/turtlesim/srv/_set_pen.py'...
[33.911s] Compiling '/home/student/RS1/RS1_group/scamazon/ros2_ws_group/install/turtlesim/local/lib/python3.10/dist-packages/turtlesim/srv/_spawn.py'...
[33.911s] Compiling '/home/student/RS1/RS1_group/scamazon/ros2_ws_group/install/turtlesim/local/lib/python3.10/dist-packages/turtlesim/srv/_teleport_absolute.py'...
[33.911s] Compiling '/home/student/RS1/RS1_group/scamazon/ros2_ws_group/install/turtlesim/local/lib/python3.10/dist-packages/turtlesim/srv/_teleport_relative.py'...
[33.916s] -- Installing: /home/student/RS1/RS1_group/scamazon/ros2_ws_group/install/turtlesim/lib/libturtlesim__rosidl_generator_py.so
[33.917s] -- Set runtime path of "/home/student/RS1/RS1_group/scamazon/ros2_ws_group/install/turtlesim/lib/libturtlesim__rosidl_generator_py.so" to ""
[33.917s] -- Installing: /home/student/RS1/RS1_group/scamazon/ros2_ws_group/install/turtlesim/share/turtlesim/images
[33.917s] -- Installing: /home/student/RS1/RS1_group/scamazon/ros2_ws_group/install/turtlesim/share/turtlesim/images/eloquent.png
[33.918s] -- Installing: /home/student/RS1/RS1_group/scamazon/ros2_ws_group/install/turtlesim/share/turtlesim/images/galactic.png
[33.918s] -- Installing: /home/student/RS1/RS1_group/scamazon/ros2_ws_group/install/turtlesim/share/turtlesim/images/foxy.png
[33.918s] -- Installing: /home/student/RS1/RS1_group/scamazon/ros2_ws_group/install/turtlesim/share/turtlesim/images/ardent.png
[33.918s] -- Installing: /home/student/RS1/RS1_group/scamazon/ros2_ws_group/install/turtlesim/share/turtlesim/images/bouncy.png
[33.918s] -- Installing: /home/student/RS1/RS1_group/scamazon/ros2_ws_group/install/turtlesim/share/turtlesim/images/humble.png
[33.918s] -- Installing: /home/student/RS1/RS1_group/scamazon/ros2_ws_group/install/turtlesim/share/turtlesim/images/rolling.png
[33.919s] -- Installing: /home/student/RS1/RS1_group/scamazon/ros2_ws_group/install/turtlesim/share/turtlesim/images/dashing.png
[33.919s] -- Installing: /home/student/RS1/RS1_group/scamazon/ros2_ws_group/install/turtlesim/share/turtlesim/images/crystal.png
[33.919s] -- Installing: /home/student/RS1/RS1_group/scamazon/ros2_ws_group/install/turtlesim/share/turtlesim/cmake/export_turtlesim__rosidl_generator_cExport.cmake
[33.919s] -- Installing: /home/student/RS1/RS1_group/scamazon/ros2_ws_group/install/turtlesim/share/turtlesim/cmake/export_turtlesim__rosidl_generator_cExport-noconfig.cmake
[33.919s] -- Installing: /home/student/RS1/RS1_group/scamazon/ros2_ws_group/install/turtlesim/share/turtlesim/cmake/export_turtlesim__rosidl_typesupport_fastrtps_cExport.cmake
[33.919s] -- Installing: /home/student/RS1/RS1_group/scamazon/ros2_ws_group/install/turtlesim/share/turtlesim/cmake/export_turtlesim__rosidl_typesupport_fastrtps_cExport-noconfig.cmake
[33.919s] -- Installing: /home/student/RS1/RS1_group/scamazon/ros2_ws_group/install/turtlesim/share/turtlesim/cmake/export_turtlesim__rosidl_generator_cppExport.cmake
[33.920s] -- Installing: /home/student/RS1/RS1_group/scamazon/ros2_ws_group/install/turtlesim/share/turtlesim/cmake/export_turtlesim__rosidl_typesupport_fastrtps_cppExport.cmake
[33.920s] -- Installing: /home/student/RS1/RS1_group/scamazon/ros2_ws_group/install/turtlesim/share/turtlesim/cmake/export_turtlesim__rosidl_typesupport_fastrtps_cppExport-noconfig.cmake
[33.920s] -- Installing: /home/student/RS1/RS1_group/scamazon/ros2_ws_group/install/turtlesim/share/turtlesim/cmake/turtlesim__rosidl_typesupport_introspection_cExport.cmake
[33.920s] -- Installing: /home/student/RS1/RS1_group/scamazon/ros2_ws_group/install/turtlesim/share/turtlesim/cmake/turtlesim__rosidl_typesupport_introspection_cExport-noconfig.cmake
[33.920s] -- Installing: /home/student/RS1/RS1_group/scamazon/ros2_ws_group/install/turtlesim/share/turtlesim/cmake/turtlesim__rosidl_typesupport_cExport.cmake
[33.920s] -- Installing: /home/student/RS1/RS1_group/scamazon/ros2_ws_group/install/turtlesim/share/turtlesim/cmake/turtlesim__rosidl_typesupport_cExport-noconfig.cmake
[33.920s] -- Installing: /home/student/RS1/RS1_group/scamazon/ros2_ws_group/install/turtlesim/share/turtlesim/cmake/turtlesim__rosidl_typesupport_introspection_cppExport.cmake
[33.921s] -- Installing: /home/student/RS1/RS1_group/scamazon/ros2_ws_group/install/turtlesim/share/turtlesim/cmake/turtlesim__rosidl_typesupport_introspection_cppExport-noconfig.cmake
[33.921s] -- Installing: /home/student/RS1/RS1_group/scamazon/ros2_ws_group/install/turtlesim/share/turtlesim/cmake/turtlesim__rosidl_typesupport_cppExport.cmake
[33.921s] -- Installing: /home/student/RS1/RS1_group/scamazon/ros2_ws_group/install/turtlesim/share/turtlesim/cmake/turtlesim__rosidl_typesupport_cppExport-noconfig.cmake
[33.921s] -- Installing: /home/student/RS1/RS1_group/scamazon/ros2_ws_group/install/turtlesim/share/turtlesim/cmake/export_turtlesim__rosidl_generator_pyExport.cmake
[33.921s] -- Installing: /home/student/RS1/RS1_group/scamazon/ros2_ws_group/install/turtlesim/share/turtlesim/cmake/export_turtlesim__rosidl_generator_pyExport-noconfig.cmake
[33.924s] Invoked command in '/home/student/RS1/RS1_group/scamazon/ros2_ws_group/build/turtlesim' returned '0': CMAKE_PREFIX_PATH=${CMAKE_PREFIX_PATH}:/home/student/ros2_ws/install/turtlebot3_teleop:/home/student/ros2_ws/install/turtlebot3_example:/home/student/ros2_ws/install/tb3_lab1:/opt/ros/humble /usr/bin/cmake --install /home/student/RS1/RS1_group/scamazon/ros2_ws_group/build/turtlesim
