[0.061s] Invoking command in '/home/student/RS1/RS1_group/scamazon/ros2_ws_group/src/build/turtlebot3_msgs': CMAKE_PREFIX_PATH=${CMAKE_PREFIX_PATH}:/home/student/ros2_ws/install/turtlebot3_teleop:/home/student/ros2_ws/install/turtlebot3_example:/home/student/ros2_ws/install/tb3_lab1:/opt/ros/humble /usr/bin/cmake /home/student/RS1/RS1_group/scamazon/ros2_ws_group/src/turtlebot3_msgs -DAMENT_CMAKE_SYMLINK_INSTALL=1 -DCMAKE_INSTALL_PREFIX=/home/student/RS1/RS1_group/scamazon/ros2_ws_group/src/install/turtlebot3_msgs
[0.177s] -- The C compiler identification is GNU 11.4.0
[0.291s] -- The CXX compiler identification is GNU 11.4.0
[0.305s] -- Detecting C compiler ABI info
[0.445s] -- Detecting C compiler ABI info - done
[0.459s] -- Check for working C compiler: /usr/bin/cc - skipped
[0.460s] -- Detecting C compile features
[0.461s] -- Detecting C compile features - done
[0.466s] -- Detecting CXX compiler ABI info
[0.610s] -- Detecting CXX compiler ABI info - done
[0.622s] -- Check for working CXX compiler: /usr/bin/c++ - skipped
[0.622s] -- Detecting CXX compile features
[0.623s] -- Detecting CXX compile features - done
[0.630s] -- Found action_msgs: 1.2.1 (/opt/ros/humble/share/action_msgs/cmake)
[0.920s] -- Found Python3: /usr/bin/python3 (found version "3.10.12") found components: Interpreter 
[1.032s] -- Override CMake install command with custom implementation using symlinks instead of copying resources
[1.203s] -- Found rosidl_generator_c: 3.1.5 (/opt/ros/humble/share/rosidl_generator_c/cmake)
[1.219s] -- Found rosidl_adapter: 3.1.5 (/opt/ros/humble/share/rosidl_adapter/cmake)
[1.241s] -- Found rosidl_generator_cpp: 3.1.5 (/opt/ros/humble/share/rosidl_generator_cpp/cmake)
[1.273s] -- Using all available rosidl_typesupport_c: rosidl_typesupport_fastrtps_c;rosidl_typesupport_introspection_c
[1.316s] -- Using all available rosidl_typesupport_cpp: rosidl_typesupport_fastrtps_cpp;rosidl_typesupport_introspection_cpp
[1.467s] -- Found rosidl_default_generators: 1.2.0 (/opt/ros/humble/share/rosidl_default_generators/cmake)
[1.501s] -- Found std_msgs: 4.2.4 (/opt/ros/humble/share/std_msgs/cmake)
[2.320s] -- Found ament_cmake_cppcheck: 0.12.11 (/opt/ros/humble/share/ament_cmake_cppcheck/cmake)
[2.331s] -- Found ament_cmake_cpplint: 0.12.11 (/opt/ros/humble/share/ament_cmake_cpplint/cmake)
[2.338s] -- Found ament_cmake_uncrustify: 0.12.11 (/opt/ros/humble/share/ament_cmake_uncrustify/cmake)
[2.345s] -- Found ament_cmake_ros: 0.10.0 (/opt/ros/humble/share/ament_cmake_ros/cmake)
[2.937s] -- Using all available rosidl_typesupport_c: rosidl_typesupport_fastrtps_c;rosidl_typesupport_introspection_c
[3.150s] -- Using all available rosidl_typesupport_cpp: rosidl_typesupport_fastrtps_cpp;rosidl_typesupport_introspection_cpp
[3.184s] -- Found PythonInterp: /usr/bin/python3 (found suitable version "3.10.12", minimum required is "3.6") 
[3.189s] -- Found python_cmake_module: 0.10.0 (/opt/ros/humble/share/python_cmake_module/cmake)
[3.239s] -- Found PythonLibs: /usr/lib/x86_64-linux-gnu/libpython3.10.so (found suitable version "3.10.12", minimum required is "3.5") 
[3.240s] -- Using PYTHON_EXECUTABLE: /usr/bin/python3
[3.242s] -- Using PYTHON_INCLUDE_DIRS: /usr/include/python3.10
[3.242s] -- Using PYTHON_LIBRARIES: /usr/lib/x86_64-linux-gnu/libpython3.10.so
[3.285s] -- Found PythonExtra: .so  
[3.418s] -- Found ament_cmake_flake8: 0.12.11 (/opt/ros/humble/share/ament_cmake_flake8/cmake)
[3.425s] -- Found ament_cmake_pep257: 0.12.11 (/opt/ros/humble/share/ament_cmake_pep257/cmake)
[3.447s] -- Configuring done
[3.534s] -- Generating done
[3.540s] -- Build files have been written to: /home/student/RS1/RS1_group/scamazon/ros2_ws_group/src/build/turtlebot3_msgs
[3.561s] Invoked command in '/home/student/RS1/RS1_group/scamazon/ros2_ws_group/src/build/turtlebot3_msgs' returned '0': CMAKE_PREFIX_PATH=${CMAKE_PREFIX_PATH}:/home/student/ros2_ws/install/turtlebot3_teleop:/home/student/ros2_ws/install/turtlebot3_example:/home/student/ros2_ws/install/tb3_lab1:/opt/ros/humble /usr/bin/cmake /home/student/RS1/RS1_group/scamazon/ros2_ws_group/src/turtlebot3_msgs -DAMENT_CMAKE_SYMLINK_INSTALL=1 -DCMAKE_INSTALL_PREFIX=/home/student/RS1/RS1_group/scamazon/ros2_ws_group/src/install/turtlebot3_msgs
[3.564s] Invoking command in '/home/student/RS1/RS1_group/scamazon/ros2_ws_group/src/build/turtlebot3_msgs': CMAKE_PREFIX_PATH=${CMAKE_PREFIX_PATH}:/home/student/ros2_ws/install/turtlebot3_teleop:/home/student/ros2_ws/install/turtlebot3_example:/home/student/ros2_ws/install/tb3_lab1:/opt/ros/humble /usr/bin/cmake --build /home/student/RS1/RS1_group/scamazon/ros2_ws_group/src/build/turtlebot3_msgs -- -j8 -l8
[3.636s] [  1%] [34m[1mGenerating C code for ROS interfaces[0m
[3.656s] [  2%] [34m[1mGenerating C++ code for ROS interfaces[0m
[3.673s] [  2%] Built target ament_cmake_python_symlink_turtlebot3_msgs
[4.220s] running egg_info
[4.241s] creating turtlebot3_msgs.egg-info
[4.241s] writing turtlebot3_msgs.egg-info/PKG-INFO
[4.242s] writing dependency_links to turtlebot3_msgs.egg-info/dependency_links.txt
[4.242s] writing top-level names to turtlebot3_msgs.egg-info/top_level.txt
[4.243s] writing manifest file 'turtlebot3_msgs.egg-info/SOURCES.txt'
[4.248s] reading manifest file 'turtlebot3_msgs.egg-info/SOURCES.txt'
[4.249s] writing manifest file 'turtlebot3_msgs.egg-info/SOURCES.txt'
[4.307s] [  2%] Built target ament_cmake_python_build_turtlebot3_msgs_egg
[5.970s] [  2%] Built target turtlebot3_msgs__cpp
[5.990s] [  4%] [34m[1mGenerating C++ introspection for ROS interfaces[0m
[5.991s] [  5%] [34m[1mGenerating C++ type support dispatch for ROS interfaces[0m
[5.992s] [  7%] [34m[1mGenerating C++ type support for eProsima Fast-RTPS[0m
[6.084s] [  8%] [32mBuilding C object CMakeFiles/turtlebot3_msgs__rosidl_generator_c.dir/rosidl_generator_c/turtlebot3_msgs/msg/detail/sensor_state__functions.c.o[0m
[6.085s] [  9%] [32mBuilding C object CMakeFiles/turtlebot3_msgs__rosidl_generator_c.dir/rosidl_generator_c/turtlebot3_msgs/msg/detail/version_info__functions.c.o[0m
[6.110s] [ 11%] [32mBuilding C object CMakeFiles/turtlebot3_msgs__rosidl_generator_c.dir/rosidl_generator_c/turtlebot3_msgs/msg/detail/sound__functions.c.o[0m
[6.112s] [ 12%] [32mBuilding C object CMakeFiles/turtlebot3_msgs__rosidl_generator_c.dir/rosidl_generator_c/turtlebot3_msgs/srv/detail/sound__functions.c.o[0m
[6.189s] [ 14%] [32mBuilding C object CMakeFiles/turtlebot3_msgs__rosidl_generator_c.dir/rosidl_generator_c/turtlebot3_msgs/srv/detail/dqn__functions.c.o[0m
[6.198s] [ 15%] [32mBuilding C object CMakeFiles/turtlebot3_msgs__rosidl_generator_c.dir/rosidl_generator_c/turtlebot3_msgs/action/detail/patrol__functions.c.o[0m
[6.405s] [ 16%] [32m[1mLinking C shared library libturtlebot3_msgs__rosidl_generator_c.so[0m
[6.473s] [ 16%] Built target turtlebot3_msgs__rosidl_generator_c
[6.493s] [ 18%] [34m[1mGenerating C type support for eProsima Fast-RTPS[0m
[6.497s] [ 19%] [34m[1mGenerating C type support dispatch for ROS interfaces[0m
[6.498s] [ 21%] [34m[1mGenerating C introspection for ROS interfaces[0m
[7.555s] [ 22%] [32mBuilding CXX object CMakeFiles/turtlebot3_msgs__rosidl_typesupport_cpp.dir/rosidl_typesupport_cpp/turtlebot3_msgs/msg/sensor_state__type_support.cpp.o[0m
[7.604s] [ 23%] [32mBuilding CXX object CMakeFiles/turtlebot3_msgs__rosidl_typesupport_cpp.dir/rosidl_typesupport_cpp/turtlebot3_msgs/msg/sound__type_support.cpp.o[0m
[7.728s] [ 25%] [32mBuilding CXX object CMakeFiles/turtlebot3_msgs__rosidl_typesupport_cpp.dir/rosidl_typesupport_cpp/turtlebot3_msgs/msg/version_info__type_support.cpp.o[0m
[7.843s] [ 26%] [32mBuilding CXX object CMakeFiles/turtlebot3_msgs__rosidl_typesupport_introspection_cpp.dir/rosidl_typesupport_introspection_cpp/turtlebot3_msgs/msg/detail/sensor_state__type_support.cpp.o[0m
[8.229s] [ 28%] [32mBuilding CXX object CMakeFiles/turtlebot3_msgs__rosidl_typesupport_introspection_cpp.dir/rosidl_typesupport_introspection_cpp/turtlebot3_msgs/msg/detail/sound__type_support.cpp.o[0m
[8.286s] [ 29%] [32mBuilding CXX object CMakeFiles/turtlebot3_msgs__rosidl_typesupport_cpp.dir/rosidl_typesupport_cpp/turtlebot3_msgs/srv/sound__type_support.cpp.o[0m
[8.315s] [ 30%] [32mBuilding CXX object CMakeFiles/turtlebot3_msgs__rosidl_typesupport_c.dir/rosidl_typesupport_c/turtlebot3_msgs/msg/sensor_state__type_support.cpp.o[0m
[8.368s] [ 32%] [32mBuilding CXX object CMakeFiles/turtlebot3_msgs__rosidl_typesupport_fastrtps_cpp.dir/rosidl_typesupport_fastrtps_cpp/turtlebot3_msgs/msg/detail/dds_fastrtps/sensor_state__type_support.cpp.o[0m
[8.505s] [ 33%] [32mBuilding CXX object CMakeFiles/turtlebot3_msgs__rosidl_typesupport_c.dir/rosidl_typesupport_c/turtlebot3_msgs/msg/sound__type_support.cpp.o[0m
[8.624s] [ 35%] [32mBuilding CXX object CMakeFiles/turtlebot3_msgs__rosidl_typesupport_c.dir/rosidl_typesupport_c/turtlebot3_msgs/msg/version_info__type_support.cpp.o[0m
[8.674s] [ 36%] [32mBuilding CXX object CMakeFiles/turtlebot3_msgs__rosidl_typesupport_cpp.dir/rosidl_typesupport_cpp/turtlebot3_msgs/srv/dqn__type_support.cpp.o[0m
[8.732s] [ 38%] [32mBuilding CXX object CMakeFiles/turtlebot3_msgs__rosidl_typesupport_c.dir/rosidl_typesupport_c/turtlebot3_msgs/srv/sound__type_support.cpp.o[0m
[8.871s] [ 39%] [32mBuilding C object CMakeFiles/turtlebot3_msgs__rosidl_typesupport_introspection_c.dir/rosidl_typesupport_introspection_c/turtlebot3_msgs/msg/detail/sensor_state__type_support.c.o[0m
[8.875s] [ 40%] [32mBuilding CXX object CMakeFiles/turtlebot3_msgs__rosidl_typesupport_c.dir/rosidl_typesupport_c/turtlebot3_msgs/srv/dqn__type_support.cpp.o[0m
[9.011s] [ 42%] [32mBuilding C object CMakeFiles/turtlebot3_msgs__rosidl_typesupport_introspection_c.dir/rosidl_typesupport_introspection_c/turtlebot3_msgs/msg/detail/sound__type_support.c.o[0m
[9.012s] [ 43%] [32mBuilding CXX object CMakeFiles/turtlebot3_msgs__rosidl_typesupport_c.dir/rosidl_typesupport_c/turtlebot3_msgs/action/patrol__type_support.cpp.o[0m
[9.113s] [ 45%] [32mBuilding CXX object CMakeFiles/turtlebot3_msgs__rosidl_typesupport_fastrtps_cpp.dir/rosidl_typesupport_fastrtps_cpp/turtlebot3_msgs/msg/detail/dds_fastrtps/sound__type_support.cpp.o[0m
[9.114s] [ 46%] [32mBuilding CXX object CMakeFiles/turtlebot3_msgs__rosidl_typesupport_fastrtps_c.dir/rosidl_typesupport_fastrtps_c/turtlebot3_msgs/msg/detail/sensor_state__type_support_c.cpp.o[0m
[9.130s] [ 47%] [32mBuilding C object CMakeFiles/turtlebot3_msgs__rosidl_typesupport_introspection_c.dir/rosidl_typesupport_introspection_c/turtlebot3_msgs/msg/detail/version_info__type_support.c.o[0m
[9.140s] [ 49%] [32m[1mLinking CXX shared library libturtlebot3_msgs__rosidl_typesupport_c.so[0m
[9.206s] [ 50%] [32mBuilding CXX object CMakeFiles/turtlebot3_msgs__rosidl_typesupport_introspection_cpp.dir/rosidl_typesupport_introspection_cpp/turtlebot3_msgs/msg/detail/version_info__type_support.cpp.o[0m
[9.238s] [ 52%] [32mBuilding C object CMakeFiles/turtlebot3_msgs__rosidl_typesupport_introspection_c.dir/rosidl_typesupport_introspection_c/turtlebot3_msgs/srv/detail/sound__type_support.c.o[0m
[9.238s] [ 52%] Built target turtlebot3_msgs__rosidl_typesupport_c
[9.275s] [ 53%] [32mBuilding CXX object CMakeFiles/turtlebot3_msgs__rosidl_typesupport_fastrtps_c.dir/rosidl_typesupport_fastrtps_c/turtlebot3_msgs/msg/detail/sound__type_support_c.cpp.o[0m
[9.276s] [ 54%] [32mBuilding CXX object CMakeFiles/turtlebot3_msgs__rosidl_typesupport_introspection_cpp.dir/rosidl_typesupport_introspection_cpp/turtlebot3_msgs/srv/detail/sound__type_support.cpp.o[0m
[9.360s] [ 56%] [32mBuilding C object CMakeFiles/turtlebot3_msgs__rosidl_typesupport_introspection_c.dir/rosidl_typesupport_introspection_c/turtlebot3_msgs/srv/detail/dqn__type_support.c.o[0m
[9.370s] [ 57%] [32mBuilding CXX object CMakeFiles/turtlebot3_msgs__rosidl_typesupport_fastrtps_c.dir/rosidl_typesupport_fastrtps_c/turtlebot3_msgs/msg/detail/version_info__type_support_c.cpp.o[0m
[9.458s] [ 59%] [32mBuilding CXX object CMakeFiles/turtlebot3_msgs__rosidl_typesupport_cpp.dir/rosidl_typesupport_cpp/turtlebot3_msgs/action/patrol__type_support.cpp.o[0m
[9.469s] [ 60%] [32mBuilding C object CMakeFiles/turtlebot3_msgs__rosidl_typesupport_introspection_c.dir/rosidl_typesupport_introspection_c/turtlebot3_msgs/action/detail/patrol__type_support.c.o[0m
[9.701s] [ 61%] [32m[1mLinking C shared library libturtlebot3_msgs__rosidl_typesupport_introspection_c.so[0m
[10.016s] [ 63%] [32mBuilding CXX object CMakeFiles/turtlebot3_msgs__rosidl_typesupport_fastrtps_c.dir/rosidl_typesupport_fastrtps_c/turtlebot3_msgs/srv/detail/sound__type_support_c.cpp.o[0m
[10.044s] [ 63%] Built target turtlebot3_msgs__rosidl_typesupport_introspection_c
[10.058s] [ 64%] [32mBuilding CXX object CMakeFiles/turtlebot3_msgs__rosidl_typesupport_fastrtps_c.dir/rosidl_typesupport_fastrtps_c/turtlebot3_msgs/srv/detail/dqn__type_support_c.cpp.o[0m
[10.091s] [ 66%] [32mBuilding CXX object CMakeFiles/turtlebot3_msgs__rosidl_typesupport_fastrtps_cpp.dir/rosidl_typesupport_fastrtps_cpp/turtlebot3_msgs/msg/detail/dds_fastrtps/version_info__type_support.cpp.o[0m
[10.095s] [ 67%] [32mBuilding CXX object CMakeFiles/turtlebot3_msgs__rosidl_typesupport_fastrtps_c.dir/rosidl_typesupport_fastrtps_c/turtlebot3_msgs/action/detail/patrol__type_support_c.cpp.o[0m
[10.229s] [ 69%] [32mBuilding CXX object CMakeFiles/turtlebot3_msgs__rosidl_typesupport_introspection_cpp.dir/rosidl_typesupport_introspection_cpp/turtlebot3_msgs/srv/detail/dqn__type_support.cpp.o[0m
[10.247s] [ 70%] [32mBuilding CXX object CMakeFiles/turtlebot3_msgs__rosidl_typesupport_introspection_cpp.dir/rosidl_typesupport_introspection_cpp/turtlebot3_msgs/action/detail/patrol__type_support.cpp.o[0m
[10.266s] [ 71%] [32m[1mLinking CXX shared library libturtlebot3_msgs__rosidl_typesupport_cpp.so[0m
[10.379s] [ 73%] [32mBuilding CXX object CMakeFiles/turtlebot3_msgs__rosidl_typesupport_fastrtps_cpp.dir/rosidl_typesupport_fastrtps_cpp/turtlebot3_msgs/srv/detail/dds_fastrtps/sound__type_support.cpp.o[0m
[10.491s] [ 73%] Built target turtlebot3_msgs__rosidl_typesupport_cpp
[10.547s] [ 74%] [32mBuilding CXX object CMakeFiles/turtlebot3_msgs__rosidl_typesupport_fastrtps_cpp.dir/rosidl_typesupport_fastrtps_cpp/turtlebot3_msgs/srv/detail/dds_fastrtps/dqn__type_support.cpp.o[0m
[10.904s] [ 76%] [32mBuilding CXX object CMakeFiles/turtlebot3_msgs__rosidl_typesupport_fastrtps_cpp.dir/rosidl_typesupport_fastrtps_cpp/turtlebot3_msgs/action/detail/dds_fastrtps/patrol__type_support.cpp.o[0m
[11.171s] [ 77%] [32m[1mLinking CXX shared library libturtlebot3_msgs__rosidl_typesupport_fastrtps_c.so[0m
[11.454s] [ 77%] Built target turtlebot3_msgs__rosidl_typesupport_fastrtps_c
[11.649s] [ 78%] [32m[1mLinking CXX shared library libturtlebot3_msgs__rosidl_typesupport_introspection_cpp.so[0m
[11.830s] [ 78%] Built target turtlebot3_msgs__rosidl_typesupport_introspection_cpp
[12.129s] [ 80%] [32m[1mLinking CXX shared library libturtlebot3_msgs__rosidl_typesupport_fastrtps_cpp.so[0m
[12.285s] [ 80%] Built target turtlebot3_msgs__rosidl_typesupport_fastrtps_cpp
[12.323s] [ 80%] Built target turtlebot3_msgs
[12.360s] [ 81%] [34m[1mGenerating Python code for ROS interfaces[0m
[16.979s] [ 81%] Built target turtlebot3_msgs__py
[17.119s] [ 83%] [32mBuilding C object CMakeFiles/turtlebot3_msgs__rosidl_generator_py.dir/rosidl_generator_py/turtlebot3_msgs/msg/_sensor_state_s.c.o[0m
[17.144s] [ 84%] [32mBuilding C object CMakeFiles/turtlebot3_msgs__rosidl_generator_py.dir/rosidl_generator_py/turtlebot3_msgs/msg/_sound_s.c.o[0m
[17.161s] [ 85%] [32mBuilding C object CMakeFiles/turtlebot3_msgs__rosidl_generator_py.dir/rosidl_generator_py/turtlebot3_msgs/msg/_version_info_s.c.o[0m
[17.175s] [ 87%] [32mBuilding C object CMakeFiles/turtlebot3_msgs__rosidl_generator_py.dir/rosidl_generator_py/turtlebot3_msgs/srv/_sound_s.c.o[0m
[17.182s] [ 88%] [32mBuilding C object CMakeFiles/turtlebot3_msgs__rosidl_generator_py.dir/rosidl_generator_py/turtlebot3_msgs/srv/_dqn_s.c.o[0m
[17.317s] [ 90%] [32mBuilding C object CMakeFiles/turtlebot3_msgs__rosidl_generator_py.dir/rosidl_generator_py/turtlebot3_msgs/action/_patrol_s.c.o[0m
[17.943s] [ 91%] [32m[1mLinking C shared library rosidl_generator_py/turtlebot3_msgs/libturtlebot3_msgs__rosidl_generator_py.so[0m
[18.077s] [ 91%] Built target turtlebot3_msgs__rosidl_generator_py
[18.235s] [ 92%] [32mBuilding C object CMakeFiles/turtlebot3_msgs__rosidl_typesupport_fastrtps_c__pyext.dir/rosidl_generator_py/turtlebot3_msgs/_turtlebot3_msgs_s.ep.rosidl_typesupport_fastrtps_c.c.o[0m
[18.261s] [ 94%] [32mBuilding C object CMakeFiles/turtlebot3_msgs__rosidl_typesupport_introspection_c__pyext.dir/rosidl_generator_py/turtlebot3_msgs/_turtlebot3_msgs_s.ep.rosidl_typesupport_introspection_c.c.o[0m
[18.296s] [ 95%] [32mBuilding C object CMakeFiles/turtlebot3_msgs__rosidl_typesupport_c__pyext.dir/rosidl_generator_py/turtlebot3_msgs/_turtlebot3_msgs_s.ep.rosidl_typesupport_c.c.o[0m
[18.863s] [ 97%] [32m[1mLinking C shared library rosidl_generator_py/turtlebot3_msgs/turtlebot3_msgs_s__rosidl_typesupport_c.cpython-310-x86_64-linux-gnu.so[0m
[18.887s] [ 98%] [32m[1mLinking C shared library rosidl_generator_py/turtlebot3_msgs/turtlebot3_msgs_s__rosidl_typesupport_fastrtps_c.cpython-310-x86_64-linux-gnu.so[0m
[18.901s] [100%] [32m[1mLinking C shared library rosidl_generator_py/turtlebot3_msgs/turtlebot3_msgs_s__rosidl_typesupport_introspection_c.cpython-310-x86_64-linux-gnu.so[0m
[19.037s] [100%] Built target turtlebot3_msgs__rosidl_typesupport_introspection_c__pyext
[19.103s] [100%] Built target turtlebot3_msgs__rosidl_typesupport_fastrtps_c__pyext
[19.104s] [100%] Built target turtlebot3_msgs__rosidl_typesupport_c__pyext
[19.233s] Invoked command in '/home/student/RS1/RS1_group/scamazon/ros2_ws_group/src/build/turtlebot3_msgs' returned '0': CMAKE_PREFIX_PATH=${CMAKE_PREFIX_PATH}:/home/student/ros2_ws/install/turtlebot3_teleop:/home/student/ros2_ws/install/turtlebot3_example:/home/student/ros2_ws/install/tb3_lab1:/opt/ros/humble /usr/bin/cmake --build /home/student/RS1/RS1_group/scamazon/ros2_ws_group/src/build/turtlebot3_msgs -- -j8 -l8
[22.073s] Invoking command in '/home/student/RS1/RS1_group/scamazon/ros2_ws_group/src/build/turtlebot3_msgs': CMAKE_PREFIX_PATH=${CMAKE_PREFIX_PATH}:/home/student/ros2_ws/install/turtlebot3_teleop:/home/student/ros2_ws/install/turtlebot3_example:/home/student/ros2_ws/install/tb3_lab1:/opt/ros/humble /usr/bin/cmake --install /home/student/RS1/RS1_group/scamazon/ros2_ws_group/src/build/turtlebot3_msgs
[22.109s] -- Install configuration: ""
[22.110s] -- Execute custom install script
[22.111s] -- Symlinking: /home/student/RS1/RS1_group/scamazon/ros2_ws_group/src/install/turtlebot3_msgs/share/ament_index/resource_index/rosidl_interfaces/turtlebot3_msgs
[22.151s] -- Symlinking: /home/student/RS1/RS1_group/scamazon/ros2_ws_group/src/install/turtlebot3_msgs/include/turtlebot3_msgs/turtlebot3_msgs/action/detail/patrol__functions.h
[22.197s] -- Symlinking: /home/student/RS1/RS1_group/scamazon/ros2_ws_group/src/install/turtlebot3_msgs/include/turtlebot3_msgs/turtlebot3_msgs/action/detail/patrol__struct.h
[22.250s] -- Symlinking: /home/student/RS1/RS1_group/scamazon/ros2_ws_group/src/install/turtlebot3_msgs/include/turtlebot3_msgs/turtlebot3_msgs/action/detail/patrol__type_support.h
[22.286s] -- Symlinking: /home/student/RS1/RS1_group/scamazon/ros2_ws_group/src/install/turtlebot3_msgs/include/turtlebot3_msgs/turtlebot3_msgs/action/patrol.h
[22.330s] -- Symlinking: /home/student/RS1/RS1_group/scamazon/ros2_ws_group/src/install/turtlebot3_msgs/include/turtlebot3_msgs/turtlebot3_msgs/msg/detail/sensor_state__functions.h
[22.378s] -- Symlinking: /home/student/RS1/RS1_group/scamazon/ros2_ws_group/src/install/turtlebot3_msgs/include/turtlebot3_msgs/turtlebot3_msgs/msg/detail/sensor_state__struct.h
[22.397s] -- Symlinking: /home/student/RS1/RS1_group/scamazon/ros2_ws_group/src/install/turtlebot3_msgs/include/turtlebot3_msgs/turtlebot3_msgs/msg/detail/sensor_state__type_support.h
[22.414s] -- Symlinking: /home/student/RS1/RS1_group/scamazon/ros2_ws_group/src/install/turtlebot3_msgs/include/turtlebot3_msgs/turtlebot3_msgs/msg/detail/sound__functions.h
[22.459s] -- Symlinking: /home/student/RS1/RS1_group/scamazon/ros2_ws_group/src/install/turtlebot3_msgs/include/turtlebot3_msgs/turtlebot3_msgs/msg/detail/sound__struct.h
[22.534s] -- Symlinking: /home/student/RS1/RS1_group/scamazon/ros2_ws_group/src/install/turtlebot3_msgs/include/turtlebot3_msgs/turtlebot3_msgs/msg/detail/sound__type_support.h
[22.561s] -- Symlinking: /home/student/RS1/RS1_group/scamazon/ros2_ws_group/src/install/turtlebot3_msgs/include/turtlebot3_msgs/turtlebot3_msgs/msg/detail/version_info__functions.h
[22.602s] -- Symlinking: /home/student/RS1/RS1_group/scamazon/ros2_ws_group/src/install/turtlebot3_msgs/include/turtlebot3_msgs/turtlebot3_msgs/msg/detail/version_info__struct.h
[22.651s] -- Symlinking: /home/student/RS1/RS1_group/scamazon/ros2_ws_group/src/install/turtlebot3_msgs/include/turtlebot3_msgs/turtlebot3_msgs/msg/detail/version_info__type_support.h
[22.688s] -- Symlinking: /home/student/RS1/RS1_group/scamazon/ros2_ws_group/src/install/turtlebot3_msgs/include/turtlebot3_msgs/turtlebot3_msgs/msg/rosidl_generator_c__visibility_control.h
[22.716s] -- Symlinking: /home/student/RS1/RS1_group/scamazon/ros2_ws_group/src/install/turtlebot3_msgs/include/turtlebot3_msgs/turtlebot3_msgs/msg/sensor_state.h
[22.745s] -- Symlinking: /home/student/RS1/RS1_group/scamazon/ros2_ws_group/src/install/turtlebot3_msgs/include/turtlebot3_msgs/turtlebot3_msgs/msg/sound.h
[22.789s] -- Symlinking: /home/student/RS1/RS1_group/scamazon/ros2_ws_group/src/install/turtlebot3_msgs/include/turtlebot3_msgs/turtlebot3_msgs/msg/version_info.h
[22.830s] -- Symlinking: /home/student/RS1/RS1_group/scamazon/ros2_ws_group/src/install/turtlebot3_msgs/include/turtlebot3_msgs/turtlebot3_msgs/srv/detail/dqn__functions.h
[22.876s] -- Symlinking: /home/student/RS1/RS1_group/scamazon/ros2_ws_group/src/install/turtlebot3_msgs/include/turtlebot3_msgs/turtlebot3_msgs/srv/detail/dqn__struct.h
[22.917s] -- Symlinking: /home/student/RS1/RS1_group/scamazon/ros2_ws_group/src/install/turtlebot3_msgs/include/turtlebot3_msgs/turtlebot3_msgs/srv/detail/dqn__type_support.h
[22.950s] -- Symlinking: /home/student/RS1/RS1_group/scamazon/ros2_ws_group/src/install/turtlebot3_msgs/include/turtlebot3_msgs/turtlebot3_msgs/srv/detail/sound__functions.h
[22.999s] -- Symlinking: /home/student/RS1/RS1_group/scamazon/ros2_ws_group/src/install/turtlebot3_msgs/include/turtlebot3_msgs/turtlebot3_msgs/srv/detail/sound__struct.h
[23.032s] -- Symlinking: /home/student/RS1/RS1_group/scamazon/ros2_ws_group/src/install/turtlebot3_msgs/include/turtlebot3_msgs/turtlebot3_msgs/srv/detail/sound__type_support.h
[23.076s] -- Symlinking: /home/student/RS1/RS1_group/scamazon/ros2_ws_group/src/install/turtlebot3_msgs/include/turtlebot3_msgs/turtlebot3_msgs/srv/dqn.h
[23.114s] -- Symlinking: /home/student/RS1/RS1_group/scamazon/ros2_ws_group/src/install/turtlebot3_msgs/include/turtlebot3_msgs/turtlebot3_msgs/srv/sound.h
[23.149s] -- Symlinking: /home/student/RS1/RS1_group/scamazon/ros2_ws_group/src/install/turtlebot3_msgs/share/turtlebot3_msgs/environment/library_path.sh
[23.176s] -- Symlinking: /home/student/RS1/RS1_group/scamazon/ros2_ws_group/src/install/turtlebot3_msgs/share/turtlebot3_msgs/environment/library_path.dsv
[23.218s] -- Symlinking: /home/student/RS1/RS1_group/scamazon/ros2_ws_group/src/install/turtlebot3_msgs/include/turtlebot3_msgs/turtlebot3_msgs/action/detail/patrol__rosidl_typesupport_fastrtps_c.h
[23.264s] -- Symlinking: /home/student/RS1/RS1_group/scamazon/ros2_ws_group/src/install/turtlebot3_msgs/include/turtlebot3_msgs/turtlebot3_msgs/msg/detail/sensor_state__rosidl_typesupport_fastrtps_c.h
[23.308s] -- Symlinking: /home/student/RS1/RS1_group/scamazon/ros2_ws_group/src/install/turtlebot3_msgs/include/turtlebot3_msgs/turtlebot3_msgs/msg/detail/sound__rosidl_typesupport_fastrtps_c.h
[23.352s] -- Symlinking: /home/student/RS1/RS1_group/scamazon/ros2_ws_group/src/install/turtlebot3_msgs/include/turtlebot3_msgs/turtlebot3_msgs/msg/detail/version_info__rosidl_typesupport_fastrtps_c.h
[23.440s] -- Symlinking: /home/student/RS1/RS1_group/scamazon/ros2_ws_group/src/install/turtlebot3_msgs/include/turtlebot3_msgs/turtlebot3_msgs/msg/rosidl_typesupport_fastrtps_c__visibility_control.h
[23.489s] -- Symlinking: /home/student/RS1/RS1_group/scamazon/ros2_ws_group/src/install/turtlebot3_msgs/include/turtlebot3_msgs/turtlebot3_msgs/srv/detail/dqn__rosidl_typesupport_fastrtps_c.h
[23.517s] -- Symlinking: /home/student/RS1/RS1_group/scamazon/ros2_ws_group/src/install/turtlebot3_msgs/include/turtlebot3_msgs/turtlebot3_msgs/srv/detail/sound__rosidl_typesupport_fastrtps_c.h
[23.534s] -- Symlinking: /home/student/RS1/RS1_group/scamazon/ros2_ws_group/src/install/turtlebot3_msgs/include/turtlebot3_msgs/turtlebot3_msgs/action/detail/patrol__builder.hpp
[23.550s] -- Symlinking: /home/student/RS1/RS1_group/scamazon/ros2_ws_group/src/install/turtlebot3_msgs/include/turtlebot3_msgs/turtlebot3_msgs/action/detail/patrol__struct.hpp
[23.568s] -- Symlinking: /home/student/RS1/RS1_group/scamazon/ros2_ws_group/src/install/turtlebot3_msgs/include/turtlebot3_msgs/turtlebot3_msgs/action/detail/patrol__traits.hpp
[23.585s] -- Symlinking: /home/student/RS1/RS1_group/scamazon/ros2_ws_group/src/install/turtlebot3_msgs/include/turtlebot3_msgs/turtlebot3_msgs/action/patrol.hpp
[23.604s] -- Symlinking: /home/student/RS1/RS1_group/scamazon/ros2_ws_group/src/install/turtlebot3_msgs/include/turtlebot3_msgs/turtlebot3_msgs/msg/detail/sensor_state__builder.hpp
[23.621s] -- Symlinking: /home/student/RS1/RS1_group/scamazon/ros2_ws_group/src/install/turtlebot3_msgs/include/turtlebot3_msgs/turtlebot3_msgs/msg/detail/sensor_state__struct.hpp
[23.638s] -- Symlinking: /home/student/RS1/RS1_group/scamazon/ros2_ws_group/src/install/turtlebot3_msgs/include/turtlebot3_msgs/turtlebot3_msgs/msg/detail/sensor_state__traits.hpp
[23.654s] -- Symlinking: /home/student/RS1/RS1_group/scamazon/ros2_ws_group/src/install/turtlebot3_msgs/include/turtlebot3_msgs/turtlebot3_msgs/msg/detail/sound__builder.hpp
[23.672s] -- Symlinking: /home/student/RS1/RS1_group/scamazon/ros2_ws_group/src/install/turtlebot3_msgs/include/turtlebot3_msgs/turtlebot3_msgs/msg/detail/sound__struct.hpp
[23.689s] -- Symlinking: /home/student/RS1/RS1_group/scamazon/ros2_ws_group/src/install/turtlebot3_msgs/include/turtlebot3_msgs/turtlebot3_msgs/msg/detail/sound__traits.hpp
[23.706s] -- Symlinking: /home/student/RS1/RS1_group/scamazon/ros2_ws_group/src/install/turtlebot3_msgs/include/turtlebot3_msgs/turtlebot3_msgs/msg/detail/version_info__builder.hpp
[23.723s] -- Symlinking: /home/student/RS1/RS1_group/scamazon/ros2_ws_group/src/install/turtlebot3_msgs/include/turtlebot3_msgs/turtlebot3_msgs/msg/detail/version_info__struct.hpp
[23.740s] -- Symlinking: /home/student/RS1/RS1_group/scamazon/ros2_ws_group/src/install/turtlebot3_msgs/include/turtlebot3_msgs/turtlebot3_msgs/msg/detail/version_info__traits.hpp
[23.757s] -- Symlinking: /home/student/RS1/RS1_group/scamazon/ros2_ws_group/src/install/turtlebot3_msgs/include/turtlebot3_msgs/turtlebot3_msgs/msg/sensor_state.hpp
[23.774s] -- Symlinking: /home/student/RS1/RS1_group/scamazon/ros2_ws_group/src/install/turtlebot3_msgs/include/turtlebot3_msgs/turtlebot3_msgs/msg/sound.hpp
[23.792s] -- Symlinking: /home/student/RS1/RS1_group/scamazon/ros2_ws_group/src/install/turtlebot3_msgs/include/turtlebot3_msgs/turtlebot3_msgs/msg/version_info.hpp
[23.809s] -- Symlinking: /home/student/RS1/RS1_group/scamazon/ros2_ws_group/src/install/turtlebot3_msgs/include/turtlebot3_msgs/turtlebot3_msgs/srv/detail/dqn__builder.hpp
[23.826s] -- Symlinking: /home/student/RS1/RS1_group/scamazon/ros2_ws_group/src/install/turtlebot3_msgs/include/turtlebot3_msgs/turtlebot3_msgs/srv/detail/dqn__struct.hpp
[23.843s] -- Symlinking: /home/student/RS1/RS1_group/scamazon/ros2_ws_group/src/install/turtlebot3_msgs/include/turtlebot3_msgs/turtlebot3_msgs/srv/detail/dqn__traits.hpp
[23.860s] -- Symlinking: /home/student/RS1/RS1_group/scamazon/ros2_ws_group/src/install/turtlebot3_msgs/include/turtlebot3_msgs/turtlebot3_msgs/srv/detail/sound__builder.hpp
[23.877s] -- Symlinking: /home/student/RS1/RS1_group/scamazon/ros2_ws_group/src/install/turtlebot3_msgs/include/turtlebot3_msgs/turtlebot3_msgs/srv/detail/sound__struct.hpp
[23.895s] -- Symlinking: /home/student/RS1/RS1_group/scamazon/ros2_ws_group/src/install/turtlebot3_msgs/include/turtlebot3_msgs/turtlebot3_msgs/srv/detail/sound__traits.hpp
[23.912s] -- Symlinking: /home/student/RS1/RS1_group/scamazon/ros2_ws_group/src/install/turtlebot3_msgs/include/turtlebot3_msgs/turtlebot3_msgs/srv/dqn.hpp
[23.929s] -- Symlinking: /home/student/RS1/RS1_group/scamazon/ros2_ws_group/src/install/turtlebot3_msgs/include/turtlebot3_msgs/turtlebot3_msgs/srv/sound.hpp
[23.946s] -- Symlinking: /home/student/RS1/RS1_group/scamazon/ros2_ws_group/src/install/turtlebot3_msgs/include/turtlebot3_msgs/turtlebot3_msgs/action/detail/patrol__rosidl_typesupport_fastrtps_cpp.hpp
[23.965s] -- Symlinking: /home/student/RS1/RS1_group/scamazon/ros2_ws_group/src/install/turtlebot3_msgs/include/turtlebot3_msgs/turtlebot3_msgs/msg/detail/sensor_state__rosidl_typesupport_fastrtps_cpp.hpp
[23.981s] -- Symlinking: /home/student/RS1/RS1_group/scamazon/ros2_ws_group/src/install/turtlebot3_msgs/include/turtlebot3_msgs/turtlebot3_msgs/msg/detail/sound__rosidl_typesupport_fastrtps_cpp.hpp
[23.998s] -- Symlinking: /home/student/RS1/RS1_group/scamazon/ros2_ws_group/src/install/turtlebot3_msgs/include/turtlebot3_msgs/turtlebot3_msgs/msg/detail/version_info__rosidl_typesupport_fastrtps_cpp.hpp
[24.015s] -- Symlinking: /home/student/RS1/RS1_group/scamazon/ros2_ws_group/src/install/turtlebot3_msgs/include/turtlebot3_msgs/turtlebot3_msgs/msg/rosidl_typesupport_fastrtps_cpp__visibility_control.h
[24.032s] -- Symlinking: /home/student/RS1/RS1_group/scamazon/ros2_ws_group/src/install/turtlebot3_msgs/include/turtlebot3_msgs/turtlebot3_msgs/srv/detail/dqn__rosidl_typesupport_fastrtps_cpp.hpp
[24.048s] -- Symlinking: /home/student/RS1/RS1_group/scamazon/ros2_ws_group/src/install/turtlebot3_msgs/include/turtlebot3_msgs/turtlebot3_msgs/srv/detail/sound__rosidl_typesupport_fastrtps_cpp.hpp
[24.066s] -- Symlinking: /home/student/RS1/RS1_group/scamazon/ros2_ws_group/src/install/turtlebot3_msgs/include/turtlebot3_msgs/turtlebot3_msgs/action/detail/patrol__rosidl_typesupport_introspection_c.h
[24.086s] -- Symlinking: /home/student/RS1/RS1_group/scamazon/ros2_ws_group/src/install/turtlebot3_msgs/include/turtlebot3_msgs/turtlebot3_msgs/msg/detail/sensor_state__rosidl_typesupport_introspection_c.h
[24.105s] -- Symlinking: /home/student/RS1/RS1_group/scamazon/ros2_ws_group/src/install/turtlebot3_msgs/include/turtlebot3_msgs/turtlebot3_msgs/msg/detail/sound__rosidl_typesupport_introspection_c.h
[24.122s] -- Symlinking: /home/student/RS1/RS1_group/scamazon/ros2_ws_group/src/install/turtlebot3_msgs/include/turtlebot3_msgs/turtlebot3_msgs/msg/detail/version_info__rosidl_typesupport_introspection_c.h
[24.138s] -- Symlinking: /home/student/RS1/RS1_group/scamazon/ros2_ws_group/src/install/turtlebot3_msgs/include/turtlebot3_msgs/turtlebot3_msgs/msg/rosidl_typesupport_introspection_c__visibility_control.h
[24.154s] -- Symlinking: /home/student/RS1/RS1_group/scamazon/ros2_ws_group/src/install/turtlebot3_msgs/include/turtlebot3_msgs/turtlebot3_msgs/srv/detail/dqn__rosidl_typesupport_introspection_c.h
[24.170s] -- Symlinking: /home/student/RS1/RS1_group/scamazon/ros2_ws_group/src/install/turtlebot3_msgs/include/turtlebot3_msgs/turtlebot3_msgs/srv/detail/sound__rosidl_typesupport_introspection_c.h
[24.186s] -- Symlinking: /home/student/RS1/RS1_group/scamazon/ros2_ws_group/src/install/turtlebot3_msgs/include/turtlebot3_msgs/turtlebot3_msgs/action/detail/patrol__rosidl_typesupport_introspection_cpp.hpp
[24.206s] -- Symlinking: /home/student/RS1/RS1_group/scamazon/ros2_ws_group/src/install/turtlebot3_msgs/include/turtlebot3_msgs/turtlebot3_msgs/msg/detail/sensor_state__rosidl_typesupport_introspection_cpp.hpp
[24.222s] -- Symlinking: /home/student/RS1/RS1_group/scamazon/ros2_ws_group/src/install/turtlebot3_msgs/include/turtlebot3_msgs/turtlebot3_msgs/msg/detail/sound__rosidl_typesupport_introspection_cpp.hpp
[24.238s] -- Symlinking: /home/student/RS1/RS1_group/scamazon/ros2_ws_group/src/install/turtlebot3_msgs/include/turtlebot3_msgs/turtlebot3_msgs/msg/detail/version_info__rosidl_typesupport_introspection_cpp.hpp
[24.254s] -- Symlinking: /home/student/RS1/RS1_group/scamazon/ros2_ws_group/src/install/turtlebot3_msgs/include/turtlebot3_msgs/turtlebot3_msgs/srv/detail/dqn__rosidl_typesupport_introspection_cpp.hpp
[24.270s] -- Symlinking: /home/student/RS1/RS1_group/scamazon/ros2_ws_group/src/install/turtlebot3_msgs/include/turtlebot3_msgs/turtlebot3_msgs/srv/detail/sound__rosidl_typesupport_introspection_cpp.hpp
[24.286s] -- Symlinking: /home/student/RS1/RS1_group/scamazon/ros2_ws_group/src/install/turtlebot3_msgs/share/turtlebot3_msgs/environment/pythonpath.sh
[24.303s] -- Symlinking: /home/student/RS1/RS1_group/scamazon/ros2_ws_group/src/install/turtlebot3_msgs/share/turtlebot3_msgs/environment/pythonpath.dsv
[24.319s] -- Symlinking: /home/student/RS1/RS1_group/scamazon/ros2_ws_group/src/install/turtlebot3_msgs/local/lib/python3.10/dist-packages/turtlebot3_msgs-2.2.3-py3.10.egg-info/PKG-INFO
[24.337s] -- Symlinking: /home/student/RS1/RS1_group/scamazon/ros2_ws_group/src/install/turtlebot3_msgs/local/lib/python3.10/dist-packages/turtlebot3_msgs-2.2.3-py3.10.egg-info/SOURCES.txt
[24.353s] -- Symlinking: /home/student/RS1/RS1_group/scamazon/ros2_ws_group/src/install/turtlebot3_msgs/local/lib/python3.10/dist-packages/turtlebot3_msgs-2.2.3-py3.10.egg-info/dependency_links.txt
[24.369s] -- Symlinking: /home/student/RS1/RS1_group/scamazon/ros2_ws_group/src/install/turtlebot3_msgs/local/lib/python3.10/dist-packages/turtlebot3_msgs-2.2.3-py3.10.egg-info/top_level.txt
[24.385s] -- Symlinking: /home/student/RS1/RS1_group/scamazon/ros2_ws_group/src/install/turtlebot3_msgs/local/lib/python3.10/dist-packages/turtlebot3_msgs/__init__.py
[24.402s] -- Symlinking: /home/student/RS1/RS1_group/scamazon/ros2_ws_group/src/install/turtlebot3_msgs/local/lib/python3.10/dist-packages/turtlebot3_msgs/_turtlebot3_msgs_s.ep.rosidl_typesupport_c.c
[24.418s] -- Symlinking: /home/student/RS1/RS1_group/scamazon/ros2_ws_group/src/install/turtlebot3_msgs/local/lib/python3.10/dist-packages/turtlebot3_msgs/_turtlebot3_msgs_s.ep.rosidl_typesupport_fastrtps_c.c
[24.435s] -- Symlinking: /home/student/RS1/RS1_group/scamazon/ros2_ws_group/src/install/turtlebot3_msgs/local/lib/python3.10/dist-packages/turtlebot3_msgs/_turtlebot3_msgs_s.ep.rosidl_typesupport_introspection_c.c
[24.460s] -- Symlinking: /home/student/RS1/RS1_group/scamazon/ros2_ws_group/src/install/turtlebot3_msgs/local/lib/python3.10/dist-packages/turtlebot3_msgs/action/__init__.py
[24.488s] -- Symlinking: /home/student/RS1/RS1_group/scamazon/ros2_ws_group/src/install/turtlebot3_msgs/local/lib/python3.10/dist-packages/turtlebot3_msgs/action/_patrol.py
[24.539s] -- Symlinking: /home/student/RS1/RS1_group/scamazon/ros2_ws_group/src/install/turtlebot3_msgs/local/lib/python3.10/dist-packages/turtlebot3_msgs/action/_patrol_s.c
[24.587s] -- Symlinking: /home/student/RS1/RS1_group/scamazon/ros2_ws_group/src/install/turtlebot3_msgs/local/lib/python3.10/dist-packages/turtlebot3_msgs/libturtlebot3_msgs__rosidl_generator_py.so
[24.623s] -- Symlinking: /home/student/RS1/RS1_group/scamazon/ros2_ws_group/src/install/turtlebot3_msgs/local/lib/python3.10/dist-packages/turtlebot3_msgs/msg/__init__.py
[24.682s] -- Symlinking: /home/student/RS1/RS1_group/scamazon/ros2_ws_group/src/install/turtlebot3_msgs/local/lib/python3.10/dist-packages/turtlebot3_msgs/msg/_sensor_state.py
[24.714s] -- Symlinking: /home/student/RS1/RS1_group/scamazon/ros2_ws_group/src/install/turtlebot3_msgs/local/lib/python3.10/dist-packages/turtlebot3_msgs/msg/_sensor_state_s.c
[24.757s] -- Symlinking: /home/student/RS1/RS1_group/scamazon/ros2_ws_group/src/install/turtlebot3_msgs/local/lib/python3.10/dist-packages/turtlebot3_msgs/msg/_sound.py
[24.805s] -- Symlinking: /home/student/RS1/RS1_group/scamazon/ros2_ws_group/src/install/turtlebot3_msgs/local/lib/python3.10/dist-packages/turtlebot3_msgs/msg/_sound_s.c
[24.851s] -- Symlinking: /home/student/RS1/RS1_group/scamazon/ros2_ws_group/src/install/turtlebot3_msgs/local/lib/python3.10/dist-packages/turtlebot3_msgs/msg/_version_info.py
[24.897s] -- Symlinking: /home/student/RS1/RS1_group/scamazon/ros2_ws_group/src/install/turtlebot3_msgs/local/lib/python3.10/dist-packages/turtlebot3_msgs/msg/_version_info_s.c
[24.943s] -- Symlinking: /home/student/RS1/RS1_group/scamazon/ros2_ws_group/src/install/turtlebot3_msgs/local/lib/python3.10/dist-packages/turtlebot3_msgs/srv/__init__.py
[24.973s] -- Symlinking: /home/student/RS1/RS1_group/scamazon/ros2_ws_group/src/install/turtlebot3_msgs/local/lib/python3.10/dist-packages/turtlebot3_msgs/srv/_dqn.py
[25.041s] -- Symlinking: /home/student/RS1/RS1_group/scamazon/ros2_ws_group/src/install/turtlebot3_msgs/local/lib/python3.10/dist-packages/turtlebot3_msgs/srv/_dqn_s.c
[25.085s] -- Symlinking: /home/student/RS1/RS1_group/scamazon/ros2_ws_group/src/install/turtlebot3_msgs/local/lib/python3.10/dist-packages/turtlebot3_msgs/srv/_sound.py
[25.104s] -- Symlinking: /home/student/RS1/RS1_group/scamazon/ros2_ws_group/src/install/turtlebot3_msgs/local/lib/python3.10/dist-packages/turtlebot3_msgs/srv/_sound_s.c
[25.123s] -- Symlinking: /home/student/RS1/RS1_group/scamazon/ros2_ws_group/src/install/turtlebot3_msgs/local/lib/python3.10/dist-packages/turtlebot3_msgs/turtlebot3_msgs_s__rosidl_typesupport_c.cpython-310-x86_64-linux-gnu.so
[25.141s] -- Symlinking: /home/student/RS1/RS1_group/scamazon/ros2_ws_group/src/install/turtlebot3_msgs/local/lib/python3.10/dist-packages/turtlebot3_msgs/turtlebot3_msgs_s__rosidl_typesupport_fastrtps_c.cpython-310-x86_64-linux-gnu.so
[25.160s] -- Symlinking: /home/student/RS1/RS1_group/scamazon/ros2_ws_group/src/install/turtlebot3_msgs/local/lib/python3.10/dist-packages/turtlebot3_msgs/turtlebot3_msgs_s__rosidl_typesupport_introspection_c.cpython-310-x86_64-linux-gnu.so
[25.178s] -- Up-to-date symlink: /home/student/RS1/RS1_group/scamazon/ros2_ws_group/src/install/turtlebot3_msgs/local/lib/python3.10/dist-packages/turtlebot3_msgs/turtlebot3_msgs_s__rosidl_typesupport_fastrtps_c.cpython-310-x86_64-linux-gnu.so
[25.180s] -- Up-to-date symlink: /home/student/RS1/RS1_group/scamazon/ros2_ws_group/src/install/turtlebot3_msgs/local/lib/python3.10/dist-packages/turtlebot3_msgs/turtlebot3_msgs_s__rosidl_typesupport_introspection_c.cpython-310-x86_64-linux-gnu.so
[25.180s] -- Up-to-date symlink: /home/student/RS1/RS1_group/scamazon/ros2_ws_group/src/install/turtlebot3_msgs/local/lib/python3.10/dist-packages/turtlebot3_msgs/turtlebot3_msgs_s__rosidl_typesupport_c.cpython-310-x86_64-linux-gnu.so
[25.181s] -- Symlinking: /home/student/RS1/RS1_group/scamazon/ros2_ws_group/src/install/turtlebot3_msgs/share/turtlebot3_msgs/msg/SensorState.idl
[25.200s] -- Symlinking: /home/student/RS1/RS1_group/scamazon/ros2_ws_group/src/install/turtlebot3_msgs/share/turtlebot3_msgs/msg/Sound.idl
[25.225s] -- Symlinking: /home/student/RS1/RS1_group/scamazon/ros2_ws_group/src/install/turtlebot3_msgs/share/turtlebot3_msgs/msg/VersionInfo.idl
[25.243s] -- Symlinking: /home/student/RS1/RS1_group/scamazon/ros2_ws_group/src/install/turtlebot3_msgs/share/turtlebot3_msgs/srv/Sound.idl
[25.261s] -- Symlinking: /home/student/RS1/RS1_group/scamazon/ros2_ws_group/src/install/turtlebot3_msgs/share/turtlebot3_msgs/srv/Dqn.idl
[25.280s] -- Symlinking: /home/student/RS1/RS1_group/scamazon/ros2_ws_group/src/install/turtlebot3_msgs/share/turtlebot3_msgs/action/Patrol.idl
[25.298s] -- Symlinking: /home/student/RS1/RS1_group/scamazon/ros2_ws_group/src/install/turtlebot3_msgs/share/turtlebot3_msgs/msg/SensorState.msg
[25.316s] -- Symlinking: /home/student/RS1/RS1_group/scamazon/ros2_ws_group/src/install/turtlebot3_msgs/share/turtlebot3_msgs/msg/Sound.msg
[25.334s] -- Symlinking: /home/student/RS1/RS1_group/scamazon/ros2_ws_group/src/install/turtlebot3_msgs/share/turtlebot3_msgs/msg/VersionInfo.msg
[25.352s] -- Symlinking: /home/student/RS1/RS1_group/scamazon/ros2_ws_group/src/install/turtlebot3_msgs/share/turtlebot3_msgs/srv/Sound.srv
[25.369s] -- Symlinking: /home/student/RS1/RS1_group/scamazon/ros2_ws_group/src/install/turtlebot3_msgs/share/turtlebot3_msgs/srv/Sound_Request.msg
[25.386s] -- Symlinking: /home/student/RS1/RS1_group/scamazon/ros2_ws_group/src/install/turtlebot3_msgs/share/turtlebot3_msgs/srv/Sound_Response.msg
[25.403s] -- Symlinking: /home/student/RS1/RS1_group/scamazon/ros2_ws_group/src/install/turtlebot3_msgs/share/turtlebot3_msgs/srv/Dqn.srv
[25.420s] -- Symlinking: /home/student/RS1/RS1_group/scamazon/ros2_ws_group/src/install/turtlebot3_msgs/share/turtlebot3_msgs/srv/Dqn_Request.msg
[25.437s] -- Symlinking: /home/student/RS1/RS1_group/scamazon/ros2_ws_group/src/install/turtlebot3_msgs/share/turtlebot3_msgs/srv/Dqn_Response.msg
[25.459s] -- Symlinking: /home/student/RS1/RS1_group/scamazon/ros2_ws_group/src/install/turtlebot3_msgs/share/turtlebot3_msgs/action/Patrol.action
[25.478s] -- Symlinking: /home/student/RS1/RS1_group/scamazon/ros2_ws_group/src/install/turtlebot3_msgs/share/ament_index/resource_index/package_run_dependencies/turtlebot3_msgs
[25.504s] -- Symlinking: /home/student/RS1/RS1_group/scamazon/ros2_ws_group/src/install/turtlebot3_msgs/share/ament_index/resource_index/parent_prefix_path/turtlebot3_msgs
[25.527s] -- Symlinking: /home/student/RS1/RS1_group/scamazon/ros2_ws_group/src/install/turtlebot3_msgs/share/turtlebot3_msgs/environment/ament_prefix_path.sh
[25.553s] -- Symlinking: /home/student/RS1/RS1_group/scamazon/ros2_ws_group/src/install/turtlebot3_msgs/share/turtlebot3_msgs/environment/ament_prefix_path.dsv
[25.572s] -- Symlinking: /home/student/RS1/RS1_group/scamazon/ros2_ws_group/src/install/turtlebot3_msgs/share/turtlebot3_msgs/environment/path.sh
[25.598s] -- Symlinking: /home/student/RS1/RS1_group/scamazon/ros2_ws_group/src/install/turtlebot3_msgs/share/turtlebot3_msgs/environment/path.dsv
[25.624s] -- Symlinking: /home/student/RS1/RS1_group/scamazon/ros2_ws_group/src/install/turtlebot3_msgs/share/turtlebot3_msgs/local_setup.bash
[25.648s] -- Symlinking: /home/student/RS1/RS1_group/scamazon/ros2_ws_group/src/install/turtlebot3_msgs/share/turtlebot3_msgs/local_setup.sh
[25.673s] -- Symlinking: /home/student/RS1/RS1_group/scamazon/ros2_ws_group/src/install/turtlebot3_msgs/share/turtlebot3_msgs/local_setup.zsh
[25.692s] -- Symlinking: /home/student/RS1/RS1_group/scamazon/ros2_ws_group/src/install/turtlebot3_msgs/share/turtlebot3_msgs/local_setup.dsv
[25.717s] -- Symlinking: /home/student/RS1/RS1_group/scamazon/ros2_ws_group/src/install/turtlebot3_msgs/share/turtlebot3_msgs/package.dsv
[25.734s] -- Symlinking: /home/student/RS1/RS1_group/scamazon/ros2_ws_group/src/install/turtlebot3_msgs/share/ament_index/resource_index/packages/turtlebot3_msgs
[25.756s] -- Symlinking: /home/student/RS1/RS1_group/scamazon/ros2_ws_group/src/install/turtlebot3_msgs/share/turtlebot3_msgs/cmake/rosidl_cmake-extras.cmake
[25.782s] -- Symlinking: /home/student/RS1/RS1_group/scamazon/ros2_ws_group/src/install/turtlebot3_msgs/share/turtlebot3_msgs/cmake/ament_cmake_export_dependencies-extras.cmake
[25.807s] -- Symlinking: /home/student/RS1/RS1_group/scamazon/ros2_ws_group/src/install/turtlebot3_msgs/share/turtlebot3_msgs/cmake/ament_cmake_export_include_directories-extras.cmake
[25.825s] -- Symlinking: /home/student/RS1/RS1_group/scamazon/ros2_ws_group/src/install/turtlebot3_msgs/share/turtlebot3_msgs/cmake/ament_cmake_export_libraries-extras.cmake
[25.851s] -- Symlinking: /home/student/RS1/RS1_group/scamazon/ros2_ws_group/src/install/turtlebot3_msgs/share/turtlebot3_msgs/cmake/ament_cmake_export_targets-extras.cmake
[25.878s] -- Symlinking: /home/student/RS1/RS1_group/scamazon/ros2_ws_group/src/install/turtlebot3_msgs/share/turtlebot3_msgs/cmake/rosidl_cmake_export_typesupport_targets-extras.cmake
[25.904s] -- Symlinking: /home/student/RS1/RS1_group/scamazon/ros2_ws_group/src/install/turtlebot3_msgs/share/turtlebot3_msgs/cmake/rosidl_cmake_export_typesupport_libraries-extras.cmake
[25.922s] -- Symlinking: /home/student/RS1/RS1_group/scamazon/ros2_ws_group/src/install/turtlebot3_msgs/share/turtlebot3_msgs/cmake/turtlebot3_msgsConfig.cmake
[25.949s] -- Symlinking: /home/student/RS1/RS1_group/scamazon/ros2_ws_group/src/install/turtlebot3_msgs/share/turtlebot3_msgs/cmake/turtlebot3_msgsConfig-version.cmake
[25.973s] -- Symlinking: /home/student/RS1/RS1_group/scamazon/ros2_ws_group/src/install/turtlebot3_msgs/share/turtlebot3_msgs/package.xml
[26.004s] -- Installing: /home/student/RS1/RS1_group/scamazon/ros2_ws_group/src/install/turtlebot3_msgs/lib/libturtlebot3_msgs__rosidl_generator_c.so
[26.006s] -- Set runtime path of "/home/student/RS1/RS1_group/scamazon/ros2_ws_group/src/install/turtlebot3_msgs/lib/libturtlebot3_msgs__rosidl_generator_c.so" to ""
[26.006s] -- Installing: /home/student/RS1/RS1_group/scamazon/ros2_ws_group/src/install/turtlebot3_msgs/lib/libturtlebot3_msgs__rosidl_typesupport_fastrtps_c.so
[26.008s] -- Set runtime path of "/home/student/RS1/RS1_group/scamazon/ros2_ws_group/src/install/turtlebot3_msgs/lib/libturtlebot3_msgs__rosidl_typesupport_fastrtps_c.so" to ""
[26.008s] -- Installing: /home/student/RS1/RS1_group/scamazon/ros2_ws_group/src/install/turtlebot3_msgs/lib/libturtlebot3_msgs__rosidl_typesupport_fastrtps_cpp.so
[26.010s] -- Set runtime path of "/home/student/RS1/RS1_group/scamazon/ros2_ws_group/src/install/turtlebot3_msgs/lib/libturtlebot3_msgs__rosidl_typesupport_fastrtps_cpp.so" to ""
[26.010s] -- Installing: /home/student/RS1/RS1_group/scamazon/ros2_ws_group/src/install/turtlebot3_msgs/lib/libturtlebot3_msgs__rosidl_typesupport_introspection_c.so
[26.012s] -- Set runtime path of "/home/student/RS1/RS1_group/scamazon/ros2_ws_group/src/install/turtlebot3_msgs/lib/libturtlebot3_msgs__rosidl_typesupport_introspection_c.so" to ""
[26.012s] -- Installing: /home/student/RS1/RS1_group/scamazon/ros2_ws_group/src/install/turtlebot3_msgs/lib/libturtlebot3_msgs__rosidl_typesupport_c.so
[26.013s] -- Set runtime path of "/home/student/RS1/RS1_group/scamazon/ros2_ws_group/src/install/turtlebot3_msgs/lib/libturtlebot3_msgs__rosidl_typesupport_c.so" to ""
[26.014s] -- Installing: /home/student/RS1/RS1_group/scamazon/ros2_ws_group/src/install/turtlebot3_msgs/lib/libturtlebot3_msgs__rosidl_typesupport_introspection_cpp.so
[26.015s] -- Set runtime path of "/home/student/RS1/RS1_group/scamazon/ros2_ws_group/src/install/turtlebot3_msgs/lib/libturtlebot3_msgs__rosidl_typesupport_introspection_cpp.so" to ""
[26.016s] -- Installing: /home/student/RS1/RS1_group/scamazon/ros2_ws_group/src/install/turtlebot3_msgs/lib/libturtlebot3_msgs__rosidl_typesupport_cpp.so
[26.017s] -- Set runtime path of "/home/student/RS1/RS1_group/scamazon/ros2_ws_group/src/install/turtlebot3_msgs/lib/libturtlebot3_msgs__rosidl_typesupport_cpp.so" to ""
[26.121s] Listing '/home/student/RS1/RS1_group/scamazon/ros2_ws_group/src/install/turtlebot3_msgs/local/lib/python3.10/dist-packages/turtlebot3_msgs'...
[26.122s] Compiling '/home/student/RS1/RS1_group/scamazon/ros2_ws_group/src/install/turtlebot3_msgs/local/lib/python3.10/dist-packages/turtlebot3_msgs/__init__.py'...
[26.122s] Listing '/home/student/RS1/RS1_group/scamazon/ros2_ws_group/src/install/turtlebot3_msgs/local/lib/python3.10/dist-packages/turtlebot3_msgs/action'...
[26.122s] Compiling '/home/student/RS1/RS1_group/scamazon/ros2_ws_group/src/install/turtlebot3_msgs/local/lib/python3.10/dist-packages/turtlebot3_msgs/action/__init__.py'...
[26.122s] Compiling '/home/student/RS1/RS1_group/scamazon/ros2_ws_group/src/install/turtlebot3_msgs/local/lib/python3.10/dist-packages/turtlebot3_msgs/action/_patrol.py'...
[26.122s] Listing '/home/student/RS1/RS1_group/scamazon/ros2_ws_group/src/install/turtlebot3_msgs/local/lib/python3.10/dist-packages/turtlebot3_msgs/msg'...
[26.122s] Compiling '/home/student/RS1/RS1_group/scamazon/ros2_ws_group/src/install/turtlebot3_msgs/local/lib/python3.10/dist-packages/turtlebot3_msgs/msg/__init__.py'...
[26.122s] Compiling '/home/student/RS1/RS1_group/scamazon/ros2_ws_group/src/install/turtlebot3_msgs/local/lib/python3.10/dist-packages/turtlebot3_msgs/msg/_sensor_state.py'...
[26.122s] Compiling '/home/student/RS1/RS1_group/scamazon/ros2_ws_group/src/install/turtlebot3_msgs/local/lib/python3.10/dist-packages/turtlebot3_msgs/msg/_sound.py'...
[26.123s] Compiling '/home/student/RS1/RS1_group/scamazon/ros2_ws_group/src/install/turtlebot3_msgs/local/lib/python3.10/dist-packages/turtlebot3_msgs/msg/_version_info.py'...
[26.123s] Listing '/home/student/RS1/RS1_group/scamazon/ros2_ws_group/src/install/turtlebot3_msgs/local/lib/python3.10/dist-packages/turtlebot3_msgs/srv'...
[26.123s] Compiling '/home/student/RS1/RS1_group/scamazon/ros2_ws_group/src/install/turtlebot3_msgs/local/lib/python3.10/dist-packages/turtlebot3_msgs/srv/__init__.py'...
[26.123s] Compiling '/home/student/RS1/RS1_group/scamazon/ros2_ws_group/src/install/turtlebot3_msgs/local/lib/python3.10/dist-packages/turtlebot3_msgs/srv/_dqn.py'...
[26.123s] Compiling '/home/student/RS1/RS1_group/scamazon/ros2_ws_group/src/install/turtlebot3_msgs/local/lib/python3.10/dist-packages/turtlebot3_msgs/srv/_sound.py'...
[26.131s] -- Installing: /home/student/RS1/RS1_group/scamazon/ros2_ws_group/src/install/turtlebot3_msgs/lib/libturtlebot3_msgs__rosidl_generator_py.so
[26.133s] -- Set runtime path of "/home/student/RS1/RS1_group/scamazon/ros2_ws_group/src/install/turtlebot3_msgs/lib/libturtlebot3_msgs__rosidl_generator_py.so" to ""
[26.133s] -- Installing: /home/student/RS1/RS1_group/scamazon/ros2_ws_group/src/install/turtlebot3_msgs/share/turtlebot3_msgs/cmake/export_turtlebot3_msgs__rosidl_generator_cExport.cmake
[26.133s] -- Installing: /home/student/RS1/RS1_group/scamazon/ros2_ws_group/src/install/turtlebot3_msgs/share/turtlebot3_msgs/cmake/export_turtlebot3_msgs__rosidl_generator_cExport-noconfig.cmake
[26.134s] -- Installing: /home/student/RS1/RS1_group/scamazon/ros2_ws_group/src/install/turtlebot3_msgs/share/turtlebot3_msgs/cmake/export_turtlebot3_msgs__rosidl_typesupport_fastrtps_cExport.cmake
[26.135s] -- Installing: /home/student/RS1/RS1_group/scamazon/ros2_ws_group/src/install/turtlebot3_msgs/share/turtlebot3_msgs/cmake/export_turtlebot3_msgs__rosidl_typesupport_fastrtps_cExport-noconfig.cmake
[26.135s] -- Installing: /home/student/RS1/RS1_group/scamazon/ros2_ws_group/src/install/turtlebot3_msgs/share/turtlebot3_msgs/cmake/export_turtlebot3_msgs__rosidl_generator_cppExport.cmake
[26.136s] -- Installing: /home/student/RS1/RS1_group/scamazon/ros2_ws_group/src/install/turtlebot3_msgs/share/turtlebot3_msgs/cmake/export_turtlebot3_msgs__rosidl_typesupport_fastrtps_cppExport.cmake
[26.137s] -- Installing: /home/student/RS1/RS1_group/scamazon/ros2_ws_group/src/install/turtlebot3_msgs/share/turtlebot3_msgs/cmake/export_turtlebot3_msgs__rosidl_typesupport_fastrtps_cppExport-noconfig.cmake
[26.138s] -- Installing: /home/student/RS1/RS1_group/scamazon/ros2_ws_group/src/install/turtlebot3_msgs/share/turtlebot3_msgs/cmake/turtlebot3_msgs__rosidl_typesupport_introspection_cExport.cmake
[26.138s] -- Installing: /home/student/RS1/RS1_group/scamazon/ros2_ws_group/src/install/turtlebot3_msgs/share/turtlebot3_msgs/cmake/turtlebot3_msgs__rosidl_typesupport_introspection_cExport-noconfig.cmake
[26.139s] -- Installing: /home/student/RS1/RS1_group/scamazon/ros2_ws_group/src/install/turtlebot3_msgs/share/turtlebot3_msgs/cmake/turtlebot3_msgs__rosidl_typesupport_cExport.cmake
[26.139s] -- Installing: /home/student/RS1/RS1_group/scamazon/ros2_ws_group/src/install/turtlebot3_msgs/share/turtlebot3_msgs/cmake/turtlebot3_msgs__rosidl_typesupport_cExport-noconfig.cmake
[26.140s] -- Installing: /home/student/RS1/RS1_group/scamazon/ros2_ws_group/src/install/turtlebot3_msgs/share/turtlebot3_msgs/cmake/turtlebot3_msgs__rosidl_typesupport_introspection_cppExport.cmake
[26.141s] -- Installing: /home/student/RS1/RS1_group/scamazon/ros2_ws_group/src/install/turtlebot3_msgs/share/turtlebot3_msgs/cmake/turtlebot3_msgs__rosidl_typesupport_introspection_cppExport-noconfig.cmake
[26.141s] -- Installing: /home/student/RS1/RS1_group/scamazon/ros2_ws_group/src/install/turtlebot3_msgs/share/turtlebot3_msgs/cmake/turtlebot3_msgs__rosidl_typesupport_cppExport.cmake
[26.142s] -- Installing: /home/student/RS1/RS1_group/scamazon/ros2_ws_group/src/install/turtlebot3_msgs/share/turtlebot3_msgs/cmake/turtlebot3_msgs__rosidl_typesupport_cppExport-noconfig.cmake
[26.142s] -- Installing: /home/student/RS1/RS1_group/scamazon/ros2_ws_group/src/install/turtlebot3_msgs/share/turtlebot3_msgs/cmake/export_turtlebot3_msgs__rosidl_generator_pyExport.cmake
[26.143s] -- Installing: /home/student/RS1/RS1_group/scamazon/ros2_ws_group/src/install/turtlebot3_msgs/share/turtlebot3_msgs/cmake/export_turtlebot3_msgs__rosidl_generator_pyExport-noconfig.cmake
[26.154s] Invoked command in '/home/student/RS1/RS1_group/scamazon/ros2_ws_group/src/build/turtlebot3_msgs' returned '0': CMAKE_PREFIX_PATH=${CMAKE_PREFIX_PATH}:/home/student/ros2_ws/install/turtlebot3_teleop:/home/student/ros2_ws/install/turtlebot3_example:/home/student/ros2_ws/install/tb3_lab1:/opt/ros/humble /usr/bin/cmake --install /home/student/RS1/RS1_group/scamazon/ros2_ws_group/src/build/turtlebot3_msgs
