[0.051s] Invoking command in '/home/student/RS1/RS1_group/scamazon/ros2_ws_group/build/gmapping': /usr/bin/cmake /home/student/RS1/RS1_group/scamazon/ros2_ws_group/src/slam_gmapping/gmapping -DCATKIN_INSTALL_INTO_PREFIX_ROOT=0 -DCATKIN_SYMLINK_INSTALL=ON -DCMAKE_INSTALL_PREFIX=/home/student/RS1/RS1_group/scamazon/ros2_ws_group/install/gmapping
[0.104s] [0mCMake Deprecation Warning at CMakeLists.txt:1 (cmake_minimum_required):
[0.104s]   Compatibility with CMake < 2.8.12 will be removed from a future version of
[0.104s]   CMake.
[0.105s] 
[0.105s]   Update the VERSION argument <min> value or use a ...<max> suffix to tell
[0.105s]   CMake that the project does not need compatibility with older versions.
[0.105s] 
[0.105s] [0m
[0.171s] -- The C compiler identification is GNU 11.4.0
[0.294s] -- The CXX compiler identification is GNU 11.4.0
[0.308s] -- Detecting C compiler ABI info
[0.453s] -- Detecting C compiler ABI info - done
[0.467s] -- Check for working C compiler: /usr/bin/cc - skipped
[0.467s] -- Detecting C compile features
[0.469s] -- Detecting C compile features - done
[0.474s] -- Detecting CXX compiler ABI info
[0.643s] -- Detecting CXX compiler ABI info - done
[0.660s] -- Check for working CXX compiler: /usr/bin/c++ - skipped
[0.661s] -- Detecting CXX compile features
[0.661s] -- Detecting CXX compile features - done
[0.683s] [31mCMake Error at CMakeLists.txt:4 (find_package):
[0.683s]   By not providing "Findcatkin.cmake" in CMAKE_MODULE_PATH this project has
[0.684s]   asked CMake to find a package configuration file provided by "catkin", but
[0.684s]   CMake did not find one.
[0.684s] 
[0.684s]   Could not find a package configuration file provided by "catkin" with any
[0.684s]   of the following names:
[0.684s] 
[0.684s]     catkinConfig.cmake
[0.685s]     catkin-config.cmake
[0.685s] 
[0.685s]   Add the installation prefix of "catkin" to CMAKE_PREFIX_PATH or set
[0.685s]   "catkin_DIR" to a directory containing one of the above files.  If "catkin"
[0.685s]   provides a separate development package or SDK, be sure it has been
[0.685s]   installed.
[0.685s] 
[0.686s] [0m
[0.686s] -- Configuring incomplete, errors occurred!
[0.686s] See also "/home/student/RS1/RS1_group/scamazon/ros2_ws_group/build/gmapping/CMakeFiles/CMakeOutput.log".
[0.881s] Invoked command in '/home/student/RS1/RS1_group/scamazon/ros2_ws_group/build/gmapping' returned '1': /usr/bin/cmake /home/student/RS1/RS1_group/scamazon/ros2_ws_group/src/slam_gmapping/gmapping -DCATKIN_INSTALL_INTO_PREFIX_ROOT=0 -DCATKIN_SYMLINK_INSTALL=ON -DCMAKE_INSTALL_PREFIX=/home/student/RS1/RS1_group/scamazon/ros2_ws_group/install/gmapping
