[0.059s] Invoking command in '/home/student/RS1/RS1_group/scamazon/ros2_ws_group/build/dynamixel_sdk_custom_interfaces': CMAKE_PREFIX_PATH=${CMAKE_PREFIX_PATH}:/home/student/RS1/RS1_group/scamazon/ros2_ws_group/install/turtlebot3_teleop:/home/student/RS1/RS1_group/scamazon/ros2_ws_group/install/turtlebot3_example:/home/student/ros2_ws/install/turtlebot3_teleop:/home/student/ros2_ws/install/turtlebot3_example:/home/student/ros2_ws/install/tb3_lab1:/opt/ros/humble /usr/bin/cmake --build /home/student/RS1/RS1_group/scamazon/ros2_ws_group/build/dynamixel_sdk_custom_interfaces -- -j8 -l8
[0.188s] [  2%] Built target dynamixel_sdk_custom_interfaces__cpp
[0.255s] [  2%] Built target ament_cmake_python_symlink_dynamixel_sdk_custom_interfaces
[0.320s] [ 12%] Built target dynamixel_sdk_custom_interfaces__rosidl_typesupport_introspection_cpp
[0.745s] running egg_info
[0.746s] writing dynamixel_sdk_custom_interfaces.egg-info/PKG-INFO
[0.746s] writing dependency_links to dynamixel_sdk_custom_interfaces.egg-info/dependency_links.txt
[0.746s] writing top-level names to dynamixel_sdk_custom_interfaces.egg-info/top_level.txt
[0.749s] reading manifest file 'dynamixel_sdk_custom_interfaces.egg-info/SOURCES.txt'
[0.750s] writing manifest file 'dynamixel_sdk_custom_interfaces.egg-info/SOURCES.txt'
[0.786s] [ 12%] Built target ament_cmake_python_build_dynamixel_sdk_custom_interfaces_egg
[0.819s] [ 23%] Built target dynamixel_sdk_custom_interfaces__rosidl_typesupport_fastrtps_cpp
[0.861s] [ 33%] Built target dynamixel_sdk_custom_interfaces__rosidl_typesupport_cpp
[0.894s] [ 43%] Built target dynamixel_sdk_custom_interfaces__rosidl_generator_c
[0.951s] [ 53%] Built target dynamixel_sdk_custom_interfaces__rosidl_typesupport_fastrtps_c
[0.986s] [ 64%] Built target dynamixel_sdk_custom_interfaces__rosidl_typesupport_c
[1.027s] [ 74%] Built target dynamixel_sdk_custom_interfaces__rosidl_typesupport_introspection_c
[1.062s] [ 74%] Built target dynamixel_sdk_custom_interfaces
[1.096s] [ 76%] Built target dynamixel_sdk_custom_interfaces__py
[1.132s] [ 84%] Built target dynamixel_sdk_custom_interfaces__rosidl_generator_py
[1.172s] [ 89%] Built target dynamixel_sdk_custom_interfaces__rosidl_typesupport_fastrtps_c__pyext
[1.211s] [ 94%] Built target dynamixel_sdk_custom_interfaces__rosidl_typesupport_c__pyext
[1.248s] [100%] Built target dynamixel_sdk_custom_interfaces__rosidl_typesupport_introspection_c__pyext
