[0.083s] Invoking command in '/home/student/RS1/RS1_group/scamazon/ros2_ws_group/build/turtlebot3_gazebo': CMAKE_PREFIX_PATH=${CMAKE_PREFIX_PATH}:/home/student/ros2_ws/install/turtlebot3_teleop:/home/student/ros2_ws/install/turtlebot3_example:/home/student/ros2_ws/install/tb3_lab1:/opt/ros/humble /usr/bin/cmake /home/student/RS1/RS1_group/scamazon/ros2_ws_group/src/turtlebot3_simulations/turtlebot3_gazebo -DAMENT_CMAKE_SYMLINK_INSTALL=1 -DCMAKE_INSTALL_PREFIX=/home/student/RS1/RS1_group/scamazon/ros2_ws_group/install/turtlebot3_gazebo
[1.035s] -- The C compiler identification is GNU 11.4.0
[1.623s] -- The CXX compiler identification is GNU 11.4.0
[1.652s] -- Detecting C compiler ABI info
[1.781s] -- Detecting C compiler ABI info - done
[1.792s] -- Check for working C compiler: /usr/bin/cc - skipped
[1.792s] -- Detecting C compile features
[1.799s] -- Detecting C compile features - done
[1.806s] -- Detecting CXX compiler ABI info
[1.944s] -- Detecting CXX compiler ABI info - done
[1.951s] -- Check for working CXX compiler: /usr/bin/c++ - skipped
[1.952s] -- Detecting CXX compile features
[1.952s] -- Detecting CXX compile features - done
[1.957s] -- Found ament_cmake: 1.3.9 (/opt/ros/humble/share/ament_cmake/cmake)
[2.171s] -- Found Python3: /usr/bin/python3 (found version "3.10.12") found components: Interpreter 
[2.265s] -- Override CMake install command with custom implementation using symlinks instead of copying resources
[2.456s] [33mCMake Warning (dev) at /usr/share/cmake-3.22/Modules/FindPackageHandleStandardArgs.cmake:438 (message):
[2.456s]   The package name passed to `find_package_handle_standard_args` (PkgConfig)
[2.457s]   does not match the name of the calling package (gazebo).  This can lead to
[2.457s]   problems in calling code that expects `find_package` result variables
[2.457s]   (e.g., `_FOUND`) to follow a certain pattern.
[2.457s] Call Stack (most recent call first):
[2.457s]   /usr/share/cmake-3.22/Modules/FindPkgConfig.cmake:99 (find_package_handle_standard_args)
[2.457s]   /usr/lib/x86_64-linux-gnu/cmake/gazebo/gazebo-config.cmake:72 (include)
[2.458s]   CMakeLists.txt:23 (find_package)
[2.458s] This warning is for project developers.  Use -Wno-dev to suppress it.
[2.458s] [0m
[2.458s] -- Found PkgConfig: /usr/bin/pkg-config (found version "0.29.2") 
[2.462s] -- Checking for module 'bullet>=2.82'
[2.485s] --   Found bullet, version 3.05
[2.708s] -- Found fcl: /usr/include (found suitable version "0.7.0", minimum required is "0.5.0") 
[2.785s] -- Found assimp: /usr/include (found version "5.2.0") 
[2.906s] -- Found DART: /usr/include (Required is at least version "6.6") found components: dart 
[3.276s] -- Found Boost: /usr/lib/x86_64-linux-gnu/cmake/Boost-1.74.0/BoostConfig.cmake (found suitable version "1.74.0", minimum required is "1.40.0") found components: thread system filesystem program_options regex iostreams date_time 
[3.363s] -- Found Protobuf: /usr/lib/x86_64-linux-gnu/libprotobuf.so (found version "3.12.4") 
[3.383s] -- Looking for ignition-math6 -- found version 6.15.1
[3.433s] -- Searching for dependencies of ignition-math6
[3.446s] -- Looking for OGRE...
[3.446s] -- OGRE_PREFIX_WATCH changed.
[3.452s] -- Checking for module 'OGRE'
[3.470s] --   Found OGRE, version 1.9.0
[3.521s] -- Found Ogre Ghadamon (1.9.0)
[3.540s] -- Found OGRE: optimized;/usr/lib/x86_64-linux-gnu/libOgreMain.so;debug;/usr/lib/x86_64-linux-gnu/libOgreMain.so
[3.550s] -- Looking for OGRE_Paging...
[3.560s] -- Found OGRE_Paging: optimized;/usr/lib/x86_64-linux-gnu/libOgrePaging.so;debug;/usr/lib/x86_64-linux-gnu/libOgrePaging.so
[3.560s] -- Looking for OGRE_Terrain...
[3.568s] -- Found OGRE_Terrain: optimized;/usr/lib/x86_64-linux-gnu/libOgreTerrain.so;debug;/usr/lib/x86_64-linux-gnu/libOgreTerrain.so
[3.568s] -- Looking for OGRE_Property...
[3.576s] -- Found OGRE_Property: optimized;/usr/lib/x86_64-linux-gnu/libOgreProperty.so;debug;/usr/lib/x86_64-linux-gnu/libOgreProperty.so
[3.576s] -- Looking for OGRE_RTShaderSystem...
[3.583s] -- Found OGRE_RTShaderSystem: optimized;/usr/lib/x86_64-linux-gnu/libOgreRTShaderSystem.so;debug;/usr/lib/x86_64-linux-gnu/libOgreRTShaderSystem.so
[3.583s] -- Looking for OGRE_Volume...
[3.591s] -- Found OGRE_Volume: optimized;/usr/lib/x86_64-linux-gnu/libOgreVolume.so;debug;/usr/lib/x86_64-linux-gnu/libOgreVolume.so
[3.591s] -- Looking for OGRE_Overlay...
[3.598s] -- Found OGRE_Overlay: optimized;/usr/lib/x86_64-linux-gnu/libOgreOverlay.so;debug;/usr/lib/x86_64-linux-gnu/libOgreOverlay.so
[3.798s] -- Looking for ignition-math6 -- found version 6.15.1
[3.812s] -- Looking for ignition-transport8 -- found version 8.2.1
[3.813s] -- Searching for dependencies of ignition-transport8
[3.837s] -- Found Protobuf: /usr/lib/x86_64-linux-gnu/libprotobuf.so (found suitable version "3.12.4", minimum required is "3") 
[3.849s] -- Config-file not installed for ZeroMQ -- checking for pkg-config
[3.854s] -- Checking for module 'libzmq >= 4'
[3.886s] --   Found libzmq , version 4.3.4
[3.932s] -- Found ZeroMQ: TRUE (Required is at least version "4") 
[3.942s] -- Checking for module 'uuid'
[3.961s] --   Found uuid, version 2.37.2
[4.007s] -- Found UUID: TRUE  
[4.015s] -- Looking for ignition-msgs5 -- found version 5.8.1
[4.016s] -- Searching for dependencies of ignition-msgs5
[4.047s] -- Looking for ignition-math6 -- found version 6.15.1
[4.053s] -- Checking for module 'tinyxml2'
[4.074s] --   Found tinyxml2, version 9.0.0
[4.121s] -- Looking for ignition-msgs5 -- found version 5.8.1
[4.133s] -- Looking for ignition-common3 -- found version 3.14.0
[4.133s] -- Searching for dependencies of ignition-common3
[4.134s] -- Looking for dlfcn.h - found
[4.136s] -- Looking for libdl - found
[4.137s] -- Found DL: TRUE  
[4.155s] -- Found tinyobjloader: /usr/lib/x86_64-linux-gnu/cmake/tinyobjloader/tinyobjloader-config.cmake (found version "2.0.0") 
[4.156s] -- Searching for <ignition-common3> component [graphics]
[4.162s] -- Looking for ignition-common3-graphics -- found version 3.14.0
[4.163s] -- Searching for dependencies of ignition-common3-graphics
[4.163s] -- Looking for ignition-math6 -- found version 6.15.1
[4.174s] -- Looking for ignition-fuel_tools4 -- found version 4.4.0
[4.174s] -- Searching for dependencies of ignition-fuel_tools4
[4.279s] -- Found CURL: /usr/lib/x86_64-linux-gnu/libcurl.so (found version "7.81.0")  
[4.312s] -- Checking for module 'jsoncpp'
[4.331s] --   Found jsoncpp, version 1.9.5
[4.370s] -- Found JSONCPP: TRUE  
[4.379s] -- Checking for module 'libzip'
[4.398s] --   Found libzip, version 1.7.3
[4.439s] -- Found ZIP: TRUE  
[4.439s] -- Looking for ignition-common3 -- found version 3.14.0
[4.439s] -- Looking for ignition-math6 -- found version 6.15.1
[4.440s] -- Looking for ignition-msgs5 -- found version 5.8.1
[4.453s] -- Found gazebo_ros_pkgs: 3.7.0 (/opt/ros/humble/share/gazebo_ros_pkgs/cmake)
[4.457s] -- Found geometry_msgs: 4.2.4 (/opt/ros/humble/share/geometry_msgs/cmake)
[4.511s] -- Found rosidl_generator_c: 3.1.5 (/opt/ros/humble/share/rosidl_generator_c/cmake)
[4.520s] -- Found rosidl_adapter: 3.1.5 (/opt/ros/humble/share/rosidl_adapter/cmake)
[4.533s] -- Found rosidl_generator_cpp: 3.1.5 (/opt/ros/humble/share/rosidl_generator_cpp/cmake)
[4.551s] -- Using all available rosidl_typesupport_c: rosidl_typesupport_fastrtps_c;rosidl_typesupport_introspection_c
[4.577s] -- Using all available rosidl_typesupport_cpp: rosidl_typesupport_fastrtps_cpp;rosidl_typesupport_introspection_cpp
[4.715s] -- Found nav_msgs: 4.2.4 (/opt/ros/humble/share/nav_msgs/cmake)
[4.813s] -- Found rclcpp: 16.0.9 (/opt/ros/humble/share/rclcpp/cmake)
[4.892s] -- Found rmw_implementation_cmake: 6.1.2 (/opt/ros/humble/share/rmw_implementation_cmake/cmake)
[4.897s] -- Found rmw_fastrtps_cpp: 6.2.6 (/opt/ros/humble/share/rmw_fastrtps_cpp/cmake)
[5.031s] -- Found OpenSSL: /usr/lib/x86_64-linux-gnu/libcrypto.so (found version "3.0.2")  
[5.064s] -- Found FastRTPS: /opt/ros/humble/include  
[5.128s] -- Using RMW implementation 'rmw_fastrtps_cpp' as default
[5.145s] -- Found Threads: TRUE  
[5.297s] -- Found sensor_msgs: 4.2.4 (/opt/ros/humble/share/sensor_msgs/cmake)
[5.399s] -- Found tf2: 0.25.7 (/opt/ros/humble/share/tf2/cmake)
[5.501s] -- Configuring done
[5.841s] -- Generating done
[5.845s] -- Build files have been written to: /home/student/RS1/RS1_group/scamazon/ros2_ws_group/build/turtlebot3_gazebo
[5.863s] Invoked command in '/home/student/RS1/RS1_group/scamazon/ros2_ws_group/build/turtlebot3_gazebo' returned '0': CMAKE_PREFIX_PATH=${CMAKE_PREFIX_PATH}:/home/student/ros2_ws/install/turtlebot3_teleop:/home/student/ros2_ws/install/turtlebot3_example:/home/student/ros2_ws/install/tb3_lab1:/opt/ros/humble /usr/bin/cmake /home/student/RS1/RS1_group/scamazon/ros2_ws_group/src/turtlebot3_simulations/turtlebot3_gazebo -DAMENT_CMAKE_SYMLINK_INSTALL=1 -DCMAKE_INSTALL_PREFIX=/home/student/RS1/RS1_group/scamazon/ros2_ws_group/install/turtlebot3_gazebo
[5.865s] Invoking command in '/home/student/RS1/RS1_group/scamazon/ros2_ws_group/build/turtlebot3_gazebo': CMAKE_PREFIX_PATH=${CMAKE_PREFIX_PATH}:/home/student/ros2_ws/install/turtlebot3_teleop:/home/student/ros2_ws/install/turtlebot3_example:/home/student/ros2_ws/install/tb3_lab1:/opt/ros/humble /usr/bin/cmake --build /home/student/RS1/RS1_group/scamazon/ros2_ws_group/build/turtlebot3_gazebo -- -j8 -l8
[5.934s] [ 12%] [32mBuilding CXX object CMakeFiles/turtlebot3_drive.dir/src/turtlebot3_drive.cpp.o[0m
[5.934s] [ 25%] [32mBuilding CXX object CMakeFiles/obstacle1.dir/models/turtlebot3_dqn_world/obstacle_plugin/obstacle1.cc.o[0m
[5.935s] [ 37%] [32mBuilding CXX object CMakeFiles/obstacles.dir/models/turtlebot3_dqn_world/obstacle_plugin/obstacles.cc.o[0m
[5.935s] [ 50%] [32mBuilding CXX object CMakeFiles/obstacle2.dir/models/turtlebot3_dqn_world/obstacle_plugin/obstacle2.cc.o[0m
[20.146s] [ 62%] [32m[1mLinking CXX executable turtlebot3_drive[0m
[21.059s] [ 62%] Built target turtlebot3_drive
[22.177s] [ 75%] [32m[1mLinking CXX shared library libobstacle1.so[0m
[22.775s] [ 75%] Built target obstacle1
[22.818s] [ 87%] [32m[1mLinking CXX shared library libobstacles.so[0m
[23.081s] [ 87%] Built target obstacles
[23.732s] [100%] [32m[1mLinking CXX shared library libobstacle2.so[0m
[23.997s] [100%] Built target obstacle2
[24.011s] Invoked command in '/home/student/RS1/RS1_group/scamazon/ros2_ws_group/build/turtlebot3_gazebo' returned '0': CMAKE_PREFIX_PATH=${CMAKE_PREFIX_PATH}:/home/student/ros2_ws/install/turtlebot3_teleop:/home/student/ros2_ws/install/turtlebot3_example:/home/student/ros2_ws/install/tb3_lab1:/opt/ros/humble /usr/bin/cmake --build /home/student/RS1/RS1_group/scamazon/ros2_ws_group/build/turtlebot3_gazebo -- -j8 -l8
[24.061s] Invoking command in '/home/student/RS1/RS1_group/scamazon/ros2_ws_group/build/turtlebot3_gazebo': CMAKE_PREFIX_PATH=${CMAKE_PREFIX_PATH}:/home/student/ros2_ws/install/turtlebot3_teleop:/home/student/ros2_ws/install/turtlebot3_example:/home/student/ros2_ws/install/tb3_lab1:/opt/ros/humble /usr/bin/cmake --install /home/student/RS1/RS1_group/scamazon/ros2_ws_group/build/turtlebot3_gazebo
[24.071s] -- Install configuration: ""
[24.071s] -- Execute custom install script
[24.072s] -- Symlinking: /home/student/RS1/RS1_group/scamazon/ros2_ws_group/install/turtlebot3_gazebo/lib/turtlebot3_gazebo/turtlebot3_drive
[24.088s] -- Symlinking: /home/student/RS1/RS1_group/scamazon/ros2_ws_group/install/turtlebot3_gazebo/share/turtlebot3_gazebo//launch/empty_world.launch.py
[24.099s] -- Symlinking: /home/student/RS1/RS1_group/scamazon/ros2_ws_group/install/turtlebot3_gazebo/share/turtlebot3_gazebo//launch/robot_state_publisher.launch.py
[24.110s] -- Symlinking: /home/student/RS1/RS1_group/scamazon/ros2_ws_group/install/turtlebot3_gazebo/share/turtlebot3_gazebo//launch/spawn_turtlebot3.launch.py
[24.121s] -- Symlinking: /home/student/RS1/RS1_group/scamazon/ros2_ws_group/install/turtlebot3_gazebo/share/turtlebot3_gazebo//launch/turtlebot3_dqn_stage1.launch.py
[24.131s] -- Symlinking: /home/student/RS1/RS1_group/scamazon/ros2_ws_group/install/turtlebot3_gazebo/share/turtlebot3_gazebo//launch/turtlebot3_dqn_stage2.launch.py
[24.141s] -- Symlinking: /home/student/RS1/RS1_group/scamazon/ros2_ws_group/install/turtlebot3_gazebo/share/turtlebot3_gazebo//launch/turtlebot3_dqn_stage3.launch.py
[24.151s] -- Symlinking: /home/student/RS1/RS1_group/scamazon/ros2_ws_group/install/turtlebot3_gazebo/share/turtlebot3_gazebo//launch/turtlebot3_dqn_stage4.launch.py
[24.161s] -- Symlinking: /home/student/RS1/RS1_group/scamazon/ros2_ws_group/install/turtlebot3_gazebo/share/turtlebot3_gazebo//launch/turtlebot3_house.launch.py
[24.171s] -- Symlinking: /home/student/RS1/RS1_group/scamazon/ros2_ws_group/install/turtlebot3_gazebo/share/turtlebot3_gazebo//launch/turtlebot3_warehouse.launch.py
[24.183s] -- Symlinking: /home/student/RS1/RS1_group/scamazon/ros2_ws_group/install/turtlebot3_gazebo/share/turtlebot3_gazebo//launch/turtlebot3_world.launch.py
[24.196s] -- Symlinking: /home/student/RS1/RS1_group/scamazon/ros2_ws_group/install/turtlebot3_gazebo/share/turtlebot3_gazebo//models/turtlebot3_burger/model-1_4.sdf
[24.207s] -- Symlinking: /home/student/RS1/RS1_group/scamazon/ros2_ws_group/install/turtlebot3_gazebo/share/turtlebot3_gazebo//models/turtlebot3_burger/model.config
[24.217s] -- Symlinking: /home/student/RS1/RS1_group/scamazon/ros2_ws_group/install/turtlebot3_gazebo/share/turtlebot3_gazebo//models/turtlebot3_burger/model.sdf
[24.228s] -- Symlinking: /home/student/RS1/RS1_group/scamazon/ros2_ws_group/install/turtlebot3_gazebo/share/turtlebot3_gazebo//models/turtlebot3_common/meshes/burger_base.dae
[24.239s] -- Symlinking: /home/student/RS1/RS1_group/scamazon/ros2_ws_group/install/turtlebot3_gazebo/share/turtlebot3_gazebo//models/turtlebot3_common/meshes/lds.dae
[24.249s] -- Symlinking: /home/student/RS1/RS1_group/scamazon/ros2_ws_group/install/turtlebot3_gazebo/share/turtlebot3_gazebo//models/turtlebot3_common/meshes/r200.dae
[24.259s] -- Symlinking: /home/student/RS1/RS1_group/scamazon/ros2_ws_group/install/turtlebot3_gazebo/share/turtlebot3_gazebo//models/turtlebot3_common/meshes/tire.dae
[24.270s] -- Symlinking: /home/student/RS1/RS1_group/scamazon/ros2_ws_group/install/turtlebot3_gazebo/share/turtlebot3_gazebo//models/turtlebot3_common/meshes/waffle_base.dae
[24.283s] -- Symlinking: /home/student/RS1/RS1_group/scamazon/ros2_ws_group/install/turtlebot3_gazebo/share/turtlebot3_gazebo//models/turtlebot3_common/meshes/waffle_pi_base.dae
[24.294s] -- Symlinking: /home/student/RS1/RS1_group/scamazon/ros2_ws_group/install/turtlebot3_gazebo/share/turtlebot3_gazebo//models/turtlebot3_common/model.config
[24.306s] -- Symlinking: /home/student/RS1/RS1_group/scamazon/ros2_ws_group/install/turtlebot3_gazebo/share/turtlebot3_gazebo//models/turtlebot3_dqn_world/goal_box/model.config
[24.317s] -- Symlinking: /home/student/RS1/RS1_group/scamazon/ros2_ws_group/install/turtlebot3_gazebo/share/turtlebot3_gazebo//models/turtlebot3_dqn_world/goal_box/model.sdf
[24.327s] -- Symlinking: /home/student/RS1/RS1_group/scamazon/ros2_ws_group/install/turtlebot3_gazebo/share/turtlebot3_gazebo//models/turtlebot3_dqn_world/inner_walls/model.config
[24.337s] -- Symlinking: /home/student/RS1/RS1_group/scamazon/ros2_ws_group/install/turtlebot3_gazebo/share/turtlebot3_gazebo//models/turtlebot3_dqn_world/inner_walls/model.sdf
[24.348s] -- Symlinking: /home/student/RS1/RS1_group/scamazon/ros2_ws_group/install/turtlebot3_gazebo/share/turtlebot3_gazebo//models/turtlebot3_dqn_world/model.config
[24.359s] -- Symlinking: /home/student/RS1/RS1_group/scamazon/ros2_ws_group/install/turtlebot3_gazebo/share/turtlebot3_gazebo//models/turtlebot3_dqn_world/model.sdf
[24.369s] -- Symlinking: /home/student/RS1/RS1_group/scamazon/ros2_ws_group/install/turtlebot3_gazebo/share/turtlebot3_gazebo//models/turtlebot3_dqn_world/obstacle1/model.config
[24.383s] -- Symlinking: /home/student/RS1/RS1_group/scamazon/ros2_ws_group/install/turtlebot3_gazebo/share/turtlebot3_gazebo//models/turtlebot3_dqn_world/obstacle1/model.sdf
[24.392s] -- Symlinking: /home/student/RS1/RS1_group/scamazon/ros2_ws_group/install/turtlebot3_gazebo/share/turtlebot3_gazebo//models/turtlebot3_dqn_world/obstacle2/model.config
[24.403s] -- Symlinking: /home/student/RS1/RS1_group/scamazon/ros2_ws_group/install/turtlebot3_gazebo/share/turtlebot3_gazebo//models/turtlebot3_dqn_world/obstacle2/model.sdf
[24.414s] -- Symlinking: /home/student/RS1/RS1_group/scamazon/ros2_ws_group/install/turtlebot3_gazebo/share/turtlebot3_gazebo//models/turtlebot3_dqn_world/obstacle_plugin/CMakeLists.txt
[24.425s] -- Symlinking: /home/student/RS1/RS1_group/scamazon/ros2_ws_group/install/turtlebot3_gazebo/share/turtlebot3_gazebo//models/turtlebot3_dqn_world/obstacle_plugin/obstacle1.cc
[24.435s] -- Symlinking: /home/student/RS1/RS1_group/scamazon/ros2_ws_group/install/turtlebot3_gazebo/share/turtlebot3_gazebo//models/turtlebot3_dqn_world/obstacle_plugin/obstacle2.cc
[24.445s] -- Symlinking: /home/student/RS1/RS1_group/scamazon/ros2_ws_group/install/turtlebot3_gazebo/share/turtlebot3_gazebo//models/turtlebot3_dqn_world/obstacle_plugin/obstacles.cc
[24.455s] -- Symlinking: /home/student/RS1/RS1_group/scamazon/ros2_ws_group/install/turtlebot3_gazebo/share/turtlebot3_gazebo//models/turtlebot3_dqn_world/obstacles/model.config
[24.465s] -- Symlinking: /home/student/RS1/RS1_group/scamazon/ros2_ws_group/install/turtlebot3_gazebo/share/turtlebot3_gazebo//models/turtlebot3_dqn_world/obstacles/model.sdf
[24.476s] -- Symlinking: /home/student/RS1/RS1_group/scamazon/ros2_ws_group/install/turtlebot3_gazebo/share/turtlebot3_gazebo//models/turtlebot3_house/model.config
[24.488s] -- Symlinking: /home/student/RS1/RS1_group/scamazon/ros2_ws_group/install/turtlebot3_gazebo/share/turtlebot3_gazebo//models/turtlebot3_house/model.sdf
[24.499s] -- Symlinking: /home/student/RS1/RS1_group/scamazon/ros2_ws_group/install/turtlebot3_gazebo/share/turtlebot3_gazebo//models/turtlebot3_waffle/model-1_4.sdf
[24.509s] -- Symlinking: /home/student/RS1/RS1_group/scamazon/ros2_ws_group/install/turtlebot3_gazebo/share/turtlebot3_gazebo//models/turtlebot3_waffle/model.config
[24.520s] -- Symlinking: /home/student/RS1/RS1_group/scamazon/ros2_ws_group/install/turtlebot3_gazebo/share/turtlebot3_gazebo//models/turtlebot3_waffle/model.sdf
[24.531s] -- Symlinking: /home/student/RS1/RS1_group/scamazon/ros2_ws_group/install/turtlebot3_gazebo/share/turtlebot3_gazebo//models/turtlebot3_waffle_pi/model-1_4_.sdf
[24.542s] -- Symlinking: /home/student/RS1/RS1_group/scamazon/ros2_ws_group/install/turtlebot3_gazebo/share/turtlebot3_gazebo//models/turtlebot3_waffle_pi/model.config
[24.552s] -- Symlinking: /home/student/RS1/RS1_group/scamazon/ros2_ws_group/install/turtlebot3_gazebo/share/turtlebot3_gazebo//models/turtlebot3_waffle_pi/model.sdf
[24.562s] -- Symlinking: /home/student/RS1/RS1_group/scamazon/ros2_ws_group/install/turtlebot3_gazebo/share/turtlebot3_gazebo//models/turtlebot3_world/meshes/hexagon.dae
[24.572s] -- Symlinking: /home/student/RS1/RS1_group/scamazon/ros2_ws_group/install/turtlebot3_gazebo/share/turtlebot3_gazebo//models/turtlebot3_world/meshes/wall.dae
[24.584s] -- Symlinking: /home/student/RS1/RS1_group/scamazon/ros2_ws_group/install/turtlebot3_gazebo/share/turtlebot3_gazebo//models/turtlebot3_world/model-1_4.sdf
[24.597s] -- Symlinking: /home/student/RS1/RS1_group/scamazon/ros2_ws_group/install/turtlebot3_gazebo/share/turtlebot3_gazebo//models/turtlebot3_world/model.config
[24.607s] -- Symlinking: /home/student/RS1/RS1_group/scamazon/ros2_ws_group/install/turtlebot3_gazebo/share/turtlebot3_gazebo//models/turtlebot3_world/model.sdf
[24.618s] -- Symlinking: /home/student/RS1/RS1_group/scamazon/ros2_ws_group/install/turtlebot3_gazebo/share/turtlebot3_gazebo//rviz/tb3_gazebo.rviz
[24.629s] -- Symlinking: /home/student/RS1/RS1_group/scamazon/ros2_ws_group/install/turtlebot3_gazebo/share/turtlebot3_gazebo//urdf/common_properties.urdf
[24.639s] -- Symlinking: /home/student/RS1/RS1_group/scamazon/ros2_ws_group/install/turtlebot3_gazebo/share/turtlebot3_gazebo//urdf/turtlebot3_burger.urdf
[24.649s] -- Symlinking: /home/student/RS1/RS1_group/scamazon/ros2_ws_group/install/turtlebot3_gazebo/share/turtlebot3_gazebo//urdf/turtlebot3_waffle.urdf
[24.661s] -- Symlinking: /home/student/RS1/RS1_group/scamazon/ros2_ws_group/install/turtlebot3_gazebo/share/turtlebot3_gazebo//urdf/turtlebot3_waffle_pi.urdf
[24.672s] -- Symlinking: /home/student/RS1/RS1_group/scamazon/ros2_ws_group/install/turtlebot3_gazebo/share/turtlebot3_gazebo//worlds/empty_world.world
[24.683s] -- Symlinking: /home/student/RS1/RS1_group/scamazon/ros2_ws_group/install/turtlebot3_gazebo/share/turtlebot3_gazebo//worlds/turtlebot3_dqn_stage1.world
[24.695s] -- Symlinking: /home/student/RS1/RS1_group/scamazon/ros2_ws_group/install/turtlebot3_gazebo/share/turtlebot3_gazebo//worlds/turtlebot3_dqn_stage2.world
[24.706s] -- Symlinking: /home/student/RS1/RS1_group/scamazon/ros2_ws_group/install/turtlebot3_gazebo/share/turtlebot3_gazebo//worlds/turtlebot3_dqn_stage3.world
[24.717s] -- Symlinking: /home/student/RS1/RS1_group/scamazon/ros2_ws_group/install/turtlebot3_gazebo/share/turtlebot3_gazebo//worlds/turtlebot3_dqn_stage4.world
[24.727s] -- Symlinking: /home/student/RS1/RS1_group/scamazon/ros2_ws_group/install/turtlebot3_gazebo/share/turtlebot3_gazebo//worlds/turtlebot3_house.world
[24.737s] -- Symlinking: /home/student/RS1/RS1_group/scamazon/ros2_ws_group/install/turtlebot3_gazebo/share/turtlebot3_gazebo//worlds/turtlebot3_warehouse.world
[24.748s] -- Symlinking: /home/student/RS1/RS1_group/scamazon/ros2_ws_group/install/turtlebot3_gazebo/share/turtlebot3_gazebo//worlds/turtlebot3_world.world
[24.759s] -- Symlinking: /home/student/RS1/RS1_group/scamazon/ros2_ws_group/install/turtlebot3_gazebo/include//turtlebot3_gazebo/turtlebot3_drive.hpp
[24.770s] -- Symlinking: /home/student/RS1/RS1_group/scamazon/ros2_ws_group/install/turtlebot3_gazebo/share/ament_index/resource_index/package_run_dependencies/turtlebot3_gazebo
[24.784s] -- Symlinking: /home/student/RS1/RS1_group/scamazon/ros2_ws_group/install/turtlebot3_gazebo/share/ament_index/resource_index/parent_prefix_path/turtlebot3_gazebo
[24.797s] -- Symlinking: /home/student/RS1/RS1_group/scamazon/ros2_ws_group/install/turtlebot3_gazebo/share/turtlebot3_gazebo/environment/ament_prefix_path.sh
[24.809s] -- Symlinking: /home/student/RS1/RS1_group/scamazon/ros2_ws_group/install/turtlebot3_gazebo/share/turtlebot3_gazebo/environment/ament_prefix_path.dsv
[24.820s] -- Symlinking: /home/student/RS1/RS1_group/scamazon/ros2_ws_group/install/turtlebot3_gazebo/share/turtlebot3_gazebo/environment/path.sh
[24.833s] -- Symlinking: /home/student/RS1/RS1_group/scamazon/ros2_ws_group/install/turtlebot3_gazebo/share/turtlebot3_gazebo/environment/path.dsv
[24.844s] -- Symlinking: /home/student/RS1/RS1_group/scamazon/ros2_ws_group/install/turtlebot3_gazebo/share/turtlebot3_gazebo/local_setup.bash
[24.855s] -- Symlinking: /home/student/RS1/RS1_group/scamazon/ros2_ws_group/install/turtlebot3_gazebo/share/turtlebot3_gazebo/local_setup.sh
[24.866s] -- Symlinking: /home/student/RS1/RS1_group/scamazon/ros2_ws_group/install/turtlebot3_gazebo/share/turtlebot3_gazebo/local_setup.zsh
[24.879s] -- Symlinking: /home/student/RS1/RS1_group/scamazon/ros2_ws_group/install/turtlebot3_gazebo/share/turtlebot3_gazebo/local_setup.dsv
[24.891s] -- Symlinking: /home/student/RS1/RS1_group/scamazon/ros2_ws_group/install/turtlebot3_gazebo/share/turtlebot3_gazebo/package.dsv
[24.903s] -- Symlinking: /home/student/RS1/RS1_group/scamazon/ros2_ws_group/install/turtlebot3_gazebo/share/ament_index/resource_index/packages/turtlebot3_gazebo
[24.914s] -- Symlinking: /home/student/RS1/RS1_group/scamazon/ros2_ws_group/install/turtlebot3_gazebo/share/turtlebot3_gazebo/cmake/ament_cmake_export_include_directories-extras.cmake
[24.925s] -- Symlinking: /home/student/RS1/RS1_group/scamazon/ros2_ws_group/install/turtlebot3_gazebo/share/turtlebot3_gazebo/cmake/ament_cmake_export_dependencies-extras.cmake
[24.936s] -- Symlinking: /home/student/RS1/RS1_group/scamazon/ros2_ws_group/install/turtlebot3_gazebo/share/turtlebot3_gazebo/cmake/turtlebot3_gazeboConfig.cmake
[24.949s] -- Symlinking: /home/student/RS1/RS1_group/scamazon/ros2_ws_group/install/turtlebot3_gazebo/share/turtlebot3_gazebo/cmake/turtlebot3_gazeboConfig-version.cmake
[24.960s] -- Symlinking: /home/student/RS1/RS1_group/scamazon/ros2_ws_group/install/turtlebot3_gazebo/share/turtlebot3_gazebo/package.xml
[24.973s] Invoked command in '/home/student/RS1/RS1_group/scamazon/ros2_ws_group/build/turtlebot3_gazebo' returned '0': CMAKE_PREFIX_PATH=${CMAKE_PREFIX_PATH}:/home/student/ros2_ws/install/turtlebot3_teleop:/home/student/ros2_ws/install/turtlebot3_example:/home/student/ros2_ws/install/tb3_lab1:/opt/ros/humble /usr/bin/cmake --install /home/student/RS1/RS1_group/scamazon/ros2_ws_group/build/turtlebot3_gazebo
