[0.062s] Invoking command in '/home/student/RS1/RS1_group/scamazon/ros2_ws_group/build/dynamixel_sdk': CMAKE_PREFIX_PATH=${CMAKE_PREFIX_PATH}:/home/student/RS1/RS1_group/scamazon/ros2_ws_group/install/turtlebot3_teleop:/home/student/RS1/RS1_group/scamazon/ros2_ws_group/install/turtlebot3_example:/home/student/ros2_ws/install/turtlebot3_teleop:/home/student/ros2_ws/install/turtlebot3_example:/home/student/ros2_ws/install/tb3_lab1:/opt/ros/humble /usr/bin/cmake --build /home/student/RS1/RS1_group/scamazon/ros2_ws_group/build/dynamixel_sdk -- -j8 -l8
[0.177s] [100%] Built target dynamixel_sdk
[0.627s] Invoked command in '/home/student/RS1/RS1_group/scamazon/ros2_ws_group/build/dynamixel_sdk' returned '0': CMAKE_PREFIX_PATH=${CMAKE_PREFIX_PATH}:/home/student/RS1/RS1_group/scamazon/ros2_ws_group/install/turtlebot3_teleop:/home/student/RS1/RS1_group/scamazon/ros2_ws_group/install/turtlebot3_example:/home/student/ros2_ws/install/turtlebot3_teleop:/home/student/ros2_ws/install/turtlebot3_example:/home/student/ros2_ws/install/tb3_lab1:/opt/ros/humble /usr/bin/cmake --build /home/student/RS1/RS1_group/scamazon/ros2_ws_group/build/dynamixel_sdk -- -j8 -l8
[0.736s] Invoking command in '/home/student/RS1/RS1_group/scamazon/ros2_ws_group/build/dynamixel_sdk': CMAKE_PREFIX_PATH=${CMAKE_PREFIX_PATH}:/home/student/RS1/RS1_group/scamazon/ros2_ws_group/install/turtlebot3_teleop:/home/student/RS1/RS1_group/scamazon/ros2_ws_group/install/turtlebot3_example:/home/student/ros2_ws/install/turtlebot3_teleop:/home/student/ros2_ws/install/turtlebot3_example:/home/student/ros2_ws/install/tb3_lab1:/opt/ros/humble /usr/bin/cmake --install /home/student/RS1/RS1_group/scamazon/ros2_ws_group/build/dynamixel_sdk
[0.751s] -- Install configuration: ""
[0.751s] -- Execute custom install script
[0.752s] -- Up-to-date symlink: /home/student/RS1/RS1_group/scamazon/ros2_ws_group/install/dynamixel_sdk/include//dynamixel_sdk/dynamixel_sdk.h
[0.755s] -- Up-to-date symlink: /home/student/RS1/RS1_group/scamazon/ros2_ws_group/install/dynamixel_sdk/include//dynamixel_sdk/group_bulk_read.h
[0.755s] -- Up-to-date symlink: /home/student/RS1/RS1_group/scamazon/ros2_ws_group/install/dynamixel_sdk/include//dynamixel_sdk/group_bulk_write.h
[0.756s] -- Up-to-date symlink: /home/student/RS1/RS1_group/scamazon/ros2_ws_group/install/dynamixel_sdk/include//dynamixel_sdk/group_sync_read.h
[0.757s] -- Up-to-date symlink: /home/student/RS1/RS1_group/scamazon/ros2_ws_group/install/dynamixel_sdk/include//dynamixel_sdk/group_sync_write.h
[0.757s] -- Up-to-date symlink: /home/student/RS1/RS1_group/scamazon/ros2_ws_group/install/dynamixel_sdk/include//dynamixel_sdk/packet_handler.h
[0.757s] -- Up-to-date symlink: /home/student/RS1/RS1_group/scamazon/ros2_ws_group/install/dynamixel_sdk/include//dynamixel_sdk/port_handler.h
[0.758s] -- Up-to-date symlink: /home/student/RS1/RS1_group/scamazon/ros2_ws_group/install/dynamixel_sdk/include//dynamixel_sdk/port_handler_arduino.h
[0.758s] -- Up-to-date symlink: /home/student/RS1/RS1_group/scamazon/ros2_ws_group/install/dynamixel_sdk/include//dynamixel_sdk/port_handler_linux.h
[0.759s] -- Up-to-date symlink: /home/student/RS1/RS1_group/scamazon/ros2_ws_group/install/dynamixel_sdk/include//dynamixel_sdk/port_handler_mac.h
[0.759s] -- Up-to-date symlink: /home/student/RS1/RS1_group/scamazon/ros2_ws_group/install/dynamixel_sdk/include//dynamixel_sdk/port_handler_windows.h
[0.759s] -- Up-to-date symlink: /home/student/RS1/RS1_group/scamazon/ros2_ws_group/install/dynamixel_sdk/include//dynamixel_sdk/protocol1_packet_handler.h
[0.760s] -- Up-to-date symlink: /home/student/RS1/RS1_group/scamazon/ros2_ws_group/install/dynamixel_sdk/include//dynamixel_sdk/protocol2_packet_handler.h
[0.761s] -- Up-to-date symlink: /home/student/RS1/RS1_group/scamazon/ros2_ws_group/install/dynamixel_sdk/lib/libdynamixel_sdk.so
[0.762s] -- Up-to-date symlink: /home/student/RS1/RS1_group/scamazon/ros2_ws_group/install/dynamixel_sdk/share/dynamixel_sdk/environment/library_path.sh
[0.762s] -- Up-to-date symlink: /home/student/RS1/RS1_group/scamazon/ros2_ws_group/install/dynamixel_sdk/share/dynamixel_sdk/environment/library_path.dsv
[0.762s] -- Up-to-date symlink: /home/student/RS1/RS1_group/scamazon/ros2_ws_group/install/dynamixel_sdk/share/ament_index/resource_index/package_run_dependencies/dynamixel_sdk
[0.762s] -- Up-to-date symlink: /home/student/RS1/RS1_group/scamazon/ros2_ws_group/install/dynamixel_sdk/share/ament_index/resource_index/parent_prefix_path/dynamixel_sdk
[0.762s] -- Up-to-date symlink: /home/student/RS1/RS1_group/scamazon/ros2_ws_group/install/dynamixel_sdk/share/dynamixel_sdk/environment/ament_prefix_path.sh
[0.762s] -- Up-to-date symlink: /home/student/RS1/RS1_group/scamazon/ros2_ws_group/install/dynamixel_sdk/share/dynamixel_sdk/environment/ament_prefix_path.dsv
[0.764s] -- Up-to-date symlink: /home/student/RS1/RS1_group/scamazon/ros2_ws_group/install/dynamixel_sdk/share/dynamixel_sdk/environment/path.sh
[0.764s] -- Up-to-date symlink: /home/student/RS1/RS1_group/scamazon/ros2_ws_group/install/dynamixel_sdk/share/dynamixel_sdk/environment/path.dsv
[0.765s] -- Up-to-date symlink: /home/student/RS1/RS1_group/scamazon/ros2_ws_group/install/dynamixel_sdk/share/dynamixel_sdk/local_setup.bash
[0.765s] -- Up-to-date symlink: /home/student/RS1/RS1_group/scamazon/ros2_ws_group/install/dynamixel_sdk/share/dynamixel_sdk/local_setup.sh
[0.765s] -- Up-to-date symlink: /home/student/RS1/RS1_group/scamazon/ros2_ws_group/install/dynamixel_sdk/share/dynamixel_sdk/local_setup.zsh
[0.766s] -- Up-to-date symlink: /home/student/RS1/RS1_group/scamazon/ros2_ws_group/install/dynamixel_sdk/share/dynamixel_sdk/local_setup.dsv
[0.766s] -- Symlinking: /home/student/RS1/RS1_group/scamazon/ros2_ws_group/install/dynamixel_sdk/share/dynamixel_sdk/package.dsv
[0.800s] -- Up-to-date symlink: /home/student/RS1/RS1_group/scamazon/ros2_ws_group/install/dynamixel_sdk/share/ament_index/resource_index/packages/dynamixel_sdk
[0.801s] -- Up-to-date symlink: /home/student/RS1/RS1_group/scamazon/ros2_ws_group/install/dynamixel_sdk/share/dynamixel_sdk/cmake/ament_cmake_export_include_directories-extras.cmake
[0.801s] -- Up-to-date symlink: /home/student/RS1/RS1_group/scamazon/ros2_ws_group/install/dynamixel_sdk/share/dynamixel_sdk/cmake/ament_cmake_export_libraries-extras.cmake
[0.801s] -- Up-to-date symlink: /home/student/RS1/RS1_group/scamazon/ros2_ws_group/install/dynamixel_sdk/share/dynamixel_sdk/cmake/dynamixel_sdkConfig.cmake
[0.802s] -- Up-to-date symlink: /home/student/RS1/RS1_group/scamazon/ros2_ws_group/install/dynamixel_sdk/share/dynamixel_sdk/cmake/dynamixel_sdkConfig-version.cmake
[0.802s] -- Up-to-date symlink: /home/student/RS1/RS1_group/scamazon/ros2_ws_group/install/dynamixel_sdk/share/dynamixel_sdk/package.xml
[0.838s] Invoked command in '/home/student/RS1/RS1_group/scamazon/ros2_ws_group/build/dynamixel_sdk' returned '0': CMAKE_PREFIX_PATH=${CMAKE_PREFIX_PATH}:/home/student/RS1/RS1_group/scamazon/ros2_ws_group/install/turtlebot3_teleop:/home/student/RS1/RS1_group/scamazon/ros2_ws_group/install/turtlebot3_example:/home/student/ros2_ws/install/turtlebot3_teleop:/home/student/ros2_ws/install/turtlebot3_example:/home/student/ros2_ws/install/tb3_lab1:/opt/ros/humble /usr/bin/cmake --install /home/student/RS1/RS1_group/scamazon/ros2_ws_group/build/dynamixel_sdk
