[2.532s] Invoking command in '/home/student/RS1/RS1_group/scamazon/ros2_ws_group/src/build/turtlebot3_example': AMENT_PREFIX_PATH=/home/student/RS1/RS1_group/scamazon/ros2_ws_group/src/install/turtlebot3_msgs:${AMENT_PREFIX_PATH} CMAKE_PREFIX_PATH=/home/student/RS1/RS1_group/scamazon/ros2_ws_group/src/install/turtlebot3_msgs:${CMAKE_PREFIX_PATH} LD_LIBRARY_PATH=/home/student/RS1/RS1_group/scamazon/ros2_ws_group/src/install/turtlebot3_msgs/lib:/home/student/ros2_ws/install/turtlesim/lib:/home/student/ros2_ws/install/turtlebot3_msgs/lib:/home/student/ros2_ws/install/dynamixel_sdk_custom_interfaces/lib:/home/student/ros2_ws/install/dynamixel_sdk/lib:/usr/lib/x86_64-linux-gnu/gazebo-11/plugins:/opt/ros/humble/opt/rviz_ogre_vendor/lib:/opt/ros/humble/lib/x86_64-linux-gnu:/opt/ros/humble/lib:/usr/lib/x86_64-linux-gnu/gazebo-11/plugins:/usr/lib/x86_64-linux-gnu/gazebo-11/plugins:/usr/lib/x86_64-linux-gnu/gazebo-11/plugins:/usr/lib/x86_64-linux-gnu/gazebo-11/plugins:/usr/lib/x86_64-linux-gnu/gazebo-11/plugins:/usr/lib/x86_64-linux-gnu/gazebo-11/plugins PYTHONPATH=/home/student/RS1/RS1_group/scamazon/ros2_ws_group/src/build/turtlebot3_example/prefix_override:/usr/lib/python3/dist-packages/colcon_core/task/python/colcon_distutils_commands:/home/student/RS1/RS1_group/scamazon/ros2_ws_group/src/install/turtlebot3_example/lib/python3.10/site-packages:/home/student/RS1/RS1_group/scamazon/ros2_ws_group/src/install/turtlebot3_msgs/local/lib/python3.10/dist-packages:${PYTHONPATH} /usr/bin/python3 -W ignore:setup.py install is deprecated setup.py develop --editable --build-directory /home/student/RS1/RS1_group/scamazon/ros2_ws_group/src/build/turtlebot3_example/build --no-deps symlink_data
[3.458s] running develop
[3.459s] /usr/lib/python3/dist-packages/setuptools/command/easy_install.py:158: EasyInstallDeprecationWarning: easy_install command is deprecated. Use build and pip and other standards-based tools.
[3.459s]   warnings.warn(
[4.112s] running egg_info
[4.112s] creating turtlebot3_example.egg-info
[4.113s] writing turtlebot3_example.egg-info/PKG-INFO
[4.114s] writing dependency_links to turtlebot3_example.egg-info/dependency_links.txt
[4.115s] writing entry points to turtlebot3_example.egg-info/entry_points.txt
[4.115s] writing requirements to turtlebot3_example.egg-info/requires.txt
[4.116s] writing top-level names to turtlebot3_example.egg-info/top_level.txt
[4.117s] writing manifest file 'turtlebot3_example.egg-info/SOURCES.txt'
[4.124s] reading manifest file 'turtlebot3_example.egg-info/SOURCES.txt'
[4.125s] writing manifest file 'turtlebot3_example.egg-info/SOURCES.txt'
[4.128s] running build_ext
[4.129s] Creating /home/student/RS1/RS1_group/scamazon/ros2_ws_group/src/install/turtlebot3_example/lib/python3.10/site-packages/turtlebot3-example.egg-link (link to .)
[4.137s] Installing turtlebot3_obstacle_detection script to /home/student/RS1/RS1_group/scamazon/ros2_ws_group/src/install/turtlebot3_example/lib/turtlebot3_example
[4.137s] Installing turtlebot3_patrol_client script to /home/student/RS1/RS1_group/scamazon/ros2_ws_group/src/install/turtlebot3_example/lib/turtlebot3_example
[4.138s] Installing turtlebot3_patrol_server script to /home/student/RS1/RS1_group/scamazon/ros2_ws_group/src/install/turtlebot3_example/lib/turtlebot3_example
[4.138s] Installing turtlebot3_position_control script to /home/student/RS1/RS1_group/scamazon/ros2_ws_group/src/install/turtlebot3_example/lib/turtlebot3_example
[4.138s] 
[4.138s] Installed /home/student/RS1/RS1_group/scamazon/ros2_ws_group/src/build/turtlebot3_example
[4.139s] running symlink_data
[4.139s] creating /home/student/RS1/RS1_group/scamazon/ros2_ws_group/src/install/turtlebot3_example/share/ament_index
[4.139s] creating /home/student/RS1/RS1_group/scamazon/ros2_ws_group/src/install/turtlebot3_example/share/ament_index/resource_index
[4.139s] creating /home/student/RS1/RS1_group/scamazon/ros2_ws_group/src/install/turtlebot3_example/share/ament_index/resource_index/packages
[4.140s] symbolically linking /home/student/RS1/RS1_group/scamazon/ros2_ws_group/src/build/turtlebot3_example/resource/turtlebot3_example -> /home/student/RS1/RS1_group/scamazon/ros2_ws_group/src/install/turtlebot3_example/share/ament_index/resource_index/packages
[4.140s] symbolically linking /home/student/RS1/RS1_group/scamazon/ros2_ws_group/src/build/turtlebot3_example/package.xml -> /home/student/RS1/RS1_group/scamazon/ros2_ws_group/src/install/turtlebot3_example/share/turtlebot3_example
[4.239s] Invoked command in '/home/student/RS1/RS1_group/scamazon/ros2_ws_group/src/build/turtlebot3_example' returned '0': AMENT_PREFIX_PATH=/home/student/RS1/RS1_group/scamazon/ros2_ws_group/src/install/turtlebot3_msgs:${AMENT_PREFIX_PATH} CMAKE_PREFIX_PATH=/home/student/RS1/RS1_group/scamazon/ros2_ws_group/src/install/turtlebot3_msgs:${CMAKE_PREFIX_PATH} LD_LIBRARY_PATH=/home/student/RS1/RS1_group/scamazon/ros2_ws_group/src/install/turtlebot3_msgs/lib:/home/student/ros2_ws/install/turtlesim/lib:/home/student/ros2_ws/install/turtlebot3_msgs/lib:/home/student/ros2_ws/install/dynamixel_sdk_custom_interfaces/lib:/home/student/ros2_ws/install/dynamixel_sdk/lib:/usr/lib/x86_64-linux-gnu/gazebo-11/plugins:/opt/ros/humble/opt/rviz_ogre_vendor/lib:/opt/ros/humble/lib/x86_64-linux-gnu:/opt/ros/humble/lib:/usr/lib/x86_64-linux-gnu/gazebo-11/plugins:/usr/lib/x86_64-linux-gnu/gazebo-11/plugins:/usr/lib/x86_64-linux-gnu/gazebo-11/plugins:/usr/lib/x86_64-linux-gnu/gazebo-11/plugins:/usr/lib/x86_64-linux-gnu/gazebo-11/plugins:/usr/lib/x86_64-linux-gnu/gazebo-11/plugins PYTHONPATH=/home/student/RS1/RS1_group/scamazon/ros2_ws_group/src/build/turtlebot3_example/prefix_override:/usr/lib/python3/dist-packages/colcon_core/task/python/colcon_distutils_commands:/home/student/RS1/RS1_group/scamazon/ros2_ws_group/src/install/turtlebot3_example/lib/python3.10/site-packages:/home/student/RS1/RS1_group/scamazon/ros2_ws_group/src/install/turtlebot3_msgs/local/lib/python3.10/dist-packages:${PYTHONPATH} /usr/bin/python3 -W ignore:setup.py install is deprecated setup.py develop --editable --build-directory /home/student/RS1/RS1_group/scamazon/ros2_ws_group/src/build/turtlebot3_example/build --no-deps symlink_data
