[2.483s] Invoking command in '/home/student/RS1/RS1_group/scamazon/ros2_ws_group/build/turtlebot3_teleop': PYTHONPATH=/home/student/RS1/RS1_group/scamazon/ros2_ws_group/build/turtlebot3_teleop/prefix_override:/usr/lib/python3/dist-packages/colcon_core/task/python/colcon_distutils_commands:/home/student/RS1/RS1_group/scamazon/ros2_ws_group/install/turtlebot3_teleop/lib/python3.10/site-packages:${PYTHONPATH} /usr/bin/python3 -W ignore:setup.py install is deprecated setup.py develop --editable --build-directory /home/student/RS1/RS1_group/scamazon/ros2_ws_group/build/turtlebot3_teleop/build --no-deps symlink_data
[2.932s] running develop
[2.940s] /usr/lib/python3/dist-packages/setuptools/command/easy_install.py:158: EasyInstallDeprecationWarning: easy_install command is deprecated. Use build and pip and other standards-based tools.
[2.941s]   warnings.warn(
[3.177s] running egg_info
[3.177s] creating turtlebot3_teleop.egg-info
[3.177s] writing turtlebot3_teleop.egg-info/PKG-INFO
[3.177s] writing dependency_links to turtlebot3_teleop.egg-info/dependency_links.txt
[3.178s] writing entry points to turtlebot3_teleop.egg-info/entry_points.txt
[3.178s] writing requirements to turtlebot3_teleop.egg-info/requires.txt
[3.178s] writing top-level names to turtlebot3_teleop.egg-info/top_level.txt
[3.178s] writing manifest file 'turtlebot3_teleop.egg-info/SOURCES.txt'
[3.180s] reading manifest file 'turtlebot3_teleop.egg-info/SOURCES.txt'
[3.181s] writing manifest file 'turtlebot3_teleop.egg-info/SOURCES.txt'
[3.183s] running build_ext
[3.183s] Creating /home/student/RS1/RS1_group/scamazon/ros2_ws_group/install/turtlebot3_teleop/lib/python3.10/site-packages/turtlebot3-teleop.egg-link (link to .)
[3.184s] Installing teleop_keyboard script to /home/student/RS1/RS1_group/scamazon/ros2_ws_group/install/turtlebot3_teleop/lib/turtlebot3_teleop
[3.184s] 
[3.185s] Installed /home/student/RS1/RS1_group/scamazon/ros2_ws_group/build/turtlebot3_teleop
[3.185s] running symlink_data
[3.185s] creating /home/student/RS1/RS1_group/scamazon/ros2_ws_group/install/turtlebot3_teleop/share/ament_index
[3.185s] creating /home/student/RS1/RS1_group/scamazon/ros2_ws_group/install/turtlebot3_teleop/share/ament_index/resource_index
[3.186s] creating /home/student/RS1/RS1_group/scamazon/ros2_ws_group/install/turtlebot3_teleop/share/ament_index/resource_index/packages
[3.186s] symbolically linking /home/student/RS1/RS1_group/scamazon/ros2_ws_group/build/turtlebot3_teleop/resource/turtlebot3_teleop -> /home/student/RS1/RS1_group/scamazon/ros2_ws_group/install/turtlebot3_teleop/share/ament_index/resource_index/packages
[3.186s] symbolically linking /home/student/RS1/RS1_group/scamazon/ros2_ws_group/build/turtlebot3_teleop/package.xml -> /home/student/RS1/RS1_group/scamazon/ros2_ws_group/install/turtlebot3_teleop/share/turtlebot3_teleop
[3.230s] Invoked command in '/home/student/RS1/RS1_group/scamazon/ros2_ws_group/build/turtlebot3_teleop' returned '0': PYTHONPATH=/home/student/RS1/RS1_group/scamazon/ros2_ws_group/build/turtlebot3_teleop/prefix_override:/usr/lib/python3/dist-packages/colcon_core/task/python/colcon_distutils_commands:/home/student/RS1/RS1_group/scamazon/ros2_ws_group/install/turtlebot3_teleop/lib/python3.10/site-packages:${PYTHONPATH} /usr/bin/python3 -W ignore:setup.py install is deprecated setup.py develop --editable --build-directory /home/student/RS1/RS1_group/scamazon/ros2_ws_group/build/turtlebot3_teleop/build --no-deps symlink_data
