[1.164s] Invoking command in '/home/student/RS1/RS1_group/scamazon/ros2_ws_group/build/turtlebot3_teleop': PYTHONPATH=/home/student/RS1/RS1_group/scamazon/ros2_ws_group/build/turtlebot3_teleop/prefix_override:/usr/lib/python3/dist-packages/colcon_core/task/python/colcon_distutils_commands:/home/student/RS1/RS1_group/scamazon/ros2_ws_group/install/turtlebot3_teleop/lib/python3.10/site-packages:${PYTHONPATH} /usr/bin/python3 -W ignore:setup.py install is deprecated setup.py develop --uninstall --editable --build-directory /home/student/RS1/RS1_group/scamazon/ros2_ws_group/build/turtlebot3_teleop/build
[1.566s] running develop
[1.566s] /usr/lib/python3/dist-packages/setuptools/command/easy_install.py:158: EasyInstallDeprecationWarning: easy_install command is deprecated. Use build and pip and other standards-based tools.
[1.567s]   warnings.warn(
[1.831s] Removing /home/student/RS1/RS1_group/scamazon/ros2_ws_group/install/turtlebot3_teleop/lib/python3.10/site-packages/turtlebot3-teleop.egg-link (link to .)
[1.863s] Invoked command in '/home/student/RS1/RS1_group/scamazon/ros2_ws_group/build/turtlebot3_teleop' returned '0': PYTHONPATH=/home/student/RS1/RS1_group/scamazon/ros2_ws_group/build/turtlebot3_teleop/prefix_override:/usr/lib/python3/dist-packages/colcon_core/task/python/colcon_distutils_commands:/home/student/RS1/RS1_group/scamazon/ros2_ws_group/install/turtlebot3_teleop/lib/python3.10/site-packages:${PYTHONPATH} /usr/bin/python3 -W ignore:setup.py install is deprecated setup.py develop --uninstall --editable --build-directory /home/student/RS1/RS1_group/scamazon/ros2_ws_group/build/turtlebot3_teleop/build
[1.865s] Invoking command in '/home/student/RS1/RS1_group/scamazon/ros2_ws_group/src/turtlebot3/turtlebot3_teleop': PYTHONPATH=/home/student/RS1/RS1_group/scamazon/ros2_ws_group/build/turtlebot3_teleop/prefix_override:/usr/lib/python3/dist-packages/colcon_core/task/python/colcon_distutils_commands:/home/student/RS1/RS1_group/scamazon/ros2_ws_group/install/turtlebot3_teleop/lib/python3.10/site-packages:${PYTHONPATH} /usr/bin/python3 -W ignore:setup.py install is deprecated setup.py egg_info --egg-base ../../../build/turtlebot3_teleop build --build-base /home/student/RS1/RS1_group/scamazon/ros2_ws_group/build/turtlebot3_teleop/build install --record /home/student/RS1/RS1_group/scamazon/ros2_ws_group/build/turtlebot3_teleop/install.log --single-version-externally-managed install_data --force
[2.212s] running egg_info
[2.213s] writing ../../../build/turtlebot3_teleop/turtlebot3_teleop.egg-info/PKG-INFO
[2.213s] writing dependency_links to ../../../build/turtlebot3_teleop/turtlebot3_teleop.egg-info/dependency_links.txt
[2.214s] writing entry points to ../../../build/turtlebot3_teleop/turtlebot3_teleop.egg-info/entry_points.txt
[2.214s] writing requirements to ../../../build/turtlebot3_teleop/turtlebot3_teleop.egg-info/requires.txt
[2.214s] writing top-level names to ../../../build/turtlebot3_teleop/turtlebot3_teleop.egg-info/top_level.txt
[2.216s] reading manifest file '../../../build/turtlebot3_teleop/turtlebot3_teleop.egg-info/SOURCES.txt'
[2.217s] writing manifest file '../../../build/turtlebot3_teleop/turtlebot3_teleop.egg-info/SOURCES.txt'
[2.218s] running build
[2.218s] running build_py
[2.218s] creating /home/student/RS1/RS1_group/scamazon/ros2_ws_group/build/turtlebot3_teleop/build
[2.218s] creating /home/student/RS1/RS1_group/scamazon/ros2_ws_group/build/turtlebot3_teleop/build/lib
[2.219s] creating /home/student/RS1/RS1_group/scamazon/ros2_ws_group/build/turtlebot3_teleop/build/lib/turtlebot3_teleop
[2.219s] copying turtlebot3_teleop/__init__.py -> /home/student/RS1/RS1_group/scamazon/ros2_ws_group/build/turtlebot3_teleop/build/lib/turtlebot3_teleop
[2.219s] creating /home/student/RS1/RS1_group/scamazon/ros2_ws_group/build/turtlebot3_teleop/build/lib/turtlebot3_teleop/script
[2.219s] copying turtlebot3_teleop/script/__init__.py -> /home/student/RS1/RS1_group/scamazon/ros2_ws_group/build/turtlebot3_teleop/build/lib/turtlebot3_teleop/script
[2.219s] copying turtlebot3_teleop/script/teleop_keyboard.py -> /home/student/RS1/RS1_group/scamazon/ros2_ws_group/build/turtlebot3_teleop/build/lib/turtlebot3_teleop/script
[2.221s] running install
[2.222s] running install_lib
[2.222s] creating /home/student/RS1/RS1_group/scamazon/ros2_ws_group/install/turtlebot3_teleop/lib/python3.10/site-packages/turtlebot3_teleop
[2.223s] copying /home/student/RS1/RS1_group/scamazon/ros2_ws_group/build/turtlebot3_teleop/build/lib/turtlebot3_teleop/__init__.py -> /home/student/RS1/RS1_group/scamazon/ros2_ws_group/install/turtlebot3_teleop/lib/python3.10/site-packages/turtlebot3_teleop
[2.223s] creating /home/student/RS1/RS1_group/scamazon/ros2_ws_group/install/turtlebot3_teleop/lib/python3.10/site-packages/turtlebot3_teleop/script
[2.223s] copying /home/student/RS1/RS1_group/scamazon/ros2_ws_group/build/turtlebot3_teleop/build/lib/turtlebot3_teleop/script/__init__.py -> /home/student/RS1/RS1_group/scamazon/ros2_ws_group/install/turtlebot3_teleop/lib/python3.10/site-packages/turtlebot3_teleop/script
[2.223s] copying /home/student/RS1/RS1_group/scamazon/ros2_ws_group/build/turtlebot3_teleop/build/lib/turtlebot3_teleop/script/teleop_keyboard.py -> /home/student/RS1/RS1_group/scamazon/ros2_ws_group/install/turtlebot3_teleop/lib/python3.10/site-packages/turtlebot3_teleop/script
[2.224s] byte-compiling /home/student/RS1/RS1_group/scamazon/ros2_ws_group/install/turtlebot3_teleop/lib/python3.10/site-packages/turtlebot3_teleop/__init__.py to __init__.cpython-310.pyc
[2.225s] byte-compiling /home/student/RS1/RS1_group/scamazon/ros2_ws_group/install/turtlebot3_teleop/lib/python3.10/site-packages/turtlebot3_teleop/script/__init__.py to __init__.cpython-310.pyc
[2.228s] byte-compiling /home/student/RS1/RS1_group/scamazon/ros2_ws_group/install/turtlebot3_teleop/lib/python3.10/site-packages/turtlebot3_teleop/script/teleop_keyboard.py to teleop_keyboard.cpython-310.pyc
[2.228s] running install_data
[2.228s] copying resource/turtlebot3_teleop -> /home/student/RS1/RS1_group/scamazon/ros2_ws_group/install/turtlebot3_teleop/share/ament_index/resource_index/packages
[2.228s] copying package.xml -> /home/student/RS1/RS1_group/scamazon/ros2_ws_group/install/turtlebot3_teleop/share/turtlebot3_teleop
[2.228s] running install_egg_info
[2.229s] Copying ../../../build/turtlebot3_teleop/turtlebot3_teleop.egg-info to /home/student/RS1/RS1_group/scamazon/ros2_ws_group/install/turtlebot3_teleop/lib/python3.10/site-packages/turtlebot3_teleop-2.1.5-py3.10.egg-info
[2.231s] running install_scripts
[2.253s] Installing teleop_keyboard script to /home/student/RS1/RS1_group/scamazon/ros2_ws_group/install/turtlebot3_teleop/lib/turtlebot3_teleop
[2.253s] writing list of installed files to '/home/student/RS1/RS1_group/scamazon/ros2_ws_group/build/turtlebot3_teleop/install.log'
[2.289s] Invoked command in '/home/student/RS1/RS1_group/scamazon/ros2_ws_group/src/turtlebot3/turtlebot3_teleop' returned '0': PYTHONPATH=/home/student/RS1/RS1_group/scamazon/ros2_ws_group/build/turtlebot3_teleop/prefix_override:/usr/lib/python3/dist-packages/colcon_core/task/python/colcon_distutils_commands:/home/student/RS1/RS1_group/scamazon/ros2_ws_group/install/turtlebot3_teleop/lib/python3.10/site-packages:${PYTHONPATH} /usr/bin/python3 -W ignore:setup.py install is deprecated setup.py egg_info --egg-base ../../../build/turtlebot3_teleop build --build-base /home/student/RS1/RS1_group/scamazon/ros2_ws_group/build/turtlebot3_teleop/build install --record /home/student/RS1/RS1_group/scamazon/ros2_ws_group/build/turtlebot3_teleop/install.log --single-version-externally-managed install_data --force
