[1.309s] Invoking command in '/home/student/RS1/RS1_group/scamazon/ros2_ws_group/src/build/turtlebot3_node': AMENT_PREFIX_PATH=/home/student/RS1/RS1_group/scamazon/ros2_ws_group/src/install/turtlebot3_msgs:/home/student/RS1/RS1_group/scamazon/ros2_ws_group/src/install/dynamixel_sdk:${AMENT_PREFIX_PATH} CMAKE_PREFIX_PATH=/home/student/RS1/RS1_group/scamazon/ros2_ws_group/src/install/turtlebot3_msgs:/home/student/RS1/RS1_group/scamazon/ros2_ws_group/src/install/dynamixel_sdk:/home/student/ros2_ws/install/turtlesim:/home/student/ros2_ws/install/turtlebot3:/home/student/ros2_ws/install/turtlebot3_simulations:/home/student/ros2_ws/install/turtlebot3_bringup:/home/student/ros2_ws/install/turtlebot3_node:/home/student/ros2_ws/install/turtlebot3_navigation2:/home/student/ros2_ws/install/turtlebot3_fake_node:/home/student/ros2_ws/install/turtlebot3_msgs:/home/student/ros2_ws/install/turtlebot3_gazebo:/home/student/ros2_ws/install/turtlebot3_description:/home/student/ros2_ws/install/turtlebot3_cartographer:/home/student/ros2_ws/install/tb3_lab1_cpp:/home/student/ros2_ws/install/dynamixel_sdk_examples:/home/student/ros2_ws/install/dynamixel_sdk_custom_interfaces:/home/student/ros2_ws/install/dynamixel_sdk:/home/student/ros2_ws/install/turtlebot3_teleop:/home/student/ros2_ws/install/turtlebot3_example:/home/student/ros2_ws/install/tb3_lab1:/opt/ros/humble LD_LIBRARY_PATH=/home/student/RS1/RS1_group/scamazon/ros2_ws_group/src/install/turtlebot3_msgs/lib:/home/student/RS1/RS1_group/scamazon/ros2_ws_group/src/install/dynamixel_sdk/lib:/home/student/ros2_ws/install/turtlesim/lib:/home/student/ros2_ws/install/turtlebot3_msgs/lib:/home/student/ros2_ws/install/dynamixel_sdk_custom_interfaces/lib:/home/student/ros2_ws/install/dynamixel_sdk/lib:/usr/lib/x86_64-linux-gnu/gazebo-11/plugins:/opt/ros/humble/opt/rviz_ogre_vendor/lib:/opt/ros/humble/lib/x86_64-linux-gnu:/opt/ros/humble/lib:/usr/lib/x86_64-linux-gnu/gazebo-11/plugins:/usr/lib/x86_64-linux-gnu/gazebo-11/plugins:/usr/lib/x86_64-linux-gnu/gazebo-11/plugins:/usr/lib/x86_64-linux-gnu/gazebo-11/plugins:/usr/lib/x86_64-linux-gnu/gazebo-11/plugins:/usr/lib/x86_64-linux-gnu/gazebo-11/plugins PYTHONPATH=/home/student/RS1/RS1_group/scamazon/ros2_ws_group/src/install/turtlebot3_msgs/local/lib/python3.10/dist-packages:${PYTHONPATH} /usr/bin/cmake /home/student/RS1/RS1_group/scamazon/ros2_ws_group/src/turtlebot3/turtlebot3_node -DAMENT_CMAKE_SYMLINK_INSTALL=1 -DCMAKE_INSTALL_PREFIX=/home/student/RS1/RS1_group/scamazon/ros2_ws_group/src/install/turtlebot3_node
[1.651s] -- The C compiler identification is GNU 11.4.0
[1.871s] -- The CXX compiler identification is GNU 11.4.0
[1.898s] -- Detecting C compiler ABI info
[2.334s] -- Detecting C compiler ABI info - done
[2.364s] -- Check for working C compiler: /usr/bin/cc - skipped
[2.364s] -- Detecting C compile features
[2.375s] -- Detecting C compile features - done
[2.381s] -- Detecting CXX compiler ABI info
[2.834s] -- Detecting CXX compiler ABI info - done
[2.850s] -- Check for working CXX compiler: /usr/bin/c++ - skipped
[2.850s] -- Detecting CXX compile features
[2.851s] -- Detecting CXX compile features - done
[2.879s] -- Found ament_cmake: 1.3.9 (/opt/ros/humble/share/ament_cmake/cmake)
[3.371s] -- Found Python3: /usr/bin/python3 (found version "3.10.12") found components: Interpreter 
[3.603s] -- Override CMake install command with custom implementation using symlinks instead of copying resources
[3.758s] -- Found dynamixel_sdk: 3.7.60 (/home/student/RS1/RS1_group/scamazon/ros2_ws_group/src/install/dynamixel_sdk/share/dynamixel_sdk/cmake)
[3.782s] -- Found geometry_msgs: 4.2.4 (/opt/ros/humble/share/geometry_msgs/cmake)
[3.922s] -- Found rosidl_generator_c: 3.1.5 (/opt/ros/humble/share/rosidl_generator_c/cmake)
[3.936s] -- Found rosidl_adapter: 3.1.5 (/opt/ros/humble/share/rosidl_adapter/cmake)
[3.956s] -- Found rosidl_generator_cpp: 3.1.5 (/opt/ros/humble/share/rosidl_generator_cpp/cmake)
[3.988s] -- Using all available rosidl_typesupport_c: rosidl_typesupport_fastrtps_c;rosidl_typesupport_introspection_c
[4.090s] -- Using all available rosidl_typesupport_cpp: rosidl_typesupport_fastrtps_cpp;rosidl_typesupport_introspection_cpp
[4.445s] -- Found message_filters: 4.3.4 (/opt/ros/humble/share/message_filters/cmake)
[4.611s] -- Found rmw_implementation_cmake: 6.1.2 (/opt/ros/humble/share/rmw_implementation_cmake/cmake)
[4.631s] -- Found rmw_fastrtps_cpp: 6.2.6 (/opt/ros/humble/share/rmw_fastrtps_cpp/cmake)
[5.260s] -- Found OpenSSL: /usr/lib/x86_64-linux-gnu/libcrypto.so (found version "3.0.2")  
[5.324s] -- Found FastRTPS: /opt/ros/humble/include  
[5.477s] -- Using RMW implementation 'rmw_fastrtps_cpp' as default
[5.522s] -- Looking for pthread.h
[5.962s] -- Looking for pthread.h - found
[6.094s] -- Performing Test CMAKE_HAVE_LIBC_PTHREAD
[6.504s] -- Performing Test CMAKE_HAVE_LIBC_PTHREAD - Success
[6.506s] -- Found Threads: TRUE  
[6.881s] -- Found nav_msgs: 4.2.4 (/opt/ros/humble/share/nav_msgs/cmake)
[7.047s] -- Found sensor_msgs: 4.2.4 (/opt/ros/humble/share/sensor_msgs/cmake)
[7.230s] -- Found std_srvs: 4.2.4 (/opt/ros/humble/share/std_srvs/cmake)
[7.267s] -- Found tf2: 0.25.7 (/opt/ros/humble/share/tf2/cmake)
[7.299s] -- Found tf2_ros: 0.25.7 (/opt/ros/humble/share/tf2_ros/cmake)
[8.048s] -- Found turtlebot3_msgs: 2.2.3 (/home/student/RS1/RS1_group/scamazon/ros2_ws_group/src/install/turtlebot3_msgs/share/turtlebot3_msgs/cmake)
[8.420s] -- Configuring done
[8.471s] -- Generating done
[8.476s] -- Build files have been written to: /home/student/RS1/RS1_group/scamazon/ros2_ws_group/src/build/turtlebot3_node
[8.504s] Invoked command in '/home/student/RS1/RS1_group/scamazon/ros2_ws_group/src/build/turtlebot3_node' returned '0': AMENT_PREFIX_PATH=/home/student/RS1/RS1_group/scamazon/ros2_ws_group/src/install/turtlebot3_msgs:/home/student/RS1/RS1_group/scamazon/ros2_ws_group/src/install/dynamixel_sdk:${AMENT_PREFIX_PATH} CMAKE_PREFIX_PATH=/home/student/RS1/RS1_group/scamazon/ros2_ws_group/src/install/turtlebot3_msgs:/home/student/RS1/RS1_group/scamazon/ros2_ws_group/src/install/dynamixel_sdk:/home/student/ros2_ws/install/turtlesim:/home/student/ros2_ws/install/turtlebot3:/home/student/ros2_ws/install/turtlebot3_simulations:/home/student/ros2_ws/install/turtlebot3_bringup:/home/student/ros2_ws/install/turtlebot3_node:/home/student/ros2_ws/install/turtlebot3_navigation2:/home/student/ros2_ws/install/turtlebot3_fake_node:/home/student/ros2_ws/install/turtlebot3_msgs:/home/student/ros2_ws/install/turtlebot3_gazebo:/home/student/ros2_ws/install/turtlebot3_description:/home/student/ros2_ws/install/turtlebot3_cartographer:/home/student/ros2_ws/install/tb3_lab1_cpp:/home/student/ros2_ws/install/dynamixel_sdk_examples:/home/student/ros2_ws/install/dynamixel_sdk_custom_interfaces:/home/student/ros2_ws/install/dynamixel_sdk:/home/student/ros2_ws/install/turtlebot3_teleop:/home/student/ros2_ws/install/turtlebot3_example:/home/student/ros2_ws/install/tb3_lab1:/opt/ros/humble LD_LIBRARY_PATH=/home/student/RS1/RS1_group/scamazon/ros2_ws_group/src/install/turtlebot3_msgs/lib:/home/student/RS1/RS1_group/scamazon/ros2_ws_group/src/install/dynamixel_sdk/lib:/home/student/ros2_ws/install/turtlesim/lib:/home/student/ros2_ws/install/turtlebot3_msgs/lib:/home/student/ros2_ws/install/dynamixel_sdk_custom_interfaces/lib:/home/student/ros2_ws/install/dynamixel_sdk/lib:/usr/lib/x86_64-linux-gnu/gazebo-11/plugins:/opt/ros/humble/opt/rviz_ogre_vendor/lib:/opt/ros/humble/lib/x86_64-linux-gnu:/opt/ros/humble/lib:/usr/lib/x86_64-linux-gnu/gazebo-11/plugins:/usr/lib/x86_64-linux-gnu/gazebo-11/plugins:/usr/lib/x86_64-linux-gnu/gazebo-11/plugins:/usr/lib/x86_64-linux-gnu/gazebo-11/plugins:/usr/lib/x86_64-linux-gnu/gazebo-11/plugins:/usr/lib/x86_64-linux-gnu/gazebo-11/plugins PYTHONPATH=/home/student/RS1/RS1_group/scamazon/ros2_ws_group/src/install/turtlebot3_msgs/local/lib/python3.10/dist-packages:${PYTHONPATH} /usr/bin/cmake /home/student/RS1/RS1_group/scamazon/ros2_ws_group/src/turtlebot3/turtlebot3_node -DAMENT_CMAKE_SYMLINK_INSTALL=1 -DCMAKE_INSTALL_PREFIX=/home/student/RS1/RS1_group/scamazon/ros2_ws_group/src/install/turtlebot3_node
[8.504s] Invoking command in '/home/student/RS1/RS1_group/scamazon/ros2_ws_group/src/build/turtlebot3_node': AMENT_PREFIX_PATH=/home/student/RS1/RS1_group/scamazon/ros2_ws_group/src/install/turtlebot3_msgs:/home/student/RS1/RS1_group/scamazon/ros2_ws_group/src/install/dynamixel_sdk:${AMENT_PREFIX_PATH} CMAKE_PREFIX_PATH=/home/student/RS1/RS1_group/scamazon/ros2_ws_group/src/install/turtlebot3_msgs:/home/student/RS1/RS1_group/scamazon/ros2_ws_group/src/install/dynamixel_sdk:/home/student/ros2_ws/install/turtlesim:/home/student/ros2_ws/install/turtlebot3:/home/student/ros2_ws/install/turtlebot3_simulations:/home/student/ros2_ws/install/turtlebot3_bringup:/home/student/ros2_ws/install/turtlebot3_node:/home/student/ros2_ws/install/turtlebot3_navigation2:/home/student/ros2_ws/install/turtlebot3_fake_node:/home/student/ros2_ws/install/turtlebot3_msgs:/home/student/ros2_ws/install/turtlebot3_gazebo:/home/student/ros2_ws/install/turtlebot3_description:/home/student/ros2_ws/install/turtlebot3_cartographer:/home/student/ros2_ws/install/tb3_lab1_cpp:/home/student/ros2_ws/install/dynamixel_sdk_examples:/home/student/ros2_ws/install/dynamixel_sdk_custom_interfaces:/home/student/ros2_ws/install/dynamixel_sdk:/home/student/ros2_ws/install/turtlebot3_teleop:/home/student/ros2_ws/install/turtlebot3_example:/home/student/ros2_ws/install/tb3_lab1:/opt/ros/humble LD_LIBRARY_PATH=/home/student/RS1/RS1_group/scamazon/ros2_ws_group/src/install/turtlebot3_msgs/lib:/home/student/RS1/RS1_group/scamazon/ros2_ws_group/src/install/dynamixel_sdk/lib:/home/student/ros2_ws/install/turtlesim/lib:/home/student/ros2_ws/install/turtlebot3_msgs/lib:/home/student/ros2_ws/install/dynamixel_sdk_custom_interfaces/lib:/home/student/ros2_ws/install/dynamixel_sdk/lib:/usr/lib/x86_64-linux-gnu/gazebo-11/plugins:/opt/ros/humble/opt/rviz_ogre_vendor/lib:/opt/ros/humble/lib/x86_64-linux-gnu:/opt/ros/humble/lib:/usr/lib/x86_64-linux-gnu/gazebo-11/plugins:/usr/lib/x86_64-linux-gnu/gazebo-11/plugins:/usr/lib/x86_64-linux-gnu/gazebo-11/plugins:/usr/lib/x86_64-linux-gnu/gazebo-11/plugins:/usr/lib/x86_64-linux-gnu/gazebo-11/plugins:/usr/lib/x86_64-linux-gnu/gazebo-11/plugins PYTHONPATH=/home/student/RS1/RS1_group/scamazon/ros2_ws_group/src/install/turtlebot3_msgs/local/lib/python3.10/dist-packages:${PYTHONPATH} /usr/bin/cmake --build /home/student/RS1/RS1_group/scamazon/ros2_ws_group/src/build/turtlebot3_node -- -j8 -l8
[8.735s] [  7%] [32mBuilding CXX object CMakeFiles/turtlebot3_node_lib.dir/src/devices/motor_power.cpp.o[0m
[17.758s] [ 14%] [32mBuilding CXX object CMakeFiles/turtlebot3_node_lib.dir/src/sensors/battery_state.cpp.o[0m
[25.225s] [ 21%] [32mBuilding CXX object CMakeFiles/turtlebot3_node_lib.dir/src/sensors/imu.cpp.o[0m
[31.662s] [ 28%] [32mBuilding CXX object CMakeFiles/turtlebot3_node_lib.dir/src/sensors/joint_state.cpp.o[0m
[37.172s] [ 35%] [32mBuilding CXX object CMakeFiles/turtlebot3_node_lib.dir/src/sensors/sensor_state.cpp.o[0m
[42.261s] [ 42%] [32mBuilding CXX object CMakeFiles/turtlebot3_node_lib.dir/src/turtlebot3.cpp.o[0m
[58.903s] [ 50%] [32mBuilding CXX object CMakeFiles/turtlebot3_node_lib.dir/src/dynamixel_sdk_wrapper.cpp.o[0m
[58.931s] [ 57%] [32mBuilding CXX object CMakeFiles/turtlebot3_node_lib.dir/src/odometry.cpp.o[0m
[60.455s] [ 64%] [32mBuilding CXX object CMakeFiles/turtlebot3_node_lib.dir/src/diff_drive_controller.cpp.o[0m
[85.441s] [ 78%] [32mBuilding CXX object CMakeFiles/turtlebot3_node_lib.dir/src/devices/reset.cpp.o[0m
[85.441s] [ 78%] [32mBuilding CXX object CMakeFiles/turtlebot3_node_lib.dir/src/devices/sound.cpp.o[0m
[89.938s] [ 85%] [32m[1mLinking CXX static library libturtlebot3_node_lib.a[0m
[90.711s] [ 85%] Built target turtlebot3_node_lib
[90.739s] [ 92%] [32mBuilding CXX object CMakeFiles/turtlebot3_ros.dir/src/node_main.cpp.o[0m
[94.821s] [100%] [32m[1mLinking CXX executable turtlebot3_ros[0m
[96.724s] [100%] Built target turtlebot3_ros
[96.737s] Invoked command in '/home/student/RS1/RS1_group/scamazon/ros2_ws_group/src/build/turtlebot3_node' returned '0': AMENT_PREFIX_PATH=/home/student/RS1/RS1_group/scamazon/ros2_ws_group/src/install/turtlebot3_msgs:/home/student/RS1/RS1_group/scamazon/ros2_ws_group/src/install/dynamixel_sdk:${AMENT_PREFIX_PATH} CMAKE_PREFIX_PATH=/home/student/RS1/RS1_group/scamazon/ros2_ws_group/src/install/turtlebot3_msgs:/home/student/RS1/RS1_group/scamazon/ros2_ws_group/src/install/dynamixel_sdk:/home/student/ros2_ws/install/turtlesim:/home/student/ros2_ws/install/turtlebot3:/home/student/ros2_ws/install/turtlebot3_simulations:/home/student/ros2_ws/install/turtlebot3_bringup:/home/student/ros2_ws/install/turtlebot3_node:/home/student/ros2_ws/install/turtlebot3_navigation2:/home/student/ros2_ws/install/turtlebot3_fake_node:/home/student/ros2_ws/install/turtlebot3_msgs:/home/student/ros2_ws/install/turtlebot3_gazebo:/home/student/ros2_ws/install/turtlebot3_description:/home/student/ros2_ws/install/turtlebot3_cartographer:/home/student/ros2_ws/install/tb3_lab1_cpp:/home/student/ros2_ws/install/dynamixel_sdk_examples:/home/student/ros2_ws/install/dynamixel_sdk_custom_interfaces:/home/student/ros2_ws/install/dynamixel_sdk:/home/student/ros2_ws/install/turtlebot3_teleop:/home/student/ros2_ws/install/turtlebot3_example:/home/student/ros2_ws/install/tb3_lab1:/opt/ros/humble LD_LIBRARY_PATH=/home/student/RS1/RS1_group/scamazon/ros2_ws_group/src/install/turtlebot3_msgs/lib:/home/student/RS1/RS1_group/scamazon/ros2_ws_group/src/install/dynamixel_sdk/lib:/home/student/ros2_ws/install/turtlesim/lib:/home/student/ros2_ws/install/turtlebot3_msgs/lib:/home/student/ros2_ws/install/dynamixel_sdk_custom_interfaces/lib:/home/student/ros2_ws/install/dynamixel_sdk/lib:/usr/lib/x86_64-linux-gnu/gazebo-11/plugins:/opt/ros/humble/opt/rviz_ogre_vendor/lib:/opt/ros/humble/lib/x86_64-linux-gnu:/opt/ros/humble/lib:/usr/lib/x86_64-linux-gnu/gazebo-11/plugins:/usr/lib/x86_64-linux-gnu/gazebo-11/plugins:/usr/lib/x86_64-linux-gnu/gazebo-11/plugins:/usr/lib/x86_64-linux-gnu/gazebo-11/plugins:/usr/lib/x86_64-linux-gnu/gazebo-11/plugins:/usr/lib/x86_64-linux-gnu/gazebo-11/plugins PYTHONPATH=/home/student/RS1/RS1_group/scamazon/ros2_ws_group/src/install/turtlebot3_msgs/local/lib/python3.10/dist-packages:${PYTHONPATH} /usr/bin/cmake --build /home/student/RS1/RS1_group/scamazon/ros2_ws_group/src/build/turtlebot3_node -- -j8 -l8
[96.818s] Invoking command in '/home/student/RS1/RS1_group/scamazon/ros2_ws_group/src/build/turtlebot3_node': AMENT_PREFIX_PATH=/home/student/RS1/RS1_group/scamazon/ros2_ws_group/src/install/turtlebot3_msgs:/home/student/RS1/RS1_group/scamazon/ros2_ws_group/src/install/dynamixel_sdk:${AMENT_PREFIX_PATH} CMAKE_PREFIX_PATH=/home/student/RS1/RS1_group/scamazon/ros2_ws_group/src/install/turtlebot3_msgs:/home/student/RS1/RS1_group/scamazon/ros2_ws_group/src/install/dynamixel_sdk:/home/student/ros2_ws/install/turtlesim:/home/student/ros2_ws/install/turtlebot3:/home/student/ros2_ws/install/turtlebot3_simulations:/home/student/ros2_ws/install/turtlebot3_bringup:/home/student/ros2_ws/install/turtlebot3_node:/home/student/ros2_ws/install/turtlebot3_navigation2:/home/student/ros2_ws/install/turtlebot3_fake_node:/home/student/ros2_ws/install/turtlebot3_msgs:/home/student/ros2_ws/install/turtlebot3_gazebo:/home/student/ros2_ws/install/turtlebot3_description:/home/student/ros2_ws/install/turtlebot3_cartographer:/home/student/ros2_ws/install/tb3_lab1_cpp:/home/student/ros2_ws/install/dynamixel_sdk_examples:/home/student/ros2_ws/install/dynamixel_sdk_custom_interfaces:/home/student/ros2_ws/install/dynamixel_sdk:/home/student/ros2_ws/install/turtlebot3_teleop:/home/student/ros2_ws/install/turtlebot3_example:/home/student/ros2_ws/install/tb3_lab1:/opt/ros/humble LD_LIBRARY_PATH=/home/student/RS1/RS1_group/scamazon/ros2_ws_group/src/install/turtlebot3_msgs/lib:/home/student/RS1/RS1_group/scamazon/ros2_ws_group/src/install/dynamixel_sdk/lib:/home/student/ros2_ws/install/turtlesim/lib:/home/student/ros2_ws/install/turtlebot3_msgs/lib:/home/student/ros2_ws/install/dynamixel_sdk_custom_interfaces/lib:/home/student/ros2_ws/install/dynamixel_sdk/lib:/usr/lib/x86_64-linux-gnu/gazebo-11/plugins:/opt/ros/humble/opt/rviz_ogre_vendor/lib:/opt/ros/humble/lib/x86_64-linux-gnu:/opt/ros/humble/lib:/usr/lib/x86_64-linux-gnu/gazebo-11/plugins:/usr/lib/x86_64-linux-gnu/gazebo-11/plugins:/usr/lib/x86_64-linux-gnu/gazebo-11/plugins:/usr/lib/x86_64-linux-gnu/gazebo-11/plugins:/usr/lib/x86_64-linux-gnu/gazebo-11/plugins:/usr/lib/x86_64-linux-gnu/gazebo-11/plugins PYTHONPATH=/home/student/RS1/RS1_group/scamazon/ros2_ws_group/src/install/turtlebot3_msgs/local/lib/python3.10/dist-packages:${PYTHONPATH} /usr/bin/cmake --install /home/student/RS1/RS1_group/scamazon/ros2_ws_group/src/build/turtlebot3_node
[96.828s] -- Install configuration: ""
[96.828s] -- Execute custom install script
[96.829s] -- Symlinking: /home/student/RS1/RS1_group/scamazon/ros2_ws_group/src/install/turtlebot3_node/share/turtlebot3_node/param/burger.yaml
[96.841s] -- Symlinking: /home/student/RS1/RS1_group/scamazon/ros2_ws_group/src/install/turtlebot3_node/share/turtlebot3_node/param/waffle.yaml
[96.853s] -- Symlinking: /home/student/RS1/RS1_group/scamazon/ros2_ws_group/src/install/turtlebot3_node/share/turtlebot3_node/param/waffle_pi.yaml
[96.866s] -- Symlinking: /home/student/RS1/RS1_group/scamazon/ros2_ws_group/src/install/turtlebot3_node/lib/turtlebot3_node/turtlebot3_ros
[96.878s] -- Symlinking: /home/student/RS1/RS1_group/scamazon/ros2_ws_group/src/install/turtlebot3_node/share/ament_index/resource_index/package_run_dependencies/turtlebot3_node
[96.889s] -- Symlinking: /home/student/RS1/RS1_group/scamazon/ros2_ws_group/src/install/turtlebot3_node/share/ament_index/resource_index/parent_prefix_path/turtlebot3_node
[96.902s] -- Symlinking: /home/student/RS1/RS1_group/scamazon/ros2_ws_group/src/install/turtlebot3_node/share/turtlebot3_node/environment/ament_prefix_path.sh
[96.915s] -- Symlinking: /home/student/RS1/RS1_group/scamazon/ros2_ws_group/src/install/turtlebot3_node/share/turtlebot3_node/environment/ament_prefix_path.dsv
[96.927s] -- Symlinking: /home/student/RS1/RS1_group/scamazon/ros2_ws_group/src/install/turtlebot3_node/share/turtlebot3_node/environment/path.sh
[96.939s] -- Symlinking: /home/student/RS1/RS1_group/scamazon/ros2_ws_group/src/install/turtlebot3_node/share/turtlebot3_node/environment/path.dsv
[96.950s] -- Symlinking: /home/student/RS1/RS1_group/scamazon/ros2_ws_group/src/install/turtlebot3_node/share/turtlebot3_node/local_setup.bash
[96.960s] -- Symlinking: /home/student/RS1/RS1_group/scamazon/ros2_ws_group/src/install/turtlebot3_node/share/turtlebot3_node/local_setup.sh
[96.970s] -- Symlinking: /home/student/RS1/RS1_group/scamazon/ros2_ws_group/src/install/turtlebot3_node/share/turtlebot3_node/local_setup.zsh
[96.980s] -- Symlinking: /home/student/RS1/RS1_group/scamazon/ros2_ws_group/src/install/turtlebot3_node/share/turtlebot3_node/local_setup.dsv
[96.991s] -- Symlinking: /home/student/RS1/RS1_group/scamazon/ros2_ws_group/src/install/turtlebot3_node/share/turtlebot3_node/package.dsv
[97.001s] -- Symlinking: /home/student/RS1/RS1_group/scamazon/ros2_ws_group/src/install/turtlebot3_node/share/ament_index/resource_index/packages/turtlebot3_node
[97.011s] -- Symlinking: /home/student/RS1/RS1_group/scamazon/ros2_ws_group/src/install/turtlebot3_node/share/turtlebot3_node/cmake/ament_cmake_export_include_directories-extras.cmake
[97.020s] -- Symlinking: /home/student/RS1/RS1_group/scamazon/ros2_ws_group/src/install/turtlebot3_node/share/turtlebot3_node/cmake/turtlebot3_nodeConfig.cmake
[97.030s] -- Symlinking: /home/student/RS1/RS1_group/scamazon/ros2_ws_group/src/install/turtlebot3_node/share/turtlebot3_node/cmake/turtlebot3_nodeConfig-version.cmake
[97.039s] -- Symlinking: /home/student/RS1/RS1_group/scamazon/ros2_ws_group/src/install/turtlebot3_node/share/turtlebot3_node/package.xml
[97.051s] Invoked command in '/home/student/RS1/RS1_group/scamazon/ros2_ws_group/src/build/turtlebot3_node' returned '0': AMENT_PREFIX_PATH=/home/student/RS1/RS1_group/scamazon/ros2_ws_group/src/install/turtlebot3_msgs:/home/student/RS1/RS1_group/scamazon/ros2_ws_group/src/install/dynamixel_sdk:${AMENT_PREFIX_PATH} CMAKE_PREFIX_PATH=/home/student/RS1/RS1_group/scamazon/ros2_ws_group/src/install/turtlebot3_msgs:/home/student/RS1/RS1_group/scamazon/ros2_ws_group/src/install/dynamixel_sdk:/home/student/ros2_ws/install/turtlesim:/home/student/ros2_ws/install/turtlebot3:/home/student/ros2_ws/install/turtlebot3_simulations:/home/student/ros2_ws/install/turtlebot3_bringup:/home/student/ros2_ws/install/turtlebot3_node:/home/student/ros2_ws/install/turtlebot3_navigation2:/home/student/ros2_ws/install/turtlebot3_fake_node:/home/student/ros2_ws/install/turtlebot3_msgs:/home/student/ros2_ws/install/turtlebot3_gazebo:/home/student/ros2_ws/install/turtlebot3_description:/home/student/ros2_ws/install/turtlebot3_cartographer:/home/student/ros2_ws/install/tb3_lab1_cpp:/home/student/ros2_ws/install/dynamixel_sdk_examples:/home/student/ros2_ws/install/dynamixel_sdk_custom_interfaces:/home/student/ros2_ws/install/dynamixel_sdk:/home/student/ros2_ws/install/turtlebot3_teleop:/home/student/ros2_ws/install/turtlebot3_example:/home/student/ros2_ws/install/tb3_lab1:/opt/ros/humble LD_LIBRARY_PATH=/home/student/RS1/RS1_group/scamazon/ros2_ws_group/src/install/turtlebot3_msgs/lib:/home/student/RS1/RS1_group/scamazon/ros2_ws_group/src/install/dynamixel_sdk/lib:/home/student/ros2_ws/install/turtlesim/lib:/home/student/ros2_ws/install/turtlebot3_msgs/lib:/home/student/ros2_ws/install/dynamixel_sdk_custom_interfaces/lib:/home/student/ros2_ws/install/dynamixel_sdk/lib:/usr/lib/x86_64-linux-gnu/gazebo-11/plugins:/opt/ros/humble/opt/rviz_ogre_vendor/lib:/opt/ros/humble/lib/x86_64-linux-gnu:/opt/ros/humble/lib:/usr/lib/x86_64-linux-gnu/gazebo-11/plugins:/usr/lib/x86_64-linux-gnu/gazebo-11/plugins:/usr/lib/x86_64-linux-gnu/gazebo-11/plugins:/usr/lib/x86_64-linux-gnu/gazebo-11/plugins:/usr/lib/x86_64-linux-gnu/gazebo-11/plugins:/usr/lib/x86_64-linux-gnu/gazebo-11/plugins PYTHONPATH=/home/student/RS1/RS1_group/scamazon/ros2_ws_group/src/install/turtlebot3_msgs/local/lib/python3.10/dist-packages:${PYTHONPATH} /usr/bin/cmake --install /home/student/RS1/RS1_group/scamazon/ros2_ws_group/src/build/turtlebot3_node
