[1.302s] Invoking command in '/home/student/RS1/RS1_group/scamazon/ros2_ws_group/src/build/turtlebot3_teleop': PYTHONPATH=/home/student/RS1/RS1_group/scamazon/ros2_ws_group/src/build/turtlebot3_teleop/prefix_override:/usr/lib/python3/dist-packages/colcon_core/task/python/colcon_distutils_commands:/home/student/RS1/RS1_group/scamazon/ros2_ws_group/src/install/turtlebot3_teleop/lib/python3.10/site-packages:${PYTHONPATH} /usr/bin/python3 -W ignore:setup.py install is deprecated setup.py develop --editable --build-directory /home/student/RS1/RS1_group/scamazon/ros2_ws_group/src/build/turtlebot3_teleop/build --no-deps symlink_data
[1.967s] running develop
[1.968s] /usr/lib/python3/dist-packages/setuptools/command/easy_install.py:158: EasyInstallDeprecationWarning: easy_install command is deprecated. Use build and pip and other standards-based tools.
[1.968s]   warnings.warn(
[2.325s] running egg_info
[2.326s] creating turtlebot3_teleop.egg-info
[2.327s] writing turtlebot3_teleop.egg-info/PKG-INFO
[2.327s] writing dependency_links to turtlebot3_teleop.egg-info/dependency_links.txt
[2.328s] writing entry points to turtlebot3_teleop.egg-info/entry_points.txt
[2.328s] writing requirements to turtlebot3_teleop.egg-info/requires.txt
[2.328s] writing top-level names to turtlebot3_teleop.egg-info/top_level.txt
[2.329s] writing manifest file 'turtlebot3_teleop.egg-info/SOURCES.txt'
[2.332s] reading manifest file 'turtlebot3_teleop.egg-info/SOURCES.txt'
[2.333s] writing manifest file 'turtlebot3_teleop.egg-info/SOURCES.txt'
[2.336s] running build_ext
[2.337s] Creating /home/student/RS1/RS1_group/scamazon/ros2_ws_group/src/install/turtlebot3_teleop/lib/python3.10/site-packages/turtlebot3-teleop.egg-link (link to .)
[2.339s] Installing teleop_keyboard script to /home/student/RS1/RS1_group/scamazon/ros2_ws_group/src/install/turtlebot3_teleop/lib/turtlebot3_teleop
[2.340s] 
[2.340s] Installed /home/student/RS1/RS1_group/scamazon/ros2_ws_group/src/build/turtlebot3_teleop
[2.340s] running symlink_data
[2.340s] creating /home/student/RS1/RS1_group/scamazon/ros2_ws_group/src/install/turtlebot3_teleop/share/ament_index
[2.341s] creating /home/student/RS1/RS1_group/scamazon/ros2_ws_group/src/install/turtlebot3_teleop/share/ament_index/resource_index
[2.341s] creating /home/student/RS1/RS1_group/scamazon/ros2_ws_group/src/install/turtlebot3_teleop/share/ament_index/resource_index/packages
[2.341s] symbolically linking /home/student/RS1/RS1_group/scamazon/ros2_ws_group/src/build/turtlebot3_teleop/resource/turtlebot3_teleop -> /home/student/RS1/RS1_group/scamazon/ros2_ws_group/src/install/turtlebot3_teleop/share/ament_index/resource_index/packages
[2.341s] symbolically linking /home/student/RS1/RS1_group/scamazon/ros2_ws_group/src/build/turtlebot3_teleop/package.xml -> /home/student/RS1/RS1_group/scamazon/ros2_ws_group/src/install/turtlebot3_teleop/share/turtlebot3_teleop
[2.405s] Invoked command in '/home/student/RS1/RS1_group/scamazon/ros2_ws_group/src/build/turtlebot3_teleop' returned '0': PYTHONPATH=/home/student/RS1/RS1_group/scamazon/ros2_ws_group/src/build/turtlebot3_teleop/prefix_override:/usr/lib/python3/dist-packages/colcon_core/task/python/colcon_distutils_commands:/home/student/RS1/RS1_group/scamazon/ros2_ws_group/src/install/turtlebot3_teleop/lib/python3.10/site-packages:${PYTHONPATH} /usr/bin/python3 -W ignore:setup.py install is deprecated setup.py develop --editable --build-directory /home/student/RS1/RS1_group/scamazon/ros2_ws_group/src/build/turtlebot3_teleop/build --no-deps symlink_data
