[0.064s] Invoking command in '/home/student/RS1/RS1_group/scamazon/ros2_ws_group/build/dynamixel_sdk': CMAKE_PREFIX_PATH=${CMAKE_PREFIX_PATH}:/home/student/ros2_ws/install/turtlebot3_teleop:/home/student/ros2_ws/install/turtlebot3_example:/home/student/ros2_ws/install/tb3_lab1:/opt/ros/humble /usr/bin/cmake /home/student/RS1/RS1_group/scamazon/ros2_ws_group/src/DynamixelSDK/dynamixel_sdk -DAMENT_CMAKE_SYMLINK_INSTALL=1 -DCMAKE_INSTALL_PREFIX=/home/student/RS1/RS1_group/scamazon/ros2_ws_group/install/dynamixel_sdk
[0.586s] -- The C compiler identification is GNU 11.4.0
[0.587s] -- The CXX compiler identification is GNU 11.4.0
[0.587s] -- Detecting C compiler ABI info
[0.588s] -- Detecting C compiler ABI info - done
[0.588s] -- Check for working C compiler: /usr/bin/cc - skipped
[0.589s] -- Detecting C compile features
[0.590s] -- Detecting C compile features - done
[0.590s] -- Detecting CXX compiler ABI info
[0.598s] -- Detecting CXX compiler ABI info - done
[0.613s] -- Check for working CXX compiler: /usr/bin/c++ - skipped
[0.613s] -- Detecting CXX compile features
[0.613s] -- Detecting CXX compile features - done
[0.619s] -- Found ament_cmake: 1.3.9 (/opt/ros/humble/share/ament_cmake/cmake)
[0.988s] -- Found Python3: /usr/bin/python3 (found version "3.10.12") found components: Interpreter 
[1.124s] -- Override CMake install command with custom implementation using symlinks instead of copying resources
[1.346s] -- Configuring done
[1.358s] -- Generating done
[1.360s] -- Build files have been written to: /home/student/RS1/RS1_group/scamazon/ros2_ws_group/build/dynamixel_sdk
[1.375s] Invoked command in '/home/student/RS1/RS1_group/scamazon/ros2_ws_group/build/dynamixel_sdk' returned '0': CMAKE_PREFIX_PATH=${CMAKE_PREFIX_PATH}:/home/student/ros2_ws/install/turtlebot3_teleop:/home/student/ros2_ws/install/turtlebot3_example:/home/student/ros2_ws/install/tb3_lab1:/opt/ros/humble /usr/bin/cmake /home/student/RS1/RS1_group/scamazon/ros2_ws_group/src/DynamixelSDK/dynamixel_sdk -DAMENT_CMAKE_SYMLINK_INSTALL=1 -DCMAKE_INSTALL_PREFIX=/home/student/RS1/RS1_group/scamazon/ros2_ws_group/install/dynamixel_sdk
[1.375s] Invoking command in '/home/student/RS1/RS1_group/scamazon/ros2_ws_group/build/dynamixel_sdk': CMAKE_PREFIX_PATH=${CMAKE_PREFIX_PATH}:/home/student/ros2_ws/install/turtlebot3_teleop:/home/student/ros2_ws/install/turtlebot3_example:/home/student/ros2_ws/install/tb3_lab1:/opt/ros/humble /usr/bin/cmake --build /home/student/RS1/RS1_group/scamazon/ros2_ws_group/build/dynamixel_sdk -- -j8 -l8
[1.495s] [ 10%] [32mBuilding CXX object CMakeFiles/dynamixel_sdk.dir/src/dynamixel_sdk/packet_handler.cpp.o[0m
[1.495s] [ 20%] [32mBuilding CXX object CMakeFiles/dynamixel_sdk.dir/src/dynamixel_sdk/protocol1_packet_handler.cpp.o[0m
[1.500s] [ 40%] [32mBuilding CXX object CMakeFiles/dynamixel_sdk.dir/src/dynamixel_sdk/group_sync_read.cpp.o[0m
[1.503s] [ 40%] [32mBuilding CXX object CMakeFiles/dynamixel_sdk.dir/src/dynamixel_sdk/protocol2_packet_handler.cpp.o[0m
[1.504s] [ 50%] [32mBuilding CXX object CMakeFiles/dynamixel_sdk.dir/src/dynamixel_sdk/group_sync_write.cpp.o[0m
[1.517s] [ 60%] [32mBuilding CXX object CMakeFiles/dynamixel_sdk.dir/src/dynamixel_sdk/group_bulk_read.cpp.o[0m
[1.537s] [ 70%] [32mBuilding CXX object CMakeFiles/dynamixel_sdk.dir/src/dynamixel_sdk/group_bulk_write.cpp.o[0m
[1.557s] [ 80%] [32mBuilding CXX object CMakeFiles/dynamixel_sdk.dir/src/dynamixel_sdk/port_handler.cpp.o[0m
[1.691s] [ 90%] [32mBuilding CXX object CMakeFiles/dynamixel_sdk.dir/src/dynamixel_sdk/port_handler_linux.cpp.o[0m
[2.579s] [100%] [32m[1mLinking CXX shared library libdynamixel_sdk.so[0m
[2.729s] [100%] Built target dynamixel_sdk
[2.736s] Invoked command in '/home/student/RS1/RS1_group/scamazon/ros2_ws_group/build/dynamixel_sdk' returned '0': CMAKE_PREFIX_PATH=${CMAKE_PREFIX_PATH}:/home/student/ros2_ws/install/turtlebot3_teleop:/home/student/ros2_ws/install/turtlebot3_example:/home/student/ros2_ws/install/tb3_lab1:/opt/ros/humble /usr/bin/cmake --build /home/student/RS1/RS1_group/scamazon/ros2_ws_group/build/dynamixel_sdk -- -j8 -l8
[2.823s] Invoking command in '/home/student/RS1/RS1_group/scamazon/ros2_ws_group/build/dynamixel_sdk': CMAKE_PREFIX_PATH=${CMAKE_PREFIX_PATH}:/home/student/ros2_ws/install/turtlebot3_teleop:/home/student/ros2_ws/install/turtlebot3_example:/home/student/ros2_ws/install/tb3_lab1:/opt/ros/humble /usr/bin/cmake --install /home/student/RS1/RS1_group/scamazon/ros2_ws_group/build/dynamixel_sdk
[2.837s] -- Install configuration: ""
[2.837s] -- Execute custom install script
[2.838s] -- Symlinking: /home/student/RS1/RS1_group/scamazon/ros2_ws_group/install/dynamixel_sdk/include//dynamixel_sdk/dynamixel_sdk.h
[2.855s] -- Symlinking: /home/student/RS1/RS1_group/scamazon/ros2_ws_group/install/dynamixel_sdk/include//dynamixel_sdk/group_bulk_read.h
[2.875s] -- Symlinking: /home/student/RS1/RS1_group/scamazon/ros2_ws_group/install/dynamixel_sdk/include//dynamixel_sdk/group_bulk_write.h
[2.885s] -- Symlinking: /home/student/RS1/RS1_group/scamazon/ros2_ws_group/install/dynamixel_sdk/include//dynamixel_sdk/group_sync_read.h
[2.897s] -- Symlinking: /home/student/RS1/RS1_group/scamazon/ros2_ws_group/install/dynamixel_sdk/include//dynamixel_sdk/group_sync_write.h
[2.909s] -- Symlinking: /home/student/RS1/RS1_group/scamazon/ros2_ws_group/install/dynamixel_sdk/include//dynamixel_sdk/packet_handler.h
[2.922s] -- Symlinking: /home/student/RS1/RS1_group/scamazon/ros2_ws_group/install/dynamixel_sdk/include//dynamixel_sdk/port_handler.h
[2.936s] -- Symlinking: /home/student/RS1/RS1_group/scamazon/ros2_ws_group/install/dynamixel_sdk/include//dynamixel_sdk/port_handler_arduino.h
[2.950s] -- Symlinking: /home/student/RS1/RS1_group/scamazon/ros2_ws_group/install/dynamixel_sdk/include//dynamixel_sdk/port_handler_linux.h
[2.965s] -- Symlinking: /home/student/RS1/RS1_group/scamazon/ros2_ws_group/install/dynamixel_sdk/include//dynamixel_sdk/port_handler_mac.h
[2.982s] -- Symlinking: /home/student/RS1/RS1_group/scamazon/ros2_ws_group/install/dynamixel_sdk/include//dynamixel_sdk/port_handler_windows.h
[2.994s] -- Symlinking: /home/student/RS1/RS1_group/scamazon/ros2_ws_group/install/dynamixel_sdk/include//dynamixel_sdk/protocol1_packet_handler.h
[3.006s] -- Symlinking: /home/student/RS1/RS1_group/scamazon/ros2_ws_group/install/dynamixel_sdk/include//dynamixel_sdk/protocol2_packet_handler.h
[3.022s] -- Symlinking: /home/student/RS1/RS1_group/scamazon/ros2_ws_group/install/dynamixel_sdk/lib/libdynamixel_sdk.so
[3.038s] -- Symlinking: /home/student/RS1/RS1_group/scamazon/ros2_ws_group/install/dynamixel_sdk/share/dynamixel_sdk/environment/library_path.sh
[3.051s] -- Symlinking: /home/student/RS1/RS1_group/scamazon/ros2_ws_group/install/dynamixel_sdk/share/dynamixel_sdk/environment/library_path.dsv
[3.069s] -- Symlinking: /home/student/RS1/RS1_group/scamazon/ros2_ws_group/install/dynamixel_sdk/share/ament_index/resource_index/package_run_dependencies/dynamixel_sdk
[3.084s] -- Symlinking: /home/student/RS1/RS1_group/scamazon/ros2_ws_group/install/dynamixel_sdk/share/ament_index/resource_index/parent_prefix_path/dynamixel_sdk
[3.096s] -- Symlinking: /home/student/RS1/RS1_group/scamazon/ros2_ws_group/install/dynamixel_sdk/share/dynamixel_sdk/environment/ament_prefix_path.sh
[3.110s] -- Symlinking: /home/student/RS1/RS1_group/scamazon/ros2_ws_group/install/dynamixel_sdk/share/dynamixel_sdk/environment/ament_prefix_path.dsv
[3.126s] -- Symlinking: /home/student/RS1/RS1_group/scamazon/ros2_ws_group/install/dynamixel_sdk/share/dynamixel_sdk/environment/path.sh
[3.143s] -- Symlinking: /home/student/RS1/RS1_group/scamazon/ros2_ws_group/install/dynamixel_sdk/share/dynamixel_sdk/environment/path.dsv
[3.155s] -- Symlinking: /home/student/RS1/RS1_group/scamazon/ros2_ws_group/install/dynamixel_sdk/share/dynamixel_sdk/local_setup.bash
[3.169s] -- Symlinking: /home/student/RS1/RS1_group/scamazon/ros2_ws_group/install/dynamixel_sdk/share/dynamixel_sdk/local_setup.sh
[3.180s] -- Symlinking: /home/student/RS1/RS1_group/scamazon/ros2_ws_group/install/dynamixel_sdk/share/dynamixel_sdk/local_setup.zsh
[3.193s] -- Symlinking: /home/student/RS1/RS1_group/scamazon/ros2_ws_group/install/dynamixel_sdk/share/dynamixel_sdk/local_setup.dsv
[3.208s] -- Symlinking: /home/student/RS1/RS1_group/scamazon/ros2_ws_group/install/dynamixel_sdk/share/dynamixel_sdk/package.dsv
[3.224s] -- Symlinking: /home/student/RS1/RS1_group/scamazon/ros2_ws_group/install/dynamixel_sdk/share/ament_index/resource_index/packages/dynamixel_sdk
[3.236s] -- Symlinking: /home/student/RS1/RS1_group/scamazon/ros2_ws_group/install/dynamixel_sdk/share/dynamixel_sdk/cmake/ament_cmake_export_include_directories-extras.cmake
[3.249s] -- Symlinking: /home/student/RS1/RS1_group/scamazon/ros2_ws_group/install/dynamixel_sdk/share/dynamixel_sdk/cmake/ament_cmake_export_libraries-extras.cmake
[3.268s] -- Symlinking: /home/student/RS1/RS1_group/scamazon/ros2_ws_group/install/dynamixel_sdk/share/dynamixel_sdk/cmake/dynamixel_sdkConfig.cmake
[3.281s] -- Symlinking: /home/student/RS1/RS1_group/scamazon/ros2_ws_group/install/dynamixel_sdk/share/dynamixel_sdk/cmake/dynamixel_sdkConfig-version.cmake
[3.291s] -- Symlinking: /home/student/RS1/RS1_group/scamazon/ros2_ws_group/install/dynamixel_sdk/share/dynamixel_sdk/package.xml
[3.308s] Invoked command in '/home/student/RS1/RS1_group/scamazon/ros2_ws_group/build/dynamixel_sdk' returned '0': CMAKE_PREFIX_PATH=${CMAKE_PREFIX_PATH}:/home/student/ros2_ws/install/turtlebot3_teleop:/home/student/ros2_ws/install/turtlebot3_example:/home/student/ros2_ws/install/tb3_lab1:/opt/ros/humble /usr/bin/cmake --install /home/student/RS1/RS1_group/scamazon/ros2_ws_group/build/dynamixel_sdk
