[0.064s] Invoking command in '/home/student/RS1/RS1_group/scamazon/ros2_ws_group/build/turtlebot3_description': CMAKE_PREFIX_PATH=${CMAKE_PREFIX_PATH}:/home/student/RS1/RS1_group/scamazon/ros2_ws_group/install/turtlebot3_teleop:/home/student/RS1/RS1_group/scamazon/ros2_ws_group/install/turtlebot3_example:/home/student/ros2_ws/install/turtlebot3_teleop:/home/student/ros2_ws/install/turtlebot3_example:/home/student/ros2_ws/install/tb3_lab1:/opt/ros/humble /usr/bin/cmake --build /home/student/RS1/RS1_group/scamazon/ros2_ws_group/build/turtlebot3_description -- -j8 -l8
[0.170s] Invoked command in '/home/student/RS1/RS1_group/scamazon/ros2_ws_group/build/turtlebot3_description' returned '0': CMAKE_PREFIX_PATH=${CMAKE_PREFIX_PATH}:/home/student/RS1/RS1_group/scamazon/ros2_ws_group/install/turtlebot3_teleop:/home/student/RS1/RS1_group/scamazon/ros2_ws_group/install/turtlebot3_example:/home/student/ros2_ws/install/turtlebot3_teleop:/home/student/ros2_ws/install/turtlebot3_example:/home/student/ros2_ws/install/tb3_lab1:/opt/ros/humble /usr/bin/cmake --build /home/student/RS1/RS1_group/scamazon/ros2_ws_group/build/turtlebot3_description -- -j8 -l8
[0.255s] Invoking command in '/home/student/RS1/RS1_group/scamazon/ros2_ws_group/build/turtlebot3_description': CMAKE_PREFIX_PATH=${CMAKE_PREFIX_PATH}:/home/student/RS1/RS1_group/scamazon/ros2_ws_group/install/turtlebot3_teleop:/home/student/RS1/RS1_group/scamazon/ros2_ws_group/install/turtlebot3_example:/home/student/ros2_ws/install/turtlebot3_teleop:/home/student/ros2_ws/install/turtlebot3_example:/home/student/ros2_ws/install/tb3_lab1:/opt/ros/humble /usr/bin/cmake --install /home/student/RS1/RS1_group/scamazon/ros2_ws_group/build/turtlebot3_description
[0.271s] -- Install configuration: ""
[0.272s] -- Execute custom install script
[0.275s] -- Up-to-date symlink: /home/student/RS1/RS1_group/scamazon/ros2_ws_group/install/turtlebot3_description/share/turtlebot3_description/meshes/bases/burger_base.stl
[0.276s] -- Up-to-date symlink: /home/student/RS1/RS1_group/scamazon/ros2_ws_group/install/turtlebot3_description/share/turtlebot3_description/meshes/bases/waffle_base.stl
[0.276s] -- Up-to-date symlink: /home/student/RS1/RS1_group/scamazon/ros2_ws_group/install/turtlebot3_description/share/turtlebot3_description/meshes/bases/waffle_pi_base.stl
[0.277s] -- Up-to-date symlink: /home/student/RS1/RS1_group/scamazon/ros2_ws_group/install/turtlebot3_description/share/turtlebot3_description/meshes/sensors/astra.dae
[0.278s] -- Up-to-date symlink: /home/student/RS1/RS1_group/scamazon/ros2_ws_group/install/turtlebot3_description/share/turtlebot3_description/meshes/sensors/astra.jpg
[0.278s] -- Up-to-date symlink: /home/student/RS1/RS1_group/scamazon/ros2_ws_group/install/turtlebot3_description/share/turtlebot3_description/meshes/sensors/lds.stl
[0.280s] -- Up-to-date symlink: /home/student/RS1/RS1_group/scamazon/ros2_ws_group/install/turtlebot3_description/share/turtlebot3_description/meshes/sensors/r200.dae
[0.281s] -- Up-to-date symlink: /home/student/RS1/RS1_group/scamazon/ros2_ws_group/install/turtlebot3_description/share/turtlebot3_description/meshes/sensors/r200.jpg
[0.281s] -- Up-to-date symlink: /home/student/RS1/RS1_group/scamazon/ros2_ws_group/install/turtlebot3_description/share/turtlebot3_description/meshes/wheels/left_tire.stl
[0.281s] -- Up-to-date symlink: /home/student/RS1/RS1_group/scamazon/ros2_ws_group/install/turtlebot3_description/share/turtlebot3_description/meshes/wheels/right_tire.stl
[0.281s] -- Up-to-date symlink: /home/student/RS1/RS1_group/scamazon/ros2_ws_group/install/turtlebot3_description/share/turtlebot3_description/rviz/model.rviz
[0.282s] -- Up-to-date symlink: /home/student/RS1/RS1_group/scamazon/ros2_ws_group/install/turtlebot3_description/share/turtlebot3_description/urdf/common_properties.urdf
[0.282s] -- Up-to-date symlink: /home/student/RS1/RS1_group/scamazon/ros2_ws_group/install/turtlebot3_description/share/turtlebot3_description/urdf/turtlebot3_burger.urdf
[0.282s] -- Up-to-date symlink: /home/student/RS1/RS1_group/scamazon/ros2_ws_group/install/turtlebot3_description/share/turtlebot3_description/urdf/turtlebot3_waffle.urdf
[0.282s] -- Up-to-date symlink: /home/student/RS1/RS1_group/scamazon/ros2_ws_group/install/turtlebot3_description/share/turtlebot3_description/urdf/turtlebot3_waffle_pi.urdf
[0.282s] -- Up-to-date symlink: /home/student/RS1/RS1_group/scamazon/ros2_ws_group/install/turtlebot3_description/share/ament_index/resource_index/package_run_dependencies/turtlebot3_description
[0.283s] -- Up-to-date symlink: /home/student/RS1/RS1_group/scamazon/ros2_ws_group/install/turtlebot3_description/share/ament_index/resource_index/parent_prefix_path/turtlebot3_description
[0.283s] -- Up-to-date symlink: /home/student/RS1/RS1_group/scamazon/ros2_ws_group/install/turtlebot3_description/share/turtlebot3_description/environment/ament_prefix_path.sh
[0.284s] -- Up-to-date symlink: /home/student/RS1/RS1_group/scamazon/ros2_ws_group/install/turtlebot3_description/share/turtlebot3_description/environment/ament_prefix_path.dsv
[0.284s] -- Up-to-date symlink: /home/student/RS1/RS1_group/scamazon/ros2_ws_group/install/turtlebot3_description/share/turtlebot3_description/environment/path.sh
[0.284s] -- Up-to-date symlink: /home/student/RS1/RS1_group/scamazon/ros2_ws_group/install/turtlebot3_description/share/turtlebot3_description/environment/path.dsv
[0.285s] -- Up-to-date symlink: /home/student/RS1/RS1_group/scamazon/ros2_ws_group/install/turtlebot3_description/share/turtlebot3_description/local_setup.bash
[0.285s] -- Up-to-date symlink: /home/student/RS1/RS1_group/scamazon/ros2_ws_group/install/turtlebot3_description/share/turtlebot3_description/local_setup.sh
[0.286s] -- Up-to-date symlink: /home/student/RS1/RS1_group/scamazon/ros2_ws_group/install/turtlebot3_description/share/turtlebot3_description/local_setup.zsh
[0.286s] -- Up-to-date symlink: /home/student/RS1/RS1_group/scamazon/ros2_ws_group/install/turtlebot3_description/share/turtlebot3_description/local_setup.dsv
[0.286s] -- Symlinking: /home/student/RS1/RS1_group/scamazon/ros2_ws_group/install/turtlebot3_description/share/turtlebot3_description/package.dsv
[0.298s] -- Up-to-date symlink: /home/student/RS1/RS1_group/scamazon/ros2_ws_group/install/turtlebot3_description/share/ament_index/resource_index/packages/turtlebot3_description
[0.298s] -- Up-to-date symlink: /home/student/RS1/RS1_group/scamazon/ros2_ws_group/install/turtlebot3_description/share/turtlebot3_description/cmake/turtlebot3_descriptionConfig.cmake
[0.298s] -- Up-to-date symlink: /home/student/RS1/RS1_group/scamazon/ros2_ws_group/install/turtlebot3_description/share/turtlebot3_description/cmake/turtlebot3_descriptionConfig-version.cmake
[0.298s] -- Up-to-date symlink: /home/student/RS1/RS1_group/scamazon/ros2_ws_group/install/turtlebot3_description/share/turtlebot3_description/package.xml
[0.310s] Invoked command in '/home/student/RS1/RS1_group/scamazon/ros2_ws_group/build/turtlebot3_description' returned '0': CMAKE_PREFIX_PATH=${CMAKE_PREFIX_PATH}:/home/student/RS1/RS1_group/scamazon/ros2_ws_group/install/turtlebot3_teleop:/home/student/RS1/RS1_group/scamazon/ros2_ws_group/install/turtlebot3_example:/home/student/ros2_ws/install/turtlebot3_teleop:/home/student/ros2_ws/install/turtlebot3_example:/home/student/ros2_ws/install/tb3_lab1:/opt/ros/humble /usr/bin/cmake --install /home/student/RS1/RS1_group/scamazon/ros2_ws_group/build/turtlebot3_description
