[0.963s] Invoking command in '/home/student/RS1/RS1_group/scamazon/ros2_ws_group/build/turtlebot3_example': AMENT_PREFIX_PATH=/home/student/RS1/RS1_group/scamazon/ros2_ws_group/install/turtlebot3_msgs:${AMENT_PREFIX_PATH} CMAKE_PREFIX_PATH=/home/student/RS1/RS1_group/scamazon/ros2_ws_group/install/turtlebot3_msgs:${CMAKE_PREFIX_PATH} LD_LIBRARY_PATH=/home/student/RS1/RS1_group/scamazon/ros2_ws_group/install/turtlebot3_msgs/lib:/home/student/ros2_ws/install/turtlesim/lib:/home/student/ros2_ws/install/turtlebot3_msgs/lib:/home/student/ros2_ws/install/dynamixel_sdk_custom_interfaces/lib:/home/student/ros2_ws/install/dynamixel_sdk/lib:/usr/lib/x86_64-linux-gnu/gazebo-11/plugins:/opt/ros/humble/opt/rviz_ogre_vendor/lib:/opt/ros/humble/lib/x86_64-linux-gnu:/opt/ros/humble/lib:/usr/lib/x86_64-linux-gnu/gazebo-11/plugins:/usr/lib/x86_64-linux-gnu/gazebo-11/plugins:/usr/lib/x86_64-linux-gnu/gazebo-11/plugins PYTHONPATH=/home/student/RS1/RS1_group/scamazon/ros2_ws_group/build/turtlebot3_example/prefix_override:/usr/lib/python3/dist-packages/colcon_core/task/python/colcon_distutils_commands:/home/student/RS1/RS1_group/scamazon/ros2_ws_group/install/turtlebot3_example/lib/python3.10/site-packages:/home/student/RS1/RS1_group/scamazon/ros2_ws_group/install/turtlebot3_msgs/local/lib/python3.10/dist-packages:${PYTHONPATH} /usr/bin/python3 -W ignore:setup.py install is deprecated setup.py develop --editable --build-directory /home/student/RS1/RS1_group/scamazon/ros2_ws_group/build/turtlebot3_example/build --no-deps symlink_data
[1.299s] running develop
[1.299s] /usr/lib/python3/dist-packages/setuptools/command/easy_install.py:158: EasyInstallDeprecationWarning: easy_install command is deprecated. Use build and pip and other standards-based tools.
[1.299s]   warnings.warn(
[1.503s] running egg_info
[1.503s] writing turtlebot3_example.egg-info/PKG-INFO
[1.504s] writing dependency_links to turtlebot3_example.egg-info/dependency_links.txt
[1.504s] writing entry points to turtlebot3_example.egg-info/entry_points.txt
[1.504s] writing requirements to turtlebot3_example.egg-info/requires.txt
[1.504s] writing top-level names to turtlebot3_example.egg-info/top_level.txt
[1.507s] reading manifest file 'turtlebot3_example.egg-info/SOURCES.txt'
[1.510s] writing manifest file 'turtlebot3_example.egg-info/SOURCES.txt'
[1.512s] running build_ext
[1.512s] Creating /home/student/RS1/RS1_group/scamazon/ros2_ws_group/install/turtlebot3_example/lib/python3.10/site-packages/turtlebot3-example.egg-link (link to .)
[1.512s] Installing turtlebot3_obstacle_detection script to /home/student/RS1/RS1_group/scamazon/ros2_ws_group/install/turtlebot3_example/lib/turtlebot3_example
[1.513s] Installing turtlebot3_patrol_client script to /home/student/RS1/RS1_group/scamazon/ros2_ws_group/install/turtlebot3_example/lib/turtlebot3_example
[1.513s] Installing turtlebot3_patrol_server script to /home/student/RS1/RS1_group/scamazon/ros2_ws_group/install/turtlebot3_example/lib/turtlebot3_example
[1.513s] Installing turtlebot3_position_control script to /home/student/RS1/RS1_group/scamazon/ros2_ws_group/install/turtlebot3_example/lib/turtlebot3_example
[1.513s] 
[1.513s] Installed /home/student/RS1/RS1_group/scamazon/ros2_ws_group/build/turtlebot3_example
[1.513s] running symlink_data
[1.547s] Invoked command in '/home/student/RS1/RS1_group/scamazon/ros2_ws_group/build/turtlebot3_example' returned '0': AMENT_PREFIX_PATH=/home/student/RS1/RS1_group/scamazon/ros2_ws_group/install/turtlebot3_msgs:${AMENT_PREFIX_PATH} CMAKE_PREFIX_PATH=/home/student/RS1/RS1_group/scamazon/ros2_ws_group/install/turtlebot3_msgs:${CMAKE_PREFIX_PATH} LD_LIBRARY_PATH=/home/student/RS1/RS1_group/scamazon/ros2_ws_group/install/turtlebot3_msgs/lib:/home/student/ros2_ws/install/turtlesim/lib:/home/student/ros2_ws/install/turtlebot3_msgs/lib:/home/student/ros2_ws/install/dynamixel_sdk_custom_interfaces/lib:/home/student/ros2_ws/install/dynamixel_sdk/lib:/usr/lib/x86_64-linux-gnu/gazebo-11/plugins:/opt/ros/humble/opt/rviz_ogre_vendor/lib:/opt/ros/humble/lib/x86_64-linux-gnu:/opt/ros/humble/lib:/usr/lib/x86_64-linux-gnu/gazebo-11/plugins:/usr/lib/x86_64-linux-gnu/gazebo-11/plugins:/usr/lib/x86_64-linux-gnu/gazebo-11/plugins PYTHONPATH=/home/student/RS1/RS1_group/scamazon/ros2_ws_group/build/turtlebot3_example/prefix_override:/usr/lib/python3/dist-packages/colcon_core/task/python/colcon_distutils_commands:/home/student/RS1/RS1_group/scamazon/ros2_ws_group/install/turtlebot3_example/lib/python3.10/site-packages:/home/student/RS1/RS1_group/scamazon/ros2_ws_group/install/turtlebot3_msgs/local/lib/python3.10/dist-packages:${PYTHONPATH} /usr/bin/python3 -W ignore:setup.py install is deprecated setup.py develop --editable --build-directory /home/student/RS1/RS1_group/scamazon/ros2_ws_group/build/turtlebot3_example/build --no-deps symlink_data
