[0.057s] Invoking command in '/home/student/RS1/RS1_group/scamazon/ros2_ws_group/src/build/dynamixel_sdk': CMAKE_PREFIX_PATH=${CMAKE_PREFIX_PATH}:/home/student/ros2_ws/install/turtlebot3_teleop:/home/student/ros2_ws/install/turtlebot3_example:/home/student/ros2_ws/install/tb3_lab1:/opt/ros/humble /usr/bin/cmake /home/student/RS1/RS1_group/scamazon/ros2_ws_group/src/DynamixelSDK/dynamixel_sdk -DAMENT_CMAKE_SYMLINK_INSTALL=1 -DCMAKE_INSTALL_PREFIX=/home/student/RS1/RS1_group/scamazon/ros2_ws_group/src/install/dynamixel_sdk
[0.180s] -- The C compiler identification is GNU 11.4.0
[0.296s] -- The CXX compiler identification is GNU 11.4.0
[0.312s] -- Detecting C compiler ABI info
[0.482s] -- Detecting C compiler ABI info - done
[0.501s] -- Check for working C compiler: /usr/bin/cc - skipped
[0.502s] -- Detecting C compile features
[0.502s] -- Detecting C compile features - done
[0.508s] -- Detecting CXX compiler ABI info
[0.671s] -- Detecting CXX compiler ABI info - done
[0.686s] -- Check for working CXX compiler: /usr/bin/c++ - skipped
[0.686s] -- Detecting CXX compile features
[0.687s] -- Detecting CXX compile features - done
[0.694s] -- Found ament_cmake: 1.3.9 (/opt/ros/humble/share/ament_cmake/cmake)
[0.988s] -- Found Python3: /usr/bin/python3 (found version "3.10.12") found components: Interpreter 
[1.100s] -- Override CMake install command with custom implementation using symlinks instead of copying resources
[1.311s] -- Configuring done
[1.335s] -- Generating done
[1.335s] -- Build files have been written to: /home/student/RS1/RS1_group/scamazon/ros2_ws_group/src/build/dynamixel_sdk
[1.341s] Invoked command in '/home/student/RS1/RS1_group/scamazon/ros2_ws_group/src/build/dynamixel_sdk' returned '0': CMAKE_PREFIX_PATH=${CMAKE_PREFIX_PATH}:/home/student/ros2_ws/install/turtlebot3_teleop:/home/student/ros2_ws/install/turtlebot3_example:/home/student/ros2_ws/install/tb3_lab1:/opt/ros/humble /usr/bin/cmake /home/student/RS1/RS1_group/scamazon/ros2_ws_group/src/DynamixelSDK/dynamixel_sdk -DAMENT_CMAKE_SYMLINK_INSTALL=1 -DCMAKE_INSTALL_PREFIX=/home/student/RS1/RS1_group/scamazon/ros2_ws_group/src/install/dynamixel_sdk
[1.341s] Invoking command in '/home/student/RS1/RS1_group/scamazon/ros2_ws_group/src/build/dynamixel_sdk': CMAKE_PREFIX_PATH=${CMAKE_PREFIX_PATH}:/home/student/ros2_ws/install/turtlebot3_teleop:/home/student/ros2_ws/install/turtlebot3_example:/home/student/ros2_ws/install/tb3_lab1:/opt/ros/humble /usr/bin/cmake --build /home/student/RS1/RS1_group/scamazon/ros2_ws_group/src/build/dynamixel_sdk -- -j8 -l8
[1.439s] [ 10%] [32mBuilding CXX object CMakeFiles/dynamixel_sdk.dir/src/dynamixel_sdk/packet_handler.cpp.o[0m
[1.441s] [ 20%] [32mBuilding CXX object CMakeFiles/dynamixel_sdk.dir/src/dynamixel_sdk/protocol2_packet_handler.cpp.o[0m
[1.445s] [ 30%] [32mBuilding CXX object CMakeFiles/dynamixel_sdk.dir/src/dynamixel_sdk/group_sync_read.cpp.o[0m
[1.449s] [ 40%] [32mBuilding CXX object CMakeFiles/dynamixel_sdk.dir/src/dynamixel_sdk/group_sync_write.cpp.o[0m
[1.456s] [ 50%] [32mBuilding CXX object CMakeFiles/dynamixel_sdk.dir/src/dynamixel_sdk/group_bulk_read.cpp.o[0m
[1.458s] [ 60%] [32mBuilding CXX object CMakeFiles/dynamixel_sdk.dir/src/dynamixel_sdk/protocol1_packet_handler.cpp.o[0m
[1.467s] [ 70%] [32mBuilding CXX object CMakeFiles/dynamixel_sdk.dir/src/dynamixel_sdk/group_bulk_write.cpp.o[0m
[1.553s] [ 80%] [32mBuilding CXX object CMakeFiles/dynamixel_sdk.dir/src/dynamixel_sdk/port_handler.cpp.o[0m
[1.675s] [ 90%] [32mBuilding CXX object CMakeFiles/dynamixel_sdk.dir/src/dynamixel_sdk/port_handler_linux.cpp.o[0m
[2.450s] [100%] [32m[1mLinking CXX shared library libdynamixel_sdk.so[0m
[2.582s] [100%] Built target dynamixel_sdk
[2.599s] Invoked command in '/home/student/RS1/RS1_group/scamazon/ros2_ws_group/src/build/dynamixel_sdk' returned '0': CMAKE_PREFIX_PATH=${CMAKE_PREFIX_PATH}:/home/student/ros2_ws/install/turtlebot3_teleop:/home/student/ros2_ws/install/turtlebot3_example:/home/student/ros2_ws/install/tb3_lab1:/opt/ros/humble /usr/bin/cmake --build /home/student/RS1/RS1_group/scamazon/ros2_ws_group/src/build/dynamixel_sdk -- -j8 -l8
[2.673s] Invoking command in '/home/student/RS1/RS1_group/scamazon/ros2_ws_group/src/build/dynamixel_sdk': CMAKE_PREFIX_PATH=${CMAKE_PREFIX_PATH}:/home/student/ros2_ws/install/turtlebot3_teleop:/home/student/ros2_ws/install/turtlebot3_example:/home/student/ros2_ws/install/tb3_lab1:/opt/ros/humble /usr/bin/cmake --install /home/student/RS1/RS1_group/scamazon/ros2_ws_group/src/build/dynamixel_sdk
[2.685s] -- Install configuration: ""
[2.686s] -- Execute custom install script
[2.694s] -- Symlinking: /home/student/RS1/RS1_group/scamazon/ros2_ws_group/src/install/dynamixel_sdk/include//dynamixel_sdk/dynamixel_sdk.h
[2.702s] -- Symlinking: /home/student/RS1/RS1_group/scamazon/ros2_ws_group/src/install/dynamixel_sdk/include//dynamixel_sdk/group_bulk_read.h
[2.713s] -- Symlinking: /home/student/RS1/RS1_group/scamazon/ros2_ws_group/src/install/dynamixel_sdk/include//dynamixel_sdk/group_bulk_write.h
[2.724s] -- Symlinking: /home/student/RS1/RS1_group/scamazon/ros2_ws_group/src/install/dynamixel_sdk/include//dynamixel_sdk/group_sync_read.h
[2.738s] -- Symlinking: /home/student/RS1/RS1_group/scamazon/ros2_ws_group/src/install/dynamixel_sdk/include//dynamixel_sdk/group_sync_write.h
[2.750s] -- Symlinking: /home/student/RS1/RS1_group/scamazon/ros2_ws_group/src/install/dynamixel_sdk/include//dynamixel_sdk/packet_handler.h
[2.764s] -- Symlinking: /home/student/RS1/RS1_group/scamazon/ros2_ws_group/src/install/dynamixel_sdk/include//dynamixel_sdk/port_handler.h
[2.774s] -- Symlinking: /home/student/RS1/RS1_group/scamazon/ros2_ws_group/src/install/dynamixel_sdk/include//dynamixel_sdk/port_handler_arduino.h
[2.786s] -- Symlinking: /home/student/RS1/RS1_group/scamazon/ros2_ws_group/src/install/dynamixel_sdk/include//dynamixel_sdk/port_handler_linux.h
[2.796s] -- Symlinking: /home/student/RS1/RS1_group/scamazon/ros2_ws_group/src/install/dynamixel_sdk/include//dynamixel_sdk/port_handler_mac.h
[2.807s] -- Symlinking: /home/student/RS1/RS1_group/scamazon/ros2_ws_group/src/install/dynamixel_sdk/include//dynamixel_sdk/port_handler_windows.h
[2.818s] -- Symlinking: /home/student/RS1/RS1_group/scamazon/ros2_ws_group/src/install/dynamixel_sdk/include//dynamixel_sdk/protocol1_packet_handler.h
[2.833s] -- Symlinking: /home/student/RS1/RS1_group/scamazon/ros2_ws_group/src/install/dynamixel_sdk/include//dynamixel_sdk/protocol2_packet_handler.h
[2.843s] -- Symlinking: /home/student/RS1/RS1_group/scamazon/ros2_ws_group/src/install/dynamixel_sdk/lib/libdynamixel_sdk.so
[2.855s] -- Symlinking: /home/student/RS1/RS1_group/scamazon/ros2_ws_group/src/install/dynamixel_sdk/share/dynamixel_sdk/environment/library_path.sh
[2.866s] -- Symlinking: /home/student/RS1/RS1_group/scamazon/ros2_ws_group/src/install/dynamixel_sdk/share/dynamixel_sdk/environment/library_path.dsv
[2.878s] -- Symlinking: /home/student/RS1/RS1_group/scamazon/ros2_ws_group/src/install/dynamixel_sdk/share/ament_index/resource_index/package_run_dependencies/dynamixel_sdk
[2.894s] -- Symlinking: /home/student/RS1/RS1_group/scamazon/ros2_ws_group/src/install/dynamixel_sdk/share/ament_index/resource_index/parent_prefix_path/dynamixel_sdk
[2.908s] -- Symlinking: /home/student/RS1/RS1_group/scamazon/ros2_ws_group/src/install/dynamixel_sdk/share/dynamixel_sdk/environment/ament_prefix_path.sh
[2.923s] -- Symlinking: /home/student/RS1/RS1_group/scamazon/ros2_ws_group/src/install/dynamixel_sdk/share/dynamixel_sdk/environment/ament_prefix_path.dsv
[2.939s] -- Symlinking: /home/student/RS1/RS1_group/scamazon/ros2_ws_group/src/install/dynamixel_sdk/share/dynamixel_sdk/environment/path.sh
[2.950s] -- Symlinking: /home/student/RS1/RS1_group/scamazon/ros2_ws_group/src/install/dynamixel_sdk/share/dynamixel_sdk/environment/path.dsv
[2.963s] -- Symlinking: /home/student/RS1/RS1_group/scamazon/ros2_ws_group/src/install/dynamixel_sdk/share/dynamixel_sdk/local_setup.bash
[2.979s] -- Symlinking: /home/student/RS1/RS1_group/scamazon/ros2_ws_group/src/install/dynamixel_sdk/share/dynamixel_sdk/local_setup.sh
[2.996s] -- Symlinking: /home/student/RS1/RS1_group/scamazon/ros2_ws_group/src/install/dynamixel_sdk/share/dynamixel_sdk/local_setup.zsh
[3.013s] -- Symlinking: /home/student/RS1/RS1_group/scamazon/ros2_ws_group/src/install/dynamixel_sdk/share/dynamixel_sdk/local_setup.dsv
[3.035s] -- Symlinking: /home/student/RS1/RS1_group/scamazon/ros2_ws_group/src/install/dynamixel_sdk/share/dynamixel_sdk/package.dsv
[3.052s] -- Symlinking: /home/student/RS1/RS1_group/scamazon/ros2_ws_group/src/install/dynamixel_sdk/share/ament_index/resource_index/packages/dynamixel_sdk
[3.066s] -- Symlinking: /home/student/RS1/RS1_group/scamazon/ros2_ws_group/src/install/dynamixel_sdk/share/dynamixel_sdk/cmake/ament_cmake_export_include_directories-extras.cmake
[3.080s] -- Symlinking: /home/student/RS1/RS1_group/scamazon/ros2_ws_group/src/install/dynamixel_sdk/share/dynamixel_sdk/cmake/ament_cmake_export_libraries-extras.cmake
[3.093s] -- Symlinking: /home/student/RS1/RS1_group/scamazon/ros2_ws_group/src/install/dynamixel_sdk/share/dynamixel_sdk/cmake/dynamixel_sdkConfig.cmake
[3.107s] -- Symlinking: /home/student/RS1/RS1_group/scamazon/ros2_ws_group/src/install/dynamixel_sdk/share/dynamixel_sdk/cmake/dynamixel_sdkConfig-version.cmake
[3.123s] -- Symlinking: /home/student/RS1/RS1_group/scamazon/ros2_ws_group/src/install/dynamixel_sdk/share/dynamixel_sdk/package.xml
[3.139s] Invoked command in '/home/student/RS1/RS1_group/scamazon/ros2_ws_group/src/build/dynamixel_sdk' returned '0': CMAKE_PREFIX_PATH=${CMAKE_PREFIX_PATH}:/home/student/ros2_ws/install/turtlebot3_teleop:/home/student/ros2_ws/install/turtlebot3_example:/home/student/ros2_ws/install/tb3_lab1:/opt/ros/humble /usr/bin/cmake --install /home/student/RS1/RS1_group/scamazon/ros2_ws_group/src/build/dynamixel_sdk
