[0.016s] Invoking command in '/home/student/RS1/RS1_group/scamazon/ros2_ws_group/build/turtlebot3_node': AMENT_PREFIX_PATH=/home/student/RS1/RS1_group/scamazon/ros2_ws_group/install/turtlebot3_msgs:/home/student/RS1/RS1_group/scamazon/ros2_ws_group/install/dynamixel_sdk:${AMENT_PREFIX_PATH} CMAKE_PREFIX_PATH=/home/student/RS1/RS1_group/scamazon/ros2_ws_group/install/turtlebot3_msgs:/home/student/RS1/RS1_group/scamazon/ros2_ws_group/install/dynamixel_sdk:/home/student/ros2_ws/install/turtlesim:/home/student/ros2_ws/install/turtlebot3:/home/student/ros2_ws/install/turtlebot3_simulations:/home/student/ros2_ws/install/turtlebot3_bringup:/home/student/ros2_ws/install/turtlebot3_node:/home/student/ros2_ws/install/turtlebot3_navigation2:/home/student/ros2_ws/install/turtlebot3_fake_node:/home/student/ros2_ws/install/turtlebot3_msgs:/home/student/ros2_ws/install/turtlebot3_gazebo:/home/student/ros2_ws/install/turtlebot3_description:/home/student/ros2_ws/install/turtlebot3_cartographer:/home/student/ros2_ws/install/tb3_lab1_cpp:/home/student/ros2_ws/install/dynamixel_sdk_examples:/home/student/ros2_ws/install/dynamixel_sdk_custom_interfaces:/home/student/ros2_ws/install/dynamixel_sdk:/home/student/ros2_ws/install/turtlebot3_teleop:/home/student/ros2_ws/install/turtlebot3_example:/home/student/ros2_ws/install/tb3_lab1:/opt/ros/humble LD_LIBRARY_PATH=/home/student/RS1/RS1_group/scamazon/ros2_ws_group/install/turtlebot3_msgs/lib:/home/student/RS1/RS1_group/scamazon/ros2_ws_group/install/dynamixel_sdk/lib:/home/student/ros2_ws/install/turtlesim/lib:/home/student/ros2_ws/install/turtlebot3_msgs/lib:/home/student/ros2_ws/install/dynamixel_sdk_custom_interfaces/lib:/home/student/ros2_ws/install/dynamixel_sdk/lib:/usr/lib/x86_64-linux-gnu/gazebo-11/plugins:/opt/ros/humble/opt/rviz_ogre_vendor/lib:/opt/ros/humble/lib/x86_64-linux-gnu:/opt/ros/humble/lib:/usr/lib/x86_64-linux-gnu/gazebo-11/plugins PYTHONPATH=/home/student/RS1/RS1_group/scamazon/ros2_ws_group/install/turtlebot3_msgs/local/lib/python3.10/dist-packages:${PYTHONPATH} /usr/bin/cmake /home/student/RS1/RS1_group/scamazon/ros2_ws_group/src/turtlebot3/turtlebot3_node -DAMENT_CMAKE_SYMLINK_INSTALL=1 -DCMAKE_INSTALL_PREFIX=/home/student/RS1/RS1_group/scamazon/ros2_ws_group/install/turtlebot3_node
[0.094s] -- The C compiler identification is GNU 11.4.0
[0.163s] -- The CXX compiler identification is GNU 11.4.0
[0.171s] -- Detecting C compiler ABI info
[0.319s] -- Detecting C compiler ABI info - done
[0.336s] -- Check for working C compiler: /usr/bin/cc - skipped
[0.336s] -- Detecting C compile features
[0.337s] -- Detecting C compile features - done
[0.344s] -- Detecting CXX compiler ABI info
[0.579s] -- Detecting CXX compiler ABI info - done
[0.594s] -- Check for working CXX compiler: /usr/bin/c++ - skipped
[0.594s] -- Detecting CXX compile features
[0.595s] -- Detecting CXX compile features - done
[0.604s] -- Found ament_cmake: 1.3.9 (/opt/ros/humble/share/ament_cmake/cmake)
[0.995s] -- Found Python3: /usr/bin/python3 (found version "3.10.12") found components: Interpreter 
[1.142s] -- Override CMake install command with custom implementation using symlinks instead of copying resources
[1.316s] -- Found dynamixel_sdk: 3.7.60 (/home/student/RS1/RS1_group/scamazon/ros2_ws_group/install/dynamixel_sdk/share/dynamixel_sdk/cmake)
[1.335s] -- Found geometry_msgs: 4.2.4 (/opt/ros/humble/share/geometry_msgs/cmake)
[1.518s] -- Found rosidl_generator_c: 3.1.5 (/opt/ros/humble/share/rosidl_generator_c/cmake)
[1.533s] -- Found rosidl_adapter: 3.1.5 (/opt/ros/humble/share/rosidl_adapter/cmake)
[1.557s] -- Found rosidl_generator_cpp: 3.1.5 (/opt/ros/humble/share/rosidl_generator_cpp/cmake)
[1.606s] -- Using all available rosidl_typesupport_c: rosidl_typesupport_fastrtps_c;rosidl_typesupport_introspection_c
[1.678s] -- Using all available rosidl_typesupport_cpp: rosidl_typesupport_fastrtps_cpp;rosidl_typesupport_introspection_cpp
[1.987s] -- Found message_filters: 4.3.4 (/opt/ros/humble/share/message_filters/cmake)
[2.279s] -- Found rmw_implementation_cmake: 6.1.2 (/opt/ros/humble/share/rmw_implementation_cmake/cmake)
[2.290s] -- Found rmw_fastrtps_cpp: 6.2.6 (/opt/ros/humble/share/rmw_fastrtps_cpp/cmake)
[2.893s] -- Found OpenSSL: /usr/lib/x86_64-linux-gnu/libcrypto.so (found version "3.0.2")  
[2.999s] -- Found FastRTPS: /opt/ros/humble/include  
[3.209s] -- Using RMW implementation 'rmw_fastrtps_cpp' as default
[3.234s] -- Looking for pthread.h
[3.506s] -- Looking for pthread.h - found
[3.507s] -- Performing Test CMAKE_HAVE_LIBC_PTHREAD
[3.658s] -- Performing Test CMAKE_HAVE_LIBC_PTHREAD - Success
[3.660s] -- Found Threads: TRUE  
[3.890s] -- Found nav_msgs: 4.2.4 (/opt/ros/humble/share/nav_msgs/cmake)
[4.040s] -- Found sensor_msgs: 4.2.4 (/opt/ros/humble/share/sensor_msgs/cmake)
[4.208s] -- Found std_srvs: 4.2.4 (/opt/ros/humble/share/std_srvs/cmake)
[4.253s] -- Found tf2: 0.25.7 (/opt/ros/humble/share/tf2/cmake)
[4.305s] -- Found tf2_ros: 0.25.7 (/opt/ros/humble/share/tf2_ros/cmake)
[5.040s] -- Found turtlebot3_msgs: 2.2.3 (/home/student/RS1/RS1_group/scamazon/ros2_ws_group/install/turtlebot3_msgs/share/turtlebot3_msgs/cmake)
[5.381s] -- Configuring done
[5.456s] -- Generating done
[5.459s] -- Build files have been written to: /home/student/RS1/RS1_group/scamazon/ros2_ws_group/build/turtlebot3_node
[5.516s] Invoked command in '/home/student/RS1/RS1_group/scamazon/ros2_ws_group/build/turtlebot3_node' returned '0': AMENT_PREFIX_PATH=/home/student/RS1/RS1_group/scamazon/ros2_ws_group/install/turtlebot3_msgs:/home/student/RS1/RS1_group/scamazon/ros2_ws_group/install/dynamixel_sdk:${AMENT_PREFIX_PATH} CMAKE_PREFIX_PATH=/home/student/RS1/RS1_group/scamazon/ros2_ws_group/install/turtlebot3_msgs:/home/student/RS1/RS1_group/scamazon/ros2_ws_group/install/dynamixel_sdk:/home/student/ros2_ws/install/turtlesim:/home/student/ros2_ws/install/turtlebot3:/home/student/ros2_ws/install/turtlebot3_simulations:/home/student/ros2_ws/install/turtlebot3_bringup:/home/student/ros2_ws/install/turtlebot3_node:/home/student/ros2_ws/install/turtlebot3_navigation2:/home/student/ros2_ws/install/turtlebot3_fake_node:/home/student/ros2_ws/install/turtlebot3_msgs:/home/student/ros2_ws/install/turtlebot3_gazebo:/home/student/ros2_ws/install/turtlebot3_description:/home/student/ros2_ws/install/turtlebot3_cartographer:/home/student/ros2_ws/install/tb3_lab1_cpp:/home/student/ros2_ws/install/dynamixel_sdk_examples:/home/student/ros2_ws/install/dynamixel_sdk_custom_interfaces:/home/student/ros2_ws/install/dynamixel_sdk:/home/student/ros2_ws/install/turtlebot3_teleop:/home/student/ros2_ws/install/turtlebot3_example:/home/student/ros2_ws/install/tb3_lab1:/opt/ros/humble LD_LIBRARY_PATH=/home/student/RS1/RS1_group/scamazon/ros2_ws_group/install/turtlebot3_msgs/lib:/home/student/RS1/RS1_group/scamazon/ros2_ws_group/install/dynamixel_sdk/lib:/home/student/ros2_ws/install/turtlesim/lib:/home/student/ros2_ws/install/turtlebot3_msgs/lib:/home/student/ros2_ws/install/dynamixel_sdk_custom_interfaces/lib:/home/student/ros2_ws/install/dynamixel_sdk/lib:/usr/lib/x86_64-linux-gnu/gazebo-11/plugins:/opt/ros/humble/opt/rviz_ogre_vendor/lib:/opt/ros/humble/lib/x86_64-linux-gnu:/opt/ros/humble/lib:/usr/lib/x86_64-linux-gnu/gazebo-11/plugins PYTHONPATH=/home/student/RS1/RS1_group/scamazon/ros2_ws_group/install/turtlebot3_msgs/local/lib/python3.10/dist-packages:${PYTHONPATH} /usr/bin/cmake /home/student/RS1/RS1_group/scamazon/ros2_ws_group/src/turtlebot3/turtlebot3_node -DAMENT_CMAKE_SYMLINK_INSTALL=1 -DCMAKE_INSTALL_PREFIX=/home/student/RS1/RS1_group/scamazon/ros2_ws_group/install/turtlebot3_node
[5.538s] Invoking command in '/home/student/RS1/RS1_group/scamazon/ros2_ws_group/build/turtlebot3_node': AMENT_PREFIX_PATH=/home/student/RS1/RS1_group/scamazon/ros2_ws_group/install/turtlebot3_msgs:/home/student/RS1/RS1_group/scamazon/ros2_ws_group/install/dynamixel_sdk:${AMENT_PREFIX_PATH} CMAKE_PREFIX_PATH=/home/student/RS1/RS1_group/scamazon/ros2_ws_group/install/turtlebot3_msgs:/home/student/RS1/RS1_group/scamazon/ros2_ws_group/install/dynamixel_sdk:/home/student/ros2_ws/install/turtlesim:/home/student/ros2_ws/install/turtlebot3:/home/student/ros2_ws/install/turtlebot3_simulations:/home/student/ros2_ws/install/turtlebot3_bringup:/home/student/ros2_ws/install/turtlebot3_node:/home/student/ros2_ws/install/turtlebot3_navigation2:/home/student/ros2_ws/install/turtlebot3_fake_node:/home/student/ros2_ws/install/turtlebot3_msgs:/home/student/ros2_ws/install/turtlebot3_gazebo:/home/student/ros2_ws/install/turtlebot3_description:/home/student/ros2_ws/install/turtlebot3_cartographer:/home/student/ros2_ws/install/tb3_lab1_cpp:/home/student/ros2_ws/install/dynamixel_sdk_examples:/home/student/ros2_ws/install/dynamixel_sdk_custom_interfaces:/home/student/ros2_ws/install/dynamixel_sdk:/home/student/ros2_ws/install/turtlebot3_teleop:/home/student/ros2_ws/install/turtlebot3_example:/home/student/ros2_ws/install/tb3_lab1:/opt/ros/humble LD_LIBRARY_PATH=/home/student/RS1/RS1_group/scamazon/ros2_ws_group/install/turtlebot3_msgs/lib:/home/student/RS1/RS1_group/scamazon/ros2_ws_group/install/dynamixel_sdk/lib:/home/student/ros2_ws/install/turtlesim/lib:/home/student/ros2_ws/install/turtlebot3_msgs/lib:/home/student/ros2_ws/install/dynamixel_sdk_custom_interfaces/lib:/home/student/ros2_ws/install/dynamixel_sdk/lib:/usr/lib/x86_64-linux-gnu/gazebo-11/plugins:/opt/ros/humble/opt/rviz_ogre_vendor/lib:/opt/ros/humble/lib/x86_64-linux-gnu:/opt/ros/humble/lib:/usr/lib/x86_64-linux-gnu/gazebo-11/plugins PYTHONPATH=/home/student/RS1/RS1_group/scamazon/ros2_ws_group/install/turtlebot3_msgs/local/lib/python3.10/dist-packages:${PYTHONPATH} /usr/bin/cmake --build /home/student/RS1/RS1_group/scamazon/ros2_ws_group/build/turtlebot3_node -- -j8 -l8
[5.792s] [  7%] [32mBuilding CXX object CMakeFiles/turtlebot3_node_lib.dir/src/devices/motor_power.cpp.o[0m
[5.819s] [ 14%] [32mBuilding CXX object CMakeFiles/turtlebot3_node_lib.dir/src/devices/sound.cpp.o[0m
[5.838s] [ 21%] [32mBuilding CXX object CMakeFiles/turtlebot3_node_lib.dir/src/devices/reset.cpp.o[0m
[5.886s] [ 28%] [32mBuilding CXX object CMakeFiles/turtlebot3_node_lib.dir/src/diff_drive_controller.cpp.o[0m
[5.958s] [ 35%] [32mBuilding CXX object CMakeFiles/turtlebot3_node_lib.dir/src/dynamixel_sdk_wrapper.cpp.o[0m
[6.007s] [ 42%] [32mBuilding CXX object CMakeFiles/turtlebot3_node_lib.dir/src/odometry.cpp.o[0m
[6.014s] [ 50%] [32mBuilding CXX object CMakeFiles/turtlebot3_node_lib.dir/src/sensors/battery_state.cpp.o[0m
[6.015s] [ 57%] [32mBuilding CXX object CMakeFiles/turtlebot3_node_lib.dir/src/turtlebot3.cpp.o[0m
[8.266s] [ 64%] [32mBuilding CXX object CMakeFiles/turtlebot3_node_lib.dir/src/sensors/imu.cpp.o[0m
[17.867s] [ 71%] [32mBuilding CXX object CMakeFiles/turtlebot3_node_lib.dir/src/sensors/joint_state.cpp.o[0m
[19.249s] [ 78%] [32mBuilding CXX object CMakeFiles/turtlebot3_node_lib.dir/src/sensors/sensor_state.cpp.o[0m
[41.175s] [ 85%] [32m[1mLinking CXX static library libturtlebot3_node_lib.a[0m
[42.893s] [ 85%] Built target turtlebot3_node_lib
[42.932s] [ 92%] [32mBuilding CXX object CMakeFiles/turtlebot3_ros.dir/src/node_main.cpp.o[0m
[47.956s] [100%] [32m[1mLinking CXX executable turtlebot3_ros[0m
[50.038s] [100%] Built target turtlebot3_ros
[50.052s] Invoked command in '/home/student/RS1/RS1_group/scamazon/ros2_ws_group/build/turtlebot3_node' returned '0': AMENT_PREFIX_PATH=/home/student/RS1/RS1_group/scamazon/ros2_ws_group/install/turtlebot3_msgs:/home/student/RS1/RS1_group/scamazon/ros2_ws_group/install/dynamixel_sdk:${AMENT_PREFIX_PATH} CMAKE_PREFIX_PATH=/home/student/RS1/RS1_group/scamazon/ros2_ws_group/install/turtlebot3_msgs:/home/student/RS1/RS1_group/scamazon/ros2_ws_group/install/dynamixel_sdk:/home/student/ros2_ws/install/turtlesim:/home/student/ros2_ws/install/turtlebot3:/home/student/ros2_ws/install/turtlebot3_simulations:/home/student/ros2_ws/install/turtlebot3_bringup:/home/student/ros2_ws/install/turtlebot3_node:/home/student/ros2_ws/install/turtlebot3_navigation2:/home/student/ros2_ws/install/turtlebot3_fake_node:/home/student/ros2_ws/install/turtlebot3_msgs:/home/student/ros2_ws/install/turtlebot3_gazebo:/home/student/ros2_ws/install/turtlebot3_description:/home/student/ros2_ws/install/turtlebot3_cartographer:/home/student/ros2_ws/install/tb3_lab1_cpp:/home/student/ros2_ws/install/dynamixel_sdk_examples:/home/student/ros2_ws/install/dynamixel_sdk_custom_interfaces:/home/student/ros2_ws/install/dynamixel_sdk:/home/student/ros2_ws/install/turtlebot3_teleop:/home/student/ros2_ws/install/turtlebot3_example:/home/student/ros2_ws/install/tb3_lab1:/opt/ros/humble LD_LIBRARY_PATH=/home/student/RS1/RS1_group/scamazon/ros2_ws_group/install/turtlebot3_msgs/lib:/home/student/RS1/RS1_group/scamazon/ros2_ws_group/install/dynamixel_sdk/lib:/home/student/ros2_ws/install/turtlesim/lib:/home/student/ros2_ws/install/turtlebot3_msgs/lib:/home/student/ros2_ws/install/dynamixel_sdk_custom_interfaces/lib:/home/student/ros2_ws/install/dynamixel_sdk/lib:/usr/lib/x86_64-linux-gnu/gazebo-11/plugins:/opt/ros/humble/opt/rviz_ogre_vendor/lib:/opt/ros/humble/lib/x86_64-linux-gnu:/opt/ros/humble/lib:/usr/lib/x86_64-linux-gnu/gazebo-11/plugins PYTHONPATH=/home/student/RS1/RS1_group/scamazon/ros2_ws_group/install/turtlebot3_msgs/local/lib/python3.10/dist-packages:${PYTHONPATH} /usr/bin/cmake --build /home/student/RS1/RS1_group/scamazon/ros2_ws_group/build/turtlebot3_node -- -j8 -l8
[50.128s] Invoking command in '/home/student/RS1/RS1_group/scamazon/ros2_ws_group/build/turtlebot3_node': AMENT_PREFIX_PATH=/home/student/RS1/RS1_group/scamazon/ros2_ws_group/install/turtlebot3_msgs:/home/student/RS1/RS1_group/scamazon/ros2_ws_group/install/dynamixel_sdk:${AMENT_PREFIX_PATH} CMAKE_PREFIX_PATH=/home/student/RS1/RS1_group/scamazon/ros2_ws_group/install/turtlebot3_msgs:/home/student/RS1/RS1_group/scamazon/ros2_ws_group/install/dynamixel_sdk:/home/student/ros2_ws/install/turtlesim:/home/student/ros2_ws/install/turtlebot3:/home/student/ros2_ws/install/turtlebot3_simulations:/home/student/ros2_ws/install/turtlebot3_bringup:/home/student/ros2_ws/install/turtlebot3_node:/home/student/ros2_ws/install/turtlebot3_navigation2:/home/student/ros2_ws/install/turtlebot3_fake_node:/home/student/ros2_ws/install/turtlebot3_msgs:/home/student/ros2_ws/install/turtlebot3_gazebo:/home/student/ros2_ws/install/turtlebot3_description:/home/student/ros2_ws/install/turtlebot3_cartographer:/home/student/ros2_ws/install/tb3_lab1_cpp:/home/student/ros2_ws/install/dynamixel_sdk_examples:/home/student/ros2_ws/install/dynamixel_sdk_custom_interfaces:/home/student/ros2_ws/install/dynamixel_sdk:/home/student/ros2_ws/install/turtlebot3_teleop:/home/student/ros2_ws/install/turtlebot3_example:/home/student/ros2_ws/install/tb3_lab1:/opt/ros/humble LD_LIBRARY_PATH=/home/student/RS1/RS1_group/scamazon/ros2_ws_group/install/turtlebot3_msgs/lib:/home/student/RS1/RS1_group/scamazon/ros2_ws_group/install/dynamixel_sdk/lib:/home/student/ros2_ws/install/turtlesim/lib:/home/student/ros2_ws/install/turtlebot3_msgs/lib:/home/student/ros2_ws/install/dynamixel_sdk_custom_interfaces/lib:/home/student/ros2_ws/install/dynamixel_sdk/lib:/usr/lib/x86_64-linux-gnu/gazebo-11/plugins:/opt/ros/humble/opt/rviz_ogre_vendor/lib:/opt/ros/humble/lib/x86_64-linux-gnu:/opt/ros/humble/lib:/usr/lib/x86_64-linux-gnu/gazebo-11/plugins PYTHONPATH=/home/student/RS1/RS1_group/scamazon/ros2_ws_group/install/turtlebot3_msgs/local/lib/python3.10/dist-packages:${PYTHONPATH} /usr/bin/cmake --install /home/student/RS1/RS1_group/scamazon/ros2_ws_group/build/turtlebot3_node
[50.138s] -- Install configuration: ""
[50.139s] -- Execute custom install script
[50.139s] -- Symlinking: /home/student/RS1/RS1_group/scamazon/ros2_ws_group/install/turtlebot3_node/share/turtlebot3_node/param/burger.yaml
[50.151s] -- Symlinking: /home/student/RS1/RS1_group/scamazon/ros2_ws_group/install/turtlebot3_node/share/turtlebot3_node/param/waffle.yaml
[50.161s] -- Symlinking: /home/student/RS1/RS1_group/scamazon/ros2_ws_group/install/turtlebot3_node/share/turtlebot3_node/param/waffle_pi.yaml
[50.171s] -- Symlinking: /home/student/RS1/RS1_group/scamazon/ros2_ws_group/install/turtlebot3_node/lib/turtlebot3_node/turtlebot3_ros
[50.181s] -- Symlinking: /home/student/RS1/RS1_group/scamazon/ros2_ws_group/install/turtlebot3_node/share/ament_index/resource_index/package_run_dependencies/turtlebot3_node
[50.191s] -- Symlinking: /home/student/RS1/RS1_group/scamazon/ros2_ws_group/install/turtlebot3_node/share/ament_index/resource_index/parent_prefix_path/turtlebot3_node
[50.200s] -- Symlinking: /home/student/RS1/RS1_group/scamazon/ros2_ws_group/install/turtlebot3_node/share/turtlebot3_node/environment/ament_prefix_path.sh
[50.210s] -- Symlinking: /home/student/RS1/RS1_group/scamazon/ros2_ws_group/install/turtlebot3_node/share/turtlebot3_node/environment/ament_prefix_path.dsv
[50.222s] -- Symlinking: /home/student/RS1/RS1_group/scamazon/ros2_ws_group/install/turtlebot3_node/share/turtlebot3_node/environment/path.sh
[50.231s] -- Symlinking: /home/student/RS1/RS1_group/scamazon/ros2_ws_group/install/turtlebot3_node/share/turtlebot3_node/environment/path.dsv
[50.242s] -- Symlinking: /home/student/RS1/RS1_group/scamazon/ros2_ws_group/install/turtlebot3_node/share/turtlebot3_node/local_setup.bash
[50.251s] -- Symlinking: /home/student/RS1/RS1_group/scamazon/ros2_ws_group/install/turtlebot3_node/share/turtlebot3_node/local_setup.sh
[50.261s] -- Symlinking: /home/student/RS1/RS1_group/scamazon/ros2_ws_group/install/turtlebot3_node/share/turtlebot3_node/local_setup.zsh
[50.271s] -- Symlinking: /home/student/RS1/RS1_group/scamazon/ros2_ws_group/install/turtlebot3_node/share/turtlebot3_node/local_setup.dsv
[50.281s] -- Symlinking: /home/student/RS1/RS1_group/scamazon/ros2_ws_group/install/turtlebot3_node/share/turtlebot3_node/package.dsv
[50.292s] -- Symlinking: /home/student/RS1/RS1_group/scamazon/ros2_ws_group/install/turtlebot3_node/share/ament_index/resource_index/packages/turtlebot3_node
[50.301s] -- Symlinking: /home/student/RS1/RS1_group/scamazon/ros2_ws_group/install/turtlebot3_node/share/turtlebot3_node/cmake/ament_cmake_export_include_directories-extras.cmake
[50.311s] -- Symlinking: /home/student/RS1/RS1_group/scamazon/ros2_ws_group/install/turtlebot3_node/share/turtlebot3_node/cmake/turtlebot3_nodeConfig.cmake
[50.321s] -- Symlinking: /home/student/RS1/RS1_group/scamazon/ros2_ws_group/install/turtlebot3_node/share/turtlebot3_node/cmake/turtlebot3_nodeConfig-version.cmake
[50.330s] -- Symlinking: /home/student/RS1/RS1_group/scamazon/ros2_ws_group/install/turtlebot3_node/share/turtlebot3_node/package.xml
[50.344s] Invoked command in '/home/student/RS1/RS1_group/scamazon/ros2_ws_group/build/turtlebot3_node' returned '0': AMENT_PREFIX_PATH=/home/student/RS1/RS1_group/scamazon/ros2_ws_group/install/turtlebot3_msgs:/home/student/RS1/RS1_group/scamazon/ros2_ws_group/install/dynamixel_sdk:${AMENT_PREFIX_PATH} CMAKE_PREFIX_PATH=/home/student/RS1/RS1_group/scamazon/ros2_ws_group/install/turtlebot3_msgs:/home/student/RS1/RS1_group/scamazon/ros2_ws_group/install/dynamixel_sdk:/home/student/ros2_ws/install/turtlesim:/home/student/ros2_ws/install/turtlebot3:/home/student/ros2_ws/install/turtlebot3_simulations:/home/student/ros2_ws/install/turtlebot3_bringup:/home/student/ros2_ws/install/turtlebot3_node:/home/student/ros2_ws/install/turtlebot3_navigation2:/home/student/ros2_ws/install/turtlebot3_fake_node:/home/student/ros2_ws/install/turtlebot3_msgs:/home/student/ros2_ws/install/turtlebot3_gazebo:/home/student/ros2_ws/install/turtlebot3_description:/home/student/ros2_ws/install/turtlebot3_cartographer:/home/student/ros2_ws/install/tb3_lab1_cpp:/home/student/ros2_ws/install/dynamixel_sdk_examples:/home/student/ros2_ws/install/dynamixel_sdk_custom_interfaces:/home/student/ros2_ws/install/dynamixel_sdk:/home/student/ros2_ws/install/turtlebot3_teleop:/home/student/ros2_ws/install/turtlebot3_example:/home/student/ros2_ws/install/tb3_lab1:/opt/ros/humble LD_LIBRARY_PATH=/home/student/RS1/RS1_group/scamazon/ros2_ws_group/install/turtlebot3_msgs/lib:/home/student/RS1/RS1_group/scamazon/ros2_ws_group/install/dynamixel_sdk/lib:/home/student/ros2_ws/install/turtlesim/lib:/home/student/ros2_ws/install/turtlebot3_msgs/lib:/home/student/ros2_ws/install/dynamixel_sdk_custom_interfaces/lib:/home/student/ros2_ws/install/dynamixel_sdk/lib:/usr/lib/x86_64-linux-gnu/gazebo-11/plugins:/opt/ros/humble/opt/rviz_ogre_vendor/lib:/opt/ros/humble/lib/x86_64-linux-gnu:/opt/ros/humble/lib:/usr/lib/x86_64-linux-gnu/gazebo-11/plugins PYTHONPATH=/home/student/RS1/RS1_group/scamazon/ros2_ws_group/install/turtlebot3_msgs/local/lib/python3.10/dist-packages:${PYTHONPATH} /usr/bin/cmake --install /home/student/RS1/RS1_group/scamazon/ros2_ws_group/build/turtlebot3_node
