[0.049s] Invoking command in '/home/student/RS1/RS1_group/scamazon/ros2_ws_group/src/build/turtlesim': CMAKE_PREFIX_PATH=${CMAKE_PREFIX_PATH}:/home/student/ros2_ws/install/turtlebot3_teleop:/home/student/ros2_ws/install/turtlebot3_example:/home/student/ros2_ws/install/tb3_lab1:/opt/ros/humble /usr/bin/cmake /home/student/RS1/RS1_group/scamazon/ros2_ws_group/src/ros_tutorials/turtlesim -DAMENT_CMAKE_SYMLINK_INSTALL=1 -DCMAKE_INSTALL_PREFIX=/home/student/RS1/RS1_group/scamazon/ros2_ws_group/src/install/turtlesim
[0.160s] -- The C compiler identification is GNU 11.4.0
[0.239s] -- The CXX compiler identification is GNU 11.4.0
[0.248s] -- Detecting C compiler ABI info
[0.355s] -- Detecting C compiler ABI info - done
[0.366s] -- Check for working C compiler: /usr/bin/cc - skipped
[0.366s] -- Detecting C compile features
[0.367s] -- Detecting C compile features - done
[0.371s] -- Detecting CXX compiler ABI info
[0.465s] -- Detecting CXX compiler ABI info - done
[0.474s] -- Check for working CXX compiler: /usr/bin/c++ - skipped
[0.474s] -- Detecting CXX compile features
[0.475s] -- Detecting CXX compile features - done
[0.481s] -- Found ament_cmake: 1.3.9 (/opt/ros/humble/share/ament_cmake/cmake)
[0.697s] -- Found Python3: /usr/bin/python3 (found version "3.10.12") found components: Interpreter 
[0.774s] -- Override CMake install command with custom implementation using symlinks instead of copying resources
[0.855s] -- Found ament_index_cpp: 1.4.0 (/opt/ros/humble/share/ament_index_cpp/cmake)
[0.859s] -- Found geometry_msgs: 4.2.4 (/opt/ros/humble/share/geometry_msgs/cmake)
[0.930s] -- Found rosidl_generator_c: 3.1.5 (/opt/ros/humble/share/rosidl_generator_c/cmake)
[0.946s] -- Found rosidl_adapter: 3.1.5 (/opt/ros/humble/share/rosidl_adapter/cmake)
[0.967s] -- Found rosidl_generator_cpp: 3.1.5 (/opt/ros/humble/share/rosidl_generator_cpp/cmake)
[0.986s] -- Using all available rosidl_typesupport_c: rosidl_typesupport_fastrtps_c;rosidl_typesupport_introspection_c
[1.013s] -- Using all available rosidl_typesupport_cpp: rosidl_typesupport_fastrtps_cpp;rosidl_typesupport_introspection_cpp
[1.186s] -- Found rclcpp: 16.0.9 (/opt/ros/humble/share/rclcpp/cmake)
[1.310s] -- Found rmw_implementation_cmake: 6.1.2 (/opt/ros/humble/share/rmw_implementation_cmake/cmake)
[1.320s] -- Found rmw_fastrtps_cpp: 6.2.6 (/opt/ros/humble/share/rmw_fastrtps_cpp/cmake)
[1.597s] -- Found OpenSSL: /usr/lib/x86_64-linux-gnu/libcrypto.so (found version "3.0.2")  
[1.662s] -- Found FastRTPS: /opt/ros/humble/include  
[1.828s] -- Using RMW implementation 'rmw_fastrtps_cpp' as default
[1.877s] -- Looking for pthread.h
[2.163s] -- Looking for pthread.h - found
[2.163s] -- Performing Test CMAKE_HAVE_LIBC_PTHREAD
[2.430s] -- Performing Test CMAKE_HAVE_LIBC_PTHREAD - Success
[2.432s] -- Found Threads: TRUE  
[2.880s] -- Found rclcpp_action: 16.0.9 (/opt/ros/humble/share/rclcpp_action/cmake)
[3.097s] -- Found rosidl_default_generators: 1.2.0 (/opt/ros/humble/share/rosidl_default_generators/cmake)
[3.122s] -- Found std_srvs: 4.2.4 (/opt/ros/humble/share/std_srvs/cmake)
[3.723s] -- Found ament_cmake_ros: 0.10.0 (/opt/ros/humble/share/ament_cmake_ros/cmake)
[4.337s] -- Using all available rosidl_typesupport_c: rosidl_typesupport_fastrtps_c;rosidl_typesupport_introspection_c
[4.576s] -- Using all available rosidl_typesupport_cpp: rosidl_typesupport_fastrtps_cpp;rosidl_typesupport_introspection_cpp
[4.637s] -- Found PythonInterp: /usr/bin/python3 (found suitable version "3.10.12", minimum required is "3.6") 
[4.643s] -- Found python_cmake_module: 0.10.0 (/opt/ros/humble/share/python_cmake_module/cmake)
[4.710s] -- Found PythonLibs: /usr/lib/x86_64-linux-gnu/libpython3.10.so (found suitable version "3.10.12", minimum required is "3.5") 
[4.710s] -- Using PYTHON_EXECUTABLE: /usr/bin/python3
[4.711s] -- Using PYTHON_INCLUDE_DIRS: /usr/include/python3.10
[4.711s] -- Using PYTHON_LIBRARIES: /usr/lib/x86_64-linux-gnu/libpython3.10.so
[4.767s] -- Found PythonExtra: .so  
[4.931s] -- Configuring done
[5.081s] -- Generating done
[5.088s] -- Build files have been written to: /home/student/RS1/RS1_group/scamazon/ros2_ws_group/src/build/turtlesim
[5.124s] Invoked command in '/home/student/RS1/RS1_group/scamazon/ros2_ws_group/src/build/turtlesim' returned '0': CMAKE_PREFIX_PATH=${CMAKE_PREFIX_PATH}:/home/student/ros2_ws/install/turtlebot3_teleop:/home/student/ros2_ws/install/turtlebot3_example:/home/student/ros2_ws/install/tb3_lab1:/opt/ros/humble /usr/bin/cmake /home/student/RS1/RS1_group/scamazon/ros2_ws_group/src/ros_tutorials/turtlesim -DAMENT_CMAKE_SYMLINK_INSTALL=1 -DCMAKE_INSTALL_PREFIX=/home/student/RS1/RS1_group/scamazon/ros2_ws_group/src/install/turtlesim
[5.125s] Invoking command in '/home/student/RS1/RS1_group/scamazon/ros2_ws_group/src/build/turtlesim': CMAKE_PREFIX_PATH=${CMAKE_PREFIX_PATH}:/home/student/ros2_ws/install/turtlebot3_teleop:/home/student/ros2_ws/install/turtlebot3_example:/home/student/ros2_ws/install/tb3_lab1:/opt/ros/humble /usr/bin/cmake --build /home/student/RS1/RS1_group/scamazon/ros2_ws_group/src/build/turtlesim -- -j8 -l8
[5.389s] [  1%] [34m[1mGenerating C code for ROS interfaces[0m
[5.453s] [  2%] [34m[1mGenerating C++ code for ROS interfaces[0m
[5.497s] [  2%] Built target ament_cmake_python_symlink_turtlesim
[6.122s] running egg_info
[6.123s] creating turtlesim.egg-info
[6.124s] writing turtlesim.egg-info/PKG-INFO
[6.124s] writing dependency_links to turtlesim.egg-info/dependency_links.txt
[6.124s] writing top-level names to turtlesim.egg-info/top_level.txt
[6.125s] writing manifest file 'turtlesim.egg-info/SOURCES.txt'
[6.128s] reading manifest file 'turtlesim.egg-info/SOURCES.txt'
[6.129s] writing manifest file 'turtlesim.egg-info/SOURCES.txt'
[6.196s] [  2%] Built target ament_cmake_python_build_turtlesim_egg
[9.098s] [  2%] Built target turtlesim__cpp
[9.158s] [  3%] [34m[1mGenerating C++ type support dispatch for ROS interfaces[0m
[9.158s] [  4%] [34m[1mGenerating C++ type support for eProsima Fast-RTPS[0m
[9.159s] [  5%] [34m[1mGenerating C++ introspection for ROS interfaces[0m
[9.504s] [  6%] [32mBuilding C object CMakeFiles/turtlesim__rosidl_generator_c.dir/rosidl_generator_c/turtlesim/action/detail/rotate_absolute__functions.c.o[0m
[9.518s] [  7%] [32mBuilding C object CMakeFiles/turtlesim__rosidl_generator_c.dir/rosidl_generator_c/turtlesim/msg/detail/color__functions.c.o[0m
[9.539s] [  8%] [32mBuilding C object CMakeFiles/turtlesim__rosidl_generator_c.dir/rosidl_generator_c/turtlesim/msg/detail/pose__functions.c.o[0m
[9.574s] [  9%] [32mBuilding C object CMakeFiles/turtlesim__rosidl_generator_c.dir/rosidl_generator_c/turtlesim/srv/detail/kill__functions.c.o[0m
[9.575s] [ 10%] [32mBuilding C object CMakeFiles/turtlesim__rosidl_generator_c.dir/rosidl_generator_c/turtlesim/srv/detail/set_pen__functions.c.o[0m
[9.667s] [ 11%] [32mBuilding C object CMakeFiles/turtlesim__rosidl_generator_c.dir/rosidl_generator_c/turtlesim/srv/detail/spawn__functions.c.o[0m
[9.700s] [ 12%] [32mBuilding C object CMakeFiles/turtlesim__rosidl_generator_c.dir/rosidl_generator_c/turtlesim/srv/detail/teleport_absolute__functions.c.o[0m
[9.749s] [ 13%] [32mBuilding C object CMakeFiles/turtlesim__rosidl_generator_c.dir/rosidl_generator_c/turtlesim/srv/detail/teleport_relative__functions.c.o[0m
[9.911s] [ 14%] [32m[1mLinking C shared library libturtlesim__rosidl_generator_c.so[0m
[10.024s] [ 14%] Built target turtlesim__rosidl_generator_c
[10.052s] [ 15%] [34m[1mGenerating C introspection for ROS interfaces[0m
[10.078s] [ 16%] [34m[1mGenerating C type support dispatch for ROS interfaces[0m
[10.084s] [ 17%] [34m[1mGenerating C type support for eProsima Fast-RTPS[0m
[10.638s] [ 18%] [32mBuilding CXX object CMakeFiles/turtlesim__rosidl_typesupport_cpp.dir/rosidl_typesupport_cpp/turtlesim/action/rotate_absolute__type_support.cpp.o[0m
[10.661s] [ 19%] [32mBuilding CXX object CMakeFiles/turtlesim__rosidl_typesupport_cpp.dir/rosidl_typesupport_cpp/turtlesim/msg/color__type_support.cpp.o[0m
[10.693s] [ 20%] [32mBuilding CXX object CMakeFiles/turtlesim__rosidl_typesupport_cpp.dir/rosidl_typesupport_cpp/turtlesim/msg/pose__type_support.cpp.o[0m
[11.350s] [ 21%] [32mBuilding CXX object CMakeFiles/turtlesim__rosidl_typesupport_cpp.dir/rosidl_typesupport_cpp/turtlesim/srv/kill__type_support.cpp.o[0m
[11.481s] [ 22%] [32mBuilding CXX object CMakeFiles/turtlesim__rosidl_typesupport_introspection_cpp.dir/rosidl_typesupport_introspection_cpp/turtlesim/action/detail/rotate_absolute__type_support.cpp.o[0m
[11.492s] [ 23%] [32mBuilding CXX object CMakeFiles/turtlesim__rosidl_typesupport_cpp.dir/rosidl_typesupport_cpp/turtlesim/srv/set_pen__type_support.cpp.o[0m
[11.595s] [ 24%] [32mBuilding CXX object CMakeFiles/turtlesim__rosidl_typesupport_cpp.dir/rosidl_typesupport_cpp/turtlesim/srv/spawn__type_support.cpp.o[0m
[11.672s] [ 25%] [32mBuilding CXX object CMakeFiles/turtlesim__rosidl_typesupport_fastrtps_cpp.dir/rosidl_typesupport_fastrtps_cpp/turtlesim/action/detail/dds_fastrtps/rotate_absolute__type_support.cpp.o[0m
[11.700s] [ 26%] [32mBuilding CXX object CMakeFiles/turtlesim__rosidl_typesupport_c.dir/rosidl_typesupport_c/turtlesim/action/rotate_absolute__type_support.cpp.o[0m
[11.896s] [ 27%] [32mBuilding CXX object CMakeFiles/turtlesim__rosidl_typesupport_c.dir/rosidl_typesupport_c/turtlesim/msg/color__type_support.cpp.o[0m
[11.952s] [ 28%] [32mBuilding CXX object CMakeFiles/turtlesim__rosidl_typesupport_fastrtps_cpp.dir/rosidl_typesupport_fastrtps_cpp/turtlesim/msg/detail/dds_fastrtps/color__type_support.cpp.o[0m
[11.997s] [ 29%] [32mBuilding CXX object CMakeFiles/turtlesim__rosidl_typesupport_c.dir/rosidl_typesupport_c/turtlesim/msg/pose__type_support.cpp.o[0m
[12.100s] [ 30%] [32mBuilding CXX object CMakeFiles/turtlesim__rosidl_typesupport_fastrtps_cpp.dir/rosidl_typesupport_fastrtps_cpp/turtlesim/msg/detail/dds_fastrtps/pose__type_support.cpp.o[0m
[12.124s] [ 31%] [32mBuilding CXX object CMakeFiles/turtlesim__rosidl_typesupport_c.dir/rosidl_typesupport_c/turtlesim/srv/kill__type_support.cpp.o[0m
[12.236s] [ 32%] [32mBuilding CXX object CMakeFiles/turtlesim__rosidl_typesupport_c.dir/rosidl_typesupport_c/turtlesim/srv/set_pen__type_support.cpp.o[0m
[12.388s] [ 33%] [32mBuilding CXX object CMakeFiles/turtlesim__rosidl_typesupport_cpp.dir/rosidl_typesupport_cpp/turtlesim/srv/teleport_absolute__type_support.cpp.o[0m
[12.395s] [ 34%] [32mBuilding CXX object CMakeFiles/turtlesim__rosidl_typesupport_c.dir/rosidl_typesupport_c/turtlesim/srv/spawn__type_support.cpp.o[0m
[12.514s] [ 35%] [32mBuilding CXX object CMakeFiles/turtlesim__rosidl_typesupport_c.dir/rosidl_typesupport_c/turtlesim/srv/teleport_absolute__type_support.cpp.o[0m
[12.585s] [ 36%] [32mBuilding CXX object CMakeFiles/turtlesim__rosidl_typesupport_c.dir/rosidl_typesupport_c/turtlesim/srv/teleport_relative__type_support.cpp.o[0m
[12.653s] [ 37%] [32mBuilding CXX object CMakeFiles/turtlesim__rosidl_typesupport_fastrtps_cpp.dir/rosidl_typesupport_fastrtps_cpp/turtlesim/srv/detail/dds_fastrtps/kill__type_support.cpp.o[0m
[12.685s] [ 38%] [32m[1mLinking CXX shared library libturtlesim__rosidl_typesupport_c.so[0m
[12.813s] [ 39%] [32mBuilding CXX object CMakeFiles/turtlesim__rosidl_typesupport_fastrtps_c.dir/rosidl_typesupport_fastrtps_c/turtlesim/action/detail/rotate_absolute__type_support_c.cpp.o[0m
[12.830s] [ 40%] [32mBuilding C object CMakeFiles/turtlesim__rosidl_typesupport_introspection_c.dir/rosidl_typesupport_introspection_c/turtlesim/action/detail/rotate_absolute__type_support.c.o[0m
[12.850s] [ 40%] Built target turtlesim__rosidl_typesupport_c
[12.851s] [ 41%] [32mBuilding CXX object CMakeFiles/turtlesim__rosidl_typesupport_introspection_cpp.dir/rosidl_typesupport_introspection_cpp/turtlesim/msg/detail/color__type_support.cpp.o[0m
[12.898s] [ 42%] [32mBuilding CXX object CMakeFiles/turtlesim__rosidl_typesupport_introspection_cpp.dir/rosidl_typesupport_introspection_cpp/turtlesim/msg/detail/pose__type_support.cpp.o[0m
[12.995s] [ 43%] [32mBuilding C object CMakeFiles/turtlesim__rosidl_typesupport_introspection_c.dir/rosidl_typesupport_introspection_c/turtlesim/msg/detail/color__type_support.c.o[0m
[13.058s] [ 45%] [32mBuilding C object CMakeFiles/turtlesim__rosidl_typesupport_introspection_c.dir/rosidl_typesupport_introspection_c/turtlesim/msg/detail/pose__type_support.c.o[0m
[13.063s] [ 45%] [32mBuilding CXX object CMakeFiles/turtlesim__rosidl_typesupport_cpp.dir/rosidl_typesupport_cpp/turtlesim/srv/teleport_relative__type_support.cpp.o[0m
[13.129s] [ 46%] [32mBuilding CXX object CMakeFiles/turtlesim__rosidl_typesupport_fastrtps_cpp.dir/rosidl_typesupport_fastrtps_cpp/turtlesim/srv/detail/dds_fastrtps/set_pen__type_support.cpp.o[0m
[13.191s] [ 47%] [32mBuilding C object CMakeFiles/turtlesim__rosidl_typesupport_introspection_c.dir/rosidl_typesupport_introspection_c/turtlesim/srv/detail/kill__type_support.c.o[0m
[13.344s] [ 48%] [32mBuilding CXX object CMakeFiles/turtlesim__rosidl_typesupport_introspection_cpp.dir/rosidl_typesupport_introspection_cpp/turtlesim/srv/detail/kill__type_support.cpp.o[0m
[13.357s] [ 49%] [32mBuilding C object CMakeFiles/turtlesim__rosidl_typesupport_introspection_c.dir/rosidl_typesupport_introspection_c/turtlesim/srv/detail/set_pen__type_support.c.o[0m
[13.565s] [ 50%] [32mBuilding C object CMakeFiles/turtlesim__rosidl_typesupport_introspection_c.dir/rosidl_typesupport_introspection_c/turtlesim/srv/detail/spawn__type_support.c.o[0m
[13.762s] [ 51%] [32mBuilding C object CMakeFiles/turtlesim__rosidl_typesupport_introspection_c.dir/rosidl_typesupport_introspection_c/turtlesim/srv/detail/teleport_absolute__type_support.c.o[0m
[13.795s] [ 52%] [32mBuilding C object CMakeFiles/turtlesim__rosidl_typesupport_introspection_c.dir/rosidl_typesupport_introspection_c/turtlesim/srv/detail/teleport_relative__type_support.c.o[0m
[13.855s] [ 53%] [32mBuilding CXX object CMakeFiles/turtlesim__rosidl_typesupport_introspection_cpp.dir/rosidl_typesupport_introspection_cpp/turtlesim/srv/detail/set_pen__type_support.cpp.o[0m
[13.863s] [ 54%] [32mBuilding CXX object CMakeFiles/turtlesim__rosidl_typesupport_fastrtps_c.dir/rosidl_typesupport_fastrtps_c/turtlesim/msg/detail/color__type_support_c.cpp.o[0m
[13.864s] [ 55%] [32mBuilding CXX object CMakeFiles/turtlesim__rosidl_typesupport_introspection_cpp.dir/rosidl_typesupport_introspection_cpp/turtlesim/srv/detail/spawn__type_support.cpp.o[0m
[13.930s] [ 56%] [32m[1mLinking CXX shared library libturtlesim__rosidl_typesupport_cpp.so[0m
[13.952s] [ 57%] [32m[1mLinking C shared library libturtlesim__rosidl_typesupport_introspection_c.so[0m
[14.045s] [ 58%] [32mBuilding CXX object CMakeFiles/turtlesim__rosidl_typesupport_fastrtps_c.dir/rosidl_typesupport_fastrtps_c/turtlesim/msg/detail/pose__type_support_c.cpp.o[0m
[14.155s] [ 58%] Built target turtlesim__rosidl_typesupport_introspection_c
[14.189s] [ 58%] Built target turtlesim__rosidl_typesupport_cpp
[14.209s] [ 59%] [32mBuilding CXX object CMakeFiles/turtlesim__rosidl_typesupport_introspection_cpp.dir/rosidl_typesupport_introspection_cpp/turtlesim/srv/detail/teleport_absolute__type_support.cpp.o[0m
[14.236s] [ 60%] [32mBuilding CXX object CMakeFiles/turtlesim__rosidl_typesupport_fastrtps_cpp.dir/rosidl_typesupport_fastrtps_cpp/turtlesim/srv/detail/dds_fastrtps/spawn__type_support.cpp.o[0m
[14.240s] [ 61%] [32mBuilding CXX object CMakeFiles/turtlesim__rosidl_typesupport_fastrtps_cpp.dir/rosidl_typesupport_fastrtps_cpp/turtlesim/srv/detail/dds_fastrtps/teleport_absolute__type_support.cpp.o[0m
[14.481s] [ 62%] [32mBuilding CXX object CMakeFiles/turtlesim__rosidl_typesupport_introspection_cpp.dir/rosidl_typesupport_introspection_cpp/turtlesim/srv/detail/teleport_relative__type_support.cpp.o[0m
[14.672s] [ 63%] [32mBuilding CXX object CMakeFiles/turtlesim__rosidl_typesupport_fastrtps_cpp.dir/rosidl_typesupport_fastrtps_cpp/turtlesim/srv/detail/dds_fastrtps/teleport_relative__type_support.cpp.o[0m
[14.753s] [ 64%] [34m[1mGenerating include/turtlesim/moc_turtle_frame.cpp[0m
[14.788s] [ 65%] [32mBuilding CXX object CMakeFiles/turtlesim__rosidl_typesupport_fastrtps_c.dir/rosidl_typesupport_fastrtps_c/turtlesim/srv/detail/kill__type_support_c.cpp.o[0m
[14.858s] [ 66%] [32mBuilding CXX object CMakeFiles/turtlesim__rosidl_typesupport_fastrtps_c.dir/rosidl_typesupport_fastrtps_c/turtlesim/srv/detail/set_pen__type_support_c.cpp.o[0m
[14.996s] [ 67%] [32mBuilding CXX object CMakeFiles/turtlesim_node.dir/src/turtlesim.cpp.o[0m
[15.058s] [ 68%] [32mBuilding CXX object CMakeFiles/turtlesim_node.dir/src/turtle.cpp.o[0m
[15.596s] [ 69%] [32mBuilding CXX object CMakeFiles/turtlesim__rosidl_typesupport_fastrtps_c.dir/rosidl_typesupport_fastrtps_c/turtlesim/srv/detail/spawn__type_support_c.cpp.o[0m
[15.631s] [ 71%] [32m[1mLinking CXX shared library libturtlesim__rosidl_typesupport_fastrtps_cpp.so[0m
[15.632s] [ 71%] [32mBuilding CXX object CMakeFiles/turtlesim__rosidl_typesupport_fastrtps_c.dir/rosidl_typesupport_fastrtps_c/turtlesim/srv/detail/teleport_absolute__type_support_c.cpp.o[0m
[15.735s] [ 72%] [32mBuilding CXX object CMakeFiles/turtlesim__rosidl_typesupport_fastrtps_c.dir/rosidl_typesupport_fastrtps_c/turtlesim/srv/detail/teleport_relative__type_support_c.cpp.o[0m
[15.902s] [ 73%] [32m[1mLinking CXX shared library libturtlesim__rosidl_typesupport_introspection_cpp.so[0m
[15.928s] [ 73%] Built target turtlesim__rosidl_typesupport_fastrtps_cpp
[16.102s] [ 74%] [32mBuilding CXX object CMakeFiles/turtlesim_node.dir/src/turtle_frame.cpp.o[0m
[16.118s] [ 75%] [32mBuilding CXX object CMakeFiles/turtle_teleop_key.dir/tutorials/teleop_turtle_key.cpp.o[0m
[16.251s] [ 75%] Built target turtlesim__rosidl_typesupport_introspection_cpp
[16.387s] [ 76%] [32mBuilding CXX object CMakeFiles/draw_square.dir/tutorials/draw_square.cpp.o[0m
[16.535s] [ 77%] [32mBuilding CXX object CMakeFiles/mimic.dir/tutorials/mimic.cpp.o[0m
[16.887s] [ 78%] [32mBuilding CXX object CMakeFiles/turtlesim_node.dir/include/turtlesim/moc_turtle_frame.cpp.o[0m
[16.961s] [ 79%] [32m[1mLinking CXX shared library libturtlesim__rosidl_typesupport_fastrtps_c.so[0m
[17.266s] [ 79%] Built target turtlesim__rosidl_typesupport_fastrtps_c
[17.413s] [ 79%] Built target turtlesim
[17.552s] [ 80%] [34m[1mGenerating Python code for ROS interfaces[0m
[24.635s] [ 80%] Built target turtlesim__py
[24.772s] [ 81%] [32mBuilding C object CMakeFiles/turtlesim__rosidl_generator_py.dir/rosidl_generator_py/turtlesim/action/_rotate_absolute_s.c.o[0m
[25.332s] [ 82%] [32mBuilding C object CMakeFiles/turtlesim__rosidl_generator_py.dir/rosidl_generator_py/turtlesim/msg/_color_s.c.o[0m
[25.728s] [ 83%] [32mBuilding C object CMakeFiles/turtlesim__rosidl_generator_py.dir/rosidl_generator_py/turtlesim/msg/_pose_s.c.o[0m
[26.109s] [ 84%] [32mBuilding C object CMakeFiles/turtlesim__rosidl_generator_py.dir/rosidl_generator_py/turtlesim/srv/_kill_s.c.o[0m
[26.517s] [ 85%] [32mBuilding C object CMakeFiles/turtlesim__rosidl_generator_py.dir/rosidl_generator_py/turtlesim/srv/_set_pen_s.c.o[0m
[26.799s] [ 86%] [32mBuilding C object CMakeFiles/turtlesim__rosidl_generator_py.dir/rosidl_generator_py/turtlesim/srv/_spawn_s.c.o[0m
[27.060s] [ 87%] [32mBuilding C object CMakeFiles/turtlesim__rosidl_generator_py.dir/rosidl_generator_py/turtlesim/srv/_teleport_absolute_s.c.o[0m
[27.458s] [ 88%] [32mBuilding C object CMakeFiles/turtlesim__rosidl_generator_py.dir/rosidl_generator_py/turtlesim/srv/_teleport_relative_s.c.o[0m
[27.872s] [ 89%] [32m[1mLinking C shared library rosidl_generator_py/turtlesim/libturtlesim__rosidl_generator_py.so[0m
[28.117s] [ 89%] Built target turtlesim__rosidl_generator_py
[28.288s] [ 90%] [32mBuilding C object CMakeFiles/turtlesim__rosidl_typesupport_introspection_c__pyext.dir/rosidl_generator_py/turtlesim/_turtlesim_s.ep.rosidl_typesupport_introspection_c.c.o[0m
[28.289s] [ 91%] [32mBuilding C object CMakeFiles/turtlesim__rosidl_typesupport_fastrtps_c__pyext.dir/rosidl_generator_py/turtlesim/_turtlesim_s.ep.rosidl_typesupport_fastrtps_c.c.o[0m
[28.857s] [ 92%] [32m[1mLinking C shared library rosidl_generator_py/turtlesim/turtlesim_s__rosidl_typesupport_fastrtps_c.cpython-310-x86_64-linux-gnu.so[0m
[28.930s] [ 93%] [32m[1mLinking C shared library rosidl_generator_py/turtlesim/turtlesim_s__rosidl_typesupport_introspection_c.cpython-310-x86_64-linux-gnu.so[0m
[29.048s] [ 93%] Built target turtlesim__rosidl_typesupport_fastrtps_c__pyext
[29.053s] [ 94%] [32mBuilding C object CMakeFiles/turtlesim__rosidl_typesupport_c__pyext.dir/rosidl_generator_py/turtlesim/_turtlesim_s.ep.rosidl_typesupport_c.c.o[0m
[29.179s] [ 94%] Built target turtlesim__rosidl_typesupport_introspection_c__pyext
[29.663s] [ 95%] [32m[1mLinking C shared library rosidl_generator_py/turtlesim/turtlesim_s__rosidl_typesupport_c.cpython-310-x86_64-linux-gnu.so[0m
[29.835s] [ 95%] Built target turtlesim__rosidl_typesupport_c__pyext
[32.012s] [ 96%] [32m[1mLinking CXX executable turtle_teleop_key[0m
[32.857s] [ 96%] Built target turtle_teleop_key
[40.121s] [ 97%] [32m[1mLinking CXX executable draw_square[0m
[40.173s] [ 98%] [32m[1mLinking CXX executable mimic[0m
[41.083s] [ 98%] Built target draw_square
[41.123s] [ 98%] Built target mimic
[46.280s] [100%] [32m[1mLinking CXX executable turtlesim_node[0m
[49.577s] [100%] Built target turtlesim_node
[49.610s] Invoked command in '/home/student/RS1/RS1_group/scamazon/ros2_ws_group/src/build/turtlesim' returned '0': CMAKE_PREFIX_PATH=${CMAKE_PREFIX_PATH}:/home/student/ros2_ws/install/turtlebot3_teleop:/home/student/ros2_ws/install/turtlebot3_example:/home/student/ros2_ws/install/tb3_lab1:/opt/ros/humble /usr/bin/cmake --build /home/student/RS1/RS1_group/scamazon/ros2_ws_group/src/build/turtlesim -- -j8 -l8
[50.133s] Invoking command in '/home/student/RS1/RS1_group/scamazon/ros2_ws_group/src/build/turtlesim': CMAKE_PREFIX_PATH=${CMAKE_PREFIX_PATH}:/home/student/ros2_ws/install/turtlebot3_teleop:/home/student/ros2_ws/install/turtlebot3_example:/home/student/ros2_ws/install/tb3_lab1:/opt/ros/humble /usr/bin/cmake --install /home/student/RS1/RS1_group/scamazon/ros2_ws_group/src/build/turtlesim
[50.148s] -- Install configuration: ""
[50.149s] -- Execute custom install script
[50.150s] -- Symlinking: /home/student/RS1/RS1_group/scamazon/ros2_ws_group/src/install/turtlesim/share/ament_index/resource_index/rosidl_interfaces/turtlesim
[50.169s] -- Symlinking: /home/student/RS1/RS1_group/scamazon/ros2_ws_group/src/install/turtlesim/include/turtlesim/turtlesim/action/detail/rotate_absolute__functions.h
[50.185s] -- Symlinking: /home/student/RS1/RS1_group/scamazon/ros2_ws_group/src/install/turtlesim/include/turtlesim/turtlesim/action/detail/rotate_absolute__struct.h
[50.214s] -- Symlinking: /home/student/RS1/RS1_group/scamazon/ros2_ws_group/src/install/turtlesim/include/turtlesim/turtlesim/action/detail/rotate_absolute__type_support.h
[50.230s] -- Symlinking: /home/student/RS1/RS1_group/scamazon/ros2_ws_group/src/install/turtlesim/include/turtlesim/turtlesim/action/rotate_absolute.h
[50.246s] -- Symlinking: /home/student/RS1/RS1_group/scamazon/ros2_ws_group/src/install/turtlesim/include/turtlesim/turtlesim/msg/color.h
[50.262s] -- Symlinking: /home/student/RS1/RS1_group/scamazon/ros2_ws_group/src/install/turtlesim/include/turtlesim/turtlesim/msg/detail/color__functions.h
[50.278s] -- Symlinking: /home/student/RS1/RS1_group/scamazon/ros2_ws_group/src/install/turtlesim/include/turtlesim/turtlesim/msg/detail/color__struct.h
[50.305s] -- Symlinking: /home/student/RS1/RS1_group/scamazon/ros2_ws_group/src/install/turtlesim/include/turtlesim/turtlesim/msg/detail/color__type_support.h
[50.329s] -- Symlinking: /home/student/RS1/RS1_group/scamazon/ros2_ws_group/src/install/turtlesim/include/turtlesim/turtlesim/msg/detail/pose__functions.h
[50.343s] -- Symlinking: /home/student/RS1/RS1_group/scamazon/ros2_ws_group/src/install/turtlesim/include/turtlesim/turtlesim/msg/detail/pose__struct.h
[50.358s] -- Symlinking: /home/student/RS1/RS1_group/scamazon/ros2_ws_group/src/install/turtlesim/include/turtlesim/turtlesim/msg/detail/pose__type_support.h
[50.374s] -- Symlinking: /home/student/RS1/RS1_group/scamazon/ros2_ws_group/src/install/turtlesim/include/turtlesim/turtlesim/msg/pose.h
[50.394s] -- Symlinking: /home/student/RS1/RS1_group/scamazon/ros2_ws_group/src/install/turtlesim/include/turtlesim/turtlesim/msg/rosidl_generator_c__visibility_control.h
[50.412s] -- Symlinking: /home/student/RS1/RS1_group/scamazon/ros2_ws_group/src/install/turtlesim/include/turtlesim/turtlesim/srv/detail/kill__functions.h
[50.427s] -- Symlinking: /home/student/RS1/RS1_group/scamazon/ros2_ws_group/src/install/turtlesim/include/turtlesim/turtlesim/srv/detail/kill__struct.h
[50.444s] -- Symlinking: /home/student/RS1/RS1_group/scamazon/ros2_ws_group/src/install/turtlesim/include/turtlesim/turtlesim/srv/detail/kill__type_support.h
[50.460s] -- Symlinking: /home/student/RS1/RS1_group/scamazon/ros2_ws_group/src/install/turtlesim/include/turtlesim/turtlesim/srv/detail/set_pen__functions.h
[50.476s] -- Symlinking: /home/student/RS1/RS1_group/scamazon/ros2_ws_group/src/install/turtlesim/include/turtlesim/turtlesim/srv/detail/set_pen__struct.h
[50.493s] -- Symlinking: /home/student/RS1/RS1_group/scamazon/ros2_ws_group/src/install/turtlesim/include/turtlesim/turtlesim/srv/detail/set_pen__type_support.h
[50.520s] -- Symlinking: /home/student/RS1/RS1_group/scamazon/ros2_ws_group/src/install/turtlesim/include/turtlesim/turtlesim/srv/detail/spawn__functions.h
[50.537s] -- Symlinking: /home/student/RS1/RS1_group/scamazon/ros2_ws_group/src/install/turtlesim/include/turtlesim/turtlesim/srv/detail/spawn__struct.h
[50.554s] -- Symlinking: /home/student/RS1/RS1_group/scamazon/ros2_ws_group/src/install/turtlesim/include/turtlesim/turtlesim/srv/detail/spawn__type_support.h
[50.574s] -- Symlinking: /home/student/RS1/RS1_group/scamazon/ros2_ws_group/src/install/turtlesim/include/turtlesim/turtlesim/srv/detail/teleport_absolute__functions.h
[50.593s] -- Symlinking: /home/student/RS1/RS1_group/scamazon/ros2_ws_group/src/install/turtlesim/include/turtlesim/turtlesim/srv/detail/teleport_absolute__struct.h
[50.615s] -- Symlinking: /home/student/RS1/RS1_group/scamazon/ros2_ws_group/src/install/turtlesim/include/turtlesim/turtlesim/srv/detail/teleport_absolute__type_support.h
[50.631s] -- Symlinking: /home/student/RS1/RS1_group/scamazon/ros2_ws_group/src/install/turtlesim/include/turtlesim/turtlesim/srv/detail/teleport_relative__functions.h
[50.647s] -- Symlinking: /home/student/RS1/RS1_group/scamazon/ros2_ws_group/src/install/turtlesim/include/turtlesim/turtlesim/srv/detail/teleport_relative__struct.h
[50.664s] -- Symlinking: /home/student/RS1/RS1_group/scamazon/ros2_ws_group/src/install/turtlesim/include/turtlesim/turtlesim/srv/detail/teleport_relative__type_support.h
[50.683s] -- Symlinking: /home/student/RS1/RS1_group/scamazon/ros2_ws_group/src/install/turtlesim/include/turtlesim/turtlesim/srv/kill.h
[50.709s] -- Symlinking: /home/student/RS1/RS1_group/scamazon/ros2_ws_group/src/install/turtlesim/include/turtlesim/turtlesim/srv/set_pen.h
[50.727s] -- Symlinking: /home/student/RS1/RS1_group/scamazon/ros2_ws_group/src/install/turtlesim/include/turtlesim/turtlesim/srv/spawn.h
[50.744s] -- Symlinking: /home/student/RS1/RS1_group/scamazon/ros2_ws_group/src/install/turtlesim/include/turtlesim/turtlesim/srv/teleport_absolute.h
[50.760s] -- Symlinking: /home/student/RS1/RS1_group/scamazon/ros2_ws_group/src/install/turtlesim/include/turtlesim/turtlesim/srv/teleport_relative.h
[50.774s] -- Symlinking: /home/student/RS1/RS1_group/scamazon/ros2_ws_group/src/install/turtlesim/share/turtlesim/environment/library_path.sh
[50.786s] -- Symlinking: /home/student/RS1/RS1_group/scamazon/ros2_ws_group/src/install/turtlesim/share/turtlesim/environment/library_path.dsv
[50.802s] -- Symlinking: /home/student/RS1/RS1_group/scamazon/ros2_ws_group/src/install/turtlesim/include/turtlesim/turtlesim/action/detail/rotate_absolute__rosidl_typesupport_fastrtps_c.h
[50.819s] -- Symlinking: /home/student/RS1/RS1_group/scamazon/ros2_ws_group/src/install/turtlesim/include/turtlesim/turtlesim/msg/detail/color__rosidl_typesupport_fastrtps_c.h
[50.835s] -- Symlinking: /home/student/RS1/RS1_group/scamazon/ros2_ws_group/src/install/turtlesim/include/turtlesim/turtlesim/msg/detail/pose__rosidl_typesupport_fastrtps_c.h
[50.852s] -- Symlinking: /home/student/RS1/RS1_group/scamazon/ros2_ws_group/src/install/turtlesim/include/turtlesim/turtlesim/msg/rosidl_typesupport_fastrtps_c__visibility_control.h
[50.867s] -- Symlinking: /home/student/RS1/RS1_group/scamazon/ros2_ws_group/src/install/turtlesim/include/turtlesim/turtlesim/srv/detail/kill__rosidl_typesupport_fastrtps_c.h
[50.883s] -- Symlinking: /home/student/RS1/RS1_group/scamazon/ros2_ws_group/src/install/turtlesim/include/turtlesim/turtlesim/srv/detail/set_pen__rosidl_typesupport_fastrtps_c.h
[50.912s] -- Symlinking: /home/student/RS1/RS1_group/scamazon/ros2_ws_group/src/install/turtlesim/include/turtlesim/turtlesim/srv/detail/spawn__rosidl_typesupport_fastrtps_c.h
[50.929s] -- Symlinking: /home/student/RS1/RS1_group/scamazon/ros2_ws_group/src/install/turtlesim/include/turtlesim/turtlesim/srv/detail/teleport_absolute__rosidl_typesupport_fastrtps_c.h
[50.946s] -- Symlinking: /home/student/RS1/RS1_group/scamazon/ros2_ws_group/src/install/turtlesim/include/turtlesim/turtlesim/srv/detail/teleport_relative__rosidl_typesupport_fastrtps_c.h
[50.963s] -- Symlinking: /home/student/RS1/RS1_group/scamazon/ros2_ws_group/src/install/turtlesim/include/turtlesim/turtlesim/action/detail/rotate_absolute__builder.hpp
[50.978s] -- Symlinking: /home/student/RS1/RS1_group/scamazon/ros2_ws_group/src/install/turtlesim/include/turtlesim/turtlesim/action/detail/rotate_absolute__struct.hpp
[50.996s] -- Symlinking: /home/student/RS1/RS1_group/scamazon/ros2_ws_group/src/install/turtlesim/include/turtlesim/turtlesim/action/detail/rotate_absolute__traits.hpp
[51.012s] -- Symlinking: /home/student/RS1/RS1_group/scamazon/ros2_ws_group/src/install/turtlesim/include/turtlesim/turtlesim/action/rotate_absolute.hpp
[51.028s] -- Symlinking: /home/student/RS1/RS1_group/scamazon/ros2_ws_group/src/install/turtlesim/include/turtlesim/turtlesim/msg/color.hpp
[51.043s] -- Symlinking: /home/student/RS1/RS1_group/scamazon/ros2_ws_group/src/install/turtlesim/include/turtlesim/turtlesim/msg/detail/color__builder.hpp
[51.058s] -- Symlinking: /home/student/RS1/RS1_group/scamazon/ros2_ws_group/src/install/turtlesim/include/turtlesim/turtlesim/msg/detail/color__struct.hpp
[51.075s] -- Symlinking: /home/student/RS1/RS1_group/scamazon/ros2_ws_group/src/install/turtlesim/include/turtlesim/turtlesim/msg/detail/color__traits.hpp
[51.091s] -- Symlinking: /home/student/RS1/RS1_group/scamazon/ros2_ws_group/src/install/turtlesim/include/turtlesim/turtlesim/msg/detail/pose__builder.hpp
[51.110s] -- Symlinking: /home/student/RS1/RS1_group/scamazon/ros2_ws_group/src/install/turtlesim/include/turtlesim/turtlesim/msg/detail/pose__struct.hpp
[51.125s] -- Symlinking: /home/student/RS1/RS1_group/scamazon/ros2_ws_group/src/install/turtlesim/include/turtlesim/turtlesim/msg/detail/pose__traits.hpp
[51.141s] -- Symlinking: /home/student/RS1/RS1_group/scamazon/ros2_ws_group/src/install/turtlesim/include/turtlesim/turtlesim/msg/pose.hpp
[51.157s] -- Symlinking: /home/student/RS1/RS1_group/scamazon/ros2_ws_group/src/install/turtlesim/include/turtlesim/turtlesim/srv/detail/kill__builder.hpp
[51.173s] -- Symlinking: /home/student/RS1/RS1_group/scamazon/ros2_ws_group/src/install/turtlesim/include/turtlesim/turtlesim/srv/detail/kill__struct.hpp
[51.189s] -- Symlinking: /home/student/RS1/RS1_group/scamazon/ros2_ws_group/src/install/turtlesim/include/turtlesim/turtlesim/srv/detail/kill__traits.hpp
[51.212s] -- Symlinking: /home/student/RS1/RS1_group/scamazon/ros2_ws_group/src/install/turtlesim/include/turtlesim/turtlesim/srv/detail/set_pen__builder.hpp
[51.228s] -- Symlinking: /home/student/RS1/RS1_group/scamazon/ros2_ws_group/src/install/turtlesim/include/turtlesim/turtlesim/srv/detail/set_pen__struct.hpp
[51.245s] -- Symlinking: /home/student/RS1/RS1_group/scamazon/ros2_ws_group/src/install/turtlesim/include/turtlesim/turtlesim/srv/detail/set_pen__traits.hpp
[51.262s] -- Symlinking: /home/student/RS1/RS1_group/scamazon/ros2_ws_group/src/install/turtlesim/include/turtlesim/turtlesim/srv/detail/spawn__builder.hpp
[51.278s] -- Symlinking: /home/student/RS1/RS1_group/scamazon/ros2_ws_group/src/install/turtlesim/include/turtlesim/turtlesim/srv/detail/spawn__struct.hpp
[51.293s] -- Symlinking: /home/student/RS1/RS1_group/scamazon/ros2_ws_group/src/install/turtlesim/include/turtlesim/turtlesim/srv/detail/spawn__traits.hpp
[51.310s] -- Symlinking: /home/student/RS1/RS1_group/scamazon/ros2_ws_group/src/install/turtlesim/include/turtlesim/turtlesim/srv/detail/teleport_absolute__builder.hpp
[51.327s] -- Symlinking: /home/student/RS1/RS1_group/scamazon/ros2_ws_group/src/install/turtlesim/include/turtlesim/turtlesim/srv/detail/teleport_absolute__struct.hpp
[51.342s] -- Symlinking: /home/student/RS1/RS1_group/scamazon/ros2_ws_group/src/install/turtlesim/include/turtlesim/turtlesim/srv/detail/teleport_absolute__traits.hpp
[51.358s] -- Symlinking: /home/student/RS1/RS1_group/scamazon/ros2_ws_group/src/install/turtlesim/include/turtlesim/turtlesim/srv/detail/teleport_relative__builder.hpp
[51.375s] -- Symlinking: /home/student/RS1/RS1_group/scamazon/ros2_ws_group/src/install/turtlesim/include/turtlesim/turtlesim/srv/detail/teleport_relative__struct.hpp
[51.390s] -- Symlinking: /home/student/RS1/RS1_group/scamazon/ros2_ws_group/src/install/turtlesim/include/turtlesim/turtlesim/srv/detail/teleport_relative__traits.hpp
[51.408s] -- Symlinking: /home/student/RS1/RS1_group/scamazon/ros2_ws_group/src/install/turtlesim/include/turtlesim/turtlesim/srv/kill.hpp
[51.425s] -- Symlinking: /home/student/RS1/RS1_group/scamazon/ros2_ws_group/src/install/turtlesim/include/turtlesim/turtlesim/srv/set_pen.hpp
[51.446s] -- Symlinking: /home/student/RS1/RS1_group/scamazon/ros2_ws_group/src/install/turtlesim/include/turtlesim/turtlesim/srv/spawn.hpp
[51.464s] -- Symlinking: /home/student/RS1/RS1_group/scamazon/ros2_ws_group/src/install/turtlesim/include/turtlesim/turtlesim/srv/teleport_absolute.hpp
[51.482s] -- Symlinking: /home/student/RS1/RS1_group/scamazon/ros2_ws_group/src/install/turtlesim/include/turtlesim/turtlesim/srv/teleport_relative.hpp
[51.502s] -- Symlinking: /home/student/RS1/RS1_group/scamazon/ros2_ws_group/src/install/turtlesim/include/turtlesim/turtlesim/action/detail/rotate_absolute__rosidl_typesupport_fastrtps_cpp.hpp
[51.522s] -- Symlinking: /home/student/RS1/RS1_group/scamazon/ros2_ws_group/src/install/turtlesim/include/turtlesim/turtlesim/msg/detail/color__rosidl_typesupport_fastrtps_cpp.hpp
[51.540s] -- Symlinking: /home/student/RS1/RS1_group/scamazon/ros2_ws_group/src/install/turtlesim/include/turtlesim/turtlesim/msg/detail/pose__rosidl_typesupport_fastrtps_cpp.hpp
[51.557s] -- Symlinking: /home/student/RS1/RS1_group/scamazon/ros2_ws_group/src/install/turtlesim/include/turtlesim/turtlesim/msg/rosidl_typesupport_fastrtps_cpp__visibility_control.h
[51.580s] -- Symlinking: /home/student/RS1/RS1_group/scamazon/ros2_ws_group/src/install/turtlesim/include/turtlesim/turtlesim/srv/detail/kill__rosidl_typesupport_fastrtps_cpp.hpp
[51.605s] -- Symlinking: /home/student/RS1/RS1_group/scamazon/ros2_ws_group/src/install/turtlesim/include/turtlesim/turtlesim/srv/detail/set_pen__rosidl_typesupport_fastrtps_cpp.hpp
[51.643s] -- Symlinking: /home/student/RS1/RS1_group/scamazon/ros2_ws_group/src/install/turtlesim/include/turtlesim/turtlesim/srv/detail/spawn__rosidl_typesupport_fastrtps_cpp.hpp
[51.661s] -- Symlinking: /home/student/RS1/RS1_group/scamazon/ros2_ws_group/src/install/turtlesim/include/turtlesim/turtlesim/srv/detail/teleport_absolute__rosidl_typesupport_fastrtps_cpp.hpp
[51.679s] -- Symlinking: /home/student/RS1/RS1_group/scamazon/ros2_ws_group/src/install/turtlesim/include/turtlesim/turtlesim/srv/detail/teleport_relative__rosidl_typesupport_fastrtps_cpp.hpp
[51.699s] -- Symlinking: /home/student/RS1/RS1_group/scamazon/ros2_ws_group/src/install/turtlesim/include/turtlesim/turtlesim/action/detail/rotate_absolute__rosidl_typesupport_introspection_c.h
[51.713s] -- Symlinking: /home/student/RS1/RS1_group/scamazon/ros2_ws_group/src/install/turtlesim/include/turtlesim/turtlesim/msg/detail/color__rosidl_typesupport_introspection_c.h
[51.732s] -- Symlinking: /home/student/RS1/RS1_group/scamazon/ros2_ws_group/src/install/turtlesim/include/turtlesim/turtlesim/msg/detail/pose__rosidl_typesupport_introspection_c.h
[51.776s] -- Symlinking: /home/student/RS1/RS1_group/scamazon/ros2_ws_group/src/install/turtlesim/include/turtlesim/turtlesim/msg/rosidl_typesupport_introspection_c__visibility_control.h
[51.795s] -- Symlinking: /home/student/RS1/RS1_group/scamazon/ros2_ws_group/src/install/turtlesim/include/turtlesim/turtlesim/srv/detail/kill__rosidl_typesupport_introspection_c.h
[51.812s] -- Symlinking: /home/student/RS1/RS1_group/scamazon/ros2_ws_group/src/install/turtlesim/include/turtlesim/turtlesim/srv/detail/set_pen__rosidl_typesupport_introspection_c.h
[51.828s] -- Symlinking: /home/student/RS1/RS1_group/scamazon/ros2_ws_group/src/install/turtlesim/include/turtlesim/turtlesim/srv/detail/spawn__rosidl_typesupport_introspection_c.h
[51.845s] -- Symlinking: /home/student/RS1/RS1_group/scamazon/ros2_ws_group/src/install/turtlesim/include/turtlesim/turtlesim/srv/detail/teleport_absolute__rosidl_typesupport_introspection_c.h
[51.864s] -- Symlinking: /home/student/RS1/RS1_group/scamazon/ros2_ws_group/src/install/turtlesim/include/turtlesim/turtlesim/srv/detail/teleport_relative__rosidl_typesupport_introspection_c.h
[51.884s] -- Symlinking: /home/student/RS1/RS1_group/scamazon/ros2_ws_group/src/install/turtlesim/include/turtlesim/turtlesim/action/detail/rotate_absolute__rosidl_typesupport_introspection_cpp.hpp
[51.904s] -- Symlinking: /home/student/RS1/RS1_group/scamazon/ros2_ws_group/src/install/turtlesim/include/turtlesim/turtlesim/msg/detail/color__rosidl_typesupport_introspection_cpp.hpp
[51.950s] -- Symlinking: /home/student/RS1/RS1_group/scamazon/ros2_ws_group/src/install/turtlesim/include/turtlesim/turtlesim/msg/detail/pose__rosidl_typesupport_introspection_cpp.hpp
[51.971s] -- Symlinking: /home/student/RS1/RS1_group/scamazon/ros2_ws_group/src/install/turtlesim/include/turtlesim/turtlesim/srv/detail/kill__rosidl_typesupport_introspection_cpp.hpp
[51.987s] -- Symlinking: /home/student/RS1/RS1_group/scamazon/ros2_ws_group/src/install/turtlesim/include/turtlesim/turtlesim/srv/detail/set_pen__rosidl_typesupport_introspection_cpp.hpp
[52.002s] -- Symlinking: /home/student/RS1/RS1_group/scamazon/ros2_ws_group/src/install/turtlesim/include/turtlesim/turtlesim/srv/detail/spawn__rosidl_typesupport_introspection_cpp.hpp
[52.028s] -- Symlinking: /home/student/RS1/RS1_group/scamazon/ros2_ws_group/src/install/turtlesim/include/turtlesim/turtlesim/srv/detail/teleport_absolute__rosidl_typesupport_introspection_cpp.hpp
[52.049s] -- Symlinking: /home/student/RS1/RS1_group/scamazon/ros2_ws_group/src/install/turtlesim/include/turtlesim/turtlesim/srv/detail/teleport_relative__rosidl_typesupport_introspection_cpp.hpp
[52.061s] -- Symlinking: /home/student/RS1/RS1_group/scamazon/ros2_ws_group/src/install/turtlesim/share/turtlesim/environment/pythonpath.sh
[52.073s] -- Symlinking: /home/student/RS1/RS1_group/scamazon/ros2_ws_group/src/install/turtlesim/share/turtlesim/environment/pythonpath.dsv
[52.089s] -- Symlinking: /home/student/RS1/RS1_group/scamazon/ros2_ws_group/src/install/turtlesim/local/lib/python3.10/dist-packages/turtlesim-1.4.2-py3.10.egg-info/PKG-INFO
[52.101s] -- Symlinking: /home/student/RS1/RS1_group/scamazon/ros2_ws_group/src/install/turtlesim/local/lib/python3.10/dist-packages/turtlesim-1.4.2-py3.10.egg-info/SOURCES.txt
[52.117s] -- Symlinking: /home/student/RS1/RS1_group/scamazon/ros2_ws_group/src/install/turtlesim/local/lib/python3.10/dist-packages/turtlesim-1.4.2-py3.10.egg-info/dependency_links.txt
[52.136s] -- Symlinking: /home/student/RS1/RS1_group/scamazon/ros2_ws_group/src/install/turtlesim/local/lib/python3.10/dist-packages/turtlesim-1.4.2-py3.10.egg-info/top_level.txt
[52.154s] -- Symlinking: /home/student/RS1/RS1_group/scamazon/ros2_ws_group/src/install/turtlesim/local/lib/python3.10/dist-packages/turtlesim/__init__.py
[52.171s] -- Symlinking: /home/student/RS1/RS1_group/scamazon/ros2_ws_group/src/install/turtlesim/local/lib/python3.10/dist-packages/turtlesim/_turtlesim_s.ep.rosidl_typesupport_c.c
[52.187s] -- Symlinking: /home/student/RS1/RS1_group/scamazon/ros2_ws_group/src/install/turtlesim/local/lib/python3.10/dist-packages/turtlesim/_turtlesim_s.ep.rosidl_typesupport_fastrtps_c.c
[52.205s] -- Symlinking: /home/student/RS1/RS1_group/scamazon/ros2_ws_group/src/install/turtlesim/local/lib/python3.10/dist-packages/turtlesim/_turtlesim_s.ep.rosidl_typesupport_introspection_c.c
[52.223s] -- Symlinking: /home/student/RS1/RS1_group/scamazon/ros2_ws_group/src/install/turtlesim/local/lib/python3.10/dist-packages/turtlesim/action/__init__.py
[52.243s] -- Symlinking: /home/student/RS1/RS1_group/scamazon/ros2_ws_group/src/install/turtlesim/local/lib/python3.10/dist-packages/turtlesim/action/_rotate_absolute.py
[52.256s] -- Symlinking: /home/student/RS1/RS1_group/scamazon/ros2_ws_group/src/install/turtlesim/local/lib/python3.10/dist-packages/turtlesim/action/_rotate_absolute_s.c
[52.267s] -- Symlinking: /home/student/RS1/RS1_group/scamazon/ros2_ws_group/src/install/turtlesim/local/lib/python3.10/dist-packages/turtlesim/libturtlesim__rosidl_generator_py.so
[52.278s] -- Symlinking: /home/student/RS1/RS1_group/scamazon/ros2_ws_group/src/install/turtlesim/local/lib/python3.10/dist-packages/turtlesim/msg/__init__.py
[52.289s] -- Symlinking: /home/student/RS1/RS1_group/scamazon/ros2_ws_group/src/install/turtlesim/local/lib/python3.10/dist-packages/turtlesim/msg/_color.py
[52.301s] -- Symlinking: /home/student/RS1/RS1_group/scamazon/ros2_ws_group/src/install/turtlesim/local/lib/python3.10/dist-packages/turtlesim/msg/_color_s.c
[52.316s] -- Symlinking: /home/student/RS1/RS1_group/scamazon/ros2_ws_group/src/install/turtlesim/local/lib/python3.10/dist-packages/turtlesim/msg/_pose.py
[52.333s] -- Symlinking: /home/student/RS1/RS1_group/scamazon/ros2_ws_group/src/install/turtlesim/local/lib/python3.10/dist-packages/turtlesim/msg/_pose_s.c
[52.374s] -- Symlinking: /home/student/RS1/RS1_group/scamazon/ros2_ws_group/src/install/turtlesim/local/lib/python3.10/dist-packages/turtlesim/srv/__init__.py
[52.409s] -- Symlinking: /home/student/RS1/RS1_group/scamazon/ros2_ws_group/src/install/turtlesim/local/lib/python3.10/dist-packages/turtlesim/srv/_kill.py
[52.429s] -- Symlinking: /home/student/RS1/RS1_group/scamazon/ros2_ws_group/src/install/turtlesim/local/lib/python3.10/dist-packages/turtlesim/srv/_kill_s.c
[52.441s] -- Symlinking: /home/student/RS1/RS1_group/scamazon/ros2_ws_group/src/install/turtlesim/local/lib/python3.10/dist-packages/turtlesim/srv/_set_pen.py
[52.456s] -- Symlinking: /home/student/RS1/RS1_group/scamazon/ros2_ws_group/src/install/turtlesim/local/lib/python3.10/dist-packages/turtlesim/srv/_set_pen_s.c
[52.531s] -- Symlinking: /home/student/RS1/RS1_group/scamazon/ros2_ws_group/src/install/turtlesim/local/lib/python3.10/dist-packages/turtlesim/srv/_spawn.py
[52.562s] -- Symlinking: /home/student/RS1/RS1_group/scamazon/ros2_ws_group/src/install/turtlesim/local/lib/python3.10/dist-packages/turtlesim/srv/_spawn_s.c
[52.634s] -- Symlinking: /home/student/RS1/RS1_group/scamazon/ros2_ws_group/src/install/turtlesim/local/lib/python3.10/dist-packages/turtlesim/srv/_teleport_absolute.py
[52.663s] -- Symlinking: /home/student/RS1/RS1_group/scamazon/ros2_ws_group/src/install/turtlesim/local/lib/python3.10/dist-packages/turtlesim/srv/_teleport_absolute_s.c
[52.682s] -- Symlinking: /home/student/RS1/RS1_group/scamazon/ros2_ws_group/src/install/turtlesim/local/lib/python3.10/dist-packages/turtlesim/srv/_teleport_relative.py
[52.701s] -- Symlinking: /home/student/RS1/RS1_group/scamazon/ros2_ws_group/src/install/turtlesim/local/lib/python3.10/dist-packages/turtlesim/srv/_teleport_relative_s.c
[52.728s] -- Symlinking: /home/student/RS1/RS1_group/scamazon/ros2_ws_group/src/install/turtlesim/local/lib/python3.10/dist-packages/turtlesim/turtlesim_s__rosidl_typesupport_c.cpython-310-x86_64-linux-gnu.so
[52.747s] -- Symlinking: /home/student/RS1/RS1_group/scamazon/ros2_ws_group/src/install/turtlesim/local/lib/python3.10/dist-packages/turtlesim/turtlesim_s__rosidl_typesupport_fastrtps_c.cpython-310-x86_64-linux-gnu.so
[52.760s] -- Symlinking: /home/student/RS1/RS1_group/scamazon/ros2_ws_group/src/install/turtlesim/local/lib/python3.10/dist-packages/turtlesim/turtlesim_s__rosidl_typesupport_introspection_c.cpython-310-x86_64-linux-gnu.so
[52.777s] -- Up-to-date symlink: /home/student/RS1/RS1_group/scamazon/ros2_ws_group/src/install/turtlesim/local/lib/python3.10/dist-packages/turtlesim/turtlesim_s__rosidl_typesupport_fastrtps_c.cpython-310-x86_64-linux-gnu.so
[52.777s] -- Up-to-date symlink: /home/student/RS1/RS1_group/scamazon/ros2_ws_group/src/install/turtlesim/local/lib/python3.10/dist-packages/turtlesim/turtlesim_s__rosidl_typesupport_introspection_c.cpython-310-x86_64-linux-gnu.so
[52.777s] -- Up-to-date symlink: /home/student/RS1/RS1_group/scamazon/ros2_ws_group/src/install/turtlesim/local/lib/python3.10/dist-packages/turtlesim/turtlesim_s__rosidl_typesupport_c.cpython-310-x86_64-linux-gnu.so
[52.777s] -- Symlinking: /home/student/RS1/RS1_group/scamazon/ros2_ws_group/src/install/turtlesim/share/turtlesim/action/RotateAbsolute.idl
[52.788s] -- Symlinking: /home/student/RS1/RS1_group/scamazon/ros2_ws_group/src/install/turtlesim/share/turtlesim/msg/Color.idl
[52.800s] -- Symlinking: /home/student/RS1/RS1_group/scamazon/ros2_ws_group/src/install/turtlesim/share/turtlesim/msg/Pose.idl
[52.814s] -- Symlinking: /home/student/RS1/RS1_group/scamazon/ros2_ws_group/src/install/turtlesim/share/turtlesim/srv/Kill.idl
[52.830s] -- Symlinking: /home/student/RS1/RS1_group/scamazon/ros2_ws_group/src/install/turtlesim/share/turtlesim/srv/SetPen.idl
[52.846s] -- Symlinking: /home/student/RS1/RS1_group/scamazon/ros2_ws_group/src/install/turtlesim/share/turtlesim/srv/Spawn.idl
[52.861s] -- Symlinking: /home/student/RS1/RS1_group/scamazon/ros2_ws_group/src/install/turtlesim/share/turtlesim/srv/TeleportAbsolute.idl
[52.877s] -- Symlinking: /home/student/RS1/RS1_group/scamazon/ros2_ws_group/src/install/turtlesim/share/turtlesim/srv/TeleportRelative.idl
[52.893s] -- Symlinking: /home/student/RS1/RS1_group/scamazon/ros2_ws_group/src/install/turtlesim/share/turtlesim/action/RotateAbsolute.action
[52.905s] -- Symlinking: /home/student/RS1/RS1_group/scamazon/ros2_ws_group/src/install/turtlesim/share/turtlesim/msg/Color.msg
[52.919s] -- Symlinking: /home/student/RS1/RS1_group/scamazon/ros2_ws_group/src/install/turtlesim/share/turtlesim/msg/Pose.msg
[52.931s] -- Symlinking: /home/student/RS1/RS1_group/scamazon/ros2_ws_group/src/install/turtlesim/share/turtlesim/srv/Kill.srv
[52.943s] -- Symlinking: /home/student/RS1/RS1_group/scamazon/ros2_ws_group/src/install/turtlesim/share/turtlesim/srv/Kill_Request.msg
[52.954s] -- Symlinking: /home/student/RS1/RS1_group/scamazon/ros2_ws_group/src/install/turtlesim/share/turtlesim/srv/Kill_Response.msg
[52.966s] -- Symlinking: /home/student/RS1/RS1_group/scamazon/ros2_ws_group/src/install/turtlesim/share/turtlesim/srv/SetPen.srv
[52.977s] -- Symlinking: /home/student/RS1/RS1_group/scamazon/ros2_ws_group/src/install/turtlesim/share/turtlesim/srv/SetPen_Request.msg
[52.993s] -- Symlinking: /home/student/RS1/RS1_group/scamazon/ros2_ws_group/src/install/turtlesim/share/turtlesim/srv/SetPen_Response.msg
[53.007s] -- Symlinking: /home/student/RS1/RS1_group/scamazon/ros2_ws_group/src/install/turtlesim/share/turtlesim/srv/Spawn.srv
[53.021s] -- Symlinking: /home/student/RS1/RS1_group/scamazon/ros2_ws_group/src/install/turtlesim/share/turtlesim/srv/Spawn_Request.msg
[53.033s] -- Symlinking: /home/student/RS1/RS1_group/scamazon/ros2_ws_group/src/install/turtlesim/share/turtlesim/srv/Spawn_Response.msg
[53.050s] -- Symlinking: /home/student/RS1/RS1_group/scamazon/ros2_ws_group/src/install/turtlesim/share/turtlesim/srv/TeleportAbsolute.srv
[53.066s] -- Symlinking: /home/student/RS1/RS1_group/scamazon/ros2_ws_group/src/install/turtlesim/share/turtlesim/srv/TeleportAbsolute_Request.msg
[53.079s] -- Symlinking: /home/student/RS1/RS1_group/scamazon/ros2_ws_group/src/install/turtlesim/share/turtlesim/srv/TeleportAbsolute_Response.msg
[53.092s] -- Symlinking: /home/student/RS1/RS1_group/scamazon/ros2_ws_group/src/install/turtlesim/share/turtlesim/srv/TeleportRelative.srv
[53.103s] -- Symlinking: /home/student/RS1/RS1_group/scamazon/ros2_ws_group/src/install/turtlesim/share/turtlesim/srv/TeleportRelative_Request.msg
[53.114s] -- Symlinking: /home/student/RS1/RS1_group/scamazon/ros2_ws_group/src/install/turtlesim/share/turtlesim/srv/TeleportRelative_Response.msg
[53.125s] -- Symlinking: /home/student/RS1/RS1_group/scamazon/ros2_ws_group/src/install/turtlesim/lib/turtlesim/turtlesim_node
[53.145s] -- Symlinking: /home/student/RS1/RS1_group/scamazon/ros2_ws_group/src/install/turtlesim/lib/turtlesim/turtle_teleop_key
[53.160s] -- Symlinking: /home/student/RS1/RS1_group/scamazon/ros2_ws_group/src/install/turtlesim/lib/turtlesim/draw_square
[53.171s] -- Symlinking: /home/student/RS1/RS1_group/scamazon/ros2_ws_group/src/install/turtlesim/lib/turtlesim/mimic
[53.182s] -- Symlinking: /home/student/RS1/RS1_group/scamazon/ros2_ws_group/src/install/turtlesim/share/turtlesim/launch/multisim.launch.py
[53.194s] -- Symlinking: /home/student/RS1/RS1_group/scamazon/ros2_ws_group/src/install/turtlesim/share/ament_index/resource_index/package_run_dependencies/turtlesim
[53.205s] -- Symlinking: /home/student/RS1/RS1_group/scamazon/ros2_ws_group/src/install/turtlesim/share/ament_index/resource_index/parent_prefix_path/turtlesim
[53.217s] -- Symlinking: /home/student/RS1/RS1_group/scamazon/ros2_ws_group/src/install/turtlesim/share/turtlesim/environment/ament_prefix_path.sh
[53.228s] -- Symlinking: /home/student/RS1/RS1_group/scamazon/ros2_ws_group/src/install/turtlesim/share/turtlesim/environment/ament_prefix_path.dsv
[53.242s] -- Symlinking: /home/student/RS1/RS1_group/scamazon/ros2_ws_group/src/install/turtlesim/share/turtlesim/environment/path.sh
[53.257s] -- Symlinking: /home/student/RS1/RS1_group/scamazon/ros2_ws_group/src/install/turtlesim/share/turtlesim/environment/path.dsv
[53.273s] -- Symlinking: /home/student/RS1/RS1_group/scamazon/ros2_ws_group/src/install/turtlesim/share/turtlesim/local_setup.bash
[53.284s] -- Symlinking: /home/student/RS1/RS1_group/scamazon/ros2_ws_group/src/install/turtlesim/share/turtlesim/local_setup.sh
[53.296s] -- Symlinking: /home/student/RS1/RS1_group/scamazon/ros2_ws_group/src/install/turtlesim/share/turtlesim/local_setup.zsh
[53.306s] -- Symlinking: /home/student/RS1/RS1_group/scamazon/ros2_ws_group/src/install/turtlesim/share/turtlesim/local_setup.dsv
[53.317s] -- Symlinking: /home/student/RS1/RS1_group/scamazon/ros2_ws_group/src/install/turtlesim/share/turtlesim/package.dsv
[53.330s] -- Symlinking: /home/student/RS1/RS1_group/scamazon/ros2_ws_group/src/install/turtlesim/share/ament_index/resource_index/packages/turtlesim
[53.346s] -- Symlinking: /home/student/RS1/RS1_group/scamazon/ros2_ws_group/src/install/turtlesim/share/turtlesim/cmake/rosidl_cmake-extras.cmake
[53.360s] -- Symlinking: /home/student/RS1/RS1_group/scamazon/ros2_ws_group/src/install/turtlesim/share/turtlesim/cmake/ament_cmake_export_dependencies-extras.cmake
[53.372s] -- Symlinking: /home/student/RS1/RS1_group/scamazon/ros2_ws_group/src/install/turtlesim/share/turtlesim/cmake/ament_cmake_export_include_directories-extras.cmake
[53.384s] -- Symlinking: /home/student/RS1/RS1_group/scamazon/ros2_ws_group/src/install/turtlesim/share/turtlesim/cmake/ament_cmake_export_libraries-extras.cmake
[53.396s] -- Symlinking: /home/student/RS1/RS1_group/scamazon/ros2_ws_group/src/install/turtlesim/share/turtlesim/cmake/ament_cmake_export_targets-extras.cmake
[53.407s] -- Symlinking: /home/student/RS1/RS1_group/scamazon/ros2_ws_group/src/install/turtlesim/share/turtlesim/cmake/rosidl_cmake_export_typesupport_targets-extras.cmake
[53.418s] -- Symlinking: /home/student/RS1/RS1_group/scamazon/ros2_ws_group/src/install/turtlesim/share/turtlesim/cmake/rosidl_cmake_export_typesupport_libraries-extras.cmake
[53.430s] -- Symlinking: /home/student/RS1/RS1_group/scamazon/ros2_ws_group/src/install/turtlesim/share/turtlesim/cmake/turtlesimConfig.cmake
[53.446s] -- Symlinking: /home/student/RS1/RS1_group/scamazon/ros2_ws_group/src/install/turtlesim/share/turtlesim/cmake/turtlesimConfig-version.cmake
[53.459s] -- Symlinking: /home/student/RS1/RS1_group/scamazon/ros2_ws_group/src/install/turtlesim/share/turtlesim/package.xml
[53.471s] -- Installing: /home/student/RS1/RS1_group/scamazon/ros2_ws_group/src/install/turtlesim/lib/libturtlesim__rosidl_generator_c.so
[53.472s] -- Set runtime path of "/home/student/RS1/RS1_group/scamazon/ros2_ws_group/src/install/turtlesim/lib/libturtlesim__rosidl_generator_c.so" to ""
[53.472s] -- Installing: /home/student/RS1/RS1_group/scamazon/ros2_ws_group/src/install/turtlesim/lib/libturtlesim__rosidl_typesupport_fastrtps_c.so
[53.473s] -- Set runtime path of "/home/student/RS1/RS1_group/scamazon/ros2_ws_group/src/install/turtlesim/lib/libturtlesim__rosidl_typesupport_fastrtps_c.so" to ""
[53.473s] -- Installing: /home/student/RS1/RS1_group/scamazon/ros2_ws_group/src/install/turtlesim/lib/libturtlesim__rosidl_typesupport_fastrtps_cpp.so
[53.474s] -- Set runtime path of "/home/student/RS1/RS1_group/scamazon/ros2_ws_group/src/install/turtlesim/lib/libturtlesim__rosidl_typesupport_fastrtps_cpp.so" to ""
[53.474s] -- Installing: /home/student/RS1/RS1_group/scamazon/ros2_ws_group/src/install/turtlesim/lib/libturtlesim__rosidl_typesupport_introspection_c.so
[53.475s] -- Set runtime path of "/home/student/RS1/RS1_group/scamazon/ros2_ws_group/src/install/turtlesim/lib/libturtlesim__rosidl_typesupport_introspection_c.so" to ""
[53.475s] -- Installing: /home/student/RS1/RS1_group/scamazon/ros2_ws_group/src/install/turtlesim/lib/libturtlesim__rosidl_typesupport_c.so
[53.476s] -- Set runtime path of "/home/student/RS1/RS1_group/scamazon/ros2_ws_group/src/install/turtlesim/lib/libturtlesim__rosidl_typesupport_c.so" to ""
[53.476s] -- Installing: /home/student/RS1/RS1_group/scamazon/ros2_ws_group/src/install/turtlesim/lib/libturtlesim__rosidl_typesupport_introspection_cpp.so
[53.477s] -- Set runtime path of "/home/student/RS1/RS1_group/scamazon/ros2_ws_group/src/install/turtlesim/lib/libturtlesim__rosidl_typesupport_introspection_cpp.so" to ""
[53.477s] -- Installing: /home/student/RS1/RS1_group/scamazon/ros2_ws_group/src/install/turtlesim/lib/libturtlesim__rosidl_typesupport_cpp.so
[53.478s] -- Set runtime path of "/home/student/RS1/RS1_group/scamazon/ros2_ws_group/src/install/turtlesim/lib/libturtlesim__rosidl_typesupport_cpp.so" to ""
[53.539s] Listing '/home/student/RS1/RS1_group/scamazon/ros2_ws_group/src/install/turtlesim/local/lib/python3.10/dist-packages/turtlesim'...
[53.540s] Compiling '/home/student/RS1/RS1_group/scamazon/ros2_ws_group/src/install/turtlesim/local/lib/python3.10/dist-packages/turtlesim/__init__.py'...
[53.547s] Listing '/home/student/RS1/RS1_group/scamazon/ros2_ws_group/src/install/turtlesim/local/lib/python3.10/dist-packages/turtlesim/action'...
[53.547s] Compiling '/home/student/RS1/RS1_group/scamazon/ros2_ws_group/src/install/turtlesim/local/lib/python3.10/dist-packages/turtlesim/action/__init__.py'...
[53.547s] Compiling '/home/student/RS1/RS1_group/scamazon/ros2_ws_group/src/install/turtlesim/local/lib/python3.10/dist-packages/turtlesim/action/_rotate_absolute.py'...
[53.547s] Listing '/home/student/RS1/RS1_group/scamazon/ros2_ws_group/src/install/turtlesim/local/lib/python3.10/dist-packages/turtlesim/msg'...
[53.548s] Compiling '/home/student/RS1/RS1_group/scamazon/ros2_ws_group/src/install/turtlesim/local/lib/python3.10/dist-packages/turtlesim/msg/__init__.py'...
[53.548s] Compiling '/home/student/RS1/RS1_group/scamazon/ros2_ws_group/src/install/turtlesim/local/lib/python3.10/dist-packages/turtlesim/msg/_color.py'...
[53.548s] Compiling '/home/student/RS1/RS1_group/scamazon/ros2_ws_group/src/install/turtlesim/local/lib/python3.10/dist-packages/turtlesim/msg/_pose.py'...
[53.548s] Listing '/home/student/RS1/RS1_group/scamazon/ros2_ws_group/src/install/turtlesim/local/lib/python3.10/dist-packages/turtlesim/srv'...
[53.548s] Compiling '/home/student/RS1/RS1_group/scamazon/ros2_ws_group/src/install/turtlesim/local/lib/python3.10/dist-packages/turtlesim/srv/__init__.py'...
[53.548s] Compiling '/home/student/RS1/RS1_group/scamazon/ros2_ws_group/src/install/turtlesim/local/lib/python3.10/dist-packages/turtlesim/srv/_kill.py'...
[53.548s] Compiling '/home/student/RS1/RS1_group/scamazon/ros2_ws_group/src/install/turtlesim/local/lib/python3.10/dist-packages/turtlesim/srv/_set_pen.py'...
[53.548s] Compiling '/home/student/RS1/RS1_group/scamazon/ros2_ws_group/src/install/turtlesim/local/lib/python3.10/dist-packages/turtlesim/srv/_spawn.py'...
[53.549s] Compiling '/home/student/RS1/RS1_group/scamazon/ros2_ws_group/src/install/turtlesim/local/lib/python3.10/dist-packages/turtlesim/srv/_teleport_absolute.py'...
[53.549s] Compiling '/home/student/RS1/RS1_group/scamazon/ros2_ws_group/src/install/turtlesim/local/lib/python3.10/dist-packages/turtlesim/srv/_teleport_relative.py'...
[53.549s] -- Installing: /home/student/RS1/RS1_group/scamazon/ros2_ws_group/src/install/turtlesim/lib/libturtlesim__rosidl_generator_py.so
[53.549s] -- Set runtime path of "/home/student/RS1/RS1_group/scamazon/ros2_ws_group/src/install/turtlesim/lib/libturtlesim__rosidl_generator_py.so" to ""
[53.549s] -- Installing: /home/student/RS1/RS1_group/scamazon/ros2_ws_group/src/install/turtlesim/share/turtlesim/images
[53.549s] -- Installing: /home/student/RS1/RS1_group/scamazon/ros2_ws_group/src/install/turtlesim/share/turtlesim/images/eloquent.png
[53.549s] -- Installing: /home/student/RS1/RS1_group/scamazon/ros2_ws_group/src/install/turtlesim/share/turtlesim/images/galactic.png
[53.549s] -- Installing: /home/student/RS1/RS1_group/scamazon/ros2_ws_group/src/install/turtlesim/share/turtlesim/images/foxy.png
[53.549s] -- Installing: /home/student/RS1/RS1_group/scamazon/ros2_ws_group/src/install/turtlesim/share/turtlesim/images/ardent.png
[53.550s] -- Installing: /home/student/RS1/RS1_group/scamazon/ros2_ws_group/src/install/turtlesim/share/turtlesim/images/bouncy.png
[53.550s] -- Installing: /home/student/RS1/RS1_group/scamazon/ros2_ws_group/src/install/turtlesim/share/turtlesim/images/humble.png
[53.550s] -- Installing: /home/student/RS1/RS1_group/scamazon/ros2_ws_group/src/install/turtlesim/share/turtlesim/images/rolling.png
[53.550s] -- Installing: /home/student/RS1/RS1_group/scamazon/ros2_ws_group/src/install/turtlesim/share/turtlesim/images/dashing.png
[53.550s] -- Installing: /home/student/RS1/RS1_group/scamazon/ros2_ws_group/src/install/turtlesim/share/turtlesim/images/crystal.png
[53.550s] -- Installing: /home/student/RS1/RS1_group/scamazon/ros2_ws_group/src/install/turtlesim/share/turtlesim/cmake/export_turtlesim__rosidl_generator_cExport.cmake
[53.550s] -- Installing: /home/student/RS1/RS1_group/scamazon/ros2_ws_group/src/install/turtlesim/share/turtlesim/cmake/export_turtlesim__rosidl_generator_cExport-noconfig.cmake
[53.550s] -- Installing: /home/student/RS1/RS1_group/scamazon/ros2_ws_group/src/install/turtlesim/share/turtlesim/cmake/export_turtlesim__rosidl_typesupport_fastrtps_cExport.cmake
[53.550s] -- Installing: /home/student/RS1/RS1_group/scamazon/ros2_ws_group/src/install/turtlesim/share/turtlesim/cmake/export_turtlesim__rosidl_typesupport_fastrtps_cExport-noconfig.cmake
[53.551s] -- Installing: /home/student/RS1/RS1_group/scamazon/ros2_ws_group/src/install/turtlesim/share/turtlesim/cmake/export_turtlesim__rosidl_generator_cppExport.cmake
[53.551s] -- Installing: /home/student/RS1/RS1_group/scamazon/ros2_ws_group/src/install/turtlesim/share/turtlesim/cmake/export_turtlesim__rosidl_typesupport_fastrtps_cppExport.cmake
[53.551s] -- Installing: /home/student/RS1/RS1_group/scamazon/ros2_ws_group/src/install/turtlesim/share/turtlesim/cmake/export_turtlesim__rosidl_typesupport_fastrtps_cppExport-noconfig.cmake
[53.551s] -- Installing: /home/student/RS1/RS1_group/scamazon/ros2_ws_group/src/install/turtlesim/share/turtlesim/cmake/turtlesim__rosidl_typesupport_introspection_cExport.cmake
[53.551s] -- Installing: /home/student/RS1/RS1_group/scamazon/ros2_ws_group/src/install/turtlesim/share/turtlesim/cmake/turtlesim__rosidl_typesupport_introspection_cExport-noconfig.cmake
[53.552s] -- Installing: /home/student/RS1/RS1_group/scamazon/ros2_ws_group/src/install/turtlesim/share/turtlesim/cmake/turtlesim__rosidl_typesupport_cExport.cmake
[53.552s] -- Installing: /home/student/RS1/RS1_group/scamazon/ros2_ws_group/src/install/turtlesim/share/turtlesim/cmake/turtlesim__rosidl_typesupport_cExport-noconfig.cmake
[53.553s] -- Installing: /home/student/RS1/RS1_group/scamazon/ros2_ws_group/src/install/turtlesim/share/turtlesim/cmake/turtlesim__rosidl_typesupport_introspection_cppExport.cmake
[53.553s] -- Installing: /home/student/RS1/RS1_group/scamazon/ros2_ws_group/src/install/turtlesim/share/turtlesim/cmake/turtlesim__rosidl_typesupport_introspection_cppExport-noconfig.cmake
[53.554s] -- Installing: /home/student/RS1/RS1_group/scamazon/ros2_ws_group/src/install/turtlesim/share/turtlesim/cmake/turtlesim__rosidl_typesupport_cppExport.cmake
[53.554s] -- Installing: /home/student/RS1/RS1_group/scamazon/ros2_ws_group/src/install/turtlesim/share/turtlesim/cmake/turtlesim__rosidl_typesupport_cppExport-noconfig.cmake
[53.555s] -- Installing: /home/student/RS1/RS1_group/scamazon/ros2_ws_group/src/install/turtlesim/share/turtlesim/cmake/export_turtlesim__rosidl_generator_pyExport.cmake
[53.555s] -- Installing: /home/student/RS1/RS1_group/scamazon/ros2_ws_group/src/install/turtlesim/share/turtlesim/cmake/export_turtlesim__rosidl_generator_pyExport-noconfig.cmake
[53.560s] Invoked command in '/home/student/RS1/RS1_group/scamazon/ros2_ws_group/src/build/turtlesim' returned '0': CMAKE_PREFIX_PATH=${CMAKE_PREFIX_PATH}:/home/student/ros2_ws/install/turtlebot3_teleop:/home/student/ros2_ws/install/turtlebot3_example:/home/student/ros2_ws/install/tb3_lab1:/opt/ros/humble /usr/bin/cmake --install /home/student/RS1/RS1_group/scamazon/ros2_ws_group/src/build/turtlesim
