[0.042s] Invoking command in '/home/student/RS1/RS1_group/scamazon/ros2_ws_group/src/build/turtlebot3_navigation2': CMAKE_PREFIX_PATH=${CMAKE_PREFIX_PATH}:/home/student/ros2_ws/install/turtlebot3_teleop:/home/student/ros2_ws/install/turtlebot3_example:/home/student/ros2_ws/install/tb3_lab1:/opt/ros/humble /usr/bin/cmake /home/student/RS1/RS1_group/scamazon/ros2_ws_group/src/turtlebot3/turtlebot3_navigation2 -DAMENT_CMAKE_SYMLINK_INSTALL=1 -DCMAKE_INSTALL_PREFIX=/home/student/RS1/RS1_group/scamazon/ros2_ws_group/src/install/turtlebot3_navigation2
[1.290s] -- The C compiler identification is GNU 11.4.0
[1.291s] -- The CXX compiler identification is GNU 11.4.0
[1.298s] -- Detecting C compiler ABI info
[1.301s] -- Detecting C compiler ABI info - done
[1.301s] -- Check for working C compiler: /usr/bin/cc - skipped
[1.301s] -- Detecting C compile features
[1.301s] -- Detecting C compile features - done
[1.301s] -- Detecting CXX compiler ABI info
[1.301s] -- Detecting CXX compiler ABI info - done
[1.302s] -- Check for working CXX compiler: /usr/bin/c++ - skipped
[1.302s] -- Detecting CXX compile features
[1.302s] -- Detecting CXX compile features - done
[1.302s] -- Found ament_cmake: 1.3.9 (/opt/ros/humble/share/ament_cmake/cmake)
[1.302s] -- Found Python3: /usr/bin/python3 (found version "3.10.12") found components: Interpreter 
[1.302s] -- Override CMake install command with custom implementation using symlinks instead of copying resources
[1.303s] -- Configuring done
[1.303s] -- Generating done
[1.303s] -- Build files have been written to: /home/student/RS1/RS1_group/scamazon/ros2_ws_group/src/build/turtlebot3_navigation2
[1.305s] Invoked command in '/home/student/RS1/RS1_group/scamazon/ros2_ws_group/src/build/turtlebot3_navigation2' returned '0': CMAKE_PREFIX_PATH=${CMAKE_PREFIX_PATH}:/home/student/ros2_ws/install/turtlebot3_teleop:/home/student/ros2_ws/install/turtlebot3_example:/home/student/ros2_ws/install/tb3_lab1:/opt/ros/humble /usr/bin/cmake /home/student/RS1/RS1_group/scamazon/ros2_ws_group/src/turtlebot3/turtlebot3_navigation2 -DAMENT_CMAKE_SYMLINK_INSTALL=1 -DCMAKE_INSTALL_PREFIX=/home/student/RS1/RS1_group/scamazon/ros2_ws_group/src/install/turtlebot3_navigation2
[1.306s] Invoking command in '/home/student/RS1/RS1_group/scamazon/ros2_ws_group/src/build/turtlebot3_navigation2': CMAKE_PREFIX_PATH=${CMAKE_PREFIX_PATH}:/home/student/ros2_ws/install/turtlebot3_teleop:/home/student/ros2_ws/install/turtlebot3_example:/home/student/ros2_ws/install/tb3_lab1:/opt/ros/humble /usr/bin/cmake --build /home/student/RS1/RS1_group/scamazon/ros2_ws_group/src/build/turtlebot3_navigation2 -- -j8 -l8
[1.369s] Invoked command in '/home/student/RS1/RS1_group/scamazon/ros2_ws_group/src/build/turtlebot3_navigation2' returned '0': CMAKE_PREFIX_PATH=${CMAKE_PREFIX_PATH}:/home/student/ros2_ws/install/turtlebot3_teleop:/home/student/ros2_ws/install/turtlebot3_example:/home/student/ros2_ws/install/tb3_lab1:/opt/ros/humble /usr/bin/cmake --build /home/student/RS1/RS1_group/scamazon/ros2_ws_group/src/build/turtlebot3_navigation2 -- -j8 -l8
[1.500s] Invoking command in '/home/student/RS1/RS1_group/scamazon/ros2_ws_group/src/build/turtlebot3_navigation2': CMAKE_PREFIX_PATH=${CMAKE_PREFIX_PATH}:/home/student/ros2_ws/install/turtlebot3_teleop:/home/student/ros2_ws/install/turtlebot3_example:/home/student/ros2_ws/install/tb3_lab1:/opt/ros/humble /usr/bin/cmake --install /home/student/RS1/RS1_group/scamazon/ros2_ws_group/src/build/turtlebot3_navigation2
[1.536s] -- Install configuration: ""
[1.537s] -- Execute custom install script
[1.549s] -- Symlinking: /home/student/RS1/RS1_group/scamazon/ros2_ws_group/src/install/turtlebot3_navigation2/share/turtlebot3_navigation2/launch/navigation2.launch.py
[1.584s] -- Symlinking: /home/student/RS1/RS1_group/scamazon/ros2_ws_group/src/install/turtlebot3_navigation2/share/turtlebot3_navigation2/map/map.pgm
[1.622s] -- Symlinking: /home/student/RS1/RS1_group/scamazon/ros2_ws_group/src/install/turtlebot3_navigation2/share/turtlebot3_navigation2/map/map.yaml
[1.659s] -- Symlinking: /home/student/RS1/RS1_group/scamazon/ros2_ws_group/src/install/turtlebot3_navigation2/share/turtlebot3_navigation2/param/burger.yaml
[1.699s] -- Symlinking: /home/student/RS1/RS1_group/scamazon/ros2_ws_group/src/install/turtlebot3_navigation2/share/turtlebot3_navigation2/param/waffle.yaml
[1.741s] -- Symlinking: /home/student/RS1/RS1_group/scamazon/ros2_ws_group/src/install/turtlebot3_navigation2/share/turtlebot3_navigation2/param/waffle_pi.yaml
[1.794s] -- Symlinking: /home/student/RS1/RS1_group/scamazon/ros2_ws_group/src/install/turtlebot3_navigation2/share/turtlebot3_navigation2/rviz/tb3_navigation2.rviz
[1.847s] -- Symlinking: /home/student/RS1/RS1_group/scamazon/ros2_ws_group/src/install/turtlebot3_navigation2/share/ament_index/resource_index/package_run_dependencies/turtlebot3_navigation2
[1.885s] -- Symlinking: /home/student/RS1/RS1_group/scamazon/ros2_ws_group/src/install/turtlebot3_navigation2/share/ament_index/resource_index/parent_prefix_path/turtlebot3_navigation2
[1.932s] -- Symlinking: /home/student/RS1/RS1_group/scamazon/ros2_ws_group/src/install/turtlebot3_navigation2/share/turtlebot3_navigation2/environment/ament_prefix_path.sh
[1.976s] -- Symlinking: /home/student/RS1/RS1_group/scamazon/ros2_ws_group/src/install/turtlebot3_navigation2/share/turtlebot3_navigation2/environment/ament_prefix_path.dsv
[2.015s] -- Symlinking: /home/student/RS1/RS1_group/scamazon/ros2_ws_group/src/install/turtlebot3_navigation2/share/turtlebot3_navigation2/environment/path.sh
[2.038s] -- Symlinking: /home/student/RS1/RS1_group/scamazon/ros2_ws_group/src/install/turtlebot3_navigation2/share/turtlebot3_navigation2/environment/path.dsv
[2.055s] -- Symlinking: /home/student/RS1/RS1_group/scamazon/ros2_ws_group/src/install/turtlebot3_navigation2/share/turtlebot3_navigation2/local_setup.bash
[2.075s] -- Symlinking: /home/student/RS1/RS1_group/scamazon/ros2_ws_group/src/install/turtlebot3_navigation2/share/turtlebot3_navigation2/local_setup.sh
[2.104s] -- Symlinking: /home/student/RS1/RS1_group/scamazon/ros2_ws_group/src/install/turtlebot3_navigation2/share/turtlebot3_navigation2/local_setup.zsh
[2.122s] -- Symlinking: /home/student/RS1/RS1_group/scamazon/ros2_ws_group/src/install/turtlebot3_navigation2/share/turtlebot3_navigation2/local_setup.dsv
[2.139s] -- Symlinking: /home/student/RS1/RS1_group/scamazon/ros2_ws_group/src/install/turtlebot3_navigation2/share/turtlebot3_navigation2/package.dsv
[2.160s] -- Symlinking: /home/student/RS1/RS1_group/scamazon/ros2_ws_group/src/install/turtlebot3_navigation2/share/ament_index/resource_index/packages/turtlebot3_navigation2
[2.191s] -- Symlinking: /home/student/RS1/RS1_group/scamazon/ros2_ws_group/src/install/turtlebot3_navigation2/share/turtlebot3_navigation2/cmake/turtlebot3_navigation2Config.cmake
[2.223s] -- Symlinking: /home/student/RS1/RS1_group/scamazon/ros2_ws_group/src/install/turtlebot3_navigation2/share/turtlebot3_navigation2/cmake/turtlebot3_navigation2Config-version.cmake
[2.239s] -- Symlinking: /home/student/RS1/RS1_group/scamazon/ros2_ws_group/src/install/turtlebot3_navigation2/share/turtlebot3_navigation2/package.xml
[2.271s] Invoked command in '/home/student/RS1/RS1_group/scamazon/ros2_ws_group/src/build/turtlebot3_navigation2' returned '0': CMAKE_PREFIX_PATH=${CMAKE_PREFIX_PATH}:/home/student/ros2_ws/install/turtlebot3_teleop:/home/student/ros2_ws/install/turtlebot3_example:/home/student/ros2_ws/install/tb3_lab1:/opt/ros/humble /usr/bin/cmake --install /home/student/RS1/RS1_group/scamazon/ros2_ws_group/src/build/turtlebot3_navigation2
