[1.374s] Invoking command in '/home/student/RS1/RS1_group/scamazon/ros2_ws_group/build/turtlebot3_example': AMENT_PREFIX_PATH=/home/student/RS1/RS1_group/scamazon/ros2_ws_group/install/turtlebot3_msgs:${AMENT_PREFIX_PATH} CMAKE_PREFIX_PATH=/home/student/RS1/RS1_group/scamazon/ros2_ws_group/install/turtlebot3_msgs:${CMAKE_PREFIX_PATH} LD_LIBRARY_PATH=/home/student/RS1/RS1_group/scamazon/ros2_ws_group/install/turtlebot3_msgs/lib:/home/student/ros2_ws/install/turtlesim/lib:/home/student/ros2_ws/install/turtlebot3_msgs/lib:/home/student/ros2_ws/install/dynamixel_sdk_custom_interfaces/lib:/home/student/ros2_ws/install/dynamixel_sdk/lib:/usr/lib/x86_64-linux-gnu/gazebo-11/plugins:/opt/ros/humble/opt/rviz_ogre_vendor/lib:/opt/ros/humble/lib/x86_64-linux-gnu:/opt/ros/humble/lib:/usr/lib/x86_64-linux-gnu/gazebo-11/plugins PYTHONPATH=/home/student/RS1/RS1_group/scamazon/ros2_ws_group/build/turtlebot3_example/prefix_override:/usr/lib/python3/dist-packages/colcon_core/task/python/colcon_distutils_commands:/home/student/RS1/RS1_group/scamazon/ros2_ws_group/install/turtlebot3_example/lib/python3.10/site-packages:/home/student/RS1/RS1_group/scamazon/ros2_ws_group/install/turtlebot3_msgs/local/lib/python3.10/dist-packages:${PYTHONPATH} /usr/bin/python3 -W ignore:setup.py install is deprecated setup.py develop --editable --build-directory /home/student/RS1/RS1_group/scamazon/ros2_ws_group/build/turtlebot3_example/build --no-deps symlink_data
[2.294s] running develop
[2.295s] /usr/lib/python3/dist-packages/setuptools/command/easy_install.py:158: EasyInstallDeprecationWarning: easy_install command is deprecated. Use build and pip and other standards-based tools.
[2.295s]   warnings.warn(
[2.909s] running egg_info
[2.910s] creating turtlebot3_example.egg-info
[2.910s] writing turtlebot3_example.egg-info/PKG-INFO
[2.911s] writing dependency_links to turtlebot3_example.egg-info/dependency_links.txt
[2.911s] writing entry points to turtlebot3_example.egg-info/entry_points.txt
[2.912s] writing requirements to turtlebot3_example.egg-info/requires.txt
[2.912s] writing top-level names to turtlebot3_example.egg-info/top_level.txt
[2.913s] writing manifest file 'turtlebot3_example.egg-info/SOURCES.txt'
[2.916s] reading manifest file 'turtlebot3_example.egg-info/SOURCES.txt'
[2.918s] writing manifest file 'turtlebot3_example.egg-info/SOURCES.txt'
[2.920s] running build_ext
[2.921s] Creating /home/student/RS1/RS1_group/scamazon/ros2_ws_group/install/turtlebot3_example/lib/python3.10/site-packages/turtlebot3-example.egg-link (link to .)
[2.922s] Installing turtlebot3_obstacle_detection script to /home/student/RS1/RS1_group/scamazon/ros2_ws_group/install/turtlebot3_example/lib/turtlebot3_example
[2.923s] Installing turtlebot3_patrol_client script to /home/student/RS1/RS1_group/scamazon/ros2_ws_group/install/turtlebot3_example/lib/turtlebot3_example
[2.923s] Installing turtlebot3_patrol_server script to /home/student/RS1/RS1_group/scamazon/ros2_ws_group/install/turtlebot3_example/lib/turtlebot3_example
[2.923s] Installing turtlebot3_position_control script to /home/student/RS1/RS1_group/scamazon/ros2_ws_group/install/turtlebot3_example/lib/turtlebot3_example
[2.924s] 
[2.924s] Installed /home/student/RS1/RS1_group/scamazon/ros2_ws_group/build/turtlebot3_example
[2.924s] running symlink_data
[2.925s] creating /home/student/RS1/RS1_group/scamazon/ros2_ws_group/install/turtlebot3_example/share/ament_index
[2.925s] creating /home/student/RS1/RS1_group/scamazon/ros2_ws_group/install/turtlebot3_example/share/ament_index/resource_index
[2.926s] creating /home/student/RS1/RS1_group/scamazon/ros2_ws_group/install/turtlebot3_example/share/ament_index/resource_index/packages
[2.926s] symbolically linking /home/student/RS1/RS1_group/scamazon/ros2_ws_group/build/turtlebot3_example/resource/turtlebot3_example -> /home/student/RS1/RS1_group/scamazon/ros2_ws_group/install/turtlebot3_example/share/ament_index/resource_index/packages
[2.927s] symbolically linking /home/student/RS1/RS1_group/scamazon/ros2_ws_group/build/turtlebot3_example/package.xml -> /home/student/RS1/RS1_group/scamazon/ros2_ws_group/install/turtlebot3_example/share/turtlebot3_example
[3.005s] Invoked command in '/home/student/RS1/RS1_group/scamazon/ros2_ws_group/build/turtlebot3_example' returned '0': AMENT_PREFIX_PATH=/home/student/RS1/RS1_group/scamazon/ros2_ws_group/install/turtlebot3_msgs:${AMENT_PREFIX_PATH} CMAKE_PREFIX_PATH=/home/student/RS1/RS1_group/scamazon/ros2_ws_group/install/turtlebot3_msgs:${CMAKE_PREFIX_PATH} LD_LIBRARY_PATH=/home/student/RS1/RS1_group/scamazon/ros2_ws_group/install/turtlebot3_msgs/lib:/home/student/ros2_ws/install/turtlesim/lib:/home/student/ros2_ws/install/turtlebot3_msgs/lib:/home/student/ros2_ws/install/dynamixel_sdk_custom_interfaces/lib:/home/student/ros2_ws/install/dynamixel_sdk/lib:/usr/lib/x86_64-linux-gnu/gazebo-11/plugins:/opt/ros/humble/opt/rviz_ogre_vendor/lib:/opt/ros/humble/lib/x86_64-linux-gnu:/opt/ros/humble/lib:/usr/lib/x86_64-linux-gnu/gazebo-11/plugins PYTHONPATH=/home/student/RS1/RS1_group/scamazon/ros2_ws_group/build/turtlebot3_example/prefix_override:/usr/lib/python3/dist-packages/colcon_core/task/python/colcon_distutils_commands:/home/student/RS1/RS1_group/scamazon/ros2_ws_group/install/turtlebot3_example/lib/python3.10/site-packages:/home/student/RS1/RS1_group/scamazon/ros2_ws_group/install/turtlebot3_msgs/local/lib/python3.10/dist-packages:${PYTHONPATH} /usr/bin/python3 -W ignore:setup.py install is deprecated setup.py develop --editable --build-directory /home/student/RS1/RS1_group/scamazon/ros2_ws_group/build/turtlebot3_example/build --no-deps symlink_data
