[0.130s] Invoking command in '/home/student/RS1/RS1_group/scamazon/ros2_ws_group/src/build/dynamixel_sdk_examples': AMENT_PREFIX_PATH=/home/student/RS1/RS1_group/scamazon/ros2_ws_group/src/install/dynamixel_sdk_custom_interfaces:/home/student/RS1/RS1_group/scamazon/ros2_ws_group/src/install/dynamixel_sdk:${AMENT_PREFIX_PATH} CMAKE_PREFIX_PATH=/home/student/RS1/RS1_group/scamazon/ros2_ws_group/src/install/dynamixel_sdk_custom_interfaces:/home/student/RS1/RS1_group/scamazon/ros2_ws_group/src/install/dynamixel_sdk:/home/student/ros2_ws/install/turtlesim:/home/student/ros2_ws/install/turtlebot3:/home/student/ros2_ws/install/turtlebot3_simulations:/home/student/ros2_ws/install/turtlebot3_bringup:/home/student/ros2_ws/install/turtlebot3_node:/home/student/ros2_ws/install/turtlebot3_navigation2:/home/student/ros2_ws/install/turtlebot3_fake_node:/home/student/ros2_ws/install/turtlebot3_msgs:/home/student/ros2_ws/install/turtlebot3_gazebo:/home/student/ros2_ws/install/turtlebot3_description:/home/student/ros2_ws/install/turtlebot3_cartographer:/home/student/ros2_ws/install/tb3_lab1_cpp:/home/student/ros2_ws/install/dynamixel_sdk_examples:/home/student/ros2_ws/install/dynamixel_sdk_custom_interfaces:/home/student/ros2_ws/install/dynamixel_sdk:/home/student/ros2_ws/install/turtlebot3_teleop:/home/student/ros2_ws/install/turtlebot3_example:/home/student/ros2_ws/install/tb3_lab1:/opt/ros/humble LD_LIBRARY_PATH=/home/student/RS1/RS1_group/scamazon/ros2_ws_group/src/install/dynamixel_sdk_custom_interfaces/lib:/home/student/RS1/RS1_group/scamazon/ros2_ws_group/src/install/dynamixel_sdk/lib:/home/student/ros2_ws/install/turtlesim/lib:/home/student/ros2_ws/install/turtlebot3_msgs/lib:/home/student/ros2_ws/install/dynamixel_sdk_custom_interfaces/lib:/home/student/ros2_ws/install/dynamixel_sdk/lib:/usr/lib/x86_64-linux-gnu/gazebo-11/plugins:/opt/ros/humble/opt/rviz_ogre_vendor/lib:/opt/ros/humble/lib/x86_64-linux-gnu:/opt/ros/humble/lib:/usr/lib/x86_64-linux-gnu/gazebo-11/plugins:/usr/lib/x86_64-linux-gnu/gazebo-11/plugins:/usr/lib/x86_64-linux-gnu/gazebo-11/plugins:/usr/lib/x86_64-linux-gnu/gazebo-11/plugins:/usr/lib/x86_64-linux-gnu/gazebo-11/plugins:/usr/lib/x86_64-linux-gnu/gazebo-11/plugins PYTHONPATH=/home/student/RS1/RS1_group/scamazon/ros2_ws_group/src/install/dynamixel_sdk_custom_interfaces/local/lib/python3.10/dist-packages:${PYTHONPATH} /usr/bin/cmake /home/student/RS1/RS1_group/scamazon/ros2_ws_group/src/DynamixelSDK/dynamixel_sdk_examples -DAMENT_CMAKE_SYMLINK_INSTALL=1 -DCMAKE_INSTALL_PREFIX=/home/student/RS1/RS1_group/scamazon/ros2_ws_group/src/install/dynamixel_sdk_examples
[0.422s] -- The C compiler identification is GNU 11.4.0
[0.686s] -- The CXX compiler identification is GNU 11.4.0
[0.718s] -- Detecting C compiler ABI info
[1.067s] -- Detecting C compiler ABI info - done
[1.095s] -- Check for working C compiler: /usr/bin/cc - skipped
[1.095s] -- Detecting C compile features
[1.096s] -- Detecting C compile features - done
[1.100s] -- Detecting CXX compiler ABI info
[1.513s] -- Detecting CXX compiler ABI info - done
[1.528s] -- Check for working CXX compiler: /usr/bin/c++ - skipped
[1.528s] -- Detecting CXX compile features
[1.529s] -- Detecting CXX compile features - done
[1.541s] -- Found ament_cmake: 1.3.9 (/opt/ros/humble/share/ament_cmake/cmake)
[2.155s] -- Found Python3: /usr/bin/python3 (found version "3.10.12") found components: Interpreter 
[2.352s] -- Override CMake install command with custom implementation using symlinks instead of copying resources
[2.464s] -- Found dynamixel_sdk: 3.7.60 (/home/student/RS1/RS1_group/scamazon/ros2_ws_group/src/install/dynamixel_sdk/share/dynamixel_sdk/cmake)
[2.467s] -- Found dynamixel_sdk_custom_interfaces: 3.7.60 (/home/student/RS1/RS1_group/scamazon/ros2_ws_group/src/install/dynamixel_sdk_custom_interfaces/share/dynamixel_sdk_custom_interfaces/cmake)
[2.581s] -- Found rosidl_generator_c: 3.1.5 (/opt/ros/humble/share/rosidl_generator_c/cmake)
[2.610s] -- Found rosidl_adapter: 3.1.5 (/opt/ros/humble/share/rosidl_adapter/cmake)
[2.635s] -- Found rosidl_generator_cpp: 3.1.5 (/opt/ros/humble/share/rosidl_generator_cpp/cmake)
[2.671s] -- Using all available rosidl_typesupport_c: rosidl_typesupport_fastrtps_c;rosidl_typesupport_introspection_c
[2.750s] -- Using all available rosidl_typesupport_cpp: rosidl_typesupport_fastrtps_cpp;rosidl_typesupport_introspection_cpp
[2.897s] -- Found rclcpp: 16.0.9 (/opt/ros/humble/share/rclcpp/cmake)
[3.075s] -- Found rmw_implementation_cmake: 6.1.2 (/opt/ros/humble/share/rmw_implementation_cmake/cmake)
[3.084s] -- Found rmw_fastrtps_cpp: 6.2.6 (/opt/ros/humble/share/rmw_fastrtps_cpp/cmake)
[3.703s] -- Found OpenSSL: /usr/lib/x86_64-linux-gnu/libcrypto.so (found version "3.0.2")  
[3.806s] -- Found FastRTPS: /opt/ros/humble/include  
[3.959s] -- Using RMW implementation 'rmw_fastrtps_cpp' as default
[4.002s] -- Looking for pthread.h
[4.487s] -- Looking for pthread.h - found
[4.487s] -- Performing Test CMAKE_HAVE_LIBC_PTHREAD
[4.859s] -- Performing Test CMAKE_HAVE_LIBC_PTHREAD - Success
[4.861s] -- Found Threads: TRUE  
[5.606s] -- Found ament_lint_auto: 0.12.11 (/opt/ros/humble/share/ament_lint_auto/cmake)
[6.000s] -- Added test 'copyright' to check source files copyright and LICENSE
[6.002s] -- Added test 'cppcheck' to perform static code analysis on C / C++ code
[6.003s] -- Configured cppcheck include dirs: /home/student/RS1/RS1_group/scamazon/ros2_ws_group/src/DynamixelSDK/dynamixel_sdk_examples/include
[6.003s] -- Configured cppcheck exclude dirs and/or files: 
[6.004s] -- Added test 'cpplint' to check C / C++ code against the Google style
[6.005s] -- Configured cpplint exclude dirs and/or files: 
[6.012s] -- Added test 'lint_cmake' to check CMake code style
[6.014s] -- Added test 'uncrustify' to check C / C++ code style
[6.014s] -- Configured uncrustify additional arguments: 
[6.015s] -- Added test 'xmllint' to check XML markup files
[6.020s] -- Configuring done
[6.039s] -- Generating done
[6.042s] -- Build files have been written to: /home/student/RS1/RS1_group/scamazon/ros2_ws_group/src/build/dynamixel_sdk_examples
[6.079s] Invoked command in '/home/student/RS1/RS1_group/scamazon/ros2_ws_group/src/build/dynamixel_sdk_examples' returned '0': AMENT_PREFIX_PATH=/home/student/RS1/RS1_group/scamazon/ros2_ws_group/src/install/dynamixel_sdk_custom_interfaces:/home/student/RS1/RS1_group/scamazon/ros2_ws_group/src/install/dynamixel_sdk:${AMENT_PREFIX_PATH} CMAKE_PREFIX_PATH=/home/student/RS1/RS1_group/scamazon/ros2_ws_group/src/install/dynamixel_sdk_custom_interfaces:/home/student/RS1/RS1_group/scamazon/ros2_ws_group/src/install/dynamixel_sdk:/home/student/ros2_ws/install/turtlesim:/home/student/ros2_ws/install/turtlebot3:/home/student/ros2_ws/install/turtlebot3_simulations:/home/student/ros2_ws/install/turtlebot3_bringup:/home/student/ros2_ws/install/turtlebot3_node:/home/student/ros2_ws/install/turtlebot3_navigation2:/home/student/ros2_ws/install/turtlebot3_fake_node:/home/student/ros2_ws/install/turtlebot3_msgs:/home/student/ros2_ws/install/turtlebot3_gazebo:/home/student/ros2_ws/install/turtlebot3_description:/home/student/ros2_ws/install/turtlebot3_cartographer:/home/student/ros2_ws/install/tb3_lab1_cpp:/home/student/ros2_ws/install/dynamixel_sdk_examples:/home/student/ros2_ws/install/dynamixel_sdk_custom_interfaces:/home/student/ros2_ws/install/dynamixel_sdk:/home/student/ros2_ws/install/turtlebot3_teleop:/home/student/ros2_ws/install/turtlebot3_example:/home/student/ros2_ws/install/tb3_lab1:/opt/ros/humble LD_LIBRARY_PATH=/home/student/RS1/RS1_group/scamazon/ros2_ws_group/src/install/dynamixel_sdk_custom_interfaces/lib:/home/student/RS1/RS1_group/scamazon/ros2_ws_group/src/install/dynamixel_sdk/lib:/home/student/ros2_ws/install/turtlesim/lib:/home/student/ros2_ws/install/turtlebot3_msgs/lib:/home/student/ros2_ws/install/dynamixel_sdk_custom_interfaces/lib:/home/student/ros2_ws/install/dynamixel_sdk/lib:/usr/lib/x86_64-linux-gnu/gazebo-11/plugins:/opt/ros/humble/opt/rviz_ogre_vendor/lib:/opt/ros/humble/lib/x86_64-linux-gnu:/opt/ros/humble/lib:/usr/lib/x86_64-linux-gnu/gazebo-11/plugins:/usr/lib/x86_64-linux-gnu/gazebo-11/plugins:/usr/lib/x86_64-linux-gnu/gazebo-11/plugins:/usr/lib/x86_64-linux-gnu/gazebo-11/plugins:/usr/lib/x86_64-linux-gnu/gazebo-11/plugins:/usr/lib/x86_64-linux-gnu/gazebo-11/plugins PYTHONPATH=/home/student/RS1/RS1_group/scamazon/ros2_ws_group/src/install/dynamixel_sdk_custom_interfaces/local/lib/python3.10/dist-packages:${PYTHONPATH} /usr/bin/cmake /home/student/RS1/RS1_group/scamazon/ros2_ws_group/src/DynamixelSDK/dynamixel_sdk_examples -DAMENT_CMAKE_SYMLINK_INSTALL=1 -DCMAKE_INSTALL_PREFIX=/home/student/RS1/RS1_group/scamazon/ros2_ws_group/src/install/dynamixel_sdk_examples
[6.080s] Invoking command in '/home/student/RS1/RS1_group/scamazon/ros2_ws_group/src/build/dynamixel_sdk_examples': AMENT_PREFIX_PATH=/home/student/RS1/RS1_group/scamazon/ros2_ws_group/src/install/dynamixel_sdk_custom_interfaces:/home/student/RS1/RS1_group/scamazon/ros2_ws_group/src/install/dynamixel_sdk:${AMENT_PREFIX_PATH} CMAKE_PREFIX_PATH=/home/student/RS1/RS1_group/scamazon/ros2_ws_group/src/install/dynamixel_sdk_custom_interfaces:/home/student/RS1/RS1_group/scamazon/ros2_ws_group/src/install/dynamixel_sdk:/home/student/ros2_ws/install/turtlesim:/home/student/ros2_ws/install/turtlebot3:/home/student/ros2_ws/install/turtlebot3_simulations:/home/student/ros2_ws/install/turtlebot3_bringup:/home/student/ros2_ws/install/turtlebot3_node:/home/student/ros2_ws/install/turtlebot3_navigation2:/home/student/ros2_ws/install/turtlebot3_fake_node:/home/student/ros2_ws/install/turtlebot3_msgs:/home/student/ros2_ws/install/turtlebot3_gazebo:/home/student/ros2_ws/install/turtlebot3_description:/home/student/ros2_ws/install/turtlebot3_cartographer:/home/student/ros2_ws/install/tb3_lab1_cpp:/home/student/ros2_ws/install/dynamixel_sdk_examples:/home/student/ros2_ws/install/dynamixel_sdk_custom_interfaces:/home/student/ros2_ws/install/dynamixel_sdk:/home/student/ros2_ws/install/turtlebot3_teleop:/home/student/ros2_ws/install/turtlebot3_example:/home/student/ros2_ws/install/tb3_lab1:/opt/ros/humble LD_LIBRARY_PATH=/home/student/RS1/RS1_group/scamazon/ros2_ws_group/src/install/dynamixel_sdk_custom_interfaces/lib:/home/student/RS1/RS1_group/scamazon/ros2_ws_group/src/install/dynamixel_sdk/lib:/home/student/ros2_ws/install/turtlesim/lib:/home/student/ros2_ws/install/turtlebot3_msgs/lib:/home/student/ros2_ws/install/dynamixel_sdk_custom_interfaces/lib:/home/student/ros2_ws/install/dynamixel_sdk/lib:/usr/lib/x86_64-linux-gnu/gazebo-11/plugins:/opt/ros/humble/opt/rviz_ogre_vendor/lib:/opt/ros/humble/lib/x86_64-linux-gnu:/opt/ros/humble/lib:/usr/lib/x86_64-linux-gnu/gazebo-11/plugins:/usr/lib/x86_64-linux-gnu/gazebo-11/plugins:/usr/lib/x86_64-linux-gnu/gazebo-11/plugins:/usr/lib/x86_64-linux-gnu/gazebo-11/plugins:/usr/lib/x86_64-linux-gnu/gazebo-11/plugins:/usr/lib/x86_64-linux-gnu/gazebo-11/plugins PYTHONPATH=/home/student/RS1/RS1_group/scamazon/ros2_ws_group/src/install/dynamixel_sdk_custom_interfaces/local/lib/python3.10/dist-packages:${PYTHONPATH} /usr/bin/cmake --build /home/student/RS1/RS1_group/scamazon/ros2_ws_group/src/build/dynamixel_sdk_examples -- -j8 -l8
[6.405s] [ 50%] [32mBuilding CXX object CMakeFiles/read_write_node.dir/src/read_write_node.cpp.o[0m
[31.059s] [100%] [32m[1mLinking CXX executable read_write_node[0m
[32.419s] [100%] Built target read_write_node
[32.449s] Invoked command in '/home/student/RS1/RS1_group/scamazon/ros2_ws_group/src/build/dynamixel_sdk_examples' returned '0': AMENT_PREFIX_PATH=/home/student/RS1/RS1_group/scamazon/ros2_ws_group/src/install/dynamixel_sdk_custom_interfaces:/home/student/RS1/RS1_group/scamazon/ros2_ws_group/src/install/dynamixel_sdk:${AMENT_PREFIX_PATH} CMAKE_PREFIX_PATH=/home/student/RS1/RS1_group/scamazon/ros2_ws_group/src/install/dynamixel_sdk_custom_interfaces:/home/student/RS1/RS1_group/scamazon/ros2_ws_group/src/install/dynamixel_sdk:/home/student/ros2_ws/install/turtlesim:/home/student/ros2_ws/install/turtlebot3:/home/student/ros2_ws/install/turtlebot3_simulations:/home/student/ros2_ws/install/turtlebot3_bringup:/home/student/ros2_ws/install/turtlebot3_node:/home/student/ros2_ws/install/turtlebot3_navigation2:/home/student/ros2_ws/install/turtlebot3_fake_node:/home/student/ros2_ws/install/turtlebot3_msgs:/home/student/ros2_ws/install/turtlebot3_gazebo:/home/student/ros2_ws/install/turtlebot3_description:/home/student/ros2_ws/install/turtlebot3_cartographer:/home/student/ros2_ws/install/tb3_lab1_cpp:/home/student/ros2_ws/install/dynamixel_sdk_examples:/home/student/ros2_ws/install/dynamixel_sdk_custom_interfaces:/home/student/ros2_ws/install/dynamixel_sdk:/home/student/ros2_ws/install/turtlebot3_teleop:/home/student/ros2_ws/install/turtlebot3_example:/home/student/ros2_ws/install/tb3_lab1:/opt/ros/humble LD_LIBRARY_PATH=/home/student/RS1/RS1_group/scamazon/ros2_ws_group/src/install/dynamixel_sdk_custom_interfaces/lib:/home/student/RS1/RS1_group/scamazon/ros2_ws_group/src/install/dynamixel_sdk/lib:/home/student/ros2_ws/install/turtlesim/lib:/home/student/ros2_ws/install/turtlebot3_msgs/lib:/home/student/ros2_ws/install/dynamixel_sdk_custom_interfaces/lib:/home/student/ros2_ws/install/dynamixel_sdk/lib:/usr/lib/x86_64-linux-gnu/gazebo-11/plugins:/opt/ros/humble/opt/rviz_ogre_vendor/lib:/opt/ros/humble/lib/x86_64-linux-gnu:/opt/ros/humble/lib:/usr/lib/x86_64-linux-gnu/gazebo-11/plugins:/usr/lib/x86_64-linux-gnu/gazebo-11/plugins:/usr/lib/x86_64-linux-gnu/gazebo-11/plugins:/usr/lib/x86_64-linux-gnu/gazebo-11/plugins:/usr/lib/x86_64-linux-gnu/gazebo-11/plugins:/usr/lib/x86_64-linux-gnu/gazebo-11/plugins PYTHONPATH=/home/student/RS1/RS1_group/scamazon/ros2_ws_group/src/install/dynamixel_sdk_custom_interfaces/local/lib/python3.10/dist-packages:${PYTHONPATH} /usr/bin/cmake --build /home/student/RS1/RS1_group/scamazon/ros2_ws_group/src/build/dynamixel_sdk_examples -- -j8 -l8
[32.749s] Invoking command in '/home/student/RS1/RS1_group/scamazon/ros2_ws_group/src/build/dynamixel_sdk_examples': AMENT_PREFIX_PATH=/home/student/RS1/RS1_group/scamazon/ros2_ws_group/src/install/dynamixel_sdk_custom_interfaces:/home/student/RS1/RS1_group/scamazon/ros2_ws_group/src/install/dynamixel_sdk:${AMENT_PREFIX_PATH} CMAKE_PREFIX_PATH=/home/student/RS1/RS1_group/scamazon/ros2_ws_group/src/install/dynamixel_sdk_custom_interfaces:/home/student/RS1/RS1_group/scamazon/ros2_ws_group/src/install/dynamixel_sdk:/home/student/ros2_ws/install/turtlesim:/home/student/ros2_ws/install/turtlebot3:/home/student/ros2_ws/install/turtlebot3_simulations:/home/student/ros2_ws/install/turtlebot3_bringup:/home/student/ros2_ws/install/turtlebot3_node:/home/student/ros2_ws/install/turtlebot3_navigation2:/home/student/ros2_ws/install/turtlebot3_fake_node:/home/student/ros2_ws/install/turtlebot3_msgs:/home/student/ros2_ws/install/turtlebot3_gazebo:/home/student/ros2_ws/install/turtlebot3_description:/home/student/ros2_ws/install/turtlebot3_cartographer:/home/student/ros2_ws/install/tb3_lab1_cpp:/home/student/ros2_ws/install/dynamixel_sdk_examples:/home/student/ros2_ws/install/dynamixel_sdk_custom_interfaces:/home/student/ros2_ws/install/dynamixel_sdk:/home/student/ros2_ws/install/turtlebot3_teleop:/home/student/ros2_ws/install/turtlebot3_example:/home/student/ros2_ws/install/tb3_lab1:/opt/ros/humble LD_LIBRARY_PATH=/home/student/RS1/RS1_group/scamazon/ros2_ws_group/src/install/dynamixel_sdk_custom_interfaces/lib:/home/student/RS1/RS1_group/scamazon/ros2_ws_group/src/install/dynamixel_sdk/lib:/home/student/ros2_ws/install/turtlesim/lib:/home/student/ros2_ws/install/turtlebot3_msgs/lib:/home/student/ros2_ws/install/dynamixel_sdk_custom_interfaces/lib:/home/student/ros2_ws/install/dynamixel_sdk/lib:/usr/lib/x86_64-linux-gnu/gazebo-11/plugins:/opt/ros/humble/opt/rviz_ogre_vendor/lib:/opt/ros/humble/lib/x86_64-linux-gnu:/opt/ros/humble/lib:/usr/lib/x86_64-linux-gnu/gazebo-11/plugins:/usr/lib/x86_64-linux-gnu/gazebo-11/plugins:/usr/lib/x86_64-linux-gnu/gazebo-11/plugins:/usr/lib/x86_64-linux-gnu/gazebo-11/plugins:/usr/lib/x86_64-linux-gnu/gazebo-11/plugins:/usr/lib/x86_64-linux-gnu/gazebo-11/plugins PYTHONPATH=/home/student/RS1/RS1_group/scamazon/ros2_ws_group/src/install/dynamixel_sdk_custom_interfaces/local/lib/python3.10/dist-packages:${PYTHONPATH} /usr/bin/cmake --install /home/student/RS1/RS1_group/scamazon/ros2_ws_group/src/build/dynamixel_sdk_examples
[32.778s] -- Install configuration: ""
[32.779s] -- Execute custom install script
[32.783s] -- Symlinking: /home/student/RS1/RS1_group/scamazon/ros2_ws_group/src/install/dynamixel_sdk_examples/lib/dynamixel_sdk_examples/read_write_node
[32.834s] -- Symlinking: /home/student/RS1/RS1_group/scamazon/ros2_ws_group/src/install/dynamixel_sdk_examples/share/ament_index/resource_index/package_run_dependencies/dynamixel_sdk_examples
[32.873s] -- Symlinking: /home/student/RS1/RS1_group/scamazon/ros2_ws_group/src/install/dynamixel_sdk_examples/share/ament_index/resource_index/parent_prefix_path/dynamixel_sdk_examples
[32.902s] -- Symlinking: /home/student/RS1/RS1_group/scamazon/ros2_ws_group/src/install/dynamixel_sdk_examples/share/dynamixel_sdk_examples/environment/ament_prefix_path.sh
[32.938s] -- Symlinking: /home/student/RS1/RS1_group/scamazon/ros2_ws_group/src/install/dynamixel_sdk_examples/share/dynamixel_sdk_examples/environment/ament_prefix_path.dsv
[32.978s] -- Symlinking: /home/student/RS1/RS1_group/scamazon/ros2_ws_group/src/install/dynamixel_sdk_examples/share/dynamixel_sdk_examples/environment/path.sh
[33.031s] -- Symlinking: /home/student/RS1/RS1_group/scamazon/ros2_ws_group/src/install/dynamixel_sdk_examples/share/dynamixel_sdk_examples/environment/path.dsv
[33.065s] -- Symlinking: /home/student/RS1/RS1_group/scamazon/ros2_ws_group/src/install/dynamixel_sdk_examples/share/dynamixel_sdk_examples/local_setup.bash
[33.111s] -- Symlinking: /home/student/RS1/RS1_group/scamazon/ros2_ws_group/src/install/dynamixel_sdk_examples/share/dynamixel_sdk_examples/local_setup.sh
[33.154s] -- Symlinking: /home/student/RS1/RS1_group/scamazon/ros2_ws_group/src/install/dynamixel_sdk_examples/share/dynamixel_sdk_examples/local_setup.zsh
[33.199s] -- Symlinking: /home/student/RS1/RS1_group/scamazon/ros2_ws_group/src/install/dynamixel_sdk_examples/share/dynamixel_sdk_examples/local_setup.dsv
[33.234s] -- Symlinking: /home/student/RS1/RS1_group/scamazon/ros2_ws_group/src/install/dynamixel_sdk_examples/share/dynamixel_sdk_examples/package.dsv
[33.288s] -- Symlinking: /home/student/RS1/RS1_group/scamazon/ros2_ws_group/src/install/dynamixel_sdk_examples/share/ament_index/resource_index/packages/dynamixel_sdk_examples
[33.306s] -- Symlinking: /home/student/RS1/RS1_group/scamazon/ros2_ws_group/src/install/dynamixel_sdk_examples/share/dynamixel_sdk_examples/cmake/dynamixel_sdk_examplesConfig.cmake
[33.322s] -- Symlinking: /home/student/RS1/RS1_group/scamazon/ros2_ws_group/src/install/dynamixel_sdk_examples/share/dynamixel_sdk_examples/cmake/dynamixel_sdk_examplesConfig-version.cmake
[33.348s] -- Symlinking: /home/student/RS1/RS1_group/scamazon/ros2_ws_group/src/install/dynamixel_sdk_examples/share/dynamixel_sdk_examples/package.xml
[33.396s] Invoked command in '/home/student/RS1/RS1_group/scamazon/ros2_ws_group/src/build/dynamixel_sdk_examples' returned '0': AMENT_PREFIX_PATH=/home/student/RS1/RS1_group/scamazon/ros2_ws_group/src/install/dynamixel_sdk_custom_interfaces:/home/student/RS1/RS1_group/scamazon/ros2_ws_group/src/install/dynamixel_sdk:${AMENT_PREFIX_PATH} CMAKE_PREFIX_PATH=/home/student/RS1/RS1_group/scamazon/ros2_ws_group/src/install/dynamixel_sdk_custom_interfaces:/home/student/RS1/RS1_group/scamazon/ros2_ws_group/src/install/dynamixel_sdk:/home/student/ros2_ws/install/turtlesim:/home/student/ros2_ws/install/turtlebot3:/home/student/ros2_ws/install/turtlebot3_simulations:/home/student/ros2_ws/install/turtlebot3_bringup:/home/student/ros2_ws/install/turtlebot3_node:/home/student/ros2_ws/install/turtlebot3_navigation2:/home/student/ros2_ws/install/turtlebot3_fake_node:/home/student/ros2_ws/install/turtlebot3_msgs:/home/student/ros2_ws/install/turtlebot3_gazebo:/home/student/ros2_ws/install/turtlebot3_description:/home/student/ros2_ws/install/turtlebot3_cartographer:/home/student/ros2_ws/install/tb3_lab1_cpp:/home/student/ros2_ws/install/dynamixel_sdk_examples:/home/student/ros2_ws/install/dynamixel_sdk_custom_interfaces:/home/student/ros2_ws/install/dynamixel_sdk:/home/student/ros2_ws/install/turtlebot3_teleop:/home/student/ros2_ws/install/turtlebot3_example:/home/student/ros2_ws/install/tb3_lab1:/opt/ros/humble LD_LIBRARY_PATH=/home/student/RS1/RS1_group/scamazon/ros2_ws_group/src/install/dynamixel_sdk_custom_interfaces/lib:/home/student/RS1/RS1_group/scamazon/ros2_ws_group/src/install/dynamixel_sdk/lib:/home/student/ros2_ws/install/turtlesim/lib:/home/student/ros2_ws/install/turtlebot3_msgs/lib:/home/student/ros2_ws/install/dynamixel_sdk_custom_interfaces/lib:/home/student/ros2_ws/install/dynamixel_sdk/lib:/usr/lib/x86_64-linux-gnu/gazebo-11/plugins:/opt/ros/humble/opt/rviz_ogre_vendor/lib:/opt/ros/humble/lib/x86_64-linux-gnu:/opt/ros/humble/lib:/usr/lib/x86_64-linux-gnu/gazebo-11/plugins:/usr/lib/x86_64-linux-gnu/gazebo-11/plugins:/usr/lib/x86_64-linux-gnu/gazebo-11/plugins:/usr/lib/x86_64-linux-gnu/gazebo-11/plugins:/usr/lib/x86_64-linux-gnu/gazebo-11/plugins:/usr/lib/x86_64-linux-gnu/gazebo-11/plugins PYTHONPATH=/home/student/RS1/RS1_group/scamazon/ros2_ws_group/src/install/dynamixel_sdk_custom_interfaces/local/lib/python3.10/dist-packages:${PYTHONPATH} /usr/bin/cmake --install /home/student/RS1/RS1_group/scamazon/ros2_ws_group/src/build/dynamixel_sdk_examples
