[1.224s] Invoking command in '/home/student/RS1/RS1_group/scamazon/ros2_ws_group/src/build/turtlebot3_fake_node': AMENT_PREFIX_PATH=/home/student/RS1/RS1_group/scamazon/ros2_ws_group/src/install/turtlebot3_msgs:${AMENT_PREFIX_PATH} CMAKE_PREFIX_PATH=/home/student/RS1/RS1_group/scamazon/ros2_ws_group/src/install/turtlebot3_msgs:/home/student/ros2_ws/install/turtlesim:/home/student/ros2_ws/install/turtlebot3:/home/student/ros2_ws/install/turtlebot3_simulations:/home/student/ros2_ws/install/turtlebot3_bringup:/home/student/ros2_ws/install/turtlebot3_node:/home/student/ros2_ws/install/turtlebot3_navigation2:/home/student/ros2_ws/install/turtlebot3_fake_node:/home/student/ros2_ws/install/turtlebot3_msgs:/home/student/ros2_ws/install/turtlebot3_gazebo:/home/student/ros2_ws/install/turtlebot3_description:/home/student/ros2_ws/install/turtlebot3_cartographer:/home/student/ros2_ws/install/tb3_lab1_cpp:/home/student/ros2_ws/install/dynamixel_sdk_examples:/home/student/ros2_ws/install/dynamixel_sdk_custom_interfaces:/home/student/ros2_ws/install/dynamixel_sdk:/home/student/ros2_ws/install/turtlebot3_teleop:/home/student/ros2_ws/install/turtlebot3_example:/home/student/ros2_ws/install/tb3_lab1:/opt/ros/humble LD_LIBRARY_PATH=/home/student/RS1/RS1_group/scamazon/ros2_ws_group/src/install/turtlebot3_msgs/lib:/home/student/ros2_ws/install/turtlesim/lib:/home/student/ros2_ws/install/turtlebot3_msgs/lib:/home/student/ros2_ws/install/dynamixel_sdk_custom_interfaces/lib:/home/student/ros2_ws/install/dynamixel_sdk/lib:/usr/lib/x86_64-linux-gnu/gazebo-11/plugins:/opt/ros/humble/opt/rviz_ogre_vendor/lib:/opt/ros/humble/lib/x86_64-linux-gnu:/opt/ros/humble/lib:/usr/lib/x86_64-linux-gnu/gazebo-11/plugins:/usr/lib/x86_64-linux-gnu/gazebo-11/plugins:/usr/lib/x86_64-linux-gnu/gazebo-11/plugins:/usr/lib/x86_64-linux-gnu/gazebo-11/plugins:/usr/lib/x86_64-linux-gnu/gazebo-11/plugins:/usr/lib/x86_64-linux-gnu/gazebo-11/plugins PYTHONPATH=/home/student/RS1/RS1_group/scamazon/ros2_ws_group/src/install/turtlebot3_msgs/local/lib/python3.10/dist-packages:${PYTHONPATH} /usr/bin/cmake /home/student/RS1/RS1_group/scamazon/ros2_ws_group/src/turtlebot3_simulations/turtlebot3_fake_node -DAMENT_CMAKE_SYMLINK_INSTALL=1 -DCMAKE_INSTALL_PREFIX=/home/student/RS1/RS1_group/scamazon/ros2_ws_group/src/install/turtlebot3_fake_node
[1.566s] -- The C compiler identification is GNU 11.4.0
[1.825s] -- The CXX compiler identification is GNU 11.4.0
[1.849s] -- Detecting C compiler ABI info
[2.177s] -- Detecting C compiler ABI info - done
[2.194s] -- Check for working C compiler: /usr/bin/cc - skipped
[2.195s] -- Detecting C compile features
[2.195s] -- Detecting C compile features - done
[2.200s] -- Detecting CXX compiler ABI info
[2.636s] -- Detecting CXX compiler ABI info - done
[2.664s] -- Check for working CXX compiler: /usr/bin/c++ - skipped
[2.664s] -- Detecting CXX compile features
[2.665s] -- Detecting CXX compile features - done
[2.687s] -- Found ament_cmake: 1.3.9 (/opt/ros/humble/share/ament_cmake/cmake)
[3.269s] -- Found Python3: /usr/bin/python3 (found version "3.10.12") found components: Interpreter 
[3.409s] -- Override CMake install command with custom implementation using symlinks instead of copying resources
[3.582s] -- Found geometry_msgs: 4.2.4 (/opt/ros/humble/share/geometry_msgs/cmake)
[3.719s] -- Found rosidl_generator_c: 3.1.5 (/opt/ros/humble/share/rosidl_generator_c/cmake)
[3.769s] -- Found rosidl_adapter: 3.1.5 (/opt/ros/humble/share/rosidl_adapter/cmake)
[3.808s] -- Found rosidl_generator_cpp: 3.1.5 (/opt/ros/humble/share/rosidl_generator_cpp/cmake)
[3.853s] -- Using all available rosidl_typesupport_c: rosidl_typesupport_fastrtps_c;rosidl_typesupport_introspection_c
[3.896s] -- Using all available rosidl_typesupport_cpp: rosidl_typesupport_fastrtps_cpp;rosidl_typesupport_introspection_cpp
[4.223s] -- Found nav_msgs: 4.2.4 (/opt/ros/humble/share/nav_msgs/cmake)
[4.566s] -- Found rclcpp: 16.0.9 (/opt/ros/humble/share/rclcpp/cmake)
[4.778s] -- Found rmw_implementation_cmake: 6.1.2 (/opt/ros/humble/share/rmw_implementation_cmake/cmake)
[4.787s] -- Found rmw_fastrtps_cpp: 6.2.6 (/opt/ros/humble/share/rmw_fastrtps_cpp/cmake)
[5.426s] -- Found OpenSSL: /usr/lib/x86_64-linux-gnu/libcrypto.so (found version "3.0.2")  
[5.532s] -- Found FastRTPS: /opt/ros/humble/include  
[5.730s] -- Using RMW implementation 'rmw_fastrtps_cpp' as default
[5.756s] -- Looking for pthread.h
[6.236s] -- Looking for pthread.h - found
[6.237s] -- Performing Test CMAKE_HAVE_LIBC_PTHREAD
[6.598s] -- Performing Test CMAKE_HAVE_LIBC_PTHREAD - Success
[6.599s] -- Found Threads: TRUE  
[6.981s] -- Found sensor_msgs: 4.2.4 (/opt/ros/humble/share/sensor_msgs/cmake)
[7.286s] -- Found tf2: 0.25.7 (/opt/ros/humble/share/tf2/cmake)
[7.338s] -- Found tf2_msgs: 0.25.7 (/opt/ros/humble/share/tf2_msgs/cmake)
[7.725s] -- Found turtlebot3_msgs: 2.2.3 (/home/student/RS1/RS1_group/scamazon/ros2_ws_group/src/install/turtlebot3_msgs/share/turtlebot3_msgs/cmake)
[8.193s] -- Configuring done
[8.218s] -- Generating done
[8.222s] -- Build files have been written to: /home/student/RS1/RS1_group/scamazon/ros2_ws_group/src/build/turtlebot3_fake_node
[8.243s] Invoked command in '/home/student/RS1/RS1_group/scamazon/ros2_ws_group/src/build/turtlebot3_fake_node' returned '0': AMENT_PREFIX_PATH=/home/student/RS1/RS1_group/scamazon/ros2_ws_group/src/install/turtlebot3_msgs:${AMENT_PREFIX_PATH} CMAKE_PREFIX_PATH=/home/student/RS1/RS1_group/scamazon/ros2_ws_group/src/install/turtlebot3_msgs:/home/student/ros2_ws/install/turtlesim:/home/student/ros2_ws/install/turtlebot3:/home/student/ros2_ws/install/turtlebot3_simulations:/home/student/ros2_ws/install/turtlebot3_bringup:/home/student/ros2_ws/install/turtlebot3_node:/home/student/ros2_ws/install/turtlebot3_navigation2:/home/student/ros2_ws/install/turtlebot3_fake_node:/home/student/ros2_ws/install/turtlebot3_msgs:/home/student/ros2_ws/install/turtlebot3_gazebo:/home/student/ros2_ws/install/turtlebot3_description:/home/student/ros2_ws/install/turtlebot3_cartographer:/home/student/ros2_ws/install/tb3_lab1_cpp:/home/student/ros2_ws/install/dynamixel_sdk_examples:/home/student/ros2_ws/install/dynamixel_sdk_custom_interfaces:/home/student/ros2_ws/install/dynamixel_sdk:/home/student/ros2_ws/install/turtlebot3_teleop:/home/student/ros2_ws/install/turtlebot3_example:/home/student/ros2_ws/install/tb3_lab1:/opt/ros/humble LD_LIBRARY_PATH=/home/student/RS1/RS1_group/scamazon/ros2_ws_group/src/install/turtlebot3_msgs/lib:/home/student/ros2_ws/install/turtlesim/lib:/home/student/ros2_ws/install/turtlebot3_msgs/lib:/home/student/ros2_ws/install/dynamixel_sdk_custom_interfaces/lib:/home/student/ros2_ws/install/dynamixel_sdk/lib:/usr/lib/x86_64-linux-gnu/gazebo-11/plugins:/opt/ros/humble/opt/rviz_ogre_vendor/lib:/opt/ros/humble/lib/x86_64-linux-gnu:/opt/ros/humble/lib:/usr/lib/x86_64-linux-gnu/gazebo-11/plugins:/usr/lib/x86_64-linux-gnu/gazebo-11/plugins:/usr/lib/x86_64-linux-gnu/gazebo-11/plugins:/usr/lib/x86_64-linux-gnu/gazebo-11/plugins:/usr/lib/x86_64-linux-gnu/gazebo-11/plugins:/usr/lib/x86_64-linux-gnu/gazebo-11/plugins PYTHONPATH=/home/student/RS1/RS1_group/scamazon/ros2_ws_group/src/install/turtlebot3_msgs/local/lib/python3.10/dist-packages:${PYTHONPATH} /usr/bin/cmake /home/student/RS1/RS1_group/scamazon/ros2_ws_group/src/turtlebot3_simulations/turtlebot3_fake_node -DAMENT_CMAKE_SYMLINK_INSTALL=1 -DCMAKE_INSTALL_PREFIX=/home/student/RS1/RS1_group/scamazon/ros2_ws_group/src/install/turtlebot3_fake_node
[8.256s] Invoking command in '/home/student/RS1/RS1_group/scamazon/ros2_ws_group/src/build/turtlebot3_fake_node': AMENT_PREFIX_PATH=/home/student/RS1/RS1_group/scamazon/ros2_ws_group/src/install/turtlebot3_msgs:${AMENT_PREFIX_PATH} CMAKE_PREFIX_PATH=/home/student/RS1/RS1_group/scamazon/ros2_ws_group/src/install/turtlebot3_msgs:/home/student/ros2_ws/install/turtlesim:/home/student/ros2_ws/install/turtlebot3:/home/student/ros2_ws/install/turtlebot3_simulations:/home/student/ros2_ws/install/turtlebot3_bringup:/home/student/ros2_ws/install/turtlebot3_node:/home/student/ros2_ws/install/turtlebot3_navigation2:/home/student/ros2_ws/install/turtlebot3_fake_node:/home/student/ros2_ws/install/turtlebot3_msgs:/home/student/ros2_ws/install/turtlebot3_gazebo:/home/student/ros2_ws/install/turtlebot3_description:/home/student/ros2_ws/install/turtlebot3_cartographer:/home/student/ros2_ws/install/tb3_lab1_cpp:/home/student/ros2_ws/install/dynamixel_sdk_examples:/home/student/ros2_ws/install/dynamixel_sdk_custom_interfaces:/home/student/ros2_ws/install/dynamixel_sdk:/home/student/ros2_ws/install/turtlebot3_teleop:/home/student/ros2_ws/install/turtlebot3_example:/home/student/ros2_ws/install/tb3_lab1:/opt/ros/humble LD_LIBRARY_PATH=/home/student/RS1/RS1_group/scamazon/ros2_ws_group/src/install/turtlebot3_msgs/lib:/home/student/ros2_ws/install/turtlesim/lib:/home/student/ros2_ws/install/turtlebot3_msgs/lib:/home/student/ros2_ws/install/dynamixel_sdk_custom_interfaces/lib:/home/student/ros2_ws/install/dynamixel_sdk/lib:/usr/lib/x86_64-linux-gnu/gazebo-11/plugins:/opt/ros/humble/opt/rviz_ogre_vendor/lib:/opt/ros/humble/lib/x86_64-linux-gnu:/opt/ros/humble/lib:/usr/lib/x86_64-linux-gnu/gazebo-11/plugins:/usr/lib/x86_64-linux-gnu/gazebo-11/plugins:/usr/lib/x86_64-linux-gnu/gazebo-11/plugins:/usr/lib/x86_64-linux-gnu/gazebo-11/plugins:/usr/lib/x86_64-linux-gnu/gazebo-11/plugins:/usr/lib/x86_64-linux-gnu/gazebo-11/plugins PYTHONPATH=/home/student/RS1/RS1_group/scamazon/ros2_ws_group/src/install/turtlebot3_msgs/local/lib/python3.10/dist-packages:${PYTHONPATH} /usr/bin/cmake --build /home/student/RS1/RS1_group/scamazon/ros2_ws_group/src/build/turtlebot3_fake_node -- -j8 -l8
[8.476s] [ 50%] [32mBuilding CXX object CMakeFiles/turtlebot3_fake_node.dir/src/turtlebot3_fake_node.cpp.o[0m
[27.856s] [100%] [32m[1mLinking CXX executable turtlebot3_fake_node[0m
[28.446s] [100%] Built target turtlebot3_fake_node
[28.465s] Invoked command in '/home/student/RS1/RS1_group/scamazon/ros2_ws_group/src/build/turtlebot3_fake_node' returned '0': AMENT_PREFIX_PATH=/home/student/RS1/RS1_group/scamazon/ros2_ws_group/src/install/turtlebot3_msgs:${AMENT_PREFIX_PATH} CMAKE_PREFIX_PATH=/home/student/RS1/RS1_group/scamazon/ros2_ws_group/src/install/turtlebot3_msgs:/home/student/ros2_ws/install/turtlesim:/home/student/ros2_ws/install/turtlebot3:/home/student/ros2_ws/install/turtlebot3_simulations:/home/student/ros2_ws/install/turtlebot3_bringup:/home/student/ros2_ws/install/turtlebot3_node:/home/student/ros2_ws/install/turtlebot3_navigation2:/home/student/ros2_ws/install/turtlebot3_fake_node:/home/student/ros2_ws/install/turtlebot3_msgs:/home/student/ros2_ws/install/turtlebot3_gazebo:/home/student/ros2_ws/install/turtlebot3_description:/home/student/ros2_ws/install/turtlebot3_cartographer:/home/student/ros2_ws/install/tb3_lab1_cpp:/home/student/ros2_ws/install/dynamixel_sdk_examples:/home/student/ros2_ws/install/dynamixel_sdk_custom_interfaces:/home/student/ros2_ws/install/dynamixel_sdk:/home/student/ros2_ws/install/turtlebot3_teleop:/home/student/ros2_ws/install/turtlebot3_example:/home/student/ros2_ws/install/tb3_lab1:/opt/ros/humble LD_LIBRARY_PATH=/home/student/RS1/RS1_group/scamazon/ros2_ws_group/src/install/turtlebot3_msgs/lib:/home/student/ros2_ws/install/turtlesim/lib:/home/student/ros2_ws/install/turtlebot3_msgs/lib:/home/student/ros2_ws/install/dynamixel_sdk_custom_interfaces/lib:/home/student/ros2_ws/install/dynamixel_sdk/lib:/usr/lib/x86_64-linux-gnu/gazebo-11/plugins:/opt/ros/humble/opt/rviz_ogre_vendor/lib:/opt/ros/humble/lib/x86_64-linux-gnu:/opt/ros/humble/lib:/usr/lib/x86_64-linux-gnu/gazebo-11/plugins:/usr/lib/x86_64-linux-gnu/gazebo-11/plugins:/usr/lib/x86_64-linux-gnu/gazebo-11/plugins:/usr/lib/x86_64-linux-gnu/gazebo-11/plugins:/usr/lib/x86_64-linux-gnu/gazebo-11/plugins:/usr/lib/x86_64-linux-gnu/gazebo-11/plugins PYTHONPATH=/home/student/RS1/RS1_group/scamazon/ros2_ws_group/src/install/turtlebot3_msgs/local/lib/python3.10/dist-packages:${PYTHONPATH} /usr/bin/cmake --build /home/student/RS1/RS1_group/scamazon/ros2_ws_group/src/build/turtlebot3_fake_node -- -j8 -l8
[28.512s] Invoking command in '/home/student/RS1/RS1_group/scamazon/ros2_ws_group/src/build/turtlebot3_fake_node': AMENT_PREFIX_PATH=/home/student/RS1/RS1_group/scamazon/ros2_ws_group/src/install/turtlebot3_msgs:${AMENT_PREFIX_PATH} CMAKE_PREFIX_PATH=/home/student/RS1/RS1_group/scamazon/ros2_ws_group/src/install/turtlebot3_msgs:/home/student/ros2_ws/install/turtlesim:/home/student/ros2_ws/install/turtlebot3:/home/student/ros2_ws/install/turtlebot3_simulations:/home/student/ros2_ws/install/turtlebot3_bringup:/home/student/ros2_ws/install/turtlebot3_node:/home/student/ros2_ws/install/turtlebot3_navigation2:/home/student/ros2_ws/install/turtlebot3_fake_node:/home/student/ros2_ws/install/turtlebot3_msgs:/home/student/ros2_ws/install/turtlebot3_gazebo:/home/student/ros2_ws/install/turtlebot3_description:/home/student/ros2_ws/install/turtlebot3_cartographer:/home/student/ros2_ws/install/tb3_lab1_cpp:/home/student/ros2_ws/install/dynamixel_sdk_examples:/home/student/ros2_ws/install/dynamixel_sdk_custom_interfaces:/home/student/ros2_ws/install/dynamixel_sdk:/home/student/ros2_ws/install/turtlebot3_teleop:/home/student/ros2_ws/install/turtlebot3_example:/home/student/ros2_ws/install/tb3_lab1:/opt/ros/humble LD_LIBRARY_PATH=/home/student/RS1/RS1_group/scamazon/ros2_ws_group/src/install/turtlebot3_msgs/lib:/home/student/ros2_ws/install/turtlesim/lib:/home/student/ros2_ws/install/turtlebot3_msgs/lib:/home/student/ros2_ws/install/dynamixel_sdk_custom_interfaces/lib:/home/student/ros2_ws/install/dynamixel_sdk/lib:/usr/lib/x86_64-linux-gnu/gazebo-11/plugins:/opt/ros/humble/opt/rviz_ogre_vendor/lib:/opt/ros/humble/lib/x86_64-linux-gnu:/opt/ros/humble/lib:/usr/lib/x86_64-linux-gnu/gazebo-11/plugins:/usr/lib/x86_64-linux-gnu/gazebo-11/plugins:/usr/lib/x86_64-linux-gnu/gazebo-11/plugins:/usr/lib/x86_64-linux-gnu/gazebo-11/plugins:/usr/lib/x86_64-linux-gnu/gazebo-11/plugins:/usr/lib/x86_64-linux-gnu/gazebo-11/plugins PYTHONPATH=/home/student/RS1/RS1_group/scamazon/ros2_ws_group/src/install/turtlebot3_msgs/local/lib/python3.10/dist-packages:${PYTHONPATH} /usr/bin/cmake --install /home/student/RS1/RS1_group/scamazon/ros2_ws_group/src/build/turtlebot3_fake_node
[28.525s] -- Install configuration: ""
[28.532s] -- Execute custom install script
[28.532s] -- Symlinking: /home/student/RS1/RS1_group/scamazon/ros2_ws_group/src/install/turtlebot3_fake_node/lib/turtlebot3_fake_node/turtlebot3_fake_node
[28.544s] -- Symlinking: /home/student/RS1/RS1_group/scamazon/ros2_ws_group/src/install/turtlebot3_fake_node/share/turtlebot3_fake_node/launch/rviz2.launch.py
[28.558s] -- Symlinking: /home/student/RS1/RS1_group/scamazon/ros2_ws_group/src/install/turtlebot3_fake_node/share/turtlebot3_fake_node/launch/turtlebot3_fake_node.launch.py
[28.573s] -- Symlinking: /home/student/RS1/RS1_group/scamazon/ros2_ws_group/src/install/turtlebot3_fake_node/share/turtlebot3_fake_node/param/burger.yaml
[28.586s] -- Symlinking: /home/student/RS1/RS1_group/scamazon/ros2_ws_group/src/install/turtlebot3_fake_node/share/turtlebot3_fake_node/param/waffle.yaml
[28.599s] -- Symlinking: /home/student/RS1/RS1_group/scamazon/ros2_ws_group/src/install/turtlebot3_fake_node/share/turtlebot3_fake_node/param/waffle_pi.yaml
[28.613s] -- Symlinking: /home/student/RS1/RS1_group/scamazon/ros2_ws_group/src/install/turtlebot3_fake_node/include//turtlebot3_fake_node/turtlebot3_fake_node.hpp
[28.633s] -- Symlinking: /home/student/RS1/RS1_group/scamazon/ros2_ws_group/src/install/turtlebot3_fake_node/share/ament_index/resource_index/package_run_dependencies/turtlebot3_fake_node
[28.649s] -- Symlinking: /home/student/RS1/RS1_group/scamazon/ros2_ws_group/src/install/turtlebot3_fake_node/share/ament_index/resource_index/parent_prefix_path/turtlebot3_fake_node
[28.664s] -- Symlinking: /home/student/RS1/RS1_group/scamazon/ros2_ws_group/src/install/turtlebot3_fake_node/share/turtlebot3_fake_node/environment/ament_prefix_path.sh
[28.678s] -- Symlinking: /home/student/RS1/RS1_group/scamazon/ros2_ws_group/src/install/turtlebot3_fake_node/share/turtlebot3_fake_node/environment/ament_prefix_path.dsv
[28.691s] -- Symlinking: /home/student/RS1/RS1_group/scamazon/ros2_ws_group/src/install/turtlebot3_fake_node/share/turtlebot3_fake_node/environment/path.sh
[28.705s] -- Symlinking: /home/student/RS1/RS1_group/scamazon/ros2_ws_group/src/install/turtlebot3_fake_node/share/turtlebot3_fake_node/environment/path.dsv
[28.719s] -- Symlinking: /home/student/RS1/RS1_group/scamazon/ros2_ws_group/src/install/turtlebot3_fake_node/share/turtlebot3_fake_node/local_setup.bash
[28.739s] -- Symlinking: /home/student/RS1/RS1_group/scamazon/ros2_ws_group/src/install/turtlebot3_fake_node/share/turtlebot3_fake_node/local_setup.sh
[28.760s] -- Symlinking: /home/student/RS1/RS1_group/scamazon/ros2_ws_group/src/install/turtlebot3_fake_node/share/turtlebot3_fake_node/local_setup.zsh
[28.773s] -- Symlinking: /home/student/RS1/RS1_group/scamazon/ros2_ws_group/src/install/turtlebot3_fake_node/share/turtlebot3_fake_node/local_setup.dsv
[28.787s] -- Symlinking: /home/student/RS1/RS1_group/scamazon/ros2_ws_group/src/install/turtlebot3_fake_node/share/turtlebot3_fake_node/package.dsv
[28.801s] -- Symlinking: /home/student/RS1/RS1_group/scamazon/ros2_ws_group/src/install/turtlebot3_fake_node/share/ament_index/resource_index/packages/turtlebot3_fake_node
[28.815s] -- Symlinking: /home/student/RS1/RS1_group/scamazon/ros2_ws_group/src/install/turtlebot3_fake_node/share/turtlebot3_fake_node/cmake/ament_cmake_export_include_directories-extras.cmake
[28.836s] -- Symlinking: /home/student/RS1/RS1_group/scamazon/ros2_ws_group/src/install/turtlebot3_fake_node/share/turtlebot3_fake_node/cmake/ament_cmake_export_dependencies-extras.cmake
[28.851s] -- Symlinking: /home/student/RS1/RS1_group/scamazon/ros2_ws_group/src/install/turtlebot3_fake_node/share/turtlebot3_fake_node/cmake/turtlebot3_fake_nodeConfig.cmake
[28.867s] -- Symlinking: /home/student/RS1/RS1_group/scamazon/ros2_ws_group/src/install/turtlebot3_fake_node/share/turtlebot3_fake_node/cmake/turtlebot3_fake_nodeConfig-version.cmake
[28.878s] -- Symlinking: /home/student/RS1/RS1_group/scamazon/ros2_ws_group/src/install/turtlebot3_fake_node/share/turtlebot3_fake_node/package.xml
[28.892s] Invoked command in '/home/student/RS1/RS1_group/scamazon/ros2_ws_group/src/build/turtlebot3_fake_node' returned '0': AMENT_PREFIX_PATH=/home/student/RS1/RS1_group/scamazon/ros2_ws_group/src/install/turtlebot3_msgs:${AMENT_PREFIX_PATH} CMAKE_PREFIX_PATH=/home/student/RS1/RS1_group/scamazon/ros2_ws_group/src/install/turtlebot3_msgs:/home/student/ros2_ws/install/turtlesim:/home/student/ros2_ws/install/turtlebot3:/home/student/ros2_ws/install/turtlebot3_simulations:/home/student/ros2_ws/install/turtlebot3_bringup:/home/student/ros2_ws/install/turtlebot3_node:/home/student/ros2_ws/install/turtlebot3_navigation2:/home/student/ros2_ws/install/turtlebot3_fake_node:/home/student/ros2_ws/install/turtlebot3_msgs:/home/student/ros2_ws/install/turtlebot3_gazebo:/home/student/ros2_ws/install/turtlebot3_description:/home/student/ros2_ws/install/turtlebot3_cartographer:/home/student/ros2_ws/install/tb3_lab1_cpp:/home/student/ros2_ws/install/dynamixel_sdk_examples:/home/student/ros2_ws/install/dynamixel_sdk_custom_interfaces:/home/student/ros2_ws/install/dynamixel_sdk:/home/student/ros2_ws/install/turtlebot3_teleop:/home/student/ros2_ws/install/turtlebot3_example:/home/student/ros2_ws/install/tb3_lab1:/opt/ros/humble LD_LIBRARY_PATH=/home/student/RS1/RS1_group/scamazon/ros2_ws_group/src/install/turtlebot3_msgs/lib:/home/student/ros2_ws/install/turtlesim/lib:/home/student/ros2_ws/install/turtlebot3_msgs/lib:/home/student/ros2_ws/install/dynamixel_sdk_custom_interfaces/lib:/home/student/ros2_ws/install/dynamixel_sdk/lib:/usr/lib/x86_64-linux-gnu/gazebo-11/plugins:/opt/ros/humble/opt/rviz_ogre_vendor/lib:/opt/ros/humble/lib/x86_64-linux-gnu:/opt/ros/humble/lib:/usr/lib/x86_64-linux-gnu/gazebo-11/plugins:/usr/lib/x86_64-linux-gnu/gazebo-11/plugins:/usr/lib/x86_64-linux-gnu/gazebo-11/plugins:/usr/lib/x86_64-linux-gnu/gazebo-11/plugins:/usr/lib/x86_64-linux-gnu/gazebo-11/plugins:/usr/lib/x86_64-linux-gnu/gazebo-11/plugins PYTHONPATH=/home/student/RS1/RS1_group/scamazon/ros2_ws_group/src/install/turtlebot3_msgs/local/lib/python3.10/dist-packages:${PYTHONPATH} /usr/bin/cmake --install /home/student/RS1/RS1_group/scamazon/ros2_ws_group/src/build/turtlebot3_fake_node
