[0.564s] Invoking command in '/home/student/RS1/RS1_group/scamazon/ros2_ws_group/build/turtlesim': CMAKE_PREFIX_PATH=${CMAKE_PREFIX_PATH}:/home/student/ros2_ws/install/turtlebot3_teleop:/home/student/ros2_ws/install/turtlebot3_example:/home/student/ros2_ws/install/tb3_lab1:/opt/ros/humble /usr/bin/cmake --build /home/student/RS1/RS1_group/scamazon/ros2_ws_group/build/turtlesim -- -j8 -l8
[1.319s] [35m[1mConsolidate compiler generated dependencies of target turtlesim__rosidl_generator_c[0m
[1.321s] [  1%] Built target ament_cmake_python_symlink_turtlesim
[1.322s] [ 10%] Built target turtlesim__rosidl_generator_c
[1.322s] [ 11%] Built target turtlesim__cpp
[1.322s] [35m[1mConsolidate compiler generated dependencies of target turtlesim__rosidl_typesupport_c[0m
[1.322s] [35m[1mConsolidate compiler generated dependencies of target turtlesim__rosidl_typesupport_introspection_c[0m
[1.322s] [35m[1mConsolidate compiler generated dependencies of target turtlesim__rosidl_typesupport_cpp[0m
[1.322s] [35m[1mConsolidate compiler generated dependencies of target turtlesim__rosidl_typesupport_fastrtps_c[0m
[1.323s] [35m[1mConsolidate compiler generated dependencies of target turtlesim__rosidl_typesupport_fastrtps_cpp[0m
[1.323s] [35m[1mConsolidate compiler generated dependencies of target turtlesim__rosidl_typesupport_introspection_cpp[0m
[1.323s] [ 21%] Built target turtlesim__rosidl_typesupport_c
[1.323s] [ 31%] Built target turtlesim__rosidl_typesupport_cpp
[1.323s] [ 41%] Built target turtlesim__rosidl_typesupport_introspection_c
[1.323s] [ 51%] Built target turtlesim__rosidl_typesupport_fastrtps_c
[1.324s] [ 61%] Built target turtlesim__rosidl_typesupport_fastrtps_cpp
[1.324s] [ 71%] Built target turtlesim__rosidl_typesupport_introspection_cpp
[1.324s] [35m[1mConsolidate compiler generated dependencies of target turtlesim_node[0m
[1.324s] [35m[1mConsolidate compiler generated dependencies of target draw_square[0m
[1.324s] [35m[1mConsolidate compiler generated dependencies of target turtle_teleop_key[0m
[1.324s] [35m[1mConsolidate compiler generated dependencies of target mimic[0m
[1.325s] [ 73%] Built target draw_square
[1.325s] [ 75%] Built target turtle_teleop_key
[1.325s] [ 81%] Built target turtlesim_node
[1.325s] [ 81%] Built target turtlesim
[1.325s] [ 83%] Built target mimic
[1.325s] [ 84%] Built target turtlesim__py
[1.326s] [35m[1mConsolidate compiler generated dependencies of target turtlesim__rosidl_generator_py[0m
[1.326s] [ 93%] Built target turtlesim__rosidl_generator_py
[1.326s] [35m[1mConsolidate compiler generated dependencies of target turtlesim__rosidl_typesupport_introspection_c__pyext[0m
[1.326s] [35m[1mConsolidate compiler generated dependencies of target turtlesim__rosidl_typesupport_c__pyext[0m
[1.326s] [35m[1mConsolidate compiler generated dependencies of target turtlesim__rosidl_typesupport_fastrtps_c__pyext[0m
[1.334s] running egg_info
[1.335s] writing turtlesim.egg-info/PKG-INFO
[1.335s] writing dependency_links to turtlesim.egg-info/dependency_links.txt
[1.336s] [ 95%] Built target turtlesim__rosidl_typesupport_introspection_c__pyext
[1.336s] writing top-level names to turtlesim.egg-info/top_level.txt
[1.340s] reading manifest file 'turtlesim.egg-info/SOURCES.txt'
[1.341s] writing manifest file 'turtlesim.egg-info/SOURCES.txt'
[1.346s] [ 97%] Built target turtlesim__rosidl_typesupport_c__pyext
[1.364s] [100%] Built target turtlesim__rosidl_typesupport_fastrtps_c__pyext
[1.400s] [100%] Built target ament_cmake_python_build_turtlesim_egg
[1.418s] Invoked command in '/home/student/RS1/RS1_group/scamazon/ros2_ws_group/build/turtlesim' returned '0': CMAKE_PREFIX_PATH=${CMAKE_PREFIX_PATH}:/home/student/ros2_ws/install/turtlebot3_teleop:/home/student/ros2_ws/install/turtlebot3_example:/home/student/ros2_ws/install/tb3_lab1:/opt/ros/humble /usr/bin/cmake --build /home/student/RS1/RS1_group/scamazon/ros2_ws_group/build/turtlesim -- -j8 -l8
[2.620s] Invoking command in '/home/student/RS1/RS1_group/scamazon/ros2_ws_group/build/turtlesim': CMAKE_PREFIX_PATH=${CMAKE_PREFIX_PATH}:/home/student/ros2_ws/install/turtlebot3_teleop:/home/student/ros2_ws/install/turtlebot3_example:/home/student/ros2_ws/install/tb3_lab1:/opt/ros/humble /usr/bin/cmake --install /home/student/RS1/RS1_group/scamazon/ros2_ws_group/build/turtlesim
[2.631s] -- Install configuration: ""
[2.632s] -- Execute custom install script
[2.632s] -- Up-to-date symlink: /home/student/RS1/RS1_group/scamazon/ros2_ws_group/install/turtlesim/share/ament_index/resource_index/rosidl_interfaces/turtlesim
[2.633s] -- Up-to-date symlink: /home/student/RS1/RS1_group/scamazon/ros2_ws_group/install/turtlesim/include/turtlesim/turtlesim/action/detail/rotate_absolute__functions.h
[2.633s] -- Up-to-date symlink: /home/student/RS1/RS1_group/scamazon/ros2_ws_group/install/turtlesim/include/turtlesim/turtlesim/action/detail/rotate_absolute__struct.h
[2.634s] -- Up-to-date symlink: /home/student/RS1/RS1_group/scamazon/ros2_ws_group/install/turtlesim/include/turtlesim/turtlesim/action/detail/rotate_absolute__type_support.h
[2.634s] -- Up-to-date symlink: /home/student/RS1/RS1_group/scamazon/ros2_ws_group/install/turtlesim/include/turtlesim/turtlesim/action/rotate_absolute.h
[2.634s] -- Up-to-date symlink: /home/student/RS1/RS1_group/scamazon/ros2_ws_group/install/turtlesim/include/turtlesim/turtlesim/msg/color.h
[2.634s] -- Up-to-date symlink: /home/student/RS1/RS1_group/scamazon/ros2_ws_group/install/turtlesim/include/turtlesim/turtlesim/msg/detail/color__functions.h
[2.634s] -- Up-to-date symlink: /home/student/RS1/RS1_group/scamazon/ros2_ws_group/install/turtlesim/include/turtlesim/turtlesim/msg/detail/color__struct.h
[2.635s] -- Up-to-date symlink: /home/student/RS1/RS1_group/scamazon/ros2_ws_group/install/turtlesim/include/turtlesim/turtlesim/msg/detail/color__type_support.h
[2.635s] -- Up-to-date symlink: /home/student/RS1/RS1_group/scamazon/ros2_ws_group/install/turtlesim/include/turtlesim/turtlesim/msg/detail/pose__functions.h
[2.635s] -- Up-to-date symlink: /home/student/RS1/RS1_group/scamazon/ros2_ws_group/install/turtlesim/include/turtlesim/turtlesim/msg/detail/pose__struct.h
[2.636s] -- Up-to-date symlink: /home/student/RS1/RS1_group/scamazon/ros2_ws_group/install/turtlesim/include/turtlesim/turtlesim/msg/detail/pose__type_support.h
[2.636s] -- Up-to-date symlink: /home/student/RS1/RS1_group/scamazon/ros2_ws_group/install/turtlesim/include/turtlesim/turtlesim/msg/pose.h
[2.636s] -- Up-to-date symlink: /home/student/RS1/RS1_group/scamazon/ros2_ws_group/install/turtlesim/include/turtlesim/turtlesim/msg/rosidl_generator_c__visibility_control.h
[2.637s] -- Up-to-date symlink: /home/student/RS1/RS1_group/scamazon/ros2_ws_group/install/turtlesim/include/turtlesim/turtlesim/srv/detail/kill__functions.h
[2.637s] -- Up-to-date symlink: /home/student/RS1/RS1_group/scamazon/ros2_ws_group/install/turtlesim/include/turtlesim/turtlesim/srv/detail/kill__struct.h
[2.637s] -- Up-to-date symlink: /home/student/RS1/RS1_group/scamazon/ros2_ws_group/install/turtlesim/include/turtlesim/turtlesim/srv/detail/kill__type_support.h
[2.638s] -- Up-to-date symlink: /home/student/RS1/RS1_group/scamazon/ros2_ws_group/install/turtlesim/include/turtlesim/turtlesim/srv/detail/set_pen__functions.h
[2.638s] -- Up-to-date symlink: /home/student/RS1/RS1_group/scamazon/ros2_ws_group/install/turtlesim/include/turtlesim/turtlesim/srv/detail/set_pen__struct.h
[2.638s] -- Up-to-date symlink: /home/student/RS1/RS1_group/scamazon/ros2_ws_group/install/turtlesim/include/turtlesim/turtlesim/srv/detail/set_pen__type_support.h
[2.639s] -- Up-to-date symlink: /home/student/RS1/RS1_group/scamazon/ros2_ws_group/install/turtlesim/include/turtlesim/turtlesim/srv/detail/spawn__functions.h
[2.639s] -- Up-to-date symlink: /home/student/RS1/RS1_group/scamazon/ros2_ws_group/install/turtlesim/include/turtlesim/turtlesim/srv/detail/spawn__struct.h
[2.640s] -- Up-to-date symlink: /home/student/RS1/RS1_group/scamazon/ros2_ws_group/install/turtlesim/include/turtlesim/turtlesim/srv/detail/spawn__type_support.h
[2.640s] -- Up-to-date symlink: /home/student/RS1/RS1_group/scamazon/ros2_ws_group/install/turtlesim/include/turtlesim/turtlesim/srv/detail/teleport_absolute__functions.h
[2.640s] -- Up-to-date symlink: /home/student/RS1/RS1_group/scamazon/ros2_ws_group/install/turtlesim/include/turtlesim/turtlesim/srv/detail/teleport_absolute__struct.h
[2.641s] -- Up-to-date symlink: /home/student/RS1/RS1_group/scamazon/ros2_ws_group/install/turtlesim/include/turtlesim/turtlesim/srv/detail/teleport_absolute__type_support.h
[2.641s] -- Up-to-date symlink: /home/student/RS1/RS1_group/scamazon/ros2_ws_group/install/turtlesim/include/turtlesim/turtlesim/srv/detail/teleport_relative__functions.h
[2.641s] -- Up-to-date symlink: /home/student/RS1/RS1_group/scamazon/ros2_ws_group/install/turtlesim/include/turtlesim/turtlesim/srv/detail/teleport_relative__struct.h
[2.641s] -- Up-to-date symlink: /home/student/RS1/RS1_group/scamazon/ros2_ws_group/install/turtlesim/include/turtlesim/turtlesim/srv/detail/teleport_relative__type_support.h
[2.641s] -- Up-to-date symlink: /home/student/RS1/RS1_group/scamazon/ros2_ws_group/install/turtlesim/include/turtlesim/turtlesim/srv/kill.h
[2.642s] -- Up-to-date symlink: /home/student/RS1/RS1_group/scamazon/ros2_ws_group/install/turtlesim/include/turtlesim/turtlesim/srv/set_pen.h
[2.642s] -- Up-to-date symlink: /home/student/RS1/RS1_group/scamazon/ros2_ws_group/install/turtlesim/include/turtlesim/turtlesim/srv/spawn.h
[2.642s] -- Up-to-date symlink: /home/student/RS1/RS1_group/scamazon/ros2_ws_group/install/turtlesim/include/turtlesim/turtlesim/srv/teleport_absolute.h
[2.643s] -- Up-to-date symlink: /home/student/RS1/RS1_group/scamazon/ros2_ws_group/install/turtlesim/include/turtlesim/turtlesim/srv/teleport_relative.h
[2.643s] -- Up-to-date symlink: /home/student/RS1/RS1_group/scamazon/ros2_ws_group/install/turtlesim/share/turtlesim/environment/library_path.sh
[2.643s] -- Up-to-date symlink: /home/student/RS1/RS1_group/scamazon/ros2_ws_group/install/turtlesim/share/turtlesim/environment/library_path.dsv
[2.643s] -- Up-to-date symlink: /home/student/RS1/RS1_group/scamazon/ros2_ws_group/install/turtlesim/include/turtlesim/turtlesim/action/detail/rotate_absolute__rosidl_typesupport_fastrtps_c.h
[2.643s] -- Up-to-date symlink: /home/student/RS1/RS1_group/scamazon/ros2_ws_group/install/turtlesim/include/turtlesim/turtlesim/msg/detail/color__rosidl_typesupport_fastrtps_c.h
[2.644s] -- Up-to-date symlink: /home/student/RS1/RS1_group/scamazon/ros2_ws_group/install/turtlesim/include/turtlesim/turtlesim/msg/detail/pose__rosidl_typesupport_fastrtps_c.h
[2.644s] -- Up-to-date symlink: /home/student/RS1/RS1_group/scamazon/ros2_ws_group/install/turtlesim/include/turtlesim/turtlesim/msg/rosidl_typesupport_fastrtps_c__visibility_control.h
[2.644s] -- Up-to-date symlink: /home/student/RS1/RS1_group/scamazon/ros2_ws_group/install/turtlesim/include/turtlesim/turtlesim/srv/detail/kill__rosidl_typesupport_fastrtps_c.h
[2.644s] -- Up-to-date symlink: /home/student/RS1/RS1_group/scamazon/ros2_ws_group/install/turtlesim/include/turtlesim/turtlesim/srv/detail/set_pen__rosidl_typesupport_fastrtps_c.h
[2.644s] -- Up-to-date symlink: /home/student/RS1/RS1_group/scamazon/ros2_ws_group/install/turtlesim/include/turtlesim/turtlesim/srv/detail/spawn__rosidl_typesupport_fastrtps_c.h
[2.644s] -- Up-to-date symlink: /home/student/RS1/RS1_group/scamazon/ros2_ws_group/install/turtlesim/include/turtlesim/turtlesim/srv/detail/teleport_absolute__rosidl_typesupport_fastrtps_c.h
[2.644s] -- Up-to-date symlink: /home/student/RS1/RS1_group/scamazon/ros2_ws_group/install/turtlesim/include/turtlesim/turtlesim/srv/detail/teleport_relative__rosidl_typesupport_fastrtps_c.h
[2.645s] -- Up-to-date symlink: /home/student/RS1/RS1_group/scamazon/ros2_ws_group/install/turtlesim/include/turtlesim/turtlesim/action/detail/rotate_absolute__builder.hpp
[2.645s] -- Up-to-date symlink: /home/student/RS1/RS1_group/scamazon/ros2_ws_group/install/turtlesim/include/turtlesim/turtlesim/action/detail/rotate_absolute__struct.hpp
[2.647s] -- Up-to-date symlink: /home/student/RS1/RS1_group/scamazon/ros2_ws_group/install/turtlesim/include/turtlesim/turtlesim/action/detail/rotate_absolute__traits.hpp
[2.648s] -- Up-to-date symlink: /home/student/RS1/RS1_group/scamazon/ros2_ws_group/install/turtlesim/include/turtlesim/turtlesim/action/rotate_absolute.hpp
[2.649s] -- Up-to-date symlink: /home/student/RS1/RS1_group/scamazon/ros2_ws_group/install/turtlesim/include/turtlesim/turtlesim/msg/color.hpp
[2.649s] -- Up-to-date symlink: /home/student/RS1/RS1_group/scamazon/ros2_ws_group/install/turtlesim/include/turtlesim/turtlesim/msg/detail/color__builder.hpp
[2.650s] -- Up-to-date symlink: /home/student/RS1/RS1_group/scamazon/ros2_ws_group/install/turtlesim/include/turtlesim/turtlesim/msg/detail/color__struct.hpp
[2.650s] -- Up-to-date symlink: /home/student/RS1/RS1_group/scamazon/ros2_ws_group/install/turtlesim/include/turtlesim/turtlesim/msg/detail/color__traits.hpp
[2.650s] -- Up-to-date symlink: /home/student/RS1/RS1_group/scamazon/ros2_ws_group/install/turtlesim/include/turtlesim/turtlesim/msg/detail/pose__builder.hpp
[2.650s] -- Up-to-date symlink: /home/student/RS1/RS1_group/scamazon/ros2_ws_group/install/turtlesim/include/turtlesim/turtlesim/msg/detail/pose__struct.hpp
[2.650s] -- Up-to-date symlink: /home/student/RS1/RS1_group/scamazon/ros2_ws_group/install/turtlesim/include/turtlesim/turtlesim/msg/detail/pose__traits.hpp
[2.650s] -- Up-to-date symlink: /home/student/RS1/RS1_group/scamazon/ros2_ws_group/install/turtlesim/include/turtlesim/turtlesim/msg/pose.hpp
[2.651s] -- Up-to-date symlink: /home/student/RS1/RS1_group/scamazon/ros2_ws_group/install/turtlesim/include/turtlesim/turtlesim/srv/detail/kill__builder.hpp
[2.651s] -- Up-to-date symlink: /home/student/RS1/RS1_group/scamazon/ros2_ws_group/install/turtlesim/include/turtlesim/turtlesim/srv/detail/kill__struct.hpp
[2.651s] -- Up-to-date symlink: /home/student/RS1/RS1_group/scamazon/ros2_ws_group/install/turtlesim/include/turtlesim/turtlesim/srv/detail/kill__traits.hpp
[2.651s] -- Up-to-date symlink: /home/student/RS1/RS1_group/scamazon/ros2_ws_group/install/turtlesim/include/turtlesim/turtlesim/srv/detail/set_pen__builder.hpp
[2.651s] -- Up-to-date symlink: /home/student/RS1/RS1_group/scamazon/ros2_ws_group/install/turtlesim/include/turtlesim/turtlesim/srv/detail/set_pen__struct.hpp
[2.651s] -- Up-to-date symlink: /home/student/RS1/RS1_group/scamazon/ros2_ws_group/install/turtlesim/include/turtlesim/turtlesim/srv/detail/set_pen__traits.hpp
[2.651s] -- Up-to-date symlink: /home/student/RS1/RS1_group/scamazon/ros2_ws_group/install/turtlesim/include/turtlesim/turtlesim/srv/detail/spawn__builder.hpp
[2.651s] -- Up-to-date symlink: /home/student/RS1/RS1_group/scamazon/ros2_ws_group/install/turtlesim/include/turtlesim/turtlesim/srv/detail/spawn__struct.hpp
[2.651s] -- Up-to-date symlink: /home/student/RS1/RS1_group/scamazon/ros2_ws_group/install/turtlesim/include/turtlesim/turtlesim/srv/detail/spawn__traits.hpp
[2.651s] -- Up-to-date symlink: /home/student/RS1/RS1_group/scamazon/ros2_ws_group/install/turtlesim/include/turtlesim/turtlesim/srv/detail/teleport_absolute__builder.hpp
[2.652s] -- Up-to-date symlink: /home/student/RS1/RS1_group/scamazon/ros2_ws_group/install/turtlesim/include/turtlesim/turtlesim/srv/detail/teleport_absolute__struct.hpp
[2.652s] -- Up-to-date symlink: /home/student/RS1/RS1_group/scamazon/ros2_ws_group/install/turtlesim/include/turtlesim/turtlesim/srv/detail/teleport_absolute__traits.hpp
[2.652s] -- Up-to-date symlink: /home/student/RS1/RS1_group/scamazon/ros2_ws_group/install/turtlesim/include/turtlesim/turtlesim/srv/detail/teleport_relative__builder.hpp
[2.652s] -- Up-to-date symlink: /home/student/RS1/RS1_group/scamazon/ros2_ws_group/install/turtlesim/include/turtlesim/turtlesim/srv/detail/teleport_relative__struct.hpp
[2.653s] -- Up-to-date symlink: /home/student/RS1/RS1_group/scamazon/ros2_ws_group/install/turtlesim/include/turtlesim/turtlesim/srv/detail/teleport_relative__traits.hpp
[2.653s] -- Up-to-date symlink: /home/student/RS1/RS1_group/scamazon/ros2_ws_group/install/turtlesim/include/turtlesim/turtlesim/srv/kill.hpp
[2.654s] -- Up-to-date symlink: /home/student/RS1/RS1_group/scamazon/ros2_ws_group/install/turtlesim/include/turtlesim/turtlesim/srv/set_pen.hpp
[2.655s] -- Up-to-date symlink: /home/student/RS1/RS1_group/scamazon/ros2_ws_group/install/turtlesim/include/turtlesim/turtlesim/srv/spawn.hpp
[2.656s] -- Up-to-date symlink: /home/student/RS1/RS1_group/scamazon/ros2_ws_group/install/turtlesim/include/turtlesim/turtlesim/srv/teleport_absolute.hpp
[2.656s] -- Up-to-date symlink: /home/student/RS1/RS1_group/scamazon/ros2_ws_group/install/turtlesim/include/turtlesim/turtlesim/srv/teleport_relative.hpp
[2.657s] -- Up-to-date symlink: /home/student/RS1/RS1_group/scamazon/ros2_ws_group/install/turtlesim/include/turtlesim/turtlesim/action/detail/rotate_absolute__rosidl_typesupport_fastrtps_cpp.hpp
[2.658s] -- Up-to-date symlink: /home/student/RS1/RS1_group/scamazon/ros2_ws_group/install/turtlesim/include/turtlesim/turtlesim/msg/detail/color__rosidl_typesupport_fastrtps_cpp.hpp
[2.658s] -- Up-to-date symlink: /home/student/RS1/RS1_group/scamazon/ros2_ws_group/install/turtlesim/include/turtlesim/turtlesim/msg/detail/pose__rosidl_typesupport_fastrtps_cpp.hpp
[2.659s] -- Up-to-date symlink: /home/student/RS1/RS1_group/scamazon/ros2_ws_group/install/turtlesim/include/turtlesim/turtlesim/msg/rosidl_typesupport_fastrtps_cpp__visibility_control.h
[2.659s] -- Up-to-date symlink: /home/student/RS1/RS1_group/scamazon/ros2_ws_group/install/turtlesim/include/turtlesim/turtlesim/srv/detail/kill__rosidl_typesupport_fastrtps_cpp.hpp
[2.660s] -- Up-to-date symlink: /home/student/RS1/RS1_group/scamazon/ros2_ws_group/install/turtlesim/include/turtlesim/turtlesim/srv/detail/set_pen__rosidl_typesupport_fastrtps_cpp.hpp
[2.661s] -- Up-to-date symlink: /home/student/RS1/RS1_group/scamazon/ros2_ws_group/install/turtlesim/include/turtlesim/turtlesim/srv/detail/spawn__rosidl_typesupport_fastrtps_cpp.hpp
[2.662s] -- Up-to-date symlink: /home/student/RS1/RS1_group/scamazon/ros2_ws_group/install/turtlesim/include/turtlesim/turtlesim/srv/detail/teleport_absolute__rosidl_typesupport_fastrtps_cpp.hpp
[2.663s] -- Up-to-date symlink: /home/student/RS1/RS1_group/scamazon/ros2_ws_group/install/turtlesim/include/turtlesim/turtlesim/srv/detail/teleport_relative__rosidl_typesupport_fastrtps_cpp.hpp
[2.664s] -- Up-to-date symlink: /home/student/RS1/RS1_group/scamazon/ros2_ws_group/install/turtlesim/include/turtlesim/turtlesim/action/detail/rotate_absolute__rosidl_typesupport_introspection_c.h
[2.665s] -- Up-to-date symlink: /home/student/RS1/RS1_group/scamazon/ros2_ws_group/install/turtlesim/include/turtlesim/turtlesim/msg/detail/color__rosidl_typesupport_introspection_c.h
[2.666s] -- Up-to-date symlink: /home/student/RS1/RS1_group/scamazon/ros2_ws_group/install/turtlesim/include/turtlesim/turtlesim/msg/detail/pose__rosidl_typesupport_introspection_c.h
[2.667s] -- Up-to-date symlink: /home/student/RS1/RS1_group/scamazon/ros2_ws_group/install/turtlesim/include/turtlesim/turtlesim/msg/rosidl_typesupport_introspection_c__visibility_control.h
[2.668s] -- Up-to-date symlink: /home/student/RS1/RS1_group/scamazon/ros2_ws_group/install/turtlesim/include/turtlesim/turtlesim/srv/detail/kill__rosidl_typesupport_introspection_c.h
[2.668s] -- Up-to-date symlink: /home/student/RS1/RS1_group/scamazon/ros2_ws_group/install/turtlesim/include/turtlesim/turtlesim/srv/detail/set_pen__rosidl_typesupport_introspection_c.h
[2.669s] -- Up-to-date symlink: /home/student/RS1/RS1_group/scamazon/ros2_ws_group/install/turtlesim/include/turtlesim/turtlesim/srv/detail/spawn__rosidl_typesupport_introspection_c.h
[2.670s] -- Up-to-date symlink: /home/student/RS1/RS1_group/scamazon/ros2_ws_group/install/turtlesim/include/turtlesim/turtlesim/srv/detail/teleport_absolute__rosidl_typesupport_introspection_c.h
[2.670s] -- Up-to-date symlink: /home/student/RS1/RS1_group/scamazon/ros2_ws_group/install/turtlesim/include/turtlesim/turtlesim/srv/detail/teleport_relative__rosidl_typesupport_introspection_c.h
[2.670s] -- Up-to-date symlink: /home/student/RS1/RS1_group/scamazon/ros2_ws_group/install/turtlesim/include/turtlesim/turtlesim/action/detail/rotate_absolute__rosidl_typesupport_introspection_cpp.hpp
[2.670s] -- Up-to-date symlink: /home/student/RS1/RS1_group/scamazon/ros2_ws_group/install/turtlesim/include/turtlesim/turtlesim/msg/detail/color__rosidl_typesupport_introspection_cpp.hpp
[2.670s] -- Up-to-date symlink: /home/student/RS1/RS1_group/scamazon/ros2_ws_group/install/turtlesim/include/turtlesim/turtlesim/msg/detail/pose__rosidl_typesupport_introspection_cpp.hpp
[2.671s] -- Up-to-date symlink: /home/student/RS1/RS1_group/scamazon/ros2_ws_group/install/turtlesim/include/turtlesim/turtlesim/srv/detail/kill__rosidl_typesupport_introspection_cpp.hpp
[2.671s] -- Up-to-date symlink: /home/student/RS1/RS1_group/scamazon/ros2_ws_group/install/turtlesim/include/turtlesim/turtlesim/srv/detail/set_pen__rosidl_typesupport_introspection_cpp.hpp
[2.671s] -- Up-to-date symlink: /home/student/RS1/RS1_group/scamazon/ros2_ws_group/install/turtlesim/include/turtlesim/turtlesim/srv/detail/spawn__rosidl_typesupport_introspection_cpp.hpp
[2.671s] -- Up-to-date symlink: /home/student/RS1/RS1_group/scamazon/ros2_ws_group/install/turtlesim/include/turtlesim/turtlesim/srv/detail/teleport_absolute__rosidl_typesupport_introspection_cpp.hpp
[2.671s] -- Up-to-date symlink: /home/student/RS1/RS1_group/scamazon/ros2_ws_group/install/turtlesim/include/turtlesim/turtlesim/srv/detail/teleport_relative__rosidl_typesupport_introspection_cpp.hpp
[2.672s] -- Up-to-date symlink: /home/student/RS1/RS1_group/scamazon/ros2_ws_group/install/turtlesim/share/turtlesim/environment/pythonpath.sh
[2.672s] -- Up-to-date symlink: /home/student/RS1/RS1_group/scamazon/ros2_ws_group/install/turtlesim/share/turtlesim/environment/pythonpath.dsv
[2.672s] -- Up-to-date symlink: /home/student/RS1/RS1_group/scamazon/ros2_ws_group/install/turtlesim/local/lib/python3.10/dist-packages/turtlesim-1.4.2-py3.10.egg-info/PKG-INFO
[2.672s] -- Up-to-date symlink: /home/student/RS1/RS1_group/scamazon/ros2_ws_group/install/turtlesim/local/lib/python3.10/dist-packages/turtlesim-1.4.2-py3.10.egg-info/SOURCES.txt
[2.672s] -- Up-to-date symlink: /home/student/RS1/RS1_group/scamazon/ros2_ws_group/install/turtlesim/local/lib/python3.10/dist-packages/turtlesim-1.4.2-py3.10.egg-info/dependency_links.txt
[2.672s] -- Up-to-date symlink: /home/student/RS1/RS1_group/scamazon/ros2_ws_group/install/turtlesim/local/lib/python3.10/dist-packages/turtlesim-1.4.2-py3.10.egg-info/top_level.txt
[2.673s] -- Up-to-date symlink: /home/student/RS1/RS1_group/scamazon/ros2_ws_group/install/turtlesim/local/lib/python3.10/dist-packages/turtlesim/__init__.py
[2.673s] -- Up-to-date symlink: /home/student/RS1/RS1_group/scamazon/ros2_ws_group/install/turtlesim/local/lib/python3.10/dist-packages/turtlesim/_turtlesim_s.ep.rosidl_typesupport_c.c
[2.673s] -- Up-to-date symlink: /home/student/RS1/RS1_group/scamazon/ros2_ws_group/install/turtlesim/local/lib/python3.10/dist-packages/turtlesim/_turtlesim_s.ep.rosidl_typesupport_fastrtps_c.c
[2.674s] -- Up-to-date symlink: /home/student/RS1/RS1_group/scamazon/ros2_ws_group/install/turtlesim/local/lib/python3.10/dist-packages/turtlesim/_turtlesim_s.ep.rosidl_typesupport_introspection_c.c
[2.674s] -- Up-to-date symlink: /home/student/RS1/RS1_group/scamazon/ros2_ws_group/install/turtlesim/local/lib/python3.10/dist-packages/turtlesim/action/__init__.py
[2.674s] -- Up-to-date symlink: /home/student/RS1/RS1_group/scamazon/ros2_ws_group/install/turtlesim/local/lib/python3.10/dist-packages/turtlesim/action/_rotate_absolute.py
[2.674s] -- Up-to-date symlink: /home/student/RS1/RS1_group/scamazon/ros2_ws_group/install/turtlesim/local/lib/python3.10/dist-packages/turtlesim/action/_rotate_absolute_s.c
[2.674s] -- Up-to-date symlink: /home/student/RS1/RS1_group/scamazon/ros2_ws_group/install/turtlesim/local/lib/python3.10/dist-packages/turtlesim/libturtlesim__rosidl_generator_py.so
[2.674s] -- Up-to-date symlink: /home/student/RS1/RS1_group/scamazon/ros2_ws_group/install/turtlesim/local/lib/python3.10/dist-packages/turtlesim/msg/__init__.py
[2.675s] -- Up-to-date symlink: /home/student/RS1/RS1_group/scamazon/ros2_ws_group/install/turtlesim/local/lib/python3.10/dist-packages/turtlesim/msg/_color.py
[2.675s] -- Up-to-date symlink: /home/student/RS1/RS1_group/scamazon/ros2_ws_group/install/turtlesim/local/lib/python3.10/dist-packages/turtlesim/msg/_color_s.c
[2.675s] -- Up-to-date symlink: /home/student/RS1/RS1_group/scamazon/ros2_ws_group/install/turtlesim/local/lib/python3.10/dist-packages/turtlesim/msg/_pose.py
[2.675s] -- Up-to-date symlink: /home/student/RS1/RS1_group/scamazon/ros2_ws_group/install/turtlesim/local/lib/python3.10/dist-packages/turtlesim/msg/_pose_s.c
[2.675s] -- Up-to-date symlink: /home/student/RS1/RS1_group/scamazon/ros2_ws_group/install/turtlesim/local/lib/python3.10/dist-packages/turtlesim/srv/__init__.py
[2.676s] -- Up-to-date symlink: /home/student/RS1/RS1_group/scamazon/ros2_ws_group/install/turtlesim/local/lib/python3.10/dist-packages/turtlesim/srv/_kill.py
[2.676s] -- Up-to-date symlink: /home/student/RS1/RS1_group/scamazon/ros2_ws_group/install/turtlesim/local/lib/python3.10/dist-packages/turtlesim/srv/_kill_s.c
[2.676s] -- Up-to-date symlink: /home/student/RS1/RS1_group/scamazon/ros2_ws_group/install/turtlesim/local/lib/python3.10/dist-packages/turtlesim/srv/_set_pen.py
[2.676s] -- Up-to-date symlink: /home/student/RS1/RS1_group/scamazon/ros2_ws_group/install/turtlesim/local/lib/python3.10/dist-packages/turtlesim/srv/_set_pen_s.c
[2.676s] -- Up-to-date symlink: /home/student/RS1/RS1_group/scamazon/ros2_ws_group/install/turtlesim/local/lib/python3.10/dist-packages/turtlesim/srv/_spawn.py
[2.676s] -- Up-to-date symlink: /home/student/RS1/RS1_group/scamazon/ros2_ws_group/install/turtlesim/local/lib/python3.10/dist-packages/turtlesim/srv/_spawn_s.c
[2.677s] -- Up-to-date symlink: /home/student/RS1/RS1_group/scamazon/ros2_ws_group/install/turtlesim/local/lib/python3.10/dist-packages/turtlesim/srv/_teleport_absolute.py
[2.677s] -- Up-to-date symlink: /home/student/RS1/RS1_group/scamazon/ros2_ws_group/install/turtlesim/local/lib/python3.10/dist-packages/turtlesim/srv/_teleport_absolute_s.c
[2.677s] -- Up-to-date symlink: /home/student/RS1/RS1_group/scamazon/ros2_ws_group/install/turtlesim/local/lib/python3.10/dist-packages/turtlesim/srv/_teleport_relative.py
[2.677s] -- Up-to-date symlink: /home/student/RS1/RS1_group/scamazon/ros2_ws_group/install/turtlesim/local/lib/python3.10/dist-packages/turtlesim/srv/_teleport_relative_s.c
[2.677s] -- Up-to-date symlink: /home/student/RS1/RS1_group/scamazon/ros2_ws_group/install/turtlesim/local/lib/python3.10/dist-packages/turtlesim/turtlesim_s__rosidl_typesupport_c.cpython-310-x86_64-linux-gnu.so
[2.677s] -- Up-to-date symlink: /home/student/RS1/RS1_group/scamazon/ros2_ws_group/install/turtlesim/local/lib/python3.10/dist-packages/turtlesim/turtlesim_s__rosidl_typesupport_fastrtps_c.cpython-310-x86_64-linux-gnu.so
[2.677s] -- Up-to-date symlink: /home/student/RS1/RS1_group/scamazon/ros2_ws_group/install/turtlesim/local/lib/python3.10/dist-packages/turtlesim/turtlesim_s__rosidl_typesupport_introspection_c.cpython-310-x86_64-linux-gnu.so
[2.678s] -- Up-to-date symlink: /home/student/RS1/RS1_group/scamazon/ros2_ws_group/install/turtlesim/local/lib/python3.10/dist-packages/turtlesim/turtlesim_s__rosidl_typesupport_fastrtps_c.cpython-310-x86_64-linux-gnu.so
[2.678s] -- Up-to-date symlink: /home/student/RS1/RS1_group/scamazon/ros2_ws_group/install/turtlesim/local/lib/python3.10/dist-packages/turtlesim/turtlesim_s__rosidl_typesupport_introspection_c.cpython-310-x86_64-linux-gnu.so
[2.678s] -- Up-to-date symlink: /home/student/RS1/RS1_group/scamazon/ros2_ws_group/install/turtlesim/local/lib/python3.10/dist-packages/turtlesim/turtlesim_s__rosidl_typesupport_c.cpython-310-x86_64-linux-gnu.so
[2.678s] -- Up-to-date symlink: /home/student/RS1/RS1_group/scamazon/ros2_ws_group/install/turtlesim/share/turtlesim/action/RotateAbsolute.idl
[2.678s] -- Up-to-date symlink: /home/student/RS1/RS1_group/scamazon/ros2_ws_group/install/turtlesim/share/turtlesim/msg/Color.idl
[2.678s] -- Up-to-date symlink: /home/student/RS1/RS1_group/scamazon/ros2_ws_group/install/turtlesim/share/turtlesim/msg/Pose.idl
[2.678s] -- Up-to-date symlink: /home/student/RS1/RS1_group/scamazon/ros2_ws_group/install/turtlesim/share/turtlesim/srv/Kill.idl
[2.678s] -- Up-to-date symlink: /home/student/RS1/RS1_group/scamazon/ros2_ws_group/install/turtlesim/share/turtlesim/srv/SetPen.idl
[2.679s] -- Up-to-date symlink: /home/student/RS1/RS1_group/scamazon/ros2_ws_group/install/turtlesim/share/turtlesim/srv/Spawn.idl
[2.679s] -- Up-to-date symlink: /home/student/RS1/RS1_group/scamazon/ros2_ws_group/install/turtlesim/share/turtlesim/srv/TeleportAbsolute.idl
[2.679s] -- Up-to-date symlink: /home/student/RS1/RS1_group/scamazon/ros2_ws_group/install/turtlesim/share/turtlesim/srv/TeleportRelative.idl
[2.679s] -- Up-to-date symlink: /home/student/RS1/RS1_group/scamazon/ros2_ws_group/install/turtlesim/share/turtlesim/action/RotateAbsolute.action
[2.680s] -- Up-to-date symlink: /home/student/RS1/RS1_group/scamazon/ros2_ws_group/install/turtlesim/share/turtlesim/msg/Color.msg
[2.680s] -- Up-to-date symlink: /home/student/RS1/RS1_group/scamazon/ros2_ws_group/install/turtlesim/share/turtlesim/msg/Pose.msg
[2.680s] -- Up-to-date symlink: /home/student/RS1/RS1_group/scamazon/ros2_ws_group/install/turtlesim/share/turtlesim/srv/Kill.srv
[2.680s] -- Up-to-date symlink: /home/student/RS1/RS1_group/scamazon/ros2_ws_group/install/turtlesim/share/turtlesim/srv/Kill_Request.msg
[2.680s] -- Up-to-date symlink: /home/student/RS1/RS1_group/scamazon/ros2_ws_group/install/turtlesim/share/turtlesim/srv/Kill_Response.msg
[2.681s] -- Up-to-date symlink: /home/student/RS1/RS1_group/scamazon/ros2_ws_group/install/turtlesim/share/turtlesim/srv/SetPen.srv
[2.681s] -- Up-to-date symlink: /home/student/RS1/RS1_group/scamazon/ros2_ws_group/install/turtlesim/share/turtlesim/srv/SetPen_Request.msg
[2.681s] -- Up-to-date symlink: /home/student/RS1/RS1_group/scamazon/ros2_ws_group/install/turtlesim/share/turtlesim/srv/SetPen_Response.msg
[2.681s] -- Up-to-date symlink: /home/student/RS1/RS1_group/scamazon/ros2_ws_group/install/turtlesim/share/turtlesim/srv/Spawn.srv
[2.681s] -- Up-to-date symlink: /home/student/RS1/RS1_group/scamazon/ros2_ws_group/install/turtlesim/share/turtlesim/srv/Spawn_Request.msg
[2.681s] -- Up-to-date symlink: /home/student/RS1/RS1_group/scamazon/ros2_ws_group/install/turtlesim/share/turtlesim/srv/Spawn_Response.msg
[2.681s] -- Up-to-date symlink: /home/student/RS1/RS1_group/scamazon/ros2_ws_group/install/turtlesim/share/turtlesim/srv/TeleportAbsolute.srv
[2.682s] -- Up-to-date symlink: /home/student/RS1/RS1_group/scamazon/ros2_ws_group/install/turtlesim/share/turtlesim/srv/TeleportAbsolute_Request.msg
[2.682s] -- Up-to-date symlink: /home/student/RS1/RS1_group/scamazon/ros2_ws_group/install/turtlesim/share/turtlesim/srv/TeleportAbsolute_Response.msg
[2.682s] -- Up-to-date symlink: /home/student/RS1/RS1_group/scamazon/ros2_ws_group/install/turtlesim/share/turtlesim/srv/TeleportRelative.srv
[2.682s] -- Up-to-date symlink: /home/student/RS1/RS1_group/scamazon/ros2_ws_group/install/turtlesim/share/turtlesim/srv/TeleportRelative_Request.msg
[2.682s] -- Up-to-date symlink: /home/student/RS1/RS1_group/scamazon/ros2_ws_group/install/turtlesim/share/turtlesim/srv/TeleportRelative_Response.msg
[2.682s] -- Up-to-date symlink: /home/student/RS1/RS1_group/scamazon/ros2_ws_group/install/turtlesim/lib/turtlesim/turtlesim_node
[2.682s] -- Up-to-date symlink: /home/student/RS1/RS1_group/scamazon/ros2_ws_group/install/turtlesim/lib/turtlesim/turtle_teleop_key
[2.683s] -- Up-to-date symlink: /home/student/RS1/RS1_group/scamazon/ros2_ws_group/install/turtlesim/lib/turtlesim/draw_square
[2.683s] -- Up-to-date symlink: /home/student/RS1/RS1_group/scamazon/ros2_ws_group/install/turtlesim/lib/turtlesim/mimic
[2.683s] -- Up-to-date symlink: /home/student/RS1/RS1_group/scamazon/ros2_ws_group/install/turtlesim/share/turtlesim/launch/multisim.launch.py
[2.683s] -- Up-to-date symlink: /home/student/RS1/RS1_group/scamazon/ros2_ws_group/install/turtlesim/share/ament_index/resource_index/package_run_dependencies/turtlesim
[2.683s] -- Up-to-date symlink: /home/student/RS1/RS1_group/scamazon/ros2_ws_group/install/turtlesim/share/ament_index/resource_index/parent_prefix_path/turtlesim
[2.683s] -- Up-to-date symlink: /home/student/RS1/RS1_group/scamazon/ros2_ws_group/install/turtlesim/share/turtlesim/environment/ament_prefix_path.sh
[2.683s] -- Up-to-date symlink: /home/student/RS1/RS1_group/scamazon/ros2_ws_group/install/turtlesim/share/turtlesim/environment/ament_prefix_path.dsv
[2.684s] -- Up-to-date symlink: /home/student/RS1/RS1_group/scamazon/ros2_ws_group/install/turtlesim/share/turtlesim/environment/path.sh
[2.684s] -- Up-to-date symlink: /home/student/RS1/RS1_group/scamazon/ros2_ws_group/install/turtlesim/share/turtlesim/environment/path.dsv
[2.684s] -- Up-to-date symlink: /home/student/RS1/RS1_group/scamazon/ros2_ws_group/install/turtlesim/share/turtlesim/local_setup.bash
[2.684s] -- Up-to-date symlink: /home/student/RS1/RS1_group/scamazon/ros2_ws_group/install/turtlesim/share/turtlesim/local_setup.sh
[2.684s] -- Up-to-date symlink: /home/student/RS1/RS1_group/scamazon/ros2_ws_group/install/turtlesim/share/turtlesim/local_setup.zsh
[2.684s] -- Up-to-date symlink: /home/student/RS1/RS1_group/scamazon/ros2_ws_group/install/turtlesim/share/turtlesim/local_setup.dsv
[2.685s] -- Symlinking: /home/student/RS1/RS1_group/scamazon/ros2_ws_group/install/turtlesim/share/turtlesim/package.dsv
[2.691s] -- Up-to-date symlink: /home/student/RS1/RS1_group/scamazon/ros2_ws_group/install/turtlesim/share/ament_index/resource_index/packages/turtlesim
[2.691s] -- Up-to-date symlink: /home/student/RS1/RS1_group/scamazon/ros2_ws_group/install/turtlesim/share/turtlesim/cmake/rosidl_cmake-extras.cmake
[2.691s] -- Up-to-date symlink: /home/student/RS1/RS1_group/scamazon/ros2_ws_group/install/turtlesim/share/turtlesim/cmake/ament_cmake_export_dependencies-extras.cmake
[2.692s] -- Up-to-date symlink: /home/student/RS1/RS1_group/scamazon/ros2_ws_group/install/turtlesim/share/turtlesim/cmake/ament_cmake_export_include_directories-extras.cmake
[2.692s] -- Up-to-date symlink: /home/student/RS1/RS1_group/scamazon/ros2_ws_group/install/turtlesim/share/turtlesim/cmake/ament_cmake_export_libraries-extras.cmake
[2.692s] -- Up-to-date symlink: /home/student/RS1/RS1_group/scamazon/ros2_ws_group/install/turtlesim/share/turtlesim/cmake/ament_cmake_export_targets-extras.cmake
[2.692s] -- Up-to-date symlink: /home/student/RS1/RS1_group/scamazon/ros2_ws_group/install/turtlesim/share/turtlesim/cmake/rosidl_cmake_export_typesupport_targets-extras.cmake
[2.692s] -- Up-to-date symlink: /home/student/RS1/RS1_group/scamazon/ros2_ws_group/install/turtlesim/share/turtlesim/cmake/rosidl_cmake_export_typesupport_libraries-extras.cmake
[2.692s] -- Up-to-date symlink: /home/student/RS1/RS1_group/scamazon/ros2_ws_group/install/turtlesim/share/turtlesim/cmake/turtlesimConfig.cmake
[2.693s] -- Up-to-date symlink: /home/student/RS1/RS1_group/scamazon/ros2_ws_group/install/turtlesim/share/turtlesim/cmake/turtlesimConfig-version.cmake
[2.693s] -- Up-to-date symlink: /home/student/RS1/RS1_group/scamazon/ros2_ws_group/install/turtlesim/share/turtlesim/package.xml
[2.693s] -- Up-to-date: /home/student/RS1/RS1_group/scamazon/ros2_ws_group/install/turtlesim/lib/libturtlesim__rosidl_generator_c.so
[2.693s] -- Up-to-date: /home/student/RS1/RS1_group/scamazon/ros2_ws_group/install/turtlesim/lib/libturtlesim__rosidl_typesupport_fastrtps_c.so
[2.694s] -- Up-to-date: /home/student/RS1/RS1_group/scamazon/ros2_ws_group/install/turtlesim/lib/libturtlesim__rosidl_typesupport_fastrtps_cpp.so
[2.694s] -- Up-to-date: /home/student/RS1/RS1_group/scamazon/ros2_ws_group/install/turtlesim/lib/libturtlesim__rosidl_typesupport_introspection_c.so
[2.695s] -- Up-to-date: /home/student/RS1/RS1_group/scamazon/ros2_ws_group/install/turtlesim/lib/libturtlesim__rosidl_typesupport_c.so
[2.705s] -- Up-to-date: /home/student/RS1/RS1_group/scamazon/ros2_ws_group/install/turtlesim/lib/libturtlesim__rosidl_typesupport_introspection_cpp.so
[2.705s] -- Up-to-date: /home/student/RS1/RS1_group/scamazon/ros2_ws_group/install/turtlesim/lib/libturtlesim__rosidl_typesupport_cpp.so
[2.749s] Listing '/home/student/RS1/RS1_group/scamazon/ros2_ws_group/install/turtlesim/local/lib/python3.10/dist-packages/turtlesim'...
[2.749s] Listing '/home/student/RS1/RS1_group/scamazon/ros2_ws_group/install/turtlesim/local/lib/python3.10/dist-packages/turtlesim/action'...
[2.750s] Listing '/home/student/RS1/RS1_group/scamazon/ros2_ws_group/install/turtlesim/local/lib/python3.10/dist-packages/turtlesim/msg'...
[2.750s] Listing '/home/student/RS1/RS1_group/scamazon/ros2_ws_group/install/turtlesim/local/lib/python3.10/dist-packages/turtlesim/srv'...
[2.754s] -- Up-to-date: /home/student/RS1/RS1_group/scamazon/ros2_ws_group/install/turtlesim/lib/libturtlesim__rosidl_generator_py.so
[2.755s] -- Up-to-date: /home/student/RS1/RS1_group/scamazon/ros2_ws_group/install/turtlesim/share/turtlesim/images
[2.755s] -- Up-to-date: /home/student/RS1/RS1_group/scamazon/ros2_ws_group/install/turtlesim/share/turtlesim/images/eloquent.png
[2.755s] -- Up-to-date: /home/student/RS1/RS1_group/scamazon/ros2_ws_group/install/turtlesim/share/turtlesim/images/galactic.png
[2.756s] -- Up-to-date: /home/student/RS1/RS1_group/scamazon/ros2_ws_group/install/turtlesim/share/turtlesim/images/foxy.png
[2.756s] -- Up-to-date: /home/student/RS1/RS1_group/scamazon/ros2_ws_group/install/turtlesim/share/turtlesim/images/ardent.png
[2.756s] -- Up-to-date: /home/student/RS1/RS1_group/scamazon/ros2_ws_group/install/turtlesim/share/turtlesim/images/bouncy.png
[2.756s] -- Up-to-date: /home/student/RS1/RS1_group/scamazon/ros2_ws_group/install/turtlesim/share/turtlesim/images/humble.png
[2.757s] -- Up-to-date: /home/student/RS1/RS1_group/scamazon/ros2_ws_group/install/turtlesim/share/turtlesim/images/rolling.png
[2.757s] -- Up-to-date: /home/student/RS1/RS1_group/scamazon/ros2_ws_group/install/turtlesim/share/turtlesim/images/dashing.png
[2.757s] -- Up-to-date: /home/student/RS1/RS1_group/scamazon/ros2_ws_group/install/turtlesim/share/turtlesim/images/crystal.png
[2.757s] -- Up-to-date: /home/student/RS1/RS1_group/scamazon/ros2_ws_group/install/turtlesim/share/turtlesim/cmake/export_turtlesim__rosidl_generator_cExport.cmake
[2.757s] -- Up-to-date: /home/student/RS1/RS1_group/scamazon/ros2_ws_group/install/turtlesim/share/turtlesim/cmake/export_turtlesim__rosidl_generator_cExport-noconfig.cmake
[2.757s] -- Up-to-date: /home/student/RS1/RS1_group/scamazon/ros2_ws_group/install/turtlesim/share/turtlesim/cmake/export_turtlesim__rosidl_typesupport_fastrtps_cExport.cmake
[2.758s] -- Up-to-date: /home/student/RS1/RS1_group/scamazon/ros2_ws_group/install/turtlesim/share/turtlesim/cmake/export_turtlesim__rosidl_typesupport_fastrtps_cExport-noconfig.cmake
[2.758s] -- Up-to-date: /home/student/RS1/RS1_group/scamazon/ros2_ws_group/install/turtlesim/share/turtlesim/cmake/export_turtlesim__rosidl_generator_cppExport.cmake
[2.758s] -- Up-to-date: /home/student/RS1/RS1_group/scamazon/ros2_ws_group/install/turtlesim/share/turtlesim/cmake/export_turtlesim__rosidl_typesupport_fastrtps_cppExport.cmake
[2.758s] -- Up-to-date: /home/student/RS1/RS1_group/scamazon/ros2_ws_group/install/turtlesim/share/turtlesim/cmake/export_turtlesim__rosidl_typesupport_fastrtps_cppExport-noconfig.cmake
[2.758s] -- Up-to-date: /home/student/RS1/RS1_group/scamazon/ros2_ws_group/install/turtlesim/share/turtlesim/cmake/turtlesim__rosidl_typesupport_introspection_cExport.cmake
[2.758s] -- Up-to-date: /home/student/RS1/RS1_group/scamazon/ros2_ws_group/install/turtlesim/share/turtlesim/cmake/turtlesim__rosidl_typesupport_introspection_cExport-noconfig.cmake
[2.759s] -- Up-to-date: /home/student/RS1/RS1_group/scamazon/ros2_ws_group/install/turtlesim/share/turtlesim/cmake/turtlesim__rosidl_typesupport_cExport.cmake
[2.760s] -- Up-to-date: /home/student/RS1/RS1_group/scamazon/ros2_ws_group/install/turtlesim/share/turtlesim/cmake/turtlesim__rosidl_typesupport_cExport-noconfig.cmake
[2.761s] -- Up-to-date: /home/student/RS1/RS1_group/scamazon/ros2_ws_group/install/turtlesim/share/turtlesim/cmake/turtlesim__rosidl_typesupport_introspection_cppExport.cmake
[2.761s] -- Up-to-date: /home/student/RS1/RS1_group/scamazon/ros2_ws_group/install/turtlesim/share/turtlesim/cmake/turtlesim__rosidl_typesupport_introspection_cppExport-noconfig.cmake
[2.761s] -- Up-to-date: /home/student/RS1/RS1_group/scamazon/ros2_ws_group/install/turtlesim/share/turtlesim/cmake/turtlesim__rosidl_typesupport_cppExport.cmake
[2.761s] -- Up-to-date: /home/student/RS1/RS1_group/scamazon/ros2_ws_group/install/turtlesim/share/turtlesim/cmake/turtlesim__rosidl_typesupport_cppExport-noconfig.cmake
[2.761s] -- Up-to-date: /home/student/RS1/RS1_group/scamazon/ros2_ws_group/install/turtlesim/share/turtlesim/cmake/export_turtlesim__rosidl_generator_pyExport.cmake
[2.762s] -- Up-to-date: /home/student/RS1/RS1_group/scamazon/ros2_ws_group/install/turtlesim/share/turtlesim/cmake/export_turtlesim__rosidl_generator_pyExport-noconfig.cmake
[2.762s] Invoked command in '/home/student/RS1/RS1_group/scamazon/ros2_ws_group/build/turtlesim' returned '0': CMAKE_PREFIX_PATH=${CMAKE_PREFIX_PATH}:/home/student/ros2_ws/install/turtlebot3_teleop:/home/student/ros2_ws/install/turtlebot3_example:/home/student/ros2_ws/install/tb3_lab1:/opt/ros/humble /usr/bin/cmake --install /home/student/RS1/RS1_group/scamazon/ros2_ws_group/build/turtlesim
